2025-10-27 20:45:51 | INFO     | Successfully loaded parquet-data\lev-15\data\lev-15_merged.parquet
2025-10-27 20:45:51 | INFO     | File size: 169.87871074676514 MB 



2025-10-27 20:45:51 | INFO     | 


----------------------------------------------------------------------------------------------------

2025-10-27 20:45:51 | INFO     | [1/28] Processing Survey_Name
2025-10-27 20:45:51 | INFO     |  === Survey_Name Summary === 
2025-10-27 20:45:51 | INFO     | Data type: String
2025-10-27 20:45:51 | INFO     | Duplicates: 2095624
2025-10-27 20:45:51 | INFO     | Missing Values: 0
2025-10-27 20:45:51 | INFO     | unique Values: 1
2025-10-27 20:45:51 | INFO     | Top Value: HCES
2025-10-27 20:45:51 | INFO     | 
shape: (4, 2)
┌────────────┬─────────┐
│ statistic  ┆ value   │
│ ---        ┆ ---     │
│ str        ┆ str     │
╞════════════╪═════════╡
│ count      ┆ 2095624 │
│ null_count ┆ 0       │
│ min        ┆ HCES    │
│ max        ┆ HCES    │
└────────────┴─────────┘
2025-10-27 20:45:51 | INFO     | 


----------------------------------------------------------------------------------------------------

2025-10-27 20:45:51 | INFO     | [2/28] Processing Year
2025-10-27 20:45:51 | INFO     |  === Year Summary === 
2025-10-27 20:45:51 | INFO     | Data type: String
2025-10-27 20:45:51 | INFO     | Duplicates: 2095624
2025-10-27 20:45:51 | INFO     | Missing Values: 0
2025-10-27 20:45:51 | INFO     | unique Values: 1
2025-10-27 20:45:51 | INFO     | Top Value: 2024
2025-10-27 20:45:51 | INFO     | 
shape: (4, 2)
┌────────────┬─────────┐
│ statistic  ┆ value   │
│ ---        ┆ ---     │
│ str        ┆ str     │
╞════════════╪═════════╡
│ count      ┆ 2095624 │
│ null_count ┆ 0       │
│ min        ┆ 2024    │
│ max        ┆ 2024    │
└────────────┴─────────┘
2025-10-27 20:45:51 | INFO     | 


----------------------------------------------------------------------------------------------------

2025-10-27 20:45:51 | INFO     | [3/28] Processing FSU_Serial_No
2025-10-27 20:45:51 | INFO     |  === FSU_Serial_No Summary === 
2025-10-27 20:45:52 | INFO     | Data type: String
2025-10-27 20:45:52 | INFO     | Duplicates: 2095624
2025-10-27 20:45:52 | INFO     | Missing Values: 0
2025-10-27 20:45:52 | INFO     | unique Values: 14827
2025-10-27 20:45:52 | INFO     | Top Value: 43645
2025-10-27 20:45:52 | INFO     | 
shape: (4, 2)
┌────────────┬─────────┐
│ statistic  ┆ value   │
│ ---        ┆ ---     │
│ str        ┆ str     │
╞════════════╪═════════╡
│ count      ┆ 2095624 │
│ null_count ┆ 0       │
│ min        ┆ 22300   │
│ max        ┆ 49999   │
└────────────┴─────────┘
2025-10-27 20:45:52 | INFO     | 


----------------------------------------------------------------------------------------------------

2025-10-27 20:45:52 | INFO     | [4/28] Processing Sector
2025-10-27 20:45:52 | INFO     |  === Sector Summary === 
2025-10-27 20:45:52 | INFO     | Data type: String
2025-10-27 20:45:52 | INFO     | Duplicates: 2095624
2025-10-27 20:45:52 | INFO     | Missing Values: 0
2025-10-27 20:45:52 | INFO     | unique Values: 2
2025-10-27 20:45:52 | INFO     | Top Value: 1
2025-10-27 20:45:52 | INFO     | 
shape: (4, 2)
┌────────────┬─────────┐
│ statistic  ┆ value   │
│ ---        ┆ ---     │
│ str        ┆ str     │
╞════════════╪═════════╡
│ count      ┆ 2095624 │
│ null_count ┆ 0       │
│ min        ┆ 1       │
│ max        ┆ 2       │
└────────────┴─────────┘
2025-10-27 20:45:52 | INFO     | 


----------------------------------------------------------------------------------------------------

2025-10-27 20:45:52 | INFO     | [5/28] Processing State
2025-10-27 20:45:52 | INFO     |  === State Summary === 
2025-10-27 20:45:52 | INFO     | Data type: String
2025-10-27 20:45:52 | INFO     | Duplicates: 2095624
2025-10-27 20:45:52 | INFO     | Missing Values: 0
2025-10-27 20:45:52 | INFO     | unique Values: 36
2025-10-27 20:45:52 | INFO     | Top Value: 09
2025-10-27 20:45:52 | INFO     | 
shape: (4, 2)
┌────────────┬─────────┐
│ statistic  ┆ value   │
│ ---        ┆ ---     │
│ str        ┆ str     │
╞════════════╪═════════╡
│ count      ┆ 2095624 │
│ null_count ┆ 0       │
│ min        ┆ 01      │
│ max        ┆ 37      │
└────────────┴─────────┘
2025-10-27 20:45:52 | INFO     | 


----------------------------------------------------------------------------------------------------

2025-10-27 20:45:52 | INFO     | [6/28] Processing NSS_Region
2025-10-27 20:45:52 | INFO     |  === NSS_Region Summary === 
2025-10-27 20:45:52 | INFO     | Data type: String
2025-10-27 20:45:52 | INFO     | Duplicates: 2095624
2025-10-27 20:45:52 | INFO     | Missing Values: 0
2025-10-27 20:45:52 | INFO     | unique Values: 87
2025-10-27 20:45:52 | INFO     | Top Value: 093
2025-10-27 20:45:52 | INFO     | 
shape: (4, 2)
┌────────────┬─────────┐
│ statistic  ┆ value   │
│ ---        ┆ ---     │
│ str        ┆ str     │
╞════════════╪═════════╡
│ count      ┆ 2095624 │
│ null_count ┆ 0       │
│ min        ┆ 011     │
│ max        ┆ 371     │
└────────────┴─────────┘
2025-10-27 20:45:52 | INFO     | 


----------------------------------------------------------------------------------------------------

2025-10-27 20:45:52 | INFO     | [7/28] Processing District
2025-10-27 20:45:52 | INFO     |  === District Summary === 
2025-10-27 20:45:52 | INFO     | Data type: String
2025-10-27 20:45:52 | INFO     | Duplicates: 2095624
2025-10-27 20:45:52 | INFO     | Missing Values: 0
2025-10-27 20:45:52 | INFO     | unique Values: 71
2025-10-27 20:45:52 | INFO     | Top Value: 07
2025-10-27 20:45:52 | INFO     | 
shape: (4, 2)
┌────────────┬─────────┐
│ statistic  ┆ value   │
│ ---        ┆ ---     │
│ str        ┆ str     │
╞════════════╪═════════╡
│ count      ┆ 2095624 │
│ null_count ┆ 0       │
│ min        ┆ 01      │
│ max        ┆ 71      │
└────────────┴─────────┘
2025-10-27 20:45:52 | INFO     | 


----------------------------------------------------------------------------------------------------

2025-10-27 20:45:52 | INFO     | [8/28] Processing Stratum
2025-10-27 20:45:52 | INFO     |  === Stratum Summary === 
2025-10-27 20:45:53 | INFO     | Data type: String
2025-10-27 20:45:53 | INFO     | Duplicates: 2095624
2025-10-27 20:45:53 | INFO     | Missing Values: 0
2025-10-27 20:45:53 | INFO     | unique Values: 28
2025-10-27 20:45:53 | INFO     | Top Value: 23
2025-10-27 20:45:53 | INFO     | 
shape: (4, 2)
┌────────────┬─────────┐
│ statistic  ┆ value   │
│ ---        ┆ ---     │
│ str        ┆ str     │
╞════════════╪═════════╡
│ count      ┆ 2095624 │
│ null_count ┆ 0       │
│ min        ┆ 11      │
│ max        ┆ 99      │
└────────────┴─────────┘
2025-10-27 20:45:53 | INFO     | 


----------------------------------------------------------------------------------------------------

2025-10-27 20:45:53 | INFO     | [9/28] Processing Sub_stratum
2025-10-27 20:45:53 | INFO     |  === Sub_stratum Summary === 
2025-10-27 20:45:53 | INFO     | Data type: String
2025-10-27 20:45:53 | INFO     | Duplicates: 2095624
2025-10-27 20:45:53 | INFO     | Missing Values: 0
2025-10-27 20:45:53 | INFO     | unique Values: 48
2025-10-27 20:45:53 | INFO     | Top Value: 01
2025-10-27 20:45:53 | INFO     | 
shape: (4, 2)
┌────────────┬─────────┐
│ statistic  ┆ value   │
│ ---        ┆ ---     │
│ str        ┆ str     │
╞════════════╪═════════╡
│ count      ┆ 2095624 │
│ null_count ┆ 0       │
│ min        ┆ 01      │
│ max        ┆ 48      │
└────────────┴─────────┘
2025-10-27 20:45:53 | INFO     | 


----------------------------------------------------------------------------------------------------

2025-10-27 20:45:53 | INFO     | [10/28] Processing Panel
2025-10-27 20:45:53 | INFO     |  === Panel Summary === 
2025-10-27 20:45:53 | INFO     | Data type: String
2025-10-27 20:45:53 | INFO     | Duplicates: 2095624
2025-10-27 20:45:53 | INFO     | Missing Values: 0
2025-10-27 20:45:53 | INFO     | unique Values: 10
2025-10-27 20:45:53 | INFO     | Top Value: 5
2025-10-27 20:45:53 | INFO     | 
shape: (4, 2)
┌────────────┬─────────┐
│ statistic  ┆ value   │
│ ---        ┆ ---     │
│ str        ┆ str     │
╞════════════╪═════════╡
│ count      ┆ 2095624 │
│ null_count ┆ 0       │
│ min        ┆ 1       │
│ max        ┆ 9       │
└────────────┴─────────┘
2025-10-27 20:45:53 | INFO     | 


----------------------------------------------------------------------------------------------------

2025-10-27 20:45:53 | INFO     | [11/28] Processing Sub_sample
2025-10-27 20:45:53 | INFO     |  === Sub_sample Summary === 
2025-10-27 20:45:53 | INFO     | Data type: String
2025-10-27 20:45:53 | INFO     | Duplicates: 2095624
2025-10-27 20:45:53 | INFO     | Missing Values: 0
2025-10-27 20:45:53 | INFO     | unique Values: 2
2025-10-27 20:45:53 | INFO     | Top Value: 2
2025-10-27 20:45:53 | INFO     | 
shape: (4, 2)
┌────────────┬─────────┐
│ statistic  ┆ value   │
│ ---        ┆ ---     │
│ str        ┆ str     │
╞════════════╪═════════╡
│ count      ┆ 2095624 │
│ null_count ┆ 0       │
│ min        ┆ 1       │
│ max        ┆ 2       │
└────────────┴─────────┘
2025-10-27 20:45:53 | INFO     | 


----------------------------------------------------------------------------------------------------

2025-10-27 20:45:53 | INFO     | [12/28] Processing FOD_Sub_Region
2025-10-27 20:45:53 | INFO     |  === FOD_Sub_Region Summary === 
2025-10-27 20:45:54 | INFO     | Data type: String
2025-10-27 20:45:54 | INFO     | Duplicates: 2095624
2025-10-27 20:45:54 | INFO     | Missing Values: 0
2025-10-27 20:45:54 | INFO     | unique Values: 169
2025-10-27 20:45:54 | INFO     | Top Value: 1610
2025-10-27 20:45:54 | INFO     | 
shape: (4, 2)
┌────────────┬─────────┐
│ statistic  ┆ value   │
│ ---        ┆ ---     │
│ str        ┆ str     │
╞════════════╪═════════╡
│ count      ┆ 2095624 │
│ null_count ┆ 0       │
│ min        ┆ 0110    │
│ max        ┆ 3613    │
└────────────┴─────────┘
2025-10-27 20:45:54 | INFO     | 


----------------------------------------------------------------------------------------------------

2025-10-27 20:45:54 | INFO     | [13/28] Processing Sample_SU_No
2025-10-27 20:45:54 | INFO     |  === Sample_SU_No Summary === 
2025-10-27 20:45:54 | INFO     | Data type: String
2025-10-27 20:45:54 | INFO     | Duplicates: 2095624
2025-10-27 20:45:54 | INFO     | Missing Values: 0
2025-10-27 20:45:54 | INFO     | unique Values: 32
2025-10-27 20:45:54 | INFO     | Top Value: 1
2025-10-27 20:45:54 | INFO     | 
shape: (4, 2)
┌────────────┬─────────┐
│ statistic  ┆ value   │
│ ---        ┆ ---     │
│ str        ┆ str     │
╞════════════╪═════════╡
│ count      ┆ 2095624 │
│ null_count ┆ 0       │
│ min        ┆ 1       │
│ max        ┆ 9       │
└────────────┴─────────┘
2025-10-27 20:45:54 | INFO     | 


----------------------------------------------------------------------------------------------------

2025-10-27 20:45:54 | INFO     | [14/28] Processing Sample_Sub_Division_No
2025-10-27 20:45:54 | INFO     |  === Sample_Sub_Division_No Summary === 
2025-10-27 20:45:54 | INFO     | Data type: String
2025-10-27 20:45:54 | INFO     | Duplicates: 2095624
2025-10-27 20:45:54 | INFO     | Missing Values: 0
2025-10-27 20:45:54 | INFO     | unique Values: 7
2025-10-27 20:45:54 | INFO     | Top Value: 
2025-10-27 20:45:54 | INFO     | 
shape: (4, 2)
┌────────────┬─────────┐
│ statistic  ┆ value   │
│ ---        ┆ ---     │
│ str        ┆ str     │
╞════════════╪═════════╡
│ count      ┆ 2095624 │
│ null_count ┆ 0       │
│ min        ┆         │
│ max        ┆ 6       │
└────────────┴─────────┘
2025-10-27 20:45:54 | INFO     | 


----------------------------------------------------------------------------------------------------

2025-10-27 20:45:54 | INFO     | [15/28] Processing Second_Stage_Stratum_No
2025-10-27 20:45:54 | INFO     |  === Second_Stage_Stratum_No Summary === 
2025-10-27 20:45:54 | INFO     | Data type: String
2025-10-27 20:45:54 | INFO     | Duplicates: 2095624
2025-10-27 20:45:54 | INFO     | Missing Values: 0
2025-10-27 20:45:54 | INFO     | unique Values: 3
2025-10-27 20:45:54 | INFO     | Top Value: 3
2025-10-27 20:45:54 | INFO     | 
shape: (4, 2)
┌────────────┬─────────┐
│ statistic  ┆ value   │
│ ---        ┆ ---     │
│ str        ┆ str     │
╞════════════╪═════════╡
│ count      ┆ 2095624 │
│ null_count ┆ 0       │
│ min        ┆ 1       │
│ max        ┆ 3       │
└────────────┴─────────┘
2025-10-27 20:45:54 | INFO     | 


----------------------------------------------------------------------------------------------------

2025-10-27 20:45:54 | INFO     | [16/28] Processing Sample_Household_No
2025-10-27 20:45:54 | INFO     |  === Sample_Household_No Summary === 
2025-10-27 20:45:55 | INFO     | Data type: String
2025-10-27 20:45:55 | INFO     | Duplicates: 2095624
2025-10-27 20:45:55 | INFO     | Missing Values: 0
2025-10-27 20:45:55 | INFO     | unique Values: 18
2025-10-27 20:45:55 | INFO     | Top Value: 01
2025-10-27 20:45:55 | INFO     | 
shape: (4, 2)
┌────────────┬─────────┐
│ statistic  ┆ value   │
│ ---        ┆ ---     │
│ str        ┆ str     │
╞════════════╪═════════╡
│ count      ┆ 2095624 │
│ null_count ┆ 0       │
│ min        ┆ 01      │
│ max        ┆ 18      │
└────────────┴─────────┘
2025-10-27 20:45:55 | INFO     | 


----------------------------------------------------------------------------------------------------

2025-10-27 20:45:55 | INFO     | [17/28] Processing Questionnaire_No
2025-10-27 20:45:55 | INFO     |  === Questionnaire_No Summary === 
2025-10-27 20:45:55 | INFO     | Data type: String
2025-10-27 20:45:55 | INFO     | Duplicates: 2095624
2025-10-27 20:45:55 | INFO     | Missing Values: 0
2025-10-27 20:45:55 | INFO     | unique Values: 4
2025-10-27 20:45:55 | INFO     | Top Value: C
2025-10-27 20:45:55 | INFO     | 
shape: (4, 2)
┌────────────┬─────────┐
│ statistic  ┆ value   │
│ ---        ┆ ---     │
│ str        ┆ str     │
╞════════════╪═════════╡
│ count      ┆ 2095624 │
│ null_count ┆ 0       │
│ min        ┆ C       │
│ max        ┆ H       │
└────────────┴─────────┘
2025-10-27 20:45:55 | INFO     | 


----------------------------------------------------------------------------------------------------

2025-10-27 20:45:55 | INFO     | [18/28] Processing VISIT
2025-10-27 20:45:55 | INFO     |  === VISIT Summary === 
2025-10-27 20:45:55 | INFO     | Data type: String
2025-10-27 20:45:55 | INFO     | Duplicates: 2095624
2025-10-27 20:45:55 | INFO     | Missing Values: 0
2025-10-27 20:45:55 | INFO     | unique Values: 3
2025-10-27 20:45:55 | INFO     | Top Value: 3
2025-10-27 20:45:55 | INFO     | 
shape: (4, 2)
┌────────────┬─────────┐
│ statistic  ┆ value   │
│ ---        ┆ ---     │
│ str        ┆ str     │
╞════════════╪═════════╡
│ count      ┆ 2095624 │
│ null_count ┆ 0       │
│ min        ┆ 1       │
│ max        ┆ 3       │
└────────────┴─────────┘
2025-10-27 20:45:55 | INFO     | 


----------------------------------------------------------------------------------------------------

2025-10-27 20:45:55 | INFO     | [19/28] Processing LEVEL
2025-10-27 20:45:55 | INFO     |  === LEVEL Summary === 
2025-10-27 20:45:55 | INFO     | Data type: String
2025-10-27 20:45:55 | INFO     | Duplicates: 2095624
2025-10-27 20:45:55 | INFO     | Missing Values: 0
2025-10-27 20:45:55 | INFO     | unique Values: 1
2025-10-27 20:45:55 | INFO     | Top Value: 15
2025-10-27 20:45:55 | INFO     | 
shape: (4, 2)
┌────────────┬─────────┐
│ statistic  ┆ value   │
│ ---        ┆ ---     │
│ str        ┆ str     │
╞════════════╪═════════╡
│ count      ┆ 2095624 │
│ null_count ┆ 0       │
│ min        ┆ 15      │
│ max        ┆ 15      │
└────────────┴─────────┘
2025-10-27 20:45:55 | INFO     | 


----------------------------------------------------------------------------------------------------

2025-10-27 20:45:55 | INFO     | [20/28] Processing SECTION
2025-10-27 20:45:55 | INFO     |  === SECTION Summary === 
2025-10-27 20:45:56 | INFO     | Data type: String
2025-10-27 20:45:56 | INFO     | Duplicates: 2095624
2025-10-27 20:45:56 | INFO     | Missing Values: 0
2025-10-27 20:45:56 | INFO     | unique Values: 4
2025-10-27 20:45:56 | INFO     | Top Value: C2
2025-10-27 20:45:56 | INFO     | 
shape: (4, 2)
┌────────────┬─────────┐
│ statistic  ┆ value   │
│ ---        ┆ ---     │
│ str        ┆ str     │
╞════════════╪═════════╡
│ count      ┆ 2095624 │
│ null_count ┆ 0       │
│ min        ┆ 11      │
│ max        ┆ C2      │
└────────────┴─────────┘
2025-10-27 20:45:56 | INFO     | 


----------------------------------------------------------------------------------------------------

2025-10-27 20:45:56 | INFO     | [21/28] Processing TIME_TAKEN
2025-10-27 20:45:56 | INFO     |  === TIME_TAKEN Summary === 
2025-10-27 20:45:56 | INFO     | Data type: String
2025-10-27 20:45:56 | INFO     | Duplicates: 2095624
2025-10-27 20:45:56 | INFO     | Missing Values: 0
2025-10-27 20:45:56 | INFO     | unique Values: 106
2025-10-27 20:45:56 | INFO     | Top Value: 50
2025-10-27 20:45:56 | INFO     | 
shape: (4, 2)
┌────────────┬─────────┐
│ statistic  ┆ value   │
│ ---        ┆ ---     │
│ str        ┆ str     │
╞════════════╪═════════╡
│ count      ┆ 2095624 │
│ null_count ┆ 0       │
│ min        ┆ 020     │
│ max        ┆ 98      │
└────────────┴─────────┘
2025-10-27 20:45:56 | INFO     | 


----------------------------------------------------------------------------------------------------

2025-10-27 20:45:56 | INFO     | [22/28] Processing MONTHLY_CONSUMPTION_EXP
2025-10-27 20:45:56 | INFO     |  === MONTHLY_CONSUMPTION_EXP Summary === 
2025-10-27 20:45:56 | INFO     | Data type: Float64
2025-10-27 20:45:56 | INFO     | Duplicates: 2095624
2025-10-27 20:45:56 | INFO     | Missing Values: 523906
2025-10-27 20:45:56 | INFO     | unique Values: 5480
2025-10-27 20:45:56 | INFO     | Top Value: None
2025-10-27 20:45:56 | INFO     | 
shape: (9, 2)
┌────────────┬──────────────┐
│ statistic  ┆ value        │
│ ---        ┆ ---          │
│ str        ┆ f64          │
╞════════════╪══════════════╡
│ count      ┆ 1.571718e6   │
│ null_count ┆ 523906.0     │
│ mean       ┆ 12894.407002 │
│ std        ┆ 7653.674097  │
│ min        ┆ 200.0        │
│ 25%        ┆ 8000.0       │
│ 50%        ┆ 11500.0      │
│ 75%        ┆ 16000.0      │
│ max        ┆ 155000.0     │
└────────────┴──────────────┘
2025-10-27 20:45:56 | INFO     | 


----------------------------------------------------------------------------------------------------

2025-10-27 20:45:56 | INFO     | [23/28] Processing ONLINE_EXPENDITURE
2025-10-27 20:45:56 | INFO     |  === ONLINE_EXPENDITURE Summary === 
2025-10-27 20:45:56 | INFO     | Data type: Float64
2025-10-27 20:45:56 | INFO     | Duplicates: 2095624
2025-10-27 20:45:56 | INFO     | Missing Values: 523906
2025-10-27 20:45:56 | INFO     | unique Values: 4301
2025-10-27 20:45:56 | INFO     | Top Value: 0.0
2025-10-27 20:45:56 | INFO     | 
shape: (9, 2)
┌────────────┬────────────┐
│ statistic  ┆ value      │
│ ---        ┆ ---        │
│ str        ┆ f64        │
╞════════════╪════════════╡
│ count      ┆ 1.571718e6 │
│ null_count ┆ 523906.0   │
│ mean       ┆ 598.123904 │
│ std        ┆ 1946.26921 │
│ min        ┆ 0.0        │
│ 25%        ┆ 0.0        │
│ 50%        ┆ 0.0        │
│ 75%        ┆ 299.0      │
│ max        ┆ 100000.0   │
└────────────┴────────────┘
2025-10-27 20:45:56 | INFO     | 


----------------------------------------------------------------------------------------------------

2025-10-27 20:45:56 | INFO     | [24/28] Processing INFORMANT_CODE
2025-10-27 20:45:56 | INFO     |  === INFORMANT_CODE Summary === 
2025-10-27 20:45:56 | INFO     | Data type: String
2025-10-27 20:45:56 | INFO     | Duplicates: 2095624
2025-10-27 20:45:56 | INFO     | Missing Values: 0
2025-10-27 20:45:56 | INFO     | unique Values: 23
2025-10-27 20:45:56 | INFO     | Top Value: 1
2025-10-27 20:45:56 | INFO     | 
shape: (4, 2)
┌────────────┬─────────┐
│ statistic  ┆ value   │
│ ---        ┆ ---     │
│ str        ┆ str     │
╞════════════╪═════════╡
│ count      ┆ 2095624 │
│ null_count ┆ 0       │
│ min        ┆         │
│ max        ┆ 99      │
└────────────┴─────────┘
2025-10-27 20:45:56 | INFO     | 


----------------------------------------------------------------------------------------------------

2025-10-27 20:45:56 | INFO     | [25/28] Processing RESPONSE_CODE
2025-10-27 20:45:56 | INFO     |  === RESPONSE_CODE Summary === 
2025-10-27 20:45:57 | INFO     | Data type: String
2025-10-27 20:45:57 | INFO     | Duplicates: 2095624
2025-10-27 20:45:57 | INFO     | Missing Values: 0
2025-10-27 20:45:57 | INFO     | unique Values: 6
2025-10-27 20:45:57 | INFO     | Top Value: 1
2025-10-27 20:45:57 | INFO     | 
shape: (4, 2)
┌────────────┬─────────┐
│ statistic  ┆ value   │
│ ---        ┆ ---     │
│ str        ┆ str     │
╞════════════╪═════════╡
│ count      ┆ 2095624 │
│ null_count ┆ 0       │
│ min        ┆         │
│ max        ┆ 9       │
└────────────┴─────────┘
2025-10-27 20:45:57 | INFO     | 


----------------------------------------------------------------------------------------------------

2025-10-27 20:45:57 | INFO     | [26/28] Processing HOUSEHOLD_SIZE
2025-10-27 20:45:57 | INFO     |  === HOUSEHOLD_SIZE Summary === 
2025-10-27 20:45:57 | INFO     | Data type: Float64
2025-10-27 20:45:57 | INFO     | Duplicates: 2095624
2025-10-27 20:45:57 | INFO     | Missing Values: 523906
2025-10-27 20:45:57 | INFO     | unique Values: 29
2025-10-27 20:45:57 | INFO     | Top Value: None
2025-10-27 20:45:57 | INFO     | 
shape: (9, 2)
┌────────────┬────────────┐
│ statistic  ┆ value      │
│ ---        ┆ ---        │
│ str        ┆ f64        │
╞════════════╪════════════╡
│ count      ┆ 1.571718e6 │
│ null_count ┆ 523906.0   │
│ mean       ┆ 4.219136   │
│ std        ┆ 2.072564   │
│ min        ┆ 1.0        │
│ 25%        ┆ 3.0        │
│ 50%        ┆ 4.0        │
│ 75%        ┆ 5.0        │
│ max        ┆ 31.0       │
└────────────┴────────────┘
2025-10-27 20:45:57 | INFO     | 


----------------------------------------------------------------------------------------------------

2025-10-27 20:45:57 | INFO     | [27/28] Processing VISIT_MONTH
2025-10-27 20:45:57 | INFO     |  === VISIT_MONTH Summary === 
2025-10-27 20:45:57 | INFO     | Data type: Int64
2025-10-27 20:45:57 | INFO     | Duplicates: 2095624
2025-10-27 20:45:57 | INFO     | Missing Values: 0
2025-10-27 20:45:57 | INFO     | unique Values: 13
2025-10-27 20:45:57 | INFO     | Top Value: 22024
2025-10-27 20:45:57 | INFO     | 
shape: (9, 2)
┌────────────┬──────────────┐
│ statistic  ┆ value        │
│ ---        ┆ ---          │
│ str        ┆ f64          │
╞════════════╪══════════════╡
│ count      ┆ 2.095624e6   │
│ null_count ┆ 0.0          │
│ mean       ┆ 62515.462393 │
│ std        ┆ 35875.146619 │
│ min        ┆ 12024.0      │
│ 25%        ┆ 32024.0      │
│ 50%        ┆ 52024.0      │
│ 75%        ┆ 92023.0      │
│ max        ┆ 122023.0     │
└────────────┴──────────────┘
2025-10-27 20:45:57 | INFO     | 


----------------------------------------------------------------------------------------------------

2025-10-27 20:45:57 | INFO     | [28/28] Processing MULTIPLIER
2025-10-27 20:45:57 | INFO     |  === MULTIPLIER Summary === 
2025-10-27 20:45:57 | INFO     | Data type: Int64
2025-10-27 20:45:57 | INFO     | Duplicates: 2095624
2025-10-27 20:45:57 | INFO     | Missing Values: 0
2025-10-27 20:45:57 | INFO     | unique Values: 23567
2025-10-27 20:45:57 | INFO     | Top Value: 11830
2025-10-27 20:45:57 | INFO     | 
shape: (9, 2)
┌────────────┬───────────────┐
│ statistic  ┆ value         │
│ ---        ┆ ---           │
│ str        ┆ f64           │
╞════════════╪═══════════════╡
│ count      ┆ 2.095624e6    │
│ null_count ┆ 0.0           │
│ mean       ┆ 111344.812944 │
│ std        ┆ 79655.97934   │
│ min        ┆ 369.0         │
│ 25%        ┆ 56738.0       │
│ 50%        ┆ 114044.0      │
│ 75%        ┆ 150441.0      │
│ max        ┆ 2.366902e6    │
└────────────┴───────────────┘
2025-10-27 20:45:57 | SUCCESS  | All Summaries Completed.
