2025-10-27 20:46:27 | INFO     | Successfully loaded parquet-data\lev-14\data\lev-14_merged.parquet
2025-10-27 20:46:28 | INFO     | File size: 960.0618553161621 MB 



2025-10-27 20:46:28 | INFO     | 


----------------------------------------------------------------------------------------------------

2025-10-27 20:46:28 | INFO     | [1/22] Processing Survey_Name
2025-10-27 20:46:28 | INFO     |  === Survey_Name Summary === 
2025-10-27 20:46:30 | INFO     | Data type: String
2025-10-27 20:46:30 | INFO     | Duplicates: 16593138
2025-10-27 20:46:30 | INFO     | Missing Values: 0
2025-10-27 20:46:30 | INFO     | unique Values: 1
2025-10-27 20:46:30 | INFO     | Top Value: HCES
2025-10-27 20:46:30 | INFO     | 
shape: (4, 2)
┌────────────┬──────────┐
│ statistic  ┆ value    │
│ ---        ┆ ---      │
│ str        ┆ str      │
╞════════════╪══════════╡
│ count      ┆ 16593138 │
│ null_count ┆ 0        │
│ min        ┆ HCES     │
│ max        ┆ HCES     │
└────────────┴──────────┘
2025-10-27 20:46:30 | INFO     | 


----------------------------------------------------------------------------------------------------

2025-10-27 20:46:30 | INFO     | [2/22] Processing Year
2025-10-27 20:46:30 | INFO     |  === Year Summary === 
2025-10-27 20:46:32 | INFO     | Data type: String
2025-10-27 20:46:32 | INFO     | Duplicates: 16593138
2025-10-27 20:46:32 | INFO     | Missing Values: 0
2025-10-27 20:46:32 | INFO     | unique Values: 1
2025-10-27 20:46:32 | INFO     | Top Value: 2024
2025-10-27 20:46:32 | INFO     | 
shape: (4, 2)
┌────────────┬──────────┐
│ statistic  ┆ value    │
│ ---        ┆ ---      │
│ str        ┆ str      │
╞════════════╪══════════╡
│ count      ┆ 16593138 │
│ null_count ┆ 0        │
│ min        ┆ 2024     │
│ max        ┆ 2024     │
└────────────┴──────────┘
2025-10-27 20:46:32 | INFO     | 


----------------------------------------------------------------------------------------------------

2025-10-27 20:46:32 | INFO     | [3/22] Processing FSU_Serial_No
2025-10-27 20:46:32 | INFO     |  === FSU_Serial_No Summary === 
2025-10-27 20:46:34 | INFO     | Data type: String
2025-10-27 20:46:34 | INFO     | Duplicates: 16593138
2025-10-27 20:46:34 | INFO     | Missing Values: 0
2025-10-27 20:46:34 | INFO     | unique Values: 14827
2025-10-27 20:46:34 | INFO     | Top Value: 23711
2025-10-27 20:46:34 | INFO     | 
shape: (4, 2)
┌────────────┬──────────┐
│ statistic  ┆ value    │
│ ---        ┆ ---      │
│ str        ┆ str      │
╞════════════╪══════════╡
│ count      ┆ 16593138 │
│ null_count ┆ 0        │
│ min        ┆ 22300    │
│ max        ┆ 49999    │
└────────────┴──────────┘
2025-10-27 20:46:34 | INFO     | 


----------------------------------------------------------------------------------------------------

2025-10-27 20:46:34 | INFO     | [4/22] Processing Sector
2025-10-27 20:46:34 | INFO     |  === Sector Summary === 
2025-10-27 20:46:36 | INFO     | Data type: String
2025-10-27 20:46:36 | INFO     | Duplicates: 16593138
2025-10-27 20:46:36 | INFO     | Missing Values: 0
2025-10-27 20:46:36 | INFO     | unique Values: 2
2025-10-27 20:46:36 | INFO     | Top Value: 1
2025-10-27 20:46:36 | INFO     | 
shape: (4, 2)
┌────────────┬──────────┐
│ statistic  ┆ value    │
│ ---        ┆ ---      │
│ str        ┆ str      │
╞════════════╪══════════╡
│ count      ┆ 16593138 │
│ null_count ┆ 0        │
│ min        ┆ 1        │
│ max        ┆ 2        │
└────────────┴──────────┘
2025-10-27 20:46:36 | INFO     | 


----------------------------------------------------------------------------------------------------

2025-10-27 20:46:36 | INFO     | [5/22] Processing State
2025-10-27 20:46:36 | INFO     |  === State Summary === 
2025-10-27 20:46:38 | INFO     | Data type: String
2025-10-27 20:46:38 | INFO     | Duplicates: 16593138
2025-10-27 20:46:38 | INFO     | Missing Values: 0
2025-10-27 20:46:38 | INFO     | unique Values: 36
2025-10-27 20:46:38 | INFO     | Top Value: 09
2025-10-27 20:46:38 | INFO     | 
shape: (4, 2)
┌────────────┬──────────┐
│ statistic  ┆ value    │
│ ---        ┆ ---      │
│ str        ┆ str      │
╞════════════╪══════════╡
│ count      ┆ 16593138 │
│ null_count ┆ 0        │
│ min        ┆ 01       │
│ max        ┆ 37       │
└────────────┴──────────┘
2025-10-27 20:46:38 | INFO     | 


----------------------------------------------------------------------------------------------------

2025-10-27 20:46:38 | INFO     | [6/22] Processing NSS_Region
2025-10-27 20:46:38 | INFO     |  === NSS_Region Summary === 
2025-10-27 20:46:40 | INFO     | Data type: String
2025-10-27 20:46:40 | INFO     | Duplicates: 16593138
2025-10-27 20:46:40 | INFO     | Missing Values: 0
2025-10-27 20:46:40 | INFO     | unique Values: 87
2025-10-27 20:46:40 | INFO     | Top Value: 093
2025-10-27 20:46:40 | INFO     | 
shape: (4, 2)
┌────────────┬──────────┐
│ statistic  ┆ value    │
│ ---        ┆ ---      │
│ str        ┆ str      │
╞════════════╪══════════╡
│ count      ┆ 16593138 │
│ null_count ┆ 0        │
│ min        ┆ 011      │
│ max        ┆ 371      │
└────────────┴──────────┘
2025-10-27 20:46:40 | INFO     | 


----------------------------------------------------------------------------------------------------

2025-10-27 20:46:40 | INFO     | [7/22] Processing District
2025-10-27 20:46:40 | INFO     |  === District Summary === 
2025-10-27 20:46:41 | INFO     | Data type: String
2025-10-27 20:46:41 | INFO     | Duplicates: 16593138
2025-10-27 20:46:41 | INFO     | Missing Values: 0
2025-10-27 20:46:41 | INFO     | unique Values: 71
2025-10-27 20:46:41 | INFO     | Top Value: 07
2025-10-27 20:46:41 | INFO     | 
shape: (4, 2)
┌────────────┬──────────┐
│ statistic  ┆ value    │
│ ---        ┆ ---      │
│ str        ┆ str      │
╞════════════╪══════════╡
│ count      ┆ 16593138 │
│ null_count ┆ 0        │
│ min        ┆ 01       │
│ max        ┆ 71       │
└────────────┴──────────┘
2025-10-27 20:46:41 | INFO     | 


----------------------------------------------------------------------------------------------------

2025-10-27 20:46:41 | INFO     | [8/22] Processing Stratum
2025-10-27 20:46:41 | INFO     |  === Stratum Summary === 
2025-10-27 20:46:43 | INFO     | Data type: String
2025-10-27 20:46:43 | INFO     | Duplicates: 16593138
2025-10-27 20:46:43 | INFO     | Missing Values: 0
2025-10-27 20:46:43 | INFO     | unique Values: 28
2025-10-27 20:46:43 | INFO     | Top Value: 23
2025-10-27 20:46:43 | INFO     | 
shape: (4, 2)
┌────────────┬──────────┐
│ statistic  ┆ value    │
│ ---        ┆ ---      │
│ str        ┆ str      │
╞════════════╪══════════╡
│ count      ┆ 16593138 │
│ null_count ┆ 0        │
│ min        ┆ 11       │
│ max        ┆ 99       │
└────────────┴──────────┘
2025-10-27 20:46:43 | INFO     | 


----------------------------------------------------------------------------------------------------

2025-10-27 20:46:43 | INFO     | [9/22] Processing Sub_stratum
2025-10-27 20:46:43 | INFO     |  === Sub_stratum Summary === 
2025-10-27 20:46:45 | INFO     | Data type: String
2025-10-27 20:46:45 | INFO     | Duplicates: 16593138
2025-10-27 20:46:45 | INFO     | Missing Values: 0
2025-10-27 20:46:45 | INFO     | unique Values: 48
2025-10-27 20:46:45 | INFO     | Top Value: 01
2025-10-27 20:46:45 | INFO     | 
shape: (4, 2)
┌────────────┬──────────┐
│ statistic  ┆ value    │
│ ---        ┆ ---      │
│ str        ┆ str      │
╞════════════╪══════════╡
│ count      ┆ 16593138 │
│ null_count ┆ 0        │
│ min        ┆ 01       │
│ max        ┆ 48       │
└────────────┴──────────┘
2025-10-27 20:46:45 | INFO     | 


----------------------------------------------------------------------------------------------------

2025-10-27 20:46:45 | INFO     | [10/22] Processing Panel
2025-10-27 20:46:45 | INFO     |  === Panel Summary === 
2025-10-27 20:46:47 | INFO     | Data type: String
2025-10-27 20:46:47 | INFO     | Duplicates: 16593138
2025-10-27 20:46:47 | INFO     | Missing Values: 0
2025-10-27 20:46:47 | INFO     | unique Values: 10
2025-10-27 20:46:47 | INFO     | Top Value: 5
2025-10-27 20:46:47 | INFO     | 
shape: (4, 2)
┌────────────┬──────────┐
│ statistic  ┆ value    │
│ ---        ┆ ---      │
│ str        ┆ str      │
╞════════════╪══════════╡
│ count      ┆ 16593138 │
│ null_count ┆ 0        │
│ min        ┆ 1        │
│ max        ┆ 9        │
└────────────┴──────────┘
2025-10-27 20:46:47 | INFO     | 


----------------------------------------------------------------------------------------------------

2025-10-27 20:46:47 | INFO     | [11/22] Processing Sub_sample
2025-10-27 20:46:47 | INFO     |  === Sub_sample Summary === 
2025-10-27 20:46:49 | INFO     | Data type: String
2025-10-27 20:46:49 | INFO     | Duplicates: 16593138
2025-10-27 20:46:49 | INFO     | Missing Values: 0
2025-10-27 20:46:49 | INFO     | unique Values: 2
2025-10-27 20:46:49 | INFO     | Top Value: 2
2025-10-27 20:46:49 | INFO     | 
shape: (4, 2)
┌────────────┬──────────┐
│ statistic  ┆ value    │
│ ---        ┆ ---      │
│ str        ┆ str      │
╞════════════╪══════════╡
│ count      ┆ 16593138 │
│ null_count ┆ 0        │
│ min        ┆ 1        │
│ max        ┆ 2        │
└────────────┴──────────┘
2025-10-27 20:46:49 | INFO     | 


----------------------------------------------------------------------------------------------------

2025-10-27 20:46:49 | INFO     | [12/22] Processing FOD_Sub_Region
2025-10-27 20:46:49 | INFO     |  === FOD_Sub_Region Summary === 
2025-10-27 20:46:51 | INFO     | Data type: String
2025-10-27 20:46:51 | INFO     | Duplicates: 16593138
2025-10-27 20:46:51 | INFO     | Missing Values: 0
2025-10-27 20:46:51 | INFO     | unique Values: 169
2025-10-27 20:46:51 | INFO     | Top Value: 1610
2025-10-27 20:46:51 | INFO     | 
shape: (4, 2)
┌────────────┬──────────┐
│ statistic  ┆ value    │
│ ---        ┆ ---      │
│ str        ┆ str      │
╞════════════╪══════════╡
│ count      ┆ 16593138 │
│ null_count ┆ 0        │
│ min        ┆ 0110     │
│ max        ┆ 3613     │
└────────────┴──────────┘
2025-10-27 20:46:51 | INFO     | 


----------------------------------------------------------------------------------------------------

2025-10-27 20:46:51 | INFO     | [13/22] Processing Sample_SU_No
2025-10-27 20:46:51 | INFO     |  === Sample_SU_No Summary === 
2025-10-27 20:46:53 | INFO     | Data type: String
2025-10-27 20:46:53 | INFO     | Duplicates: 16593138
2025-10-27 20:46:53 | INFO     | Missing Values: 0
2025-10-27 20:46:53 | INFO     | unique Values: 32
2025-10-27 20:46:53 | INFO     | Top Value: 1
2025-10-27 20:46:53 | INFO     | 
shape: (4, 2)
┌────────────┬──────────┐
│ statistic  ┆ value    │
│ ---        ┆ ---      │
│ str        ┆ str      │
╞════════════╪══════════╡
│ count      ┆ 16593138 │
│ null_count ┆ 0        │
│ min        ┆ 1        │
│ max        ┆ 9        │
└────────────┴──────────┘
2025-10-27 20:46:53 | INFO     | 


----------------------------------------------------------------------------------------------------

2025-10-27 20:46:53 | INFO     | [14/22] Processing Sample_Sub_Division_No
2025-10-27 20:46:53 | INFO     |  === Sample_Sub_Division_No Summary === 
2025-10-27 20:46:55 | INFO     | Data type: String
2025-10-27 20:46:55 | INFO     | Duplicates: 16593138
2025-10-27 20:46:55 | INFO     | Missing Values: 0
2025-10-27 20:46:55 | INFO     | unique Values: 7
2025-10-27 20:46:55 | INFO     | Top Value: 
2025-10-27 20:46:55 | INFO     | 
shape: (4, 2)
┌────────────┬──────────┐
│ statistic  ┆ value    │
│ ---        ┆ ---      │
│ str        ┆ str      │
╞════════════╪══════════╡
│ count      ┆ 16593138 │
│ null_count ┆ 0        │
│ min        ┆          │
│ max        ┆ 6        │
└────────────┴──────────┘
2025-10-27 20:46:55 | INFO     | 


----------------------------------------------------------------------------------------------------

2025-10-27 20:46:55 | INFO     | [15/22] Processing Second_Stage_Stratum_No
2025-10-27 20:46:55 | INFO     |  === Second_Stage_Stratum_No Summary === 
2025-10-27 20:46:57 | INFO     | Data type: String
2025-10-27 20:46:57 | INFO     | Duplicates: 16593138
2025-10-27 20:46:57 | INFO     | Missing Values: 0
2025-10-27 20:46:57 | INFO     | unique Values: 3
2025-10-27 20:46:57 | INFO     | Top Value: 3
2025-10-27 20:46:57 | INFO     | 
shape: (4, 2)
┌────────────┬──────────┐
│ statistic  ┆ value    │
│ ---        ┆ ---      │
│ str        ┆ str      │
╞════════════╪══════════╡
│ count      ┆ 16593138 │
│ null_count ┆ 0        │
│ min        ┆ 1        │
│ max        ┆ 3        │
└────────────┴──────────┘
2025-10-27 20:46:57 | INFO     | 


----------------------------------------------------------------------------------------------------

2025-10-27 20:46:57 | INFO     | [16/22] Processing Sample_Household_No
2025-10-27 20:46:57 | INFO     |  === Sample_Household_No Summary === 
2025-10-27 20:46:58 | INFO     | Data type: String
2025-10-27 20:46:58 | INFO     | Duplicates: 16593138
2025-10-27 20:46:58 | INFO     | Missing Values: 0
2025-10-27 20:46:58 | INFO     | unique Values: 18
2025-10-27 20:46:58 | INFO     | Top Value: 01
2025-10-27 20:46:58 | INFO     | 
shape: (4, 2)
┌────────────┬──────────┐
│ statistic  ┆ value    │
│ ---        ┆ ---      │
│ str        ┆ str      │
╞════════════╪══════════╡
│ count      ┆ 16593138 │
│ null_count ┆ 0        │
│ min        ┆ 01       │
│ max        ┆ 18       │
└────────────┴──────────┘
2025-10-27 20:46:58 | INFO     | 


----------------------------------------------------------------------------------------------------

2025-10-27 20:46:58 | INFO     | [17/22] Processing Questionnaire_No
2025-10-27 20:46:58 | INFO     |  === Questionnaire_No Summary === 
2025-10-27 20:47:00 | INFO     | Data type: String
2025-10-27 20:47:00 | INFO     | Duplicates: 16593138
2025-10-27 20:47:00 | INFO     | Missing Values: 0
2025-10-27 20:47:00 | INFO     | unique Values: 3
2025-10-27 20:47:00 | INFO     | Top Value: F
2025-10-27 20:47:00 | INFO     | 
shape: (4, 2)
┌────────────┬──────────┐
│ statistic  ┆ value    │
│ ---        ┆ ---      │
│ str        ┆ str      │
╞════════════╪══════════╡
│ count      ┆ 16593138 │
│ null_count ┆ 0        │
│ min        ┆ C        │
│ max        ┆ F        │
└────────────┴──────────┘
2025-10-27 20:47:00 | INFO     | 


----------------------------------------------------------------------------------------------------

2025-10-27 20:47:00 | INFO     | [18/22] Processing Level
2025-10-27 20:47:00 | INFO     |  === Level Summary === 
2025-10-27 20:47:02 | INFO     | Data type: String
2025-10-27 20:47:02 | INFO     | Duplicates: 16593138
2025-10-27 20:47:02 | INFO     | Missing Values: 0
2025-10-27 20:47:02 | INFO     | unique Values: 7
2025-10-27 20:47:02 | INFO     | Top Value: 05
2025-10-27 20:47:02 | INFO     | 
shape: (4, 2)
┌────────────┬──────────┐
│ statistic  ┆ value    │
│ ---        ┆ ---      │
│ str        ┆ str      │
╞════════════╪══════════╡
│ count      ┆ 16593138 │
│ null_count ┆ 0        │
│ min        ┆ 05       │
│ max        ┆ 13       │
└────────────┴──────────┘
2025-10-27 20:47:02 | INFO     | 


----------------------------------------------------------------------------------------------------

2025-10-27 20:47:02 | INFO     | [19/22] Processing SECTION
2025-10-27 20:47:02 | INFO     |  === SECTION Summary === 
2025-10-27 20:47:04 | INFO     | Data type: String
2025-10-27 20:47:04 | INFO     | Duplicates: 16593138
2025-10-27 20:47:04 | INFO     | Missing Values: 0
2025-10-27 20:47:04 | INFO     | unique Values: 39
2025-10-27 20:47:04 | INFO     | Top Value: 11.4
2025-10-27 20:47:04 | INFO     | 
shape: (4, 2)
┌────────────┬──────────┐
│ statistic  ┆ value    │
│ ---        ┆ ---      │
│ str        ┆ str      │
╞════════════╪══════════╡
│ count      ┆ 16593138 │
│ null_count ┆ 0        │
│ min        ┆ 10.1     │
│ max        ┆ 9.2      │
└────────────┴──────────┘
2025-10-27 20:47:04 | INFO     | 


----------------------------------------------------------------------------------------------------

2025-10-27 20:47:04 | INFO     | [20/22] Processing ITEM_CODE
2025-10-27 20:47:04 | INFO     |  === ITEM_CODE Summary === 
2025-10-27 20:47:06 | INFO     | Data type: String
2025-10-27 20:47:06 | INFO     | Duplicates: 16593138
2025-10-27 20:47:06 | INFO     | Missing Values: 0
2025-10-27 20:47:06 | INFO     | unique Values: 42
2025-10-27 20:47:06 | INFO     | Top Value: 349
2025-10-27 20:47:06 | INFO     | 
shape: (4, 2)
┌────────────┬──────────┐
│ statistic  ┆ value    │
│ ---        ┆ ---      │
│ str        ┆ str      │
╞════════════╪══════════╡
│ count      ┆ 16593138 │
│ null_count ┆ 0        │
│ min        ┆ 099      │
│ max        ┆ 899      │
└────────────┴──────────┘
2025-10-27 20:47:06 | INFO     | 


----------------------------------------------------------------------------------------------------

2025-10-27 20:47:06 | INFO     | [21/22] Processing VALUE_RS
2025-10-27 20:47:06 | INFO     |  === VALUE_RS Summary === 
2025-10-27 20:47:07 | INFO     | Data type: Int64
2025-10-27 20:47:07 | INFO     | Duplicates: 16593138
2025-10-27 20:47:07 | INFO     | Missing Values: 0
2025-10-27 20:47:07 | INFO     | unique Values: 31887
2025-10-27 20:47:07 | INFO     | Top Value: 150
2025-10-27 20:47:07 | INFO     | 
shape: (9, 2)
┌────────────┬──────────────┐
│ statistic  ┆ value        │
│ ---        ┆ ---          │
│ str        ┆ f64          │
╞════════════╪══════════════╡
│ count      ┆ 1.6593138e7  │
│ null_count ┆ 0.0          │
│ mean       ┆ 2076.884329  │
│ std        ┆ 10113.083024 │
│ min        ┆ 0.0          │
│ 25%        ┆ 160.0        │
│ 50%        ┆ 442.0        │
│ 75%        ┆ 1300.0       │
│ max        ┆ 4.51175e6    │
└────────────┴──────────────┘
2025-10-27 20:47:07 | INFO     | 


----------------------------------------------------------------------------------------------------

2025-10-27 20:47:07 | INFO     | [22/22] Processing MULTIPLIER
2025-10-27 20:47:07 | INFO     |  === MULTIPLIER Summary === 
2025-10-27 20:47:08 | INFO     | Data type: Int64
2025-10-27 20:47:08 | INFO     | Duplicates: 16593138
2025-10-27 20:47:08 | INFO     | Missing Values: 0
2025-10-27 20:47:08 | INFO     | unique Values: 23567
2025-10-27 20:47:08 | INFO     | Top Value: 11830
2025-10-27 20:47:08 | INFO     | 
shape: (9, 2)
┌────────────┬───────────────┐
│ statistic  ┆ value         │
│ ---        ┆ ---           │
│ str        ┆ f64           │
╞════════════╪═══════════════╡
│ count      ┆ 1.6593138e7   │
│ null_count ┆ 0.0           │
│ mean       ┆ 109948.758565 │
│ std        ┆ 77923.766241  │
│ min        ┆ 369.0         │
│ 25%        ┆ 54218.0       │
│ 50%        ┆ 113220.0      │
│ 75%        ┆ 149973.0      │
│ max        ┆ 2.366902e6    │
└────────────┴───────────────┘
2025-10-27 20:47:08 | SUCCESS  | All Summaries Completed.
