2025-10-27 20:51:09 | INFO     | Successfully loaded parquet-data\lev-06\data\lev-06_merged.parquet
2025-10-27 20:51:10 | INFO     | File size: 177.05320167541504 MB 



2025-10-27 20:51:10 | INFO     | 


----------------------------------------------------------------------------------------------------

2025-10-27 20:51:10 | INFO     | [1/23] Processing Survey_Name
2025-10-27 20:51:10 | INFO     |  === Survey_Name Summary === 
2025-10-27 20:51:10 | INFO     | Data type: String
2025-10-27 20:51:10 | INFO     | Duplicates: 3514528
2025-10-27 20:51:10 | INFO     | Missing Values: 0
2025-10-27 20:51:10 | INFO     | unique Values: 1
2025-10-27 20:51:10 | INFO     | Top Value: HCES
2025-10-27 20:51:10 | INFO     | 
shape: (4, 2)
┌────────────┬─────────┐
│ statistic  ┆ value   │
│ ---        ┆ ---     │
│ str        ┆ str     │
╞════════════╪═════════╡
│ count      ┆ 3514528 │
│ null_count ┆ 0       │
│ min        ┆ HCES    │
│ max        ┆ HCES    │
└────────────┴─────────┘
2025-10-27 20:51:10 | INFO     | 


----------------------------------------------------------------------------------------------------

2025-10-27 20:51:10 | INFO     | [2/23] Processing Year
2025-10-27 20:51:10 | INFO     |  === Year Summary === 
2025-10-27 20:51:10 | INFO     | Data type: String
2025-10-27 20:51:10 | INFO     | Duplicates: 3514528
2025-10-27 20:51:10 | INFO     | Missing Values: 0
2025-10-27 20:51:10 | INFO     | unique Values: 1
2025-10-27 20:51:10 | INFO     | Top Value: 2024
2025-10-27 20:51:10 | INFO     | 
shape: (4, 2)
┌────────────┬─────────┐
│ statistic  ┆ value   │
│ ---        ┆ ---     │
│ str        ┆ str     │
╞════════════╪═════════╡
│ count      ┆ 3514528 │
│ null_count ┆ 0       │
│ min        ┆ 2024    │
│ max        ┆ 2024    │
└────────────┴─────────┘
2025-10-27 20:51:10 | INFO     | 


----------------------------------------------------------------------------------------------------

2025-10-27 20:51:10 | INFO     | [3/23] Processing FSU_Serial_No
2025-10-27 20:51:10 | INFO     |  === FSU_Serial_No Summary === 
2025-10-27 20:51:11 | INFO     | Data type: String
2025-10-27 20:51:11 | INFO     | Duplicates: 3514528
2025-10-27 20:51:11 | INFO     | Missing Values: 0
2025-10-27 20:51:11 | INFO     | unique Values: 14824
2025-10-27 20:51:11 | INFO     | Top Value: 27384
2025-10-27 20:51:11 | INFO     | 
shape: (4, 2)
┌────────────┬─────────┐
│ statistic  ┆ value   │
│ ---        ┆ ---     │
│ str        ┆ str     │
╞════════════╪═════════╡
│ count      ┆ 3514528 │
│ null_count ┆ 0       │
│ min        ┆ 22300   │
│ max        ┆ 49999   │
└────────────┴─────────┘
2025-10-27 20:51:11 | INFO     | 


----------------------------------------------------------------------------------------------------

2025-10-27 20:51:11 | INFO     | [4/23] Processing Sector
2025-10-27 20:51:11 | INFO     |  === Sector Summary === 
2025-10-27 20:51:11 | INFO     | Data type: String
2025-10-27 20:51:11 | INFO     | Duplicates: 3514528
2025-10-27 20:51:11 | INFO     | Missing Values: 0
2025-10-27 20:51:11 | INFO     | unique Values: 2
2025-10-27 20:51:11 | INFO     | Top Value: 1
2025-10-27 20:51:11 | INFO     | 
shape: (4, 2)
┌────────────┬─────────┐
│ statistic  ┆ value   │
│ ---        ┆ ---     │
│ str        ┆ str     │
╞════════════╪═════════╡
│ count      ┆ 3514528 │
│ null_count ┆ 0       │
│ min        ┆ 1       │
│ max        ┆ 2       │
└────────────┴─────────┘
2025-10-27 20:51:11 | INFO     | 


----------------------------------------------------------------------------------------------------

2025-10-27 20:51:11 | INFO     | [5/23] Processing State
2025-10-27 20:51:11 | INFO     |  === State Summary === 
2025-10-27 20:51:12 | INFO     | Data type: String
2025-10-27 20:51:12 | INFO     | Duplicates: 3514528
2025-10-27 20:51:12 | INFO     | Missing Values: 0
2025-10-27 20:51:12 | INFO     | unique Values: 36
2025-10-27 20:51:12 | INFO     | Top Value: 09
2025-10-27 20:51:12 | INFO     | 
shape: (4, 2)
┌────────────┬─────────┐
│ statistic  ┆ value   │
│ ---        ┆ ---     │
│ str        ┆ str     │
╞════════════╪═════════╡
│ count      ┆ 3514528 │
│ null_count ┆ 0       │
│ min        ┆ 01      │
│ max        ┆ 37      │
└────────────┴─────────┘
2025-10-27 20:51:12 | INFO     | 


----------------------------------------------------------------------------------------------------

2025-10-27 20:51:12 | INFO     | [6/23] Processing NSS_Region
2025-10-27 20:51:12 | INFO     |  === NSS_Region Summary === 
2025-10-27 20:51:12 | INFO     | Data type: String
2025-10-27 20:51:12 | INFO     | Duplicates: 3514528
2025-10-27 20:51:12 | INFO     | Missing Values: 0
2025-10-27 20:51:12 | INFO     | unique Values: 87
2025-10-27 20:51:12 | INFO     | Top Value: 093
2025-10-27 20:51:12 | INFO     | 
shape: (4, 2)
┌────────────┬─────────┐
│ statistic  ┆ value   │
│ ---        ┆ ---     │
│ str        ┆ str     │
╞════════════╪═════════╡
│ count      ┆ 3514528 │
│ null_count ┆ 0       │
│ min        ┆ 011     │
│ max        ┆ 371     │
└────────────┴─────────┘
2025-10-27 20:51:12 | INFO     | 


----------------------------------------------------------------------------------------------------

2025-10-27 20:51:12 | INFO     | [7/23] Processing District
2025-10-27 20:51:12 | INFO     |  === District Summary === 
2025-10-27 20:51:12 | INFO     | Data type: String
2025-10-27 20:51:12 | INFO     | Duplicates: 3514528
2025-10-27 20:51:12 | INFO     | Missing Values: 0
2025-10-27 20:51:12 | INFO     | unique Values: 71
2025-10-27 20:51:12 | INFO     | Top Value: 07
2025-10-27 20:51:12 | INFO     | 
shape: (4, 2)
┌────────────┬─────────┐
│ statistic  ┆ value   │
│ ---        ┆ ---     │
│ str        ┆ str     │
╞════════════╪═════════╡
│ count      ┆ 3514528 │
│ null_count ┆ 0       │
│ min        ┆ 01      │
│ max        ┆ 71      │
└────────────┴─────────┘
2025-10-27 20:51:12 | INFO     | 


----------------------------------------------------------------------------------------------------

2025-10-27 20:51:12 | INFO     | [8/23] Processing Stratum
2025-10-27 20:51:12 | INFO     |  === Stratum Summary === 
2025-10-27 20:51:13 | INFO     | Data type: String
2025-10-27 20:51:13 | INFO     | Duplicates: 3514528
2025-10-27 20:51:13 | INFO     | Missing Values: 0
2025-10-27 20:51:13 | INFO     | unique Values: 28
2025-10-27 20:51:13 | INFO     | Top Value: 23
2025-10-27 20:51:13 | INFO     | 
shape: (4, 2)
┌────────────┬─────────┐
│ statistic  ┆ value   │
│ ---        ┆ ---     │
│ str        ┆ str     │
╞════════════╪═════════╡
│ count      ┆ 3514528 │
│ null_count ┆ 0       │
│ min        ┆ 11      │
│ max        ┆ 99      │
└────────────┴─────────┘
2025-10-27 20:51:13 | INFO     | 


----------------------------------------------------------------------------------------------------

2025-10-27 20:51:13 | INFO     | [9/23] Processing Sub_stratum
2025-10-27 20:51:13 | INFO     |  === Sub_stratum Summary === 
2025-10-27 20:51:13 | INFO     | Data type: String
2025-10-27 20:51:13 | INFO     | Duplicates: 3514528
2025-10-27 20:51:13 | INFO     | Missing Values: 0
2025-10-27 20:51:13 | INFO     | unique Values: 48
2025-10-27 20:51:13 | INFO     | Top Value: 01
2025-10-27 20:51:13 | INFO     | 
shape: (4, 2)
┌────────────┬─────────┐
│ statistic  ┆ value   │
│ ---        ┆ ---     │
│ str        ┆ str     │
╞════════════╪═════════╡
│ count      ┆ 3514528 │
│ null_count ┆ 0       │
│ min        ┆ 01      │
│ max        ┆ 48      │
└────────────┴─────────┘
2025-10-27 20:51:13 | INFO     | 


----------------------------------------------------------------------------------------------------

2025-10-27 20:51:13 | INFO     | [10/23] Processing Panel
2025-10-27 20:51:13 | INFO     |  === Panel Summary === 
2025-10-27 20:51:14 | INFO     | Data type: String
2025-10-27 20:51:14 | INFO     | Duplicates: 3514528
2025-10-27 20:51:14 | INFO     | Missing Values: 0
2025-10-27 20:51:14 | INFO     | unique Values: 10
2025-10-27 20:51:14 | INFO     | Top Value: 4
2025-10-27 20:51:14 | INFO     | 
shape: (4, 2)
┌────────────┬─────────┐
│ statistic  ┆ value   │
│ ---        ┆ ---     │
│ str        ┆ str     │
╞════════════╪═════════╡
│ count      ┆ 3514528 │
│ null_count ┆ 0       │
│ min        ┆ 1       │
│ max        ┆ 9       │
└────────────┴─────────┘
2025-10-27 20:51:14 | INFO     | 


----------------------------------------------------------------------------------------------------

2025-10-27 20:51:14 | INFO     | [11/23] Processing Sub_sample
2025-10-27 20:51:14 | INFO     |  === Sub_sample Summary === 
2025-10-27 20:51:14 | INFO     | Data type: String
2025-10-27 20:51:14 | INFO     | Duplicates: 3514528
2025-10-27 20:51:14 | INFO     | Missing Values: 0
2025-10-27 20:51:14 | INFO     | unique Values: 2
2025-10-27 20:51:14 | INFO     | Top Value: 2
2025-10-27 20:51:14 | INFO     | 
shape: (4, 2)
┌────────────┬─────────┐
│ statistic  ┆ value   │
│ ---        ┆ ---     │
│ str        ┆ str     │
╞════════════╪═════════╡
│ count      ┆ 3514528 │
│ null_count ┆ 0       │
│ min        ┆ 1       │
│ max        ┆ 2       │
└────────────┴─────────┘
2025-10-27 20:51:14 | INFO     | 


----------------------------------------------------------------------------------------------------

2025-10-27 20:51:14 | INFO     | [12/23] Processing FOD_Sub_Region
2025-10-27 20:51:14 | INFO     |  === FOD_Sub_Region Summary === 
2025-10-27 20:51:14 | INFO     | Data type: String
2025-10-27 20:51:14 | INFO     | Duplicates: 3514528
2025-10-27 20:51:14 | INFO     | Missing Values: 0
2025-10-27 20:51:14 | INFO     | unique Values: 169
2025-10-27 20:51:14 | INFO     | Top Value: 1610
2025-10-27 20:51:14 | INFO     | 
shape: (4, 2)
┌────────────┬─────────┐
│ statistic  ┆ value   │
│ ---        ┆ ---     │
│ str        ┆ str     │
╞════════════╪═════════╡
│ count      ┆ 3514528 │
│ null_count ┆ 0       │
│ min        ┆ 0110    │
│ max        ┆ 3613    │
└────────────┴─────────┘
2025-10-27 20:51:14 | INFO     | 


----------------------------------------------------------------------------------------------------

2025-10-27 20:51:14 | INFO     | [13/23] Processing Sample_SU_No
2025-10-27 20:51:14 | INFO     |  === Sample_SU_No Summary === 
2025-10-27 20:51:15 | INFO     | Data type: String
2025-10-27 20:51:15 | INFO     | Duplicates: 3514528
2025-10-27 20:51:15 | INFO     | Missing Values: 0
2025-10-27 20:51:15 | INFO     | unique Values: 32
2025-10-27 20:51:15 | INFO     | Top Value: 1
2025-10-27 20:51:15 | INFO     | 
shape: (4, 2)
┌────────────┬─────────┐
│ statistic  ┆ value   │
│ ---        ┆ ---     │
│ str        ┆ str     │
╞════════════╪═════════╡
│ count      ┆ 3514528 │
│ null_count ┆ 0       │
│ min        ┆ 1       │
│ max        ┆ 9       │
└────────────┴─────────┘
2025-10-27 20:51:15 | INFO     | 


----------------------------------------------------------------------------------------------------

2025-10-27 20:51:15 | INFO     | [14/23] Processing Sample_Sub_Division_No
2025-10-27 20:51:15 | INFO     |  === Sample_Sub_Division_No Summary === 
2025-10-27 20:51:15 | INFO     | Data type: String
2025-10-27 20:51:15 | INFO     | Duplicates: 3514528
2025-10-27 20:51:15 | INFO     | Missing Values: 0
2025-10-27 20:51:15 | INFO     | unique Values: 7
2025-10-27 20:51:15 | INFO     | Top Value: 
2025-10-27 20:51:15 | INFO     | 
shape: (4, 2)
┌────────────┬─────────┐
│ statistic  ┆ value   │
│ ---        ┆ ---     │
│ str        ┆ str     │
╞════════════╪═════════╡
│ count      ┆ 3514528 │
│ null_count ┆ 0       │
│ min        ┆         │
│ max        ┆ 6       │
└────────────┴─────────┘
2025-10-27 20:51:15 | INFO     | 


----------------------------------------------------------------------------------------------------

2025-10-27 20:51:15 | INFO     | [15/23] Processing Second_Stage_Stratum_No
2025-10-27 20:51:15 | INFO     |  === Second_Stage_Stratum_No Summary === 
2025-10-27 20:51:16 | INFO     | Data type: String
2025-10-27 20:51:16 | INFO     | Duplicates: 3514528
2025-10-27 20:51:16 | INFO     | Missing Values: 0
2025-10-27 20:51:16 | INFO     | unique Values: 3
2025-10-27 20:51:16 | INFO     | Top Value: 3
2025-10-27 20:51:16 | INFO     | 
shape: (4, 2)
┌────────────┬─────────┐
│ statistic  ┆ value   │
│ ---        ┆ ---     │
│ str        ┆ str     │
╞════════════╪═════════╡
│ count      ┆ 3514528 │
│ null_count ┆ 0       │
│ min        ┆ 1       │
│ max        ┆ 3       │
└────────────┴─────────┘
2025-10-27 20:51:16 | INFO     | 


----------------------------------------------------------------------------------------------------

2025-10-27 20:51:16 | INFO     | [16/23] Processing Sample_Household_No
2025-10-27 20:51:16 | INFO     |  === Sample_Household_No Summary === 
2025-10-27 20:51:16 | INFO     | Data type: String
2025-10-27 20:51:16 | INFO     | Duplicates: 3514528
2025-10-27 20:51:16 | INFO     | Missing Values: 0
2025-10-27 20:51:16 | INFO     | unique Values: 18
2025-10-27 20:51:16 | INFO     | Top Value: 01
2025-10-27 20:51:16 | INFO     | 
shape: (4, 2)
┌────────────┬─────────┐
│ statistic  ┆ value   │
│ ---        ┆ ---     │
│ str        ┆ str     │
╞════════════╪═════════╡
│ count      ┆ 3514528 │
│ null_count ┆ 0       │
│ min        ┆ 01      │
│ max        ┆ 18      │
└────────────┴─────────┘
2025-10-27 20:51:16 | INFO     | 


----------------------------------------------------------------------------------------------------

2025-10-27 20:51:16 | INFO     | [17/23] Processing Questionnaire_No
2025-10-27 20:51:16 | INFO     |  === Questionnaire_No Summary === 
2025-10-27 20:51:17 | INFO     | Data type: String
2025-10-27 20:51:17 | INFO     | Duplicates: 3514528
2025-10-27 20:51:17 | INFO     | Missing Values: 0
2025-10-27 20:51:17 | INFO     | unique Values: 1
2025-10-27 20:51:17 | INFO     | Top Value: F
2025-10-27 20:51:17 | INFO     | 
shape: (4, 2)
┌────────────┬─────────┐
│ statistic  ┆ value   │
│ ---        ┆ ---     │
│ str        ┆ str     │
╞════════════╪═════════╡
│ count      ┆ 3514528 │
│ null_count ┆ 0       │
│ min        ┆ F       │
│ max        ┆ F       │
└────────────┴─────────┘
2025-10-27 20:51:17 | INFO     | 


----------------------------------------------------------------------------------------------------

2025-10-27 20:51:17 | INFO     | [18/23] Processing Level
2025-10-27 20:51:17 | INFO     |  === Level Summary === 
2025-10-27 20:51:17 | INFO     | Data type: String
2025-10-27 20:51:17 | INFO     | Duplicates: 3514528
2025-10-27 20:51:17 | INFO     | Missing Values: 0
2025-10-27 20:51:17 | INFO     | unique Values: 1
2025-10-27 20:51:17 | INFO     | Top Value: 06
2025-10-27 20:51:17 | INFO     | 
shape: (4, 2)
┌────────────┬─────────┐
│ statistic  ┆ value   │
│ ---        ┆ ---     │
│ str        ┆ str     │
╞════════════╪═════════╡
│ count      ┆ 3514528 │
│ null_count ┆ 0       │
│ min        ┆ 06      │
│ max        ┆ 06      │
└────────────┴─────────┘
2025-10-27 20:51:17 | INFO     | 


----------------------------------------------------------------------------------------------------

2025-10-27 20:51:17 | INFO     | [19/23] Processing Item_Code
2025-10-27 20:51:17 | INFO     |  === Item_Code Summary === 
2025-10-27 20:51:17 | INFO     | Data type: String
2025-10-27 20:51:17 | INFO     | Duplicates: 3514528
2025-10-27 20:51:17 | INFO     | Missing Values: 0
2025-10-27 20:51:17 | INFO     | unique Values: 21
2025-10-27 20:51:17 | INFO     | Top Value: 299
2025-10-27 20:51:17 | INFO     | 
shape: (4, 2)
┌────────────┬─────────┐
│ statistic  ┆ value   │
│ ---        ┆ ---     │
│ str        ┆ str     │
╞════════════╪═════════╡
│ count      ┆ 3514528 │
│ null_count ┆ 0       │
│ min        ┆ 012     │
│ max        ┆ 299     │
└────────────┴─────────┘
2025-10-27 20:51:17 | INFO     | 


----------------------------------------------------------------------------------------------------

2025-10-27 20:51:17 | INFO     | [20/23] Processing Total_Consumption_Quantity
2025-10-27 20:51:17 | INFO     |  === Total_Consumption_Quantity Summary === 
2025-10-27 20:51:18 | INFO     | Data type: String
2025-10-27 20:51:18 | INFO     | Duplicates: 3514528
2025-10-27 20:51:18 | INFO     | Missing Values: 0
2025-10-27 20:51:18 | INFO     | unique Values: 753
2025-10-27 20:51:18 | INFO     | Top Value: 
2025-10-27 20:51:18 | INFO     | 
shape: (4, 2)
┌────────────┬─────────┐
│ statistic  ┆ value   │
│ ---        ┆ ---     │
│ str        ┆ str     │
╞════════════╪═════════╡
│ count      ┆ 3514528 │
│ null_count ┆ 0       │
│ min        ┆         │
│ max        ┆ 98      │
└────────────┴─────────┘
2025-10-27 20:51:18 | INFO     | 


----------------------------------------------------------------------------------------------------

2025-10-27 20:51:18 | INFO     | [21/23] Processing Total_Consumption_Value
2025-10-27 20:51:18 | INFO     |  === Total_Consumption_Value Summary === 
2025-10-27 20:51:18 | INFO     | Data type: String
2025-10-27 20:51:18 | INFO     | Duplicates: 3514528
2025-10-27 20:51:18 | INFO     | Missing Values: 0
2025-10-27 20:51:18 | INFO     | unique Values: 1959
2025-10-27 20:51:18 | INFO     | Top Value: 30
2025-10-27 20:51:18 | INFO     | 
shape: (4, 2)
┌────────────┬─────────┐
│ statistic  ┆ value   │
│ ---        ┆ ---     │
│ str        ┆ str     │
╞════════════╪═════════╡
│ count      ┆ 3514528 │
│ null_count ┆ 0       │
│ min        ┆ 005     │
│ max        ┆ 998     │
└────────────┴─────────┘
2025-10-27 20:51:18 | INFO     | 


----------------------------------------------------------------------------------------------------

2025-10-27 20:51:18 | INFO     | [22/23] Processing Source
2025-10-27 20:51:18 | INFO     |  === Source Summary === 
2025-10-27 20:51:19 | INFO     | Data type: String
2025-10-27 20:51:19 | INFO     | Duplicates: 3514528
2025-10-27 20:51:19 | INFO     | Missing Values: 0
2025-10-27 20:51:19 | INFO     | unique Values: 5
2025-10-27 20:51:19 | INFO     | Top Value: 1
2025-10-27 20:51:19 | INFO     | 
shape: (4, 2)
┌────────────┬─────────┐
│ statistic  ┆ value   │
│ ---        ┆ ---     │
│ str        ┆ str     │
╞════════════╪═════════╡
│ count      ┆ 3514528 │
│ null_count ┆ 0       │
│ min        ┆         │
│ max        ┆ 9       │
└────────────┴─────────┘
2025-10-27 20:51:19 | INFO     | 


----------------------------------------------------------------------------------------------------

2025-10-27 20:51:19 | INFO     | [23/23] Processing Multiplier
2025-10-27 20:51:19 | INFO     |  === Multiplier Summary === 
2025-10-27 20:51:19 | INFO     | Data type: Int64
2025-10-27 20:51:19 | INFO     | Duplicates: 3514528
2025-10-27 20:51:19 | INFO     | Missing Values: 0
2025-10-27 20:51:19 | INFO     | unique Values: 23546
2025-10-27 20:51:19 | INFO     | Top Value: 11830
2025-10-27 20:51:19 | INFO     | 
shape: (9, 2)
┌────────────┬───────────────┐
│ statistic  ┆ value         │
│ ---        ┆ ---           │
│ str        ┆ f64           │
╞════════════╪═══════════════╡
│ count      ┆ 3.514528e6    │
│ null_count ┆ 0.0           │
│ mean       ┆ 109151.107262 │
│ std        ┆ 79679.410344  │
│ min        ┆ 369.0         │
│ 25%        ┆ 51676.0       │
│ 50%        ┆ 112163.0      │
│ 75%        ┆ 149240.0      │
│ max        ┆ 2.366902e6    │
└────────────┴───────────────┘
2025-10-27 20:51:19 | SUCCESS  | All Summaries Completed.
