2025-10-27 20:49:34 | INFO     | Successfully loaded parquet-data\lev-09\data\lev-09_merged.parquet
2025-10-27 20:49:35 | INFO     | File size: 899.8513298034668 MB 



2025-10-27 20:49:35 | INFO     | 


----------------------------------------------------------------------------------------------------

2025-10-27 20:49:35 | INFO     | [1/21] Processing Survey_Name
2025-10-27 20:49:35 | INFO     |  === Survey_Name Summary === 
2025-10-27 20:49:37 | INFO     | Data type: String
2025-10-27 20:49:37 | INFO     | Duplicates: 16518240
2025-10-27 20:49:37 | INFO     | Missing Values: 0
2025-10-27 20:49:37 | INFO     | unique Values: 1
2025-10-27 20:49:37 | INFO     | Top Value: HCES
2025-10-27 20:49:37 | INFO     | 
shape: (4, 2)
┌────────────┬──────────┐
│ statistic  ┆ value    │
│ ---        ┆ ---      │
│ str        ┆ str      │
╞════════════╪══════════╡
│ count      ┆ 16518240 │
│ null_count ┆ 0        │
│ min        ┆ HCES     │
│ max        ┆ HCES     │
└────────────┴──────────┘
2025-10-27 20:49:37 | INFO     | 


----------------------------------------------------------------------------------------------------

2025-10-27 20:49:37 | INFO     | [2/21] Processing Year
2025-10-27 20:49:37 | INFO     |  === Year Summary === 
2025-10-27 20:49:39 | INFO     | Data type: String
2025-10-27 20:49:39 | INFO     | Duplicates: 16518240
2025-10-27 20:49:39 | INFO     | Missing Values: 0
2025-10-27 20:49:39 | INFO     | unique Values: 1
2025-10-27 20:49:39 | INFO     | Top Value: 2024
2025-10-27 20:49:39 | INFO     | 
shape: (4, 2)
┌────────────┬──────────┐
│ statistic  ┆ value    │
│ ---        ┆ ---      │
│ str        ┆ str      │
╞════════════╪══════════╡
│ count      ┆ 16518240 │
│ null_count ┆ 0        │
│ min        ┆ 2024     │
│ max        ┆ 2024     │
└────────────┴──────────┘
2025-10-27 20:49:39 | INFO     | 


----------------------------------------------------------------------------------------------------

2025-10-27 20:49:39 | INFO     | [3/21] Processing FSU_Serial_No
2025-10-27 20:49:39 | INFO     |  === FSU_Serial_No Summary === 
2025-10-27 20:49:41 | INFO     | Data type: String
2025-10-27 20:49:41 | INFO     | Duplicates: 16518240
2025-10-27 20:49:41 | INFO     | Missing Values: 0
2025-10-27 20:49:41 | INFO     | unique Values: 14827
2025-10-27 20:49:41 | INFO     | Top Value: 24430
2025-10-27 20:49:41 | INFO     | 
shape: (4, 2)
┌────────────┬──────────┐
│ statistic  ┆ value    │
│ ---        ┆ ---      │
│ str        ┆ str      │
╞════════════╪══════════╡
│ count      ┆ 16518240 │
│ null_count ┆ 0        │
│ min        ┆ 22300    │
│ max        ┆ 49999    │
└────────────┴──────────┘
2025-10-27 20:49:41 | INFO     | 


----------------------------------------------------------------------------------------------------

2025-10-27 20:49:41 | INFO     | [4/21] Processing Sector
2025-10-27 20:49:41 | INFO     |  === Sector Summary === 
2025-10-27 20:49:43 | INFO     | Data type: String
2025-10-27 20:49:43 | INFO     | Duplicates: 16518240
2025-10-27 20:49:43 | INFO     | Missing Values: 0
2025-10-27 20:49:43 | INFO     | unique Values: 2
2025-10-27 20:49:43 | INFO     | Top Value: 1
2025-10-27 20:49:43 | INFO     | 
shape: (4, 2)
┌────────────┬──────────┐
│ statistic  ┆ value    │
│ ---        ┆ ---      │
│ str        ┆ str      │
╞════════════╪══════════╡
│ count      ┆ 16518240 │
│ null_count ┆ 0        │
│ min        ┆ 1        │
│ max        ┆ 2        │
└────────────┴──────────┘
2025-10-27 20:49:43 | INFO     | 


----------------------------------------------------------------------------------------------------

2025-10-27 20:49:43 | INFO     | [5/21] Processing State
2025-10-27 20:49:43 | INFO     |  === State Summary === 
2025-10-27 20:49:45 | INFO     | Data type: String
2025-10-27 20:49:45 | INFO     | Duplicates: 16518240
2025-10-27 20:49:45 | INFO     | Missing Values: 0
2025-10-27 20:49:45 | INFO     | unique Values: 36
2025-10-27 20:49:45 | INFO     | Top Value: 09
2025-10-27 20:49:45 | INFO     | 
shape: (4, 2)
┌────────────┬──────────┐
│ statistic  ┆ value    │
│ ---        ┆ ---      │
│ str        ┆ str      │
╞════════════╪══════════╡
│ count      ┆ 16518240 │
│ null_count ┆ 0        │
│ min        ┆ 01       │
│ max        ┆ 37       │
└────────────┴──────────┘
2025-10-27 20:49:45 | INFO     | 


----------------------------------------------------------------------------------------------------

2025-10-27 20:49:45 | INFO     | [6/21] Processing NSS_Region
2025-10-27 20:49:45 | INFO     |  === NSS_Region Summary === 
2025-10-27 20:49:47 | INFO     | Data type: String
2025-10-27 20:49:47 | INFO     | Duplicates: 16518240
2025-10-27 20:49:47 | INFO     | Missing Values: 0
2025-10-27 20:49:47 | INFO     | unique Values: 87
2025-10-27 20:49:47 | INFO     | Top Value: 093
2025-10-27 20:49:47 | INFO     | 
shape: (4, 2)
┌────────────┬──────────┐
│ statistic  ┆ value    │
│ ---        ┆ ---      │
│ str        ┆ str      │
╞════════════╪══════════╡
│ count      ┆ 16518240 │
│ null_count ┆ 0        │
│ min        ┆ 011      │
│ max        ┆ 371      │
└────────────┴──────────┘
2025-10-27 20:49:47 | INFO     | 


----------------------------------------------------------------------------------------------------

2025-10-27 20:49:47 | INFO     | [7/21] Processing District
2025-10-27 20:49:47 | INFO     |  === District Summary === 
2025-10-27 20:49:49 | INFO     | Data type: String
2025-10-27 20:49:49 | INFO     | Duplicates: 16518240
2025-10-27 20:49:49 | INFO     | Missing Values: 0
2025-10-27 20:49:49 | INFO     | unique Values: 71
2025-10-27 20:49:49 | INFO     | Top Value: 07
2025-10-27 20:49:49 | INFO     | 
shape: (4, 2)
┌────────────┬──────────┐
│ statistic  ┆ value    │
│ ---        ┆ ---      │
│ str        ┆ str      │
╞════════════╪══════════╡
│ count      ┆ 16518240 │
│ null_count ┆ 0        │
│ min        ┆ 01       │
│ max        ┆ 71       │
└────────────┴──────────┘
2025-10-27 20:49:49 | INFO     | 


----------------------------------------------------------------------------------------------------

2025-10-27 20:49:49 | INFO     | [8/21] Processing Stratum
2025-10-27 20:49:49 | INFO     |  === Stratum Summary === 
2025-10-27 20:49:51 | INFO     | Data type: String
2025-10-27 20:49:51 | INFO     | Duplicates: 16518240
2025-10-27 20:49:51 | INFO     | Missing Values: 0
2025-10-27 20:49:51 | INFO     | unique Values: 28
2025-10-27 20:49:51 | INFO     | Top Value: 23
2025-10-27 20:49:51 | INFO     | 
shape: (4, 2)
┌────────────┬──────────┐
│ statistic  ┆ value    │
│ ---        ┆ ---      │
│ str        ┆ str      │
╞════════════╪══════════╡
│ count      ┆ 16518240 │
│ null_count ┆ 0        │
│ min        ┆ 11       │
│ max        ┆ 99       │
└────────────┴──────────┘
2025-10-27 20:49:51 | INFO     | 


----------------------------------------------------------------------------------------------------

2025-10-27 20:49:51 | INFO     | [9/21] Processing Sub_stratum
2025-10-27 20:49:51 | INFO     |  === Sub_stratum Summary === 
2025-10-27 20:49:52 | INFO     | Data type: String
2025-10-27 20:49:52 | INFO     | Duplicates: 16518240
2025-10-27 20:49:52 | INFO     | Missing Values: 0
2025-10-27 20:49:52 | INFO     | unique Values: 48
2025-10-27 20:49:52 | INFO     | Top Value: 01
2025-10-27 20:49:52 | INFO     | 
shape: (4, 2)
┌────────────┬──────────┐
│ statistic  ┆ value    │
│ ---        ┆ ---      │
│ str        ┆ str      │
╞════════════╪══════════╡
│ count      ┆ 16518240 │
│ null_count ┆ 0        │
│ min        ┆ 01       │
│ max        ┆ 48       │
└────────────┴──────────┘
2025-10-27 20:49:52 | INFO     | 


----------------------------------------------------------------------------------------------------

2025-10-27 20:49:52 | INFO     | [10/21] Processing Panel
2025-10-27 20:49:52 | INFO     |  === Panel Summary === 
2025-10-27 20:49:54 | INFO     | Data type: String
2025-10-27 20:49:54 | INFO     | Duplicates: 16518240
2025-10-27 20:49:54 | INFO     | Missing Values: 0
2025-10-27 20:49:54 | INFO     | unique Values: 10
2025-10-27 20:49:54 | INFO     | Top Value: 9
2025-10-27 20:49:54 | INFO     | 
shape: (4, 2)
┌────────────┬──────────┐
│ statistic  ┆ value    │
│ ---        ┆ ---      │
│ str        ┆ str      │
╞════════════╪══════════╡
│ count      ┆ 16518240 │
│ null_count ┆ 0        │
│ min        ┆ 1        │
│ max        ┆ 9        │
└────────────┴──────────┘
2025-10-27 20:49:54 | INFO     | 


----------------------------------------------------------------------------------------------------

2025-10-27 20:49:54 | INFO     | [11/21] Processing Sub_sample
2025-10-27 20:49:54 | INFO     |  === Sub_sample Summary === 
2025-10-27 20:49:56 | INFO     | Data type: String
2025-10-27 20:49:56 | INFO     | Duplicates: 16518240
2025-10-27 20:49:56 | INFO     | Missing Values: 0
2025-10-27 20:49:56 | INFO     | unique Values: 2
2025-10-27 20:49:56 | INFO     | Top Value: 2
2025-10-27 20:49:56 | INFO     | 
shape: (4, 2)
┌────────────┬──────────┐
│ statistic  ┆ value    │
│ ---        ┆ ---      │
│ str        ┆ str      │
╞════════════╪══════════╡
│ count      ┆ 16518240 │
│ null_count ┆ 0        │
│ min        ┆ 1        │
│ max        ┆ 2        │
└────────────┴──────────┘
2025-10-27 20:49:56 | INFO     | 


----------------------------------------------------------------------------------------------------

2025-10-27 20:49:56 | INFO     | [12/21] Processing FOD_Sub_Region
2025-10-27 20:49:56 | INFO     |  === FOD_Sub_Region Summary === 
2025-10-27 20:49:58 | INFO     | Data type: String
2025-10-27 20:49:58 | INFO     | Duplicates: 16518240
2025-10-27 20:49:58 | INFO     | Missing Values: 0
2025-10-27 20:49:58 | INFO     | unique Values: 169
2025-10-27 20:49:58 | INFO     | Top Value: 1610
2025-10-27 20:49:58 | INFO     | 
shape: (4, 2)
┌────────────┬──────────┐
│ statistic  ┆ value    │
│ ---        ┆ ---      │
│ str        ┆ str      │
╞════════════╪══════════╡
│ count      ┆ 16518240 │
│ null_count ┆ 0        │
│ min        ┆ 0110     │
│ max        ┆ 3613     │
└────────────┴──────────┘
2025-10-27 20:49:58 | INFO     | 


----------------------------------------------------------------------------------------------------

2025-10-27 20:49:58 | INFO     | [13/21] Processing Sample_SU_No
2025-10-27 20:49:58 | INFO     |  === Sample_SU_No Summary === 
2025-10-27 20:50:00 | INFO     | Data type: String
2025-10-27 20:50:00 | INFO     | Duplicates: 16518240
2025-10-27 20:50:00 | INFO     | Missing Values: 0
2025-10-27 20:50:00 | INFO     | unique Values: 32
2025-10-27 20:50:00 | INFO     | Top Value: 1
2025-10-27 20:50:00 | INFO     | 
shape: (4, 2)
┌────────────┬──────────┐
│ statistic  ┆ value    │
│ ---        ┆ ---      │
│ str        ┆ str      │
╞════════════╪══════════╡
│ count      ┆ 16518240 │
│ null_count ┆ 0        │
│ min        ┆ 1        │
│ max        ┆ 9        │
└────────────┴──────────┘
2025-10-27 20:50:00 | INFO     | 


----------------------------------------------------------------------------------------------------

2025-10-27 20:50:00 | INFO     | [14/21] Processing Sample_Sub_Division_No
2025-10-27 20:50:00 | INFO     |  === Sample_Sub_Division_No Summary === 
2025-10-27 20:50:02 | INFO     | Data type: String
2025-10-27 20:50:02 | INFO     | Duplicates: 16518240
2025-10-27 20:50:02 | INFO     | Missing Values: 0
2025-10-27 20:50:02 | INFO     | unique Values: 7
2025-10-27 20:50:02 | INFO     | Top Value: 
2025-10-27 20:50:02 | INFO     | 
shape: (4, 2)
┌────────────┬──────────┐
│ statistic  ┆ value    │
│ ---        ┆ ---      │
│ str        ┆ str      │
╞════════════╪══════════╡
│ count      ┆ 16518240 │
│ null_count ┆ 0        │
│ min        ┆          │
│ max        ┆ 6        │
└────────────┴──────────┘
2025-10-27 20:50:02 | INFO     | 


----------------------------------------------------------------------------------------------------

2025-10-27 20:50:02 | INFO     | [15/21] Processing Second_Stage_Stratum_No
2025-10-27 20:50:02 | INFO     |  === Second_Stage_Stratum_No Summary === 
2025-10-27 20:50:04 | INFO     | Data type: String
2025-10-27 20:50:04 | INFO     | Duplicates: 16518240
2025-10-27 20:50:04 | INFO     | Missing Values: 0
2025-10-27 20:50:04 | INFO     | unique Values: 3
2025-10-27 20:50:04 | INFO     | Top Value: 3
2025-10-27 20:50:04 | INFO     | 
shape: (4, 2)
┌────────────┬──────────┐
│ statistic  ┆ value    │
│ ---        ┆ ---      │
│ str        ┆ str      │
╞════════════╪══════════╡
│ count      ┆ 16518240 │
│ null_count ┆ 0        │
│ min        ┆ 1        │
│ max        ┆ 3        │
└────────────┴──────────┘
2025-10-27 20:50:04 | INFO     | 


----------------------------------------------------------------------------------------------------

2025-10-27 20:50:04 | INFO     | [16/21] Processing Sample_Household_No
2025-10-27 20:50:04 | INFO     |  === Sample_Household_No Summary === 
2025-10-27 20:50:05 | INFO     | Data type: String
2025-10-27 20:50:05 | INFO     | Duplicates: 16518240
2025-10-27 20:50:05 | INFO     | Missing Values: 0
2025-10-27 20:50:05 | INFO     | unique Values: 18
2025-10-27 20:50:05 | INFO     | Top Value: 01
2025-10-27 20:50:05 | INFO     | 
shape: (4, 2)
┌────────────┬──────────┐
│ statistic  ┆ value    │
│ ---        ┆ ---      │
│ str        ┆ str      │
╞════════════╪══════════╡
│ count      ┆ 16518240 │
│ null_count ┆ 0        │
│ min        ┆ 01       │
│ max        ┆ 18       │
└────────────┴──────────┘
2025-10-27 20:50:05 | INFO     | 


----------------------------------------------------------------------------------------------------

2025-10-27 20:50:05 | INFO     | [17/21] Processing Questionnaire_No
2025-10-27 20:50:05 | INFO     |  === Questionnaire_No Summary === 
2025-10-27 20:50:07 | INFO     | Data type: String
2025-10-27 20:50:07 | INFO     | Duplicates: 16518240
2025-10-27 20:50:07 | INFO     | Missing Values: 0
2025-10-27 20:50:07 | INFO     | unique Values: 1
2025-10-27 20:50:07 | INFO     | Top Value: C
2025-10-27 20:50:07 | INFO     | 
shape: (4, 2)
┌────────────┬──────────┐
│ statistic  ┆ value    │
│ ---        ┆ ---      │
│ str        ┆ str      │
╞════════════╪══════════╡
│ count      ┆ 16518240 │
│ null_count ┆ 0        │
│ min        ┆ C        │
│ max        ┆ C        │
└────────────┴──────────┘
2025-10-27 20:50:07 | INFO     | 


----------------------------------------------------------------------------------------------------

2025-10-27 20:50:07 | INFO     | [18/21] Processing Level
2025-10-27 20:50:07 | INFO     |  === Level Summary === 
2025-10-27 20:50:09 | INFO     | Data type: String
2025-10-27 20:50:09 | INFO     | Duplicates: 16518240
2025-10-27 20:50:09 | INFO     | Missing Values: 0
2025-10-27 20:50:09 | INFO     | unique Values: 1
2025-10-27 20:50:09 | INFO     | Top Value: 09
2025-10-27 20:50:09 | INFO     | 
shape: (4, 2)
┌────────────┬──────────┐
│ statistic  ┆ value    │
│ ---        ┆ ---      │
│ str        ┆ str      │
╞════════════╪══════════╡
│ count      ┆ 16518240 │
│ null_count ┆ 0        │
│ min        ┆ 09       │
│ max        ┆ 09       │
└────────────┴──────────┘
2025-10-27 20:50:09 | INFO     | 


----------------------------------------------------------------------------------------------------

2025-10-27 20:50:09 | INFO     | [19/21] Processing Item_Code_9_1_to_11_4
2025-10-27 20:50:09 | INFO     |  === Item_Code_9_1_to_11_4 Summary === 
2025-10-27 20:50:11 | INFO     | Data type: String
2025-10-27 20:50:11 | INFO     | Duplicates: 16518240
2025-10-27 20:50:11 | INFO     | Missing Values: 0
2025-10-27 20:50:11 | INFO     | unique Values: 98
2025-10-27 20:50:11 | INFO     | Top Value: 459
2025-10-27 20:50:11 | INFO     | 
shape: (4, 2)
┌────────────┬──────────┐
│ statistic  ┆ value    │
│ ---        ┆ ---      │
│ str        ┆ str      │
╞════════════╪══════════╡
│ count      ┆ 16518240 │
│ null_count ┆ 0        │
│ min        ┆ 016      │
│ max        ┆ 899      │
└────────────┴──────────┘
2025-10-27 20:50:11 | INFO     | 


----------------------------------------------------------------------------------------------------

2025-10-27 20:50:11 | INFO     | [20/21] Processing Value_Rs_9_1_to_11_4
2025-10-27 20:50:11 | INFO     |  === Value_Rs_9_1_to_11_4 Summary === 
2025-10-27 20:50:12 | INFO     | Data type: Int64
2025-10-27 20:50:12 | INFO     | Duplicates: 16518240
2025-10-27 20:50:12 | INFO     | Missing Values: 0
2025-10-27 20:50:12 | INFO     | unique Values: 20085
2025-10-27 20:50:12 | INFO     | Top Value: 50
2025-10-27 20:50:12 | INFO     | 
shape: (9, 2)
┌────────────┬─────────────┐
│ statistic  ┆ value       │
│ ---        ┆ ---         │
│ str        ┆ f64         │
╞════════════╪═════════════╡
│ count      ┆ 1.651824e7  │
│ null_count ┆ 0.0         │
│ mean       ┆ 1525.021664 │
│ std        ┆ 8989.826639 │
│ min        ┆ 1.0         │
│ 25%        ┆ 70.0        │
│ 50%        ┆ 200.0       │
│ 75%        ┆ 650.0       │
│ max        ┆ 2.3e6       │
└────────────┴─────────────┘
2025-10-27 20:50:12 | INFO     | 


----------------------------------------------------------------------------------------------------

2025-10-27 20:50:12 | INFO     | [21/21] Processing Multiplier
2025-10-27 20:50:12 | INFO     |  === Multiplier Summary === 
2025-10-27 20:50:13 | INFO     | Data type: Int64
2025-10-27 20:50:13 | INFO     | Duplicates: 16518240
2025-10-27 20:50:13 | INFO     | Missing Values: 0
2025-10-27 20:50:13 | INFO     | unique Values: 23566
2025-10-27 20:50:13 | INFO     | Top Value: 11830
2025-10-27 20:50:13 | INFO     | 
shape: (9, 2)
┌────────────┬───────────────┐
│ statistic  ┆ value         │
│ ---        ┆ ---           │
│ str        ┆ f64           │
╞════════════╪═══════════════╡
│ count      ┆ 1.651824e7    │
│ null_count ┆ 0.0           │
│ mean       ┆ 110681.277238 │
│ std        ┆ 79824.691623  │
│ min        ┆ 369.0         │
│ 25%        ┆ 55203.0       │
│ 50%        ┆ 113085.0      │
│ 75%        ┆ 150091.0      │
│ max        ┆ 2.366902e6    │
└────────────┴───────────────┘
2025-10-27 20:50:13 | SUCCESS  | All Summaries Completed.
