2025-10-27 20:48:35 | INFO     | Successfully loaded parquet-data\lev-11\data\lev-11_merged.parquet
2025-10-27 20:48:35 | INFO     | File size: 58.12314796447754 MB 



2025-10-27 20:48:35 | INFO     | 


----------------------------------------------------------------------------------------------------

2025-10-27 20:48:35 | INFO     | [1/59] Processing Survey_Name
2025-10-27 20:48:35 | INFO     |  === Survey_Name Summary === 
2025-10-27 20:48:35 | INFO     | Data type: String
2025-10-27 20:48:35 | INFO     | Duplicates: 523906
2025-10-27 20:48:35 | INFO     | Missing Values: 0
2025-10-27 20:48:35 | INFO     | unique Values: 1
2025-10-27 20:48:35 | INFO     | Top Value: HCES
2025-10-27 20:48:35 | INFO     | 
shape: (4, 2)
┌────────────┬────────┐
│ statistic  ┆ value  │
│ ---        ┆ ---    │
│ str        ┆ str    │
╞════════════╪════════╡
│ count      ┆ 523906 │
│ null_count ┆ 0      │
│ min        ┆ HCES   │
│ max        ┆ HCES   │
└────────────┴────────┘
2025-10-27 20:48:35 | INFO     | 


----------------------------------------------------------------------------------------------------

2025-10-27 20:48:35 | INFO     | [2/59] Processing Year
2025-10-27 20:48:35 | INFO     |  === Year Summary === 
2025-10-27 20:48:35 | INFO     | Data type: String
2025-10-27 20:48:35 | INFO     | Duplicates: 523906
2025-10-27 20:48:35 | INFO     | Missing Values: 0
2025-10-27 20:48:35 | INFO     | unique Values: 1
2025-10-27 20:48:35 | INFO     | Top Value: 2024
2025-10-27 20:48:35 | INFO     | 
shape: (4, 2)
┌────────────┬────────┐
│ statistic  ┆ value  │
│ ---        ┆ ---    │
│ str        ┆ str    │
╞════════════╪════════╡
│ count      ┆ 523906 │
│ null_count ┆ 0      │
│ min        ┆ 2024   │
│ max        ┆ 2024   │
└────────────┴────────┘
2025-10-27 20:48:35 | INFO     | 


----------------------------------------------------------------------------------------------------

2025-10-27 20:48:35 | INFO     | [3/59] Processing FSU_Serial_No
2025-10-27 20:48:35 | INFO     |  === FSU_Serial_No Summary === 
2025-10-27 20:48:35 | INFO     | Data type: String
2025-10-27 20:48:35 | INFO     | Duplicates: 523906
2025-10-27 20:48:35 | INFO     | Missing Values: 0
2025-10-27 20:48:35 | INFO     | unique Values: 14827
2025-10-27 20:48:35 | INFO     | Top Value: 46030
2025-10-27 20:48:35 | INFO     | 
shape: (4, 2)
┌────────────┬────────┐
│ statistic  ┆ value  │
│ ---        ┆ ---    │
│ str        ┆ str    │
╞════════════╪════════╡
│ count      ┆ 523906 │
│ null_count ┆ 0      │
│ min        ┆ 22300  │
│ max        ┆ 49999  │
└────────────┴────────┘
2025-10-27 20:48:35 | INFO     | 


----------------------------------------------------------------------------------------------------

2025-10-27 20:48:35 | INFO     | [4/59] Processing Sector
2025-10-27 20:48:35 | INFO     |  === Sector Summary === 
2025-10-27 20:48:35 | INFO     | Data type: String
2025-10-27 20:48:35 | INFO     | Duplicates: 523906
2025-10-27 20:48:35 | INFO     | Missing Values: 0
2025-10-27 20:48:35 | INFO     | unique Values: 2
2025-10-27 20:48:35 | INFO     | Top Value: 1
2025-10-27 20:48:35 | INFO     | 
shape: (4, 2)
┌────────────┬────────┐
│ statistic  ┆ value  │
│ ---        ┆ ---    │
│ str        ┆ str    │
╞════════════╪════════╡
│ count      ┆ 523906 │
│ null_count ┆ 0      │
│ min        ┆ 1      │
│ max        ┆ 2      │
└────────────┴────────┘
2025-10-27 20:48:35 | INFO     | 


----------------------------------------------------------------------------------------------------

2025-10-27 20:48:35 | INFO     | [5/59] Processing State
2025-10-27 20:48:35 | INFO     |  === State Summary === 
2025-10-27 20:48:35 | INFO     | Data type: String
2025-10-27 20:48:35 | INFO     | Duplicates: 523906
2025-10-27 20:48:35 | INFO     | Missing Values: 0
2025-10-27 20:48:35 | INFO     | unique Values: 36
2025-10-27 20:48:35 | INFO     | Top Value: 09
2025-10-27 20:48:35 | INFO     | 
shape: (4, 2)
┌────────────┬────────┐
│ statistic  ┆ value  │
│ ---        ┆ ---    │
│ str        ┆ str    │
╞════════════╪════════╡
│ count      ┆ 523906 │
│ null_count ┆ 0      │
│ min        ┆ 01     │
│ max        ┆ 37     │
└────────────┴────────┘
2025-10-27 20:48:35 | INFO     | 


----------------------------------------------------------------------------------------------------

2025-10-27 20:48:35 | INFO     | [6/59] Processing NSS_Region
2025-10-27 20:48:35 | INFO     |  === NSS_Region Summary === 
2025-10-27 20:48:36 | INFO     | Data type: String
2025-10-27 20:48:36 | INFO     | Duplicates: 523906
2025-10-27 20:48:36 | INFO     | Missing Values: 0
2025-10-27 20:48:36 | INFO     | unique Values: 87
2025-10-27 20:48:36 | INFO     | Top Value: 093
2025-10-27 20:48:36 | INFO     | 
shape: (4, 2)
┌────────────┬────────┐
│ statistic  ┆ value  │
│ ---        ┆ ---    │
│ str        ┆ str    │
╞════════════╪════════╡
│ count      ┆ 523906 │
│ null_count ┆ 0      │
│ min        ┆ 011    │
│ max        ┆ 371    │
└────────────┴────────┘
2025-10-27 20:48:36 | INFO     | 


----------------------------------------------------------------------------------------------------

2025-10-27 20:48:36 | INFO     | [7/59] Processing District
2025-10-27 20:48:36 | INFO     |  === District Summary === 
2025-10-27 20:48:36 | INFO     | Data type: String
2025-10-27 20:48:36 | INFO     | Duplicates: 523906
2025-10-27 20:48:36 | INFO     | Missing Values: 0
2025-10-27 20:48:36 | INFO     | unique Values: 71
2025-10-27 20:48:36 | INFO     | Top Value: 07
2025-10-27 20:48:36 | INFO     | 
shape: (4, 2)
┌────────────┬────────┐
│ statistic  ┆ value  │
│ ---        ┆ ---    │
│ str        ┆ str    │
╞════════════╪════════╡
│ count      ┆ 523906 │
│ null_count ┆ 0      │
│ min        ┆ 01     │
│ max        ┆ 71     │
└────────────┴────────┘
2025-10-27 20:48:36 | INFO     | 


----------------------------------------------------------------------------------------------------

2025-10-27 20:48:36 | INFO     | [8/59] Processing Stratum
2025-10-27 20:48:36 | INFO     |  === Stratum Summary === 
2025-10-27 20:48:36 | INFO     | Data type: String
2025-10-27 20:48:36 | INFO     | Duplicates: 523906
2025-10-27 20:48:36 | INFO     | Missing Values: 0
2025-10-27 20:48:36 | INFO     | unique Values: 28
2025-10-27 20:48:36 | INFO     | Top Value: 23
2025-10-27 20:48:36 | INFO     | 
shape: (4, 2)
┌────────────┬────────┐
│ statistic  ┆ value  │
│ ---        ┆ ---    │
│ str        ┆ str    │
╞════════════╪════════╡
│ count      ┆ 523906 │
│ null_count ┆ 0      │
│ min        ┆ 11     │
│ max        ┆ 99     │
└────────────┴────────┘
2025-10-27 20:48:36 | INFO     | 


----------------------------------------------------------------------------------------------------

2025-10-27 20:48:36 | INFO     | [9/59] Processing Sub_stratum
2025-10-27 20:48:36 | INFO     |  === Sub_stratum Summary === 
2025-10-27 20:48:36 | INFO     | Data type: String
2025-10-27 20:48:36 | INFO     | Duplicates: 523906
2025-10-27 20:48:36 | INFO     | Missing Values: 0
2025-10-27 20:48:36 | INFO     | unique Values: 48
2025-10-27 20:48:36 | INFO     | Top Value: 01
2025-10-27 20:48:36 | INFO     | 
shape: (4, 2)
┌────────────┬────────┐
│ statistic  ┆ value  │
│ ---        ┆ ---    │
│ str        ┆ str    │
╞════════════╪════════╡
│ count      ┆ 523906 │
│ null_count ┆ 0      │
│ min        ┆ 01     │
│ max        ┆ 48     │
└────────────┴────────┘
2025-10-27 20:48:36 | INFO     | 


----------------------------------------------------------------------------------------------------

2025-10-27 20:48:36 | INFO     | [10/59] Processing Panel
2025-10-27 20:48:36 | INFO     |  === Panel Summary === 
2025-10-27 20:48:36 | INFO     | Data type: String
2025-10-27 20:48:36 | INFO     | Duplicates: 523906
2025-10-27 20:48:36 | INFO     | Missing Values: 0
2025-10-27 20:48:36 | INFO     | unique Values: 10
2025-10-27 20:48:36 | INFO     | Top Value: 5
2025-10-27 20:48:36 | INFO     | 
shape: (4, 2)
┌────────────┬────────┐
│ statistic  ┆ value  │
│ ---        ┆ ---    │
│ str        ┆ str    │
╞════════════╪════════╡
│ count      ┆ 523906 │
│ null_count ┆ 0      │
│ min        ┆ 1      │
│ max        ┆ 9      │
└────────────┴────────┘
2025-10-27 20:48:36 | INFO     | 


----------------------------------------------------------------------------------------------------

2025-10-27 20:48:36 | INFO     | [11/59] Processing Sub_sample
2025-10-27 20:48:36 | INFO     |  === Sub_sample Summary === 
2025-10-27 20:48:36 | INFO     | Data type: String
2025-10-27 20:48:36 | INFO     | Duplicates: 523906
2025-10-27 20:48:36 | INFO     | Missing Values: 0
2025-10-27 20:48:36 | INFO     | unique Values: 2
2025-10-27 20:48:36 | INFO     | Top Value: 2
2025-10-27 20:48:36 | INFO     | 
shape: (4, 2)
┌────────────┬────────┐
│ statistic  ┆ value  │
│ ---        ┆ ---    │
│ str        ┆ str    │
╞════════════╪════════╡
│ count      ┆ 523906 │
│ null_count ┆ 0      │
│ min        ┆ 1      │
│ max        ┆ 2      │
└────────────┴────────┘
2025-10-27 20:48:36 | INFO     | 


----------------------------------------------------------------------------------------------------

2025-10-27 20:48:36 | INFO     | [12/59] Processing FOD_Sub_Region
2025-10-27 20:48:36 | INFO     |  === FOD_Sub_Region Summary === 
2025-10-27 20:48:36 | INFO     | Data type: String
2025-10-27 20:48:36 | INFO     | Duplicates: 523906
2025-10-27 20:48:36 | INFO     | Missing Values: 0
2025-10-27 20:48:36 | INFO     | unique Values: 169
2025-10-27 20:48:36 | INFO     | Top Value: 1610
2025-10-27 20:48:36 | INFO     | 
shape: (4, 2)
┌────────────┬────────┐
│ statistic  ┆ value  │
│ ---        ┆ ---    │
│ str        ┆ str    │
╞════════════╪════════╡
│ count      ┆ 523906 │
│ null_count ┆ 0      │
│ min        ┆ 0110   │
│ max        ┆ 3613   │
└────────────┴────────┘
2025-10-27 20:48:36 | INFO     | 


----------------------------------------------------------------------------------------------------

2025-10-27 20:48:36 | INFO     | [13/59] Processing Sample_SU_No
2025-10-27 20:48:36 | INFO     |  === Sample_SU_No Summary === 
2025-10-27 20:48:36 | INFO     | Data type: String
2025-10-27 20:48:36 | INFO     | Duplicates: 523906
2025-10-27 20:48:36 | INFO     | Missing Values: 0
2025-10-27 20:48:36 | INFO     | unique Values: 32
2025-10-27 20:48:36 | INFO     | Top Value: 1
2025-10-27 20:48:36 | INFO     | 
shape: (4, 2)
┌────────────┬────────┐
│ statistic  ┆ value  │
│ ---        ┆ ---    │
│ str        ┆ str    │
╞════════════╪════════╡
│ count      ┆ 523906 │
│ null_count ┆ 0      │
│ min        ┆ 1      │
│ max        ┆ 9      │
└────────────┴────────┘
2025-10-27 20:48:36 | INFO     | 


----------------------------------------------------------------------------------------------------

2025-10-27 20:48:36 | INFO     | [14/59] Processing Sample_Sub_Division_No
2025-10-27 20:48:36 | INFO     |  === Sample_Sub_Division_No Summary === 
2025-10-27 20:48:36 | INFO     | Data type: String
2025-10-27 20:48:36 | INFO     | Duplicates: 523906
2025-10-27 20:48:36 | INFO     | Missing Values: 0
2025-10-27 20:48:36 | INFO     | unique Values: 7
2025-10-27 20:48:36 | INFO     | Top Value: 
2025-10-27 20:48:36 | INFO     | 
shape: (4, 2)
┌────────────┬────────┐
│ statistic  ┆ value  │
│ ---        ┆ ---    │
│ str        ┆ str    │
╞════════════╪════════╡
│ count      ┆ 523906 │
│ null_count ┆ 0      │
│ min        ┆        │
│ max        ┆ 6      │
└────────────┴────────┘
2025-10-27 20:48:36 | INFO     | 


----------------------------------------------------------------------------------------------------

2025-10-27 20:48:36 | INFO     | [15/59] Processing Second_Stage_Stratum_No
2025-10-27 20:48:36 | INFO     |  === Second_Stage_Stratum_No Summary === 
2025-10-27 20:48:36 | INFO     | Data type: String
2025-10-27 20:48:36 | INFO     | Duplicates: 523906
2025-10-27 20:48:36 | INFO     | Missing Values: 0
2025-10-27 20:48:36 | INFO     | unique Values: 3
2025-10-27 20:48:36 | INFO     | Top Value: 3
2025-10-27 20:48:36 | INFO     | 
shape: (4, 2)
┌────────────┬────────┐
│ statistic  ┆ value  │
│ ---        ┆ ---    │
│ str        ┆ str    │
╞════════════╪════════╡
│ count      ┆ 523906 │
│ null_count ┆ 0      │
│ min        ┆ 1      │
│ max        ┆ 3      │
└────────────┴────────┘
2025-10-27 20:48:36 | INFO     | 


----------------------------------------------------------------------------------------------------

2025-10-27 20:48:36 | INFO     | [16/59] Processing Sample_Household_No
2025-10-27 20:48:36 | INFO     |  === Sample_Household_No Summary === 
2025-10-27 20:48:36 | INFO     | Data type: String
2025-10-27 20:48:36 | INFO     | Duplicates: 523906
2025-10-27 20:48:36 | INFO     | Missing Values: 0
2025-10-27 20:48:36 | INFO     | unique Values: 18
2025-10-27 20:48:36 | INFO     | Top Value: 01
2025-10-27 20:48:36 | INFO     | 
shape: (4, 2)
┌────────────┬────────┐
│ statistic  ┆ value  │
│ ---        ┆ ---    │
│ str        ┆ str    │
╞════════════╪════════╡
│ count      ┆ 523906 │
│ null_count ┆ 0      │
│ min        ┆ 01     │
│ max        ┆ 18     │
└────────────┴────────┘
2025-10-27 20:48:36 | INFO     | 


----------------------------------------------------------------------------------------------------

2025-10-27 20:48:36 | INFO     | [17/59] Processing questionnaire_No
2025-10-27 20:48:36 | INFO     |  === questionnaire_No Summary === 
2025-10-27 20:48:36 | INFO     | Data type: String
2025-10-27 20:48:36 | INFO     | Duplicates: 523906
2025-10-27 20:48:36 | INFO     | Missing Values: 0
2025-10-27 20:48:36 | INFO     | unique Values: 1
2025-10-27 20:48:36 | INFO     | Top Value: D
2025-10-27 20:48:36 | INFO     | 
shape: (4, 2)
┌────────────┬────────┐
│ statistic  ┆ value  │
│ ---        ┆ ---    │
│ str        ┆ str    │
╞════════════╪════════╡
│ count      ┆ 523906 │
│ null_count ┆ 0      │
│ min        ┆ D      │
│ max        ┆ D      │
└────────────┴────────┘
2025-10-27 20:48:36 | INFO     | 


----------------------------------------------------------------------------------------------------

2025-10-27 20:48:36 | INFO     | [18/59] Processing Level
2025-10-27 20:48:36 | INFO     |  === Level Summary === 
2025-10-27 20:48:36 | INFO     | Data type: String
2025-10-27 20:48:36 | INFO     | Duplicates: 523906
2025-10-27 20:48:36 | INFO     | Missing Values: 0
2025-10-27 20:48:36 | INFO     | unique Values: 1
2025-10-27 20:48:36 | INFO     | Top Value: 11
2025-10-27 20:48:36 | INFO     | 
shape: (4, 2)
┌────────────┬────────┐
│ statistic  ┆ value  │
│ ---        ┆ ---    │
│ str        ┆ str    │
╞════════════╪════════╡
│ count      ┆ 523906 │
│ null_count ┆ 0      │
│ min        ┆ 11     │
│ max        ┆ 11     │
└────────────┴────────┘
2025-10-27 20:48:36 | INFO     | 


----------------------------------------------------------------------------------------------------

2025-10-27 20:48:36 | INFO     | [19/59] Processing Online_Clothing
2025-10-27 20:48:36 | INFO     |  === Online_Clothing Summary === 
2025-10-27 20:48:37 | INFO     | Data type: String
2025-10-27 20:48:37 | INFO     | Duplicates: 523906
2025-10-27 20:48:37 | INFO     | Missing Values: 0
2025-10-27 20:48:37 | INFO     | unique Values: 2
2025-10-27 20:48:37 | INFO     | Top Value: 
2025-10-27 20:48:37 | INFO     | 
shape: (4, 2)
┌────────────┬────────┐
│ statistic  ┆ value  │
│ ---        ┆ ---    │
│ str        ┆ str    │
╞════════════╪════════╡
│ count      ┆ 523906 │
│ null_count ┆ 0      │
│ min        ┆        │
│ max        ┆ 1      │
└────────────┴────────┘
2025-10-27 20:48:37 | INFO     | 


----------------------------------------------------------------------------------------------------

2025-10-27 20:48:37 | INFO     | [20/59] Processing Online_Footwear
2025-10-27 20:48:37 | INFO     |  === Online_Footwear Summary === 
2025-10-27 20:48:37 | INFO     | Data type: String
2025-10-27 20:48:37 | INFO     | Duplicates: 523906
2025-10-27 20:48:37 | INFO     | Missing Values: 0
2025-10-27 20:48:37 | INFO     | unique Values: 2
2025-10-27 20:48:37 | INFO     | Top Value: 
2025-10-27 20:48:37 | INFO     | 
shape: (4, 2)
┌────────────┬────────┐
│ statistic  ┆ value  │
│ ---        ┆ ---    │
│ str        ┆ str    │
╞════════════╪════════╡
│ count      ┆ 523906 │
│ null_count ┆ 0      │
│ min        ┆        │
│ max        ┆ 1      │
└────────────┴────────┘
2025-10-27 20:48:37 | INFO     | 


----------------------------------------------------------------------------------------------------

2025-10-27 20:48:37 | INFO     | [21/59] Processing Online_Furniture
2025-10-27 20:48:37 | INFO     |  === Online_Furniture Summary === 
2025-10-27 20:48:37 | INFO     | Data type: String
2025-10-27 20:48:37 | INFO     | Duplicates: 523906
2025-10-27 20:48:37 | INFO     | Missing Values: 0
2025-10-27 20:48:37 | INFO     | unique Values: 2
2025-10-27 20:48:37 | INFO     | Top Value: 
2025-10-27 20:48:37 | INFO     | 
shape: (4, 2)
┌────────────┬────────┐
│ statistic  ┆ value  │
│ ---        ┆ ---    │
│ str        ┆ str    │
╞════════════╪════════╡
│ count      ┆ 523906 │
│ null_count ┆ 0      │
│ min        ┆        │
│ max        ┆ 1      │
└────────────┴────────┘
2025-10-27 20:48:37 | INFO     | 


----------------------------------------------------------------------------------------------------

2025-10-27 20:48:37 | INFO     | [22/59] Processing Online_Mobile
2025-10-27 20:48:37 | INFO     |  === Online_Mobile Summary === 
2025-10-27 20:48:37 | INFO     | Data type: String
2025-10-27 20:48:37 | INFO     | Duplicates: 523906
2025-10-27 20:48:37 | INFO     | Missing Values: 0
2025-10-27 20:48:37 | INFO     | unique Values: 2
2025-10-27 20:48:37 | INFO     | Top Value: 
2025-10-27 20:48:37 | INFO     | 
shape: (4, 2)
┌────────────┬────────┐
│ statistic  ┆ value  │
│ ---        ┆ ---    │
│ str        ┆ str    │
╞════════════╪════════╡
│ count      ┆ 523906 │
│ null_count ┆ 0      │
│ min        ┆        │
│ max        ┆ 1      │
└────────────┴────────┘
2025-10-27 20:48:37 | INFO     | 


----------------------------------------------------------------------------------------------------

2025-10-27 20:48:37 | INFO     | [23/59] Processing Online_PersonalGoods
2025-10-27 20:48:37 | INFO     |  === Online_PersonalGoods Summary === 
2025-10-27 20:48:37 | INFO     | Data type: String
2025-10-27 20:48:37 | INFO     | Duplicates: 523906
2025-10-27 20:48:37 | INFO     | Missing Values: 0
2025-10-27 20:48:37 | INFO     | unique Values: 2
2025-10-27 20:48:37 | INFO     | Top Value: 
2025-10-27 20:48:37 | INFO     | 
shape: (4, 2)
┌────────────┬────────┐
│ statistic  ┆ value  │
│ ---        ┆ ---    │
│ str        ┆ str    │
╞════════════╪════════╡
│ count      ┆ 523906 │
│ null_count ┆ 0      │
│ min        ┆        │
│ max        ┆ 1      │
└────────────┴────────┘
2025-10-27 20:48:37 | INFO     | 


----------------------------------------------------------------------------------------------------

2025-10-27 20:48:37 | INFO     | [24/59] Processing Online_RecreationGoods
2025-10-27 20:48:37 | INFO     |  === Online_RecreationGoods Summary === 
2025-10-27 20:48:37 | INFO     | Data type: String
2025-10-27 20:48:37 | INFO     | Duplicates: 523906
2025-10-27 20:48:37 | INFO     | Missing Values: 0
2025-10-27 20:48:37 | INFO     | unique Values: 2
2025-10-27 20:48:37 | INFO     | Top Value: 
2025-10-27 20:48:37 | INFO     | 
shape: (4, 2)
┌────────────┬────────┐
│ statistic  ┆ value  │
│ ---        ┆ ---    │
│ str        ┆ str    │
╞════════════╪════════╡
│ count      ┆ 523906 │
│ null_count ┆ 0      │
│ min        ┆        │
│ max        ┆ 1      │
└────────────┴────────┘
2025-10-27 20:48:37 | INFO     | 


----------------------------------------------------------------------------------------------------

2025-10-27 20:48:37 | INFO     | [25/59] Processing Online_HouseholdAppliances
2025-10-27 20:48:37 | INFO     |  === Online_HouseholdAppliances Summary === 
2025-10-27 20:48:37 | INFO     | Data type: String
2025-10-27 20:48:37 | INFO     | Duplicates: 523906
2025-10-27 20:48:37 | INFO     | Missing Values: 0
2025-10-27 20:48:37 | INFO     | unique Values: 2
2025-10-27 20:48:37 | INFO     | Top Value: 
2025-10-27 20:48:37 | INFO     | 
shape: (4, 2)
┌────────────┬────────┐
│ statistic  ┆ value  │
│ ---        ┆ ---    │
│ str        ┆ str    │
╞════════════╪════════╡
│ count      ┆ 523906 │
│ null_count ┆ 0      │
│ min        ┆        │
│ max        ┆ 1      │
└────────────┴────────┘
2025-10-27 20:48:37 | INFO     | 


----------------------------------------------------------------------------------------------------

2025-10-27 20:48:37 | INFO     | [26/59] Processing Online_Crockery
2025-10-27 20:48:37 | INFO     |  === Online_Crockery Summary === 
2025-10-27 20:48:37 | INFO     | Data type: String
2025-10-27 20:48:37 | INFO     | Duplicates: 523906
2025-10-27 20:48:37 | INFO     | Missing Values: 0
2025-10-27 20:48:37 | INFO     | unique Values: 2
2025-10-27 20:48:37 | INFO     | Top Value: 
2025-10-27 20:48:37 | INFO     | 
shape: (4, 2)
┌────────────┬────────┐
│ statistic  ┆ value  │
│ ---        ┆ ---    │
│ str        ┆ str    │
╞════════════╪════════╡
│ count      ┆ 523906 │
│ null_count ┆ 0      │
│ min        ┆        │
│ max        ┆ 1      │
└────────────┴────────┘
2025-10-27 20:48:37 | INFO     | 


----------------------------------------------------------------------------------------------------

2025-10-27 20:48:37 | INFO     | [27/59] Processing Online_SportsGoods
2025-10-27 20:48:37 | INFO     |  === Online_SportsGoods Summary === 
2025-10-27 20:48:37 | INFO     | Data type: String
2025-10-27 20:48:37 | INFO     | Duplicates: 523906
2025-10-27 20:48:37 | INFO     | Missing Values: 0
2025-10-27 20:48:37 | INFO     | unique Values: 2
2025-10-27 20:48:37 | INFO     | Top Value: 
2025-10-27 20:48:37 | INFO     | 
shape: (4, 2)
┌────────────┬────────┐
│ statistic  ┆ value  │
│ ---        ┆ ---    │
│ str        ┆ str    │
╞════════════╪════════╡
│ count      ┆ 523906 │
│ null_count ┆ 0      │
│ min        ┆        │
│ max        ┆ 1      │
└────────────┴────────┘
2025-10-27 20:48:37 | INFO     | 


----------------------------------------------------------------------------------------------------

2025-10-27 20:48:37 | INFO     | [28/59] Processing Online_MedicalEquipment
2025-10-27 20:48:37 | INFO     |  === Online_MedicalEquipment Summary === 
2025-10-27 20:48:37 | INFO     | Data type: String
2025-10-27 20:48:37 | INFO     | Duplicates: 523906
2025-10-27 20:48:37 | INFO     | Missing Values: 0
2025-10-27 20:48:37 | INFO     | unique Values: 2
2025-10-27 20:48:37 | INFO     | Top Value: 
2025-10-27 20:48:37 | INFO     | 
shape: (4, 2)
┌────────────┬────────┐
│ statistic  ┆ value  │
│ ---        ┆ ---    │
│ str        ┆ str    │
╞════════════╪════════╡
│ count      ┆ 523906 │
│ null_count ┆ 0      │
│ min        ┆        │
│ max        ┆ 1      │
└────────────┴────────┘
2025-10-27 20:48:37 | INFO     | 


----------------------------------------------------------------------------------------------------

2025-10-27 20:48:37 | INFO     | [29/59] Processing Online_Bedding
2025-10-27 20:48:37 | INFO     |  === Online_Bedding Summary === 
2025-10-27 20:48:37 | INFO     | Data type: String
2025-10-27 20:48:37 | INFO     | Duplicates: 523906
2025-10-27 20:48:37 | INFO     | Missing Values: 0
2025-10-27 20:48:37 | INFO     | unique Values: 2
2025-10-27 20:48:37 | INFO     | Top Value: 
2025-10-27 20:48:37 | INFO     | 
shape: (4, 2)
┌────────────┬────────┐
│ statistic  ┆ value  │
│ ---        ┆ ---    │
│ str        ┆ str    │
╞════════════╪════════╡
│ count      ┆ 523906 │
│ null_count ┆ 0      │
│ min        ┆        │
│ max        ┆ 1      │
└────────────┴────────┘
2025-10-27 20:48:37 | INFO     | 


----------------------------------------------------------------------------------------------------

2025-10-27 20:48:37 | INFO     | [30/59] Processing Free_Laptop
2025-10-27 20:48:37 | INFO     |  === Free_Laptop Summary === 
2025-10-27 20:48:37 | INFO     | Data type: String
2025-10-27 20:48:37 | INFO     | Duplicates: 523906
2025-10-27 20:48:37 | INFO     | Missing Values: 0
2025-10-27 20:48:37 | INFO     | unique Values: 2
2025-10-27 20:48:37 | INFO     | Top Value: 
2025-10-27 20:48:37 | INFO     | 
shape: (4, 2)
┌────────────┬────────┐
│ statistic  ┆ value  │
│ ---        ┆ ---    │
│ str        ┆ str    │
╞════════════╪════════╡
│ count      ┆ 523906 │
│ null_count ┆ 0      │
│ min        ┆        │
│ max        ┆ 1      │
└────────────┴────────┘
2025-10-27 20:48:37 | INFO     | 


----------------------------------------------------------------------------------------------------

2025-10-27 20:48:37 | INFO     | [31/59] Processing Num_Free_Laptop
2025-10-27 20:48:37 | INFO     |  === Num_Free_Laptop Summary === 
2025-10-27 20:48:37 | INFO     | Data type: Float64
2025-10-27 20:48:37 | INFO     | Duplicates: 523906
2025-10-27 20:48:37 | INFO     | Missing Values: 523736
2025-10-27 20:48:37 | INFO     | unique Values: 3
2025-10-27 20:48:37 | INFO     | Top Value: None
2025-10-27 20:48:37 | INFO     | 
shape: (9, 2)
┌────────────┬──────────┐
│ statistic  ┆ value    │
│ ---        ┆ ---      │
│ str        ┆ f64      │
╞════════════╪══════════╡
│ count      ┆ 170.0    │
│ null_count ┆ 523736.0 │
│ mean       ┆ 1.070588 │
│ std        ┆ 0.256892 │
│ min        ┆ 1.0      │
│ 25%        ┆ 1.0      │
│ 50%        ┆ 1.0      │
│ 75%        ┆ 1.0      │
│ max        ┆ 2.0      │
└────────────┴──────────┘
2025-10-27 20:48:37 | INFO     | 


----------------------------------------------------------------------------------------------------

2025-10-27 20:48:37 | INFO     | [32/59] Processing Free_Tablet
2025-10-27 20:48:37 | INFO     |  === Free_Tablet Summary === 
2025-10-27 20:48:37 | INFO     | Data type: String
2025-10-27 20:48:37 | INFO     | Duplicates: 523906
2025-10-27 20:48:37 | INFO     | Missing Values: 0
2025-10-27 20:48:37 | INFO     | unique Values: 2
2025-10-27 20:48:37 | INFO     | Top Value: 
2025-10-27 20:48:37 | INFO     | 
shape: (4, 2)
┌────────────┬────────┐
│ statistic  ┆ value  │
│ ---        ┆ ---    │
│ str        ┆ str    │
╞════════════╪════════╡
│ count      ┆ 523906 │
│ null_count ┆ 0      │
│ min        ┆        │
│ max        ┆ 1      │
└────────────┴────────┘
2025-10-27 20:48:37 | INFO     | 


----------------------------------------------------------------------------------------------------

2025-10-27 20:48:37 | INFO     | [33/59] Processing Num_Free_Tablet
2025-10-27 20:48:37 | INFO     |  === Num_Free_Tablet Summary === 
2025-10-27 20:48:37 | INFO     | Data type: Float64
2025-10-27 20:48:37 | INFO     | Duplicates: 523906
2025-10-27 20:48:37 | INFO     | Missing Values: 523546
2025-10-27 20:48:37 | INFO     | unique Values: 3
2025-10-27 20:48:37 | INFO     | Top Value: None
2025-10-27 20:48:37 | INFO     | 
shape: (9, 2)
┌────────────┬──────────┐
│ statistic  ┆ value    │
│ ---        ┆ ---      │
│ str        ┆ f64      │
╞════════════╪══════════╡
│ count      ┆ 360.0    │
│ null_count ┆ 523546.0 │
│ mean       ┆ 1.044444 │
│ std        ┆ 0.206367 │
│ min        ┆ 1.0      │
│ 25%        ┆ 1.0      │
│ 50%        ┆ 1.0      │
│ 75%        ┆ 1.0      │
│ max        ┆ 2.0      │
└────────────┴──────────┘
2025-10-27 20:48:37 | INFO     | 


----------------------------------------------------------------------------------------------------

2025-10-27 20:48:37 | INFO     | [34/59] Processing Free_Mobile
2025-10-27 20:48:37 | INFO     |  === Free_Mobile Summary === 
2025-10-27 20:48:37 | INFO     | Data type: String
2025-10-27 20:48:37 | INFO     | Duplicates: 523906
2025-10-27 20:48:37 | INFO     | Missing Values: 0
2025-10-27 20:48:37 | INFO     | unique Values: 2
2025-10-27 20:48:37 | INFO     | Top Value: 
2025-10-27 20:48:37 | INFO     | 
shape: (4, 2)
┌────────────┬────────┐
│ statistic  ┆ value  │
│ ---        ┆ ---    │
│ str        ┆ str    │
╞════════════╪════════╡
│ count      ┆ 523906 │
│ null_count ┆ 0      │
│ min        ┆        │
│ max        ┆ 1      │
└────────────┴────────┘
2025-10-27 20:48:37 | INFO     | 


----------------------------------------------------------------------------------------------------

2025-10-27 20:48:37 | INFO     | [35/59] Processing Num_Free_Mobile
2025-10-27 20:48:37 | INFO     |  === Num_Free_Mobile Summary === 
2025-10-27 20:48:37 | INFO     | Data type: Float64
2025-10-27 20:48:37 | INFO     | Duplicates: 523906
2025-10-27 20:48:37 | INFO     | Missing Values: 521930
2025-10-27 20:48:37 | INFO     | unique Values: 4
2025-10-27 20:48:37 | INFO     | Top Value: None
2025-10-27 20:48:37 | INFO     | 
shape: (9, 2)
┌────────────┬──────────┐
│ statistic  ┆ value    │
│ ---        ┆ ---      │
│ str        ┆ f64      │
╞════════════╪══════════╡
│ count      ┆ 1976.0   │
│ null_count ┆ 521930.0 │
│ mean       ┆ 1.024291 │
│ std        ┆ 0.160433 │
│ min        ┆ 1.0      │
│ 25%        ┆ 1.0      │
│ 50%        ┆ 1.0      │
│ 75%        ┆ 1.0      │
│ max        ┆ 3.0      │
└────────────┴──────────┘
2025-10-27 20:48:37 | INFO     | 


----------------------------------------------------------------------------------------------------

2025-10-27 20:48:37 | INFO     | [36/59] Processing Free_Bicycle
2025-10-27 20:48:37 | INFO     |  === Free_Bicycle Summary === 
2025-10-27 20:48:38 | INFO     | Data type: String
2025-10-27 20:48:38 | INFO     | Duplicates: 523906
2025-10-27 20:48:38 | INFO     | Missing Values: 0
2025-10-27 20:48:38 | INFO     | unique Values: 2
2025-10-27 20:48:38 | INFO     | Top Value: 
2025-10-27 20:48:38 | INFO     | 
shape: (4, 2)
┌────────────┬────────┐
│ statistic  ┆ value  │
│ ---        ┆ ---    │
│ str        ┆ str    │
╞════════════╪════════╡
│ count      ┆ 523906 │
│ null_count ┆ 0      │
│ min        ┆        │
│ max        ┆ 1      │
└────────────┴────────┘
2025-10-27 20:48:38 | INFO     | 


----------------------------------------------------------------------------------------------------

2025-10-27 20:48:38 | INFO     | [37/59] Processing Num_Free_Bicycle
2025-10-27 20:48:38 | INFO     |  === Num_Free_Bicycle Summary === 
2025-10-27 20:48:38 | INFO     | Data type: Float64
2025-10-27 20:48:38 | INFO     | Duplicates: 523906
2025-10-27 20:48:38 | INFO     | Missing Values: 521868
2025-10-27 20:48:38 | INFO     | unique Values: 3
2025-10-27 20:48:38 | INFO     | Top Value: None
2025-10-27 20:48:38 | INFO     | 
shape: (9, 2)
┌────────────┬──────────┐
│ statistic  ┆ value    │
│ ---        ┆ ---      │
│ str        ┆ f64      │
╞════════════╪══════════╡
│ count      ┆ 2038.0   │
│ null_count ┆ 521868.0 │
│ mean       ┆ 1.046124 │
│ std        ┆ 0.209804 │
│ min        ┆ 1.0      │
│ 25%        ┆ 1.0      │
│ 50%        ┆ 1.0      │
│ 75%        ┆ 1.0      │
│ max        ┆ 2.0      │
└────────────┴──────────┘
2025-10-27 20:48:38 | INFO     | 


----------------------------------------------------------------------------------------------------

2025-10-27 20:48:38 | INFO     | [38/59] Processing Free_Scooter
2025-10-27 20:48:38 | INFO     |  === Free_Scooter Summary === 
2025-10-27 20:48:38 | INFO     | Data type: String
2025-10-27 20:48:38 | INFO     | Duplicates: 523906
2025-10-27 20:48:38 | INFO     | Missing Values: 0
2025-10-27 20:48:38 | INFO     | unique Values: 2
2025-10-27 20:48:38 | INFO     | Top Value: 
2025-10-27 20:48:38 | INFO     | 
shape: (4, 2)
┌────────────┬────────┐
│ statistic  ┆ value  │
│ ---        ┆ ---    │
│ str        ┆ str    │
╞════════════╪════════╡
│ count      ┆ 523906 │
│ null_count ┆ 0      │
│ min        ┆        │
│ max        ┆ 1      │
└────────────┴────────┘
2025-10-27 20:48:38 | INFO     | 


----------------------------------------------------------------------------------------------------

2025-10-27 20:48:38 | INFO     | [39/59] Processing Num_Free_Scooter
2025-10-27 20:48:38 | INFO     |  === Num_Free_Scooter Summary === 
2025-10-27 20:48:38 | INFO     | Data type: Float64
2025-10-27 20:48:38 | INFO     | Duplicates: 523906
2025-10-27 20:48:38 | INFO     | Missing Values: 523818
2025-10-27 20:48:38 | INFO     | unique Values: 3
2025-10-27 20:48:38 | INFO     | Top Value: None
2025-10-27 20:48:38 | INFO     | 
shape: (9, 2)
┌────────────┬──────────┐
│ statistic  ┆ value    │
│ ---        ┆ ---      │
│ str        ┆ f64      │
╞════════════╪══════════╡
│ count      ┆ 88.0     │
│ null_count ┆ 523818.0 │
│ mean       ┆ 1.068182 │
│ std        ┆ 0.253502 │
│ min        ┆ 1.0      │
│ 25%        ┆ 1.0      │
│ 50%        ┆ 1.0      │
│ 75%        ┆ 1.0      │
│ max        ┆ 2.0      │
└────────────┴──────────┘
2025-10-27 20:48:38 | INFO     | 


----------------------------------------------------------------------------------------------------

2025-10-27 20:48:38 | INFO     | [40/59] Processing Free_Clothing
2025-10-27 20:48:38 | INFO     |  === Free_Clothing Summary === 
2025-10-27 20:48:38 | INFO     | Data type: String
2025-10-27 20:48:38 | INFO     | Duplicates: 523906
2025-10-27 20:48:38 | INFO     | Missing Values: 0
2025-10-27 20:48:38 | INFO     | unique Values: 2
2025-10-27 20:48:38 | INFO     | Top Value: 
2025-10-27 20:48:38 | INFO     | 
shape: (4, 2)
┌────────────┬────────┐
│ statistic  ┆ value  │
│ ---        ┆ ---    │
│ str        ┆ str    │
╞════════════╪════════╡
│ count      ┆ 523906 │
│ null_count ┆ 0      │
│ min        ┆        │
│ max        ┆ 1      │
└────────────┴────────┘
2025-10-27 20:48:38 | INFO     | 


----------------------------------------------------------------------------------------------------

2025-10-27 20:48:38 | INFO     | [41/59] Processing Num_Free_Clothing
2025-10-27 20:48:38 | INFO     |  === Num_Free_Clothing Summary === 
2025-10-27 20:48:38 | INFO     | Data type: Float64
2025-10-27 20:48:38 | INFO     | Duplicates: 523906
2025-10-27 20:48:38 | INFO     | Missing Values: 481214
2025-10-27 20:48:38 | INFO     | unique Values: 25
2025-10-27 20:48:38 | INFO     | Top Value: None
2025-10-27 20:48:38 | INFO     | 
shape: (9, 2)
┌────────────┬──────────┐
│ statistic  ┆ value    │
│ ---        ┆ ---      │
│ str        ┆ f64      │
╞════════════╪══════════╡
│ count      ┆ 42692.0  │
│ null_count ┆ 481214.0 │
│ mean       ┆ 2.731519 │
│ std        ┆ 2.000589 │
│ min        ┆ 1.0      │
│ 25%        ┆ 2.0      │
│ 50%        ┆ 2.0      │
│ 75%        ┆ 4.0      │
│ max        ┆ 29.0     │
└────────────┴──────────┘
2025-10-27 20:48:38 | INFO     | 


----------------------------------------------------------------------------------------------------

2025-10-27 20:48:38 | INFO     | [42/59] Processing Free_Footwear
2025-10-27 20:48:38 | INFO     |  === Free_Footwear Summary === 
2025-10-27 20:48:38 | INFO     | Data type: String
2025-10-27 20:48:38 | INFO     | Duplicates: 523906
2025-10-27 20:48:38 | INFO     | Missing Values: 0
2025-10-27 20:48:38 | INFO     | unique Values: 2
2025-10-27 20:48:38 | INFO     | Top Value: 
2025-10-27 20:48:38 | INFO     | 
shape: (4, 2)
┌────────────┬────────┐
│ statistic  ┆ value  │
│ ---        ┆ ---    │
│ str        ┆ str    │
╞════════════╪════════╡
│ count      ┆ 523906 │
│ null_count ┆ 0      │
│ min        ┆        │
│ max        ┆ 1      │
└────────────┴────────┘
2025-10-27 20:48:38 | INFO     | 


----------------------------------------------------------------------------------------------------

2025-10-27 20:48:38 | INFO     | [43/59] Processing Num_Free_Footwear
2025-10-27 20:48:38 | INFO     |  === Num_Free_Footwear Summary === 
2025-10-27 20:48:38 | INFO     | Data type: Float64
2025-10-27 20:48:38 | INFO     | Duplicates: 523906
2025-10-27 20:48:38 | INFO     | Missing Values: 505708
2025-10-27 20:48:38 | INFO     | unique Values: 13
2025-10-27 20:48:38 | INFO     | Top Value: None
2025-10-27 20:48:38 | INFO     | 
shape: (9, 2)
┌────────────┬──────────┐
│ statistic  ┆ value    │
│ ---        ┆ ---      │
│ str        ┆ f64      │
╞════════════╪══════════╡
│ count      ┆ 18198.0  │
│ null_count ┆ 505708.0 │
│ mean       ┆ 1.851522 │
│ std        ┆ 1.12212  │
│ min        ┆ 1.0      │
│ 25%        ┆ 1.0      │
│ 50%        ┆ 2.0      │
│ 75%        ┆ 2.0      │
│ max        ┆ 14.0     │
└────────────┴──────────┘
2025-10-27 20:48:38 | INFO     | 


----------------------------------------------------------------------------------------------------

2025-10-27 20:48:38 | INFO     | [44/59] Processing Free_Other
2025-10-27 20:48:38 | INFO     |  === Free_Other Summary === 
2025-10-27 20:48:38 | INFO     | Data type: String
2025-10-27 20:48:38 | INFO     | Duplicates: 523906
2025-10-27 20:48:38 | INFO     | Missing Values: 0
2025-10-27 20:48:38 | INFO     | unique Values: 2
2025-10-27 20:48:38 | INFO     | Top Value: 
2025-10-27 20:48:38 | INFO     | 
shape: (4, 2)
┌────────────┬────────┐
│ statistic  ┆ value  │
│ ---        ┆ ---    │
│ str        ┆ str    │
╞════════════╪════════╡
│ count      ┆ 523906 │
│ null_count ┆ 0      │
│ min        ┆        │
│ max        ┆ 1      │
└────────────┴────────┘
2025-10-27 20:48:38 | INFO     | 


----------------------------------------------------------------------------------------------------

2025-10-27 20:48:38 | INFO     | [45/59] Processing Num_Free_Other
2025-10-27 20:48:38 | INFO     |  === Num_Free_Other Summary === 
2025-10-27 20:48:38 | INFO     | Data type: Float64
2025-10-27 20:48:38 | INFO     | Duplicates: 523906
2025-10-27 20:48:38 | INFO     | Missing Values: 511432
2025-10-27 20:48:38 | INFO     | unique Values: 48
2025-10-27 20:48:38 | INFO     | Top Value: None
2025-10-27 20:48:38 | INFO     | 
shape: (9, 2)
┌────────────┬──────────┐
│ statistic  ┆ value    │
│ ---        ┆ ---      │
│ str        ┆ f64      │
╞════════════╪══════════╡
│ count      ┆ 12474.0  │
│ null_count ┆ 511432.0 │
│ mean       ┆ 4.367484 │
│ std        ┆ 5.256535 │
│ min        ┆ 1.0      │
│ 25%        ┆ 2.0      │
│ 50%        ┆ 2.0      │
│ 75%        ┆ 6.0      │
│ max        ┆ 56.0     │
└────────────┴──────────┘
2025-10-27 20:48:38 | INFO     | 


----------------------------------------------------------------------------------------------------

2025-10-27 20:48:38 | INFO     | [46/59] Processing Possess_Television
2025-10-27 20:48:38 | INFO     |  === Possess_Television Summary === 
2025-10-27 20:48:38 | INFO     | Data type: String
2025-10-27 20:48:38 | INFO     | Duplicates: 523906
2025-10-27 20:48:38 | INFO     | Missing Values: 0
2025-10-27 20:48:38 | INFO     | unique Values: 2
2025-10-27 20:48:38 | INFO     | Top Value: 1
2025-10-27 20:48:38 | INFO     | 
shape: (4, 2)
┌────────────┬────────┐
│ statistic  ┆ value  │
│ ---        ┆ ---    │
│ str        ┆ str    │
╞════════════╪════════╡
│ count      ┆ 523906 │
│ null_count ┆ 0      │
│ min        ┆        │
│ max        ┆ 1      │
└────────────┴────────┘
2025-10-27 20:48:38 | INFO     | 


----------------------------------------------------------------------------------------------------

2025-10-27 20:48:38 | INFO     | [47/59] Processing Possess_Radio
2025-10-27 20:48:38 | INFO     |  === Possess_Radio Summary === 
2025-10-27 20:48:38 | INFO     | Data type: String
2025-10-27 20:48:38 | INFO     | Duplicates: 523906
2025-10-27 20:48:38 | INFO     | Missing Values: 0
2025-10-27 20:48:38 | INFO     | unique Values: 2
2025-10-27 20:48:38 | INFO     | Top Value: 
2025-10-27 20:48:38 | INFO     | 
shape: (4, 2)
┌────────────┬────────┐
│ statistic  ┆ value  │
│ ---        ┆ ---    │
│ str        ┆ str    │
╞════════════╪════════╡
│ count      ┆ 523906 │
│ null_count ┆ 0      │
│ min        ┆        │
│ max        ┆ 1      │
└────────────┴────────┘
2025-10-27 20:48:38 | INFO     | 


----------------------------------------------------------------------------------------------------

2025-10-27 20:48:38 | INFO     | [48/59] Processing Possess_Laptop
2025-10-27 20:48:38 | INFO     |  === Possess_Laptop Summary === 
2025-10-27 20:48:38 | INFO     | Data type: String
2025-10-27 20:48:38 | INFO     | Duplicates: 523906
2025-10-27 20:48:38 | INFO     | Missing Values: 0
2025-10-27 20:48:38 | INFO     | unique Values: 2
2025-10-27 20:48:38 | INFO     | Top Value: 
2025-10-27 20:48:38 | INFO     | 
shape: (4, 2)
┌────────────┬────────┐
│ statistic  ┆ value  │
│ ---        ┆ ---    │
│ str        ┆ str    │
╞════════════╪════════╡
│ count      ┆ 523906 │
│ null_count ┆ 0      │
│ min        ┆        │
│ max        ┆ 1      │
└────────────┴────────┘
2025-10-27 20:48:38 | INFO     | 


----------------------------------------------------------------------------------------------------

2025-10-27 20:48:38 | INFO     | [49/59] Processing Possess_Mobile
2025-10-27 20:48:38 | INFO     |  === Possess_Mobile Summary === 
2025-10-27 20:48:38 | INFO     | Data type: String
2025-10-27 20:48:38 | INFO     | Duplicates: 523906
2025-10-27 20:48:38 | INFO     | Missing Values: 0
2025-10-27 20:48:38 | INFO     | unique Values: 2
2025-10-27 20:48:38 | INFO     | Top Value: 1
2025-10-27 20:48:38 | INFO     | 
shape: (4, 2)
┌────────────┬────────┐
│ statistic  ┆ value  │
│ ---        ┆ ---    │
│ str        ┆ str    │
╞════════════╪════════╡
│ count      ┆ 523906 │
│ null_count ┆ 0      │
│ min        ┆        │
│ max        ┆ 1      │
└────────────┴────────┘
2025-10-27 20:48:38 | INFO     | 


----------------------------------------------------------------------------------------------------

2025-10-27 20:48:38 | INFO     | [50/59] Processing Possess_Bicycle
2025-10-27 20:48:38 | INFO     |  === Possess_Bicycle Summary === 
2025-10-27 20:48:38 | INFO     | Data type: String
2025-10-27 20:48:38 | INFO     | Duplicates: 523906
2025-10-27 20:48:38 | INFO     | Missing Values: 0
2025-10-27 20:48:38 | INFO     | unique Values: 2
2025-10-27 20:48:38 | INFO     | Top Value: 
2025-10-27 20:48:38 | INFO     | 
shape: (4, 2)
┌────────────┬────────┐
│ statistic  ┆ value  │
│ ---        ┆ ---    │
│ str        ┆ str    │
╞════════════╪════════╡
│ count      ┆ 523906 │
│ null_count ┆ 0      │
│ min        ┆        │
│ max        ┆ 1      │
└────────────┴────────┘
2025-10-27 20:48:38 | INFO     | 


----------------------------------------------------------------------------------------------------

2025-10-27 20:48:38 | INFO     | [51/59] Processing Possess_Scooter
2025-10-27 20:48:38 | INFO     |  === Possess_Scooter Summary === 
2025-10-27 20:48:38 | INFO     | Data type: String
2025-10-27 20:48:38 | INFO     | Duplicates: 523906
2025-10-27 20:48:38 | INFO     | Missing Values: 0
2025-10-27 20:48:38 | INFO     | unique Values: 2
2025-10-27 20:48:38 | INFO     | Top Value: 1
2025-10-27 20:48:38 | INFO     | 
shape: (4, 2)
┌────────────┬────────┐
│ statistic  ┆ value  │
│ ---        ┆ ---    │
│ str        ┆ str    │
╞════════════╪════════╡
│ count      ┆ 523906 │
│ null_count ┆ 0      │
│ min        ┆        │
│ max        ┆ 1      │
└────────────┴────────┘
2025-10-27 20:48:38 | INFO     | 


----------------------------------------------------------------------------------------------------

2025-10-27 20:48:38 | INFO     | [52/59] Processing Possess_Car
2025-10-27 20:48:38 | INFO     |  === Possess_Car Summary === 
2025-10-27 20:48:38 | INFO     | Data type: String
2025-10-27 20:48:38 | INFO     | Duplicates: 523906
2025-10-27 20:48:38 | INFO     | Missing Values: 0
2025-10-27 20:48:38 | INFO     | unique Values: 2
2025-10-27 20:48:38 | INFO     | Top Value: 
2025-10-27 20:48:38 | INFO     | 
shape: (4, 2)
┌────────────┬────────┐
│ statistic  ┆ value  │
│ ---        ┆ ---    │
│ str        ┆ str    │
╞════════════╪════════╡
│ count      ┆ 523906 │
│ null_count ┆ 0      │
│ min        ┆        │
│ max        ┆ 1      │
└────────────┴────────┘
2025-10-27 20:48:38 | INFO     | 


----------------------------------------------------------------------------------------------------

2025-10-27 20:48:38 | INFO     | [53/59] Processing Possess_Truck
2025-10-27 20:48:38 | INFO     |  === Possess_Truck Summary === 
2025-10-27 20:48:39 | INFO     | Data type: String
2025-10-27 20:48:39 | INFO     | Duplicates: 523906
2025-10-27 20:48:39 | INFO     | Missing Values: 0
2025-10-27 20:48:39 | INFO     | unique Values: 2
2025-10-27 20:48:39 | INFO     | Top Value: 
2025-10-27 20:48:39 | INFO     | 
shape: (4, 2)
┌────────────┬────────┐
│ statistic  ┆ value  │
│ ---        ┆ ---    │
│ str        ┆ str    │
╞════════════╪════════╡
│ count      ┆ 523906 │
│ null_count ┆ 0      │
│ min        ┆        │
│ max        ┆ 1      │
└────────────┴────────┘
2025-10-27 20:48:39 | INFO     | 


----------------------------------------------------------------------------------------------------

2025-10-27 20:48:39 | INFO     | [54/59] Processing Possess_AnimalCart
2025-10-27 20:48:39 | INFO     |  === Possess_AnimalCart Summary === 
2025-10-27 20:48:39 | INFO     | Data type: String
2025-10-27 20:48:39 | INFO     | Duplicates: 523906
2025-10-27 20:48:39 | INFO     | Missing Values: 0
2025-10-27 20:48:39 | INFO     | unique Values: 2
2025-10-27 20:48:39 | INFO     | Top Value: 
2025-10-27 20:48:39 | INFO     | 
shape: (4, 2)
┌────────────┬────────┐
│ statistic  ┆ value  │
│ ---        ┆ ---    │
│ str        ┆ str    │
╞════════════╪════════╡
│ count      ┆ 523906 │
│ null_count ┆ 0      │
│ min        ┆        │
│ max        ┆ 1      │
└────────────┴────────┘
2025-10-27 20:48:39 | INFO     | 


----------------------------------------------------------------------------------------------------

2025-10-27 20:48:39 | INFO     | [55/59] Processing Possess_Refrigerator
2025-10-27 20:48:39 | INFO     |  === Possess_Refrigerator Summary === 
2025-10-27 20:48:39 | INFO     | Data type: String
2025-10-27 20:48:39 | INFO     | Duplicates: 523906
2025-10-27 20:48:39 | INFO     | Missing Values: 0
2025-10-27 20:48:39 | INFO     | unique Values: 2
2025-10-27 20:48:39 | INFO     | Top Value: 
2025-10-27 20:48:39 | INFO     | 
shape: (4, 2)
┌────────────┬────────┐
│ statistic  ┆ value  │
│ ---        ┆ ---    │
│ str        ┆ str    │
╞════════════╪════════╡
│ count      ┆ 523906 │
│ null_count ┆ 0      │
│ min        ┆        │
│ max        ┆ 1      │
└────────────┴────────┘
2025-10-27 20:48:39 | INFO     | 


----------------------------------------------------------------------------------------------------

2025-10-27 20:48:39 | INFO     | [56/59] Processing Possess_WashingMachine
2025-10-27 20:48:39 | INFO     |  === Possess_WashingMachine Summary === 
2025-10-27 20:48:39 | INFO     | Data type: String
2025-10-27 20:48:39 | INFO     | Duplicates: 523906
2025-10-27 20:48:39 | INFO     | Missing Values: 0
2025-10-27 20:48:39 | INFO     | unique Values: 2
2025-10-27 20:48:39 | INFO     | Top Value: 
2025-10-27 20:48:39 | INFO     | 
shape: (4, 2)
┌────────────┬────────┐
│ statistic  ┆ value  │
│ ---        ┆ ---    │
│ str        ┆ str    │
╞════════════╪════════╡
│ count      ┆ 523906 │
│ null_count ┆ 0      │
│ min        ┆        │
│ max        ┆ 1      │
└────────────┴────────┘
2025-10-27 20:48:39 | INFO     | 


----------------------------------------------------------------------------------------------------

2025-10-27 20:48:39 | INFO     | [57/59] Processing Possess_AirCooler
2025-10-27 20:48:39 | INFO     |  === Possess_AirCooler Summary === 
2025-10-27 20:48:39 | INFO     | Data type: String
2025-10-27 20:48:39 | INFO     | Duplicates: 523906
2025-10-27 20:48:39 | INFO     | Missing Values: 0
2025-10-27 20:48:39 | INFO     | unique Values: 2
2025-10-27 20:48:39 | INFO     | Top Value: 
2025-10-27 20:48:39 | INFO     | 
shape: (4, 2)
┌────────────┬────────┐
│ statistic  ┆ value  │
│ ---        ┆ ---    │
│ str        ┆ str    │
╞════════════╪════════╡
│ count      ┆ 523906 │
│ null_count ┆ 0      │
│ min        ┆        │
│ max        ┆ 1      │
└────────────┴────────┘
2025-10-27 20:48:39 | INFO     | 


----------------------------------------------------------------------------------------------------

2025-10-27 20:48:39 | INFO     | [58/59] Processing TV_Facility_Type
2025-10-27 20:48:39 | INFO     |  === TV_Facility_Type Summary === 
2025-10-27 20:48:39 | INFO     | Data type: String
2025-10-27 20:48:39 | INFO     | Duplicates: 523906
2025-10-27 20:48:39 | INFO     | Missing Values: 0
2025-10-27 20:48:39 | INFO     | unique Values: 4
2025-10-27 20:48:39 | INFO     | Top Value: 3
2025-10-27 20:48:39 | INFO     | 
shape: (4, 2)
┌────────────┬────────┐
│ statistic  ┆ value  │
│ ---        ┆ ---    │
│ str        ┆ str    │
╞════════════╪════════╡
│ count      ┆ 523906 │
│ null_count ┆ 0      │
│ min        ┆        │
│ max        ┆ 3      │
└────────────┴────────┘
2025-10-27 20:48:39 | INFO     | 


----------------------------------------------------------------------------------------------------

2025-10-27 20:48:39 | INFO     | [59/59] Processing Multiplier
2025-10-27 20:48:39 | INFO     |  === Multiplier Summary === 
2025-10-27 20:48:39 | INFO     | Data type: Int64
2025-10-27 20:48:39 | INFO     | Duplicates: 523906
2025-10-27 20:48:39 | INFO     | Missing Values: 0
2025-10-27 20:48:39 | INFO     | unique Values: 23567
2025-10-27 20:48:39 | INFO     | Top Value: 11830
2025-10-27 20:48:39 | INFO     | 
shape: (9, 2)
┌────────────┬───────────────┐
│ statistic  ┆ value         │
│ ---        ┆ ---           │
│ str        ┆ f64           │
╞════════════╪═══════════════╡
│ count      ┆ 523906.0      │
│ null_count ┆ 0.0           │
│ mean       ┆ 111344.812944 │
│ std        ┆ 79656.036356  │
│ min        ┆ 369.0         │
│ 25%        ┆ 56738.0       │
│ 50%        ┆ 114044.0      │
│ 75%        ┆ 150441.0      │
│ max        ┆ 2.366902e6    │
└────────────┴───────────────┘
2025-10-27 20:48:39 | SUCCESS  | All Summaries Completed.
