2025-10-27 20:51:33 | INFO     | Successfully loaded parquet-data\lev-05\data\lev-05_merged.parquet
2025-10-27 20:51:34 | INFO     | File size: 2004.3627128601074 MB 



2025-10-27 20:51:34 | INFO     | 


----------------------------------------------------------------------------------------------------

2025-10-27 20:51:34 | INFO     | [1/25] Processing Survey_Name
2025-10-27 20:51:34 | INFO     |  === Survey_Name Summary === 
2025-10-27 20:51:38 | INFO     | Data type: String
2025-10-27 20:51:38 | INFO     | Duplicates: 25508874
2025-10-27 20:51:38 | INFO     | Missing Values: 0
2025-10-27 20:51:38 | INFO     | unique Values: 1
2025-10-27 20:51:38 | INFO     | Top Value: HCES
2025-10-27 20:51:38 | INFO     | 
shape: (4, 2)
┌────────────┬──────────┐
│ statistic  ┆ value    │
│ ---        ┆ ---      │
│ str        ┆ str      │
╞════════════╪══════════╡
│ count      ┆ 25508874 │
│ null_count ┆ 0        │
│ min        ┆ HCES     │
│ max        ┆ HCES     │
└────────────┴──────────┘
2025-10-27 20:51:38 | INFO     | 


----------------------------------------------------------------------------------------------------

2025-10-27 20:51:38 | INFO     | [2/25] Processing Year
2025-10-27 20:51:38 | INFO     |  === Year Summary === 
2025-10-27 20:51:42 | INFO     | Data type: String
2025-10-27 20:51:42 | INFO     | Duplicates: 25508874
2025-10-27 20:51:42 | INFO     | Missing Values: 0
2025-10-27 20:51:42 | INFO     | unique Values: 1
2025-10-27 20:51:42 | INFO     | Top Value: 2024
2025-10-27 20:51:42 | INFO     | 
shape: (4, 2)
┌────────────┬──────────┐
│ statistic  ┆ value    │
│ ---        ┆ ---      │
│ str        ┆ str      │
╞════════════╪══════════╡
│ count      ┆ 25508874 │
│ null_count ┆ 0        │
│ min        ┆ 2024     │
│ max        ┆ 2024     │
└────────────┴──────────┘
2025-10-27 20:51:42 | INFO     | 


----------------------------------------------------------------------------------------------------

2025-10-27 20:51:42 | INFO     | [3/25] Processing FSU_Serial_No
2025-10-27 20:51:42 | INFO     |  === FSU_Serial_No Summary === 
2025-10-27 20:51:45 | INFO     | Data type: String
2025-10-27 20:51:45 | INFO     | Duplicates: 25508874
2025-10-27 20:51:45 | INFO     | Missing Values: 0
2025-10-27 20:51:45 | INFO     | unique Values: 14825
2025-10-27 20:51:45 | INFO     | Top Value: 24430
2025-10-27 20:51:45 | INFO     | 
shape: (4, 2)
┌────────────┬──────────┐
│ statistic  ┆ value    │
│ ---        ┆ ---      │
│ str        ┆ str      │
╞════════════╪══════════╡
│ count      ┆ 25508874 │
│ null_count ┆ 0        │
│ min        ┆ 22300    │
│ max        ┆ 49999    │
└────────────┴──────────┘
2025-10-27 20:51:45 | INFO     | 


----------------------------------------------------------------------------------------------------

2025-10-27 20:51:45 | INFO     | [4/25] Processing Sector
2025-10-27 20:51:45 | INFO     |  === Sector Summary === 
2025-10-27 20:51:49 | INFO     | Data type: String
2025-10-27 20:51:49 | INFO     | Duplicates: 25508874
2025-10-27 20:51:49 | INFO     | Missing Values: 0
2025-10-27 20:51:49 | INFO     | unique Values: 2
2025-10-27 20:51:49 | INFO     | Top Value: 1
2025-10-27 20:51:49 | INFO     | 
shape: (4, 2)
┌────────────┬──────────┐
│ statistic  ┆ value    │
│ ---        ┆ ---      │
│ str        ┆ str      │
╞════════════╪══════════╡
│ count      ┆ 25508874 │
│ null_count ┆ 0        │
│ min        ┆ 1        │
│ max        ┆ 2        │
└────────────┴──────────┘
2025-10-27 20:51:49 | INFO     | 


----------------------------------------------------------------------------------------------------

2025-10-27 20:51:49 | INFO     | [5/25] Processing State
2025-10-27 20:51:49 | INFO     |  === State Summary === 
2025-10-27 20:51:52 | INFO     | Data type: String
2025-10-27 20:51:52 | INFO     | Duplicates: 25508874
2025-10-27 20:51:52 | INFO     | Missing Values: 0
2025-10-27 20:51:52 | INFO     | unique Values: 36
2025-10-27 20:51:52 | INFO     | Top Value: 09
2025-10-27 20:51:52 | INFO     | 
shape: (4, 2)
┌────────────┬──────────┐
│ statistic  ┆ value    │
│ ---        ┆ ---      │
│ str        ┆ str      │
╞════════════╪══════════╡
│ count      ┆ 25508874 │
│ null_count ┆ 0        │
│ min        ┆ 01       │
│ max        ┆ 37       │
└────────────┴──────────┘
2025-10-27 20:51:52 | INFO     | 


----------------------------------------------------------------------------------------------------

2025-10-27 20:51:52 | INFO     | [6/25] Processing NSS_Region
2025-10-27 20:51:52 | INFO     |  === NSS_Region Summary === 
2025-10-27 20:51:55 | INFO     | Data type: String
2025-10-27 20:51:55 | INFO     | Duplicates: 25508874
2025-10-27 20:51:55 | INFO     | Missing Values: 0
2025-10-27 20:51:55 | INFO     | unique Values: 87
2025-10-27 20:51:55 | INFO     | Top Value: 093
2025-10-27 20:51:55 | INFO     | 
shape: (4, 2)
┌────────────┬──────────┐
│ statistic  ┆ value    │
│ ---        ┆ ---      │
│ str        ┆ str      │
╞════════════╪══════════╡
│ count      ┆ 25508874 │
│ null_count ┆ 0        │
│ min        ┆ 011      │
│ max        ┆ 371      │
└────────────┴──────────┘
2025-10-27 20:51:55 | INFO     | 


----------------------------------------------------------------------------------------------------

2025-10-27 20:51:55 | INFO     | [7/25] Processing District
2025-10-27 20:51:55 | INFO     |  === District Summary === 
2025-10-27 20:51:58 | INFO     | Data type: String
2025-10-27 20:51:58 | INFO     | Duplicates: 25508874
2025-10-27 20:51:58 | INFO     | Missing Values: 0
2025-10-27 20:51:58 | INFO     | unique Values: 71
2025-10-27 20:51:58 | INFO     | Top Value: 07
2025-10-27 20:51:58 | INFO     | 
shape: (4, 2)
┌────────────┬──────────┐
│ statistic  ┆ value    │
│ ---        ┆ ---      │
│ str        ┆ str      │
╞════════════╪══════════╡
│ count      ┆ 25508874 │
│ null_count ┆ 0        │
│ min        ┆ 01       │
│ max        ┆ 71       │
└────────────┴──────────┘
2025-10-27 20:51:58 | INFO     | 


----------------------------------------------------------------------------------------------------

2025-10-27 20:51:58 | INFO     | [8/25] Processing Stratum
2025-10-27 20:51:58 | INFO     |  === Stratum Summary === 
2025-10-27 20:52:01 | INFO     | Data type: String
2025-10-27 20:52:01 | INFO     | Duplicates: 25508874
2025-10-27 20:52:01 | INFO     | Missing Values: 0
2025-10-27 20:52:01 | INFO     | unique Values: 28
2025-10-27 20:52:01 | INFO     | Top Value: 23
2025-10-27 20:52:01 | INFO     | 
shape: (4, 2)
┌────────────┬──────────┐
│ statistic  ┆ value    │
│ ---        ┆ ---      │
│ str        ┆ str      │
╞════════════╪══════════╡
│ count      ┆ 25508874 │
│ null_count ┆ 0        │
│ min        ┆ 11       │
│ max        ┆ 99       │
└────────────┴──────────┘
2025-10-27 20:52:01 | INFO     | 


----------------------------------------------------------------------------------------------------

2025-10-27 20:52:01 | INFO     | [9/25] Processing Sub_stratum
2025-10-27 20:52:01 | INFO     |  === Sub_stratum Summary === 
2025-10-27 20:52:04 | INFO     | Data type: String
2025-10-27 20:52:04 | INFO     | Duplicates: 25508874
2025-10-27 20:52:04 | INFO     | Missing Values: 0
2025-10-27 20:52:04 | INFO     | unique Values: 48
2025-10-27 20:52:04 | INFO     | Top Value: 01
2025-10-27 20:52:04 | INFO     | 
shape: (4, 2)
┌────────────┬──────────┐
│ statistic  ┆ value    │
│ ---        ┆ ---      │
│ str        ┆ str      │
╞════════════╪══════════╡
│ count      ┆ 25508874 │
│ null_count ┆ 0        │
│ min        ┆ 01       │
│ max        ┆ 48       │
└────────────┴──────────┘
2025-10-27 20:52:04 | INFO     | 


----------------------------------------------------------------------------------------------------

2025-10-27 20:52:04 | INFO     | [10/25] Processing Panel
2025-10-27 20:52:04 | INFO     |  === Panel Summary === 
2025-10-27 20:52:07 | INFO     | Data type: String
2025-10-27 20:52:07 | INFO     | Duplicates: 25508874
2025-10-27 20:52:07 | INFO     | Missing Values: 0
2025-10-27 20:52:07 | INFO     | unique Values: 10
2025-10-27 20:52:07 | INFO     | Top Value: 9
2025-10-27 20:52:07 | INFO     | 
shape: (4, 2)
┌────────────┬──────────┐
│ statistic  ┆ value    │
│ ---        ┆ ---      │
│ str        ┆ str      │
╞════════════╪══════════╡
│ count      ┆ 25508874 │
│ null_count ┆ 0        │
│ min        ┆ 1        │
│ max        ┆ 9        │
└────────────┴──────────┘
2025-10-27 20:52:07 | INFO     | 


----------------------------------------------------------------------------------------------------

2025-10-27 20:52:07 | INFO     | [11/25] Processing Sub_sample
2025-10-27 20:52:07 | INFO     |  === Sub_sample Summary === 
2025-10-27 20:52:10 | INFO     | Data type: String
2025-10-27 20:52:10 | INFO     | Duplicates: 25508874
2025-10-27 20:52:10 | INFO     | Missing Values: 0
2025-10-27 20:52:10 | INFO     | unique Values: 2
2025-10-27 20:52:10 | INFO     | Top Value: 2
2025-10-27 20:52:10 | INFO     | 
shape: (4, 2)
┌────────────┬──────────┐
│ statistic  ┆ value    │
│ ---        ┆ ---      │
│ str        ┆ str      │
╞════════════╪══════════╡
│ count      ┆ 25508874 │
│ null_count ┆ 0        │
│ min        ┆ 1        │
│ max        ┆ 2        │
└────────────┴──────────┘
2025-10-27 20:52:10 | INFO     | 


----------------------------------------------------------------------------------------------------

2025-10-27 20:52:10 | INFO     | [12/25] Processing FOD_Sub_Region
2025-10-27 20:52:10 | INFO     |  === FOD_Sub_Region Summary === 
2025-10-27 20:52:13 | INFO     | Data type: String
2025-10-27 20:52:13 | INFO     | Duplicates: 25508874
2025-10-27 20:52:13 | INFO     | Missing Values: 0
2025-10-27 20:52:13 | INFO     | unique Values: 169
2025-10-27 20:52:13 | INFO     | Top Value: 1610
2025-10-27 20:52:13 | INFO     | 
shape: (4, 2)
┌────────────┬──────────┐
│ statistic  ┆ value    │
│ ---        ┆ ---      │
│ str        ┆ str      │
╞════════════╪══════════╡
│ count      ┆ 25508874 │
│ null_count ┆ 0        │
│ min        ┆ 0110     │
│ max        ┆ 3613     │
└────────────┴──────────┘
2025-10-27 20:52:13 | INFO     | 


----------------------------------------------------------------------------------------------------

2025-10-27 20:52:13 | INFO     | [13/25] Processing Sample_SU_No
2025-10-27 20:52:13 | INFO     |  === Sample_SU_No Summary === 
2025-10-27 20:52:16 | INFO     | Data type: String
2025-10-27 20:52:16 | INFO     | Duplicates: 25508874
2025-10-27 20:52:16 | INFO     | Missing Values: 0
2025-10-27 20:52:16 | INFO     | unique Values: 32
2025-10-27 20:52:16 | INFO     | Top Value: 1
2025-10-27 20:52:16 | INFO     | 
shape: (4, 2)
┌────────────┬──────────┐
│ statistic  ┆ value    │
│ ---        ┆ ---      │
│ str        ┆ str      │
╞════════════╪══════════╡
│ count      ┆ 25508874 │
│ null_count ┆ 0        │
│ min        ┆ 1        │
│ max        ┆ 9        │
└────────────┴──────────┘
2025-10-27 20:52:16 | INFO     | 


----------------------------------------------------------------------------------------------------

2025-10-27 20:52:16 | INFO     | [14/25] Processing Sample_Sub_Division_No
2025-10-27 20:52:16 | INFO     |  === Sample_Sub_Division_No Summary === 
2025-10-27 20:52:19 | INFO     | Data type: String
2025-10-27 20:52:19 | INFO     | Duplicates: 25508874
2025-10-27 20:52:19 | INFO     | Missing Values: 0
2025-10-27 20:52:19 | INFO     | unique Values: 7
2025-10-27 20:52:19 | INFO     | Top Value: 
2025-10-27 20:52:19 | INFO     | 
shape: (4, 2)
┌────────────┬──────────┐
│ statistic  ┆ value    │
│ ---        ┆ ---      │
│ str        ┆ str      │
╞════════════╪══════════╡
│ count      ┆ 25508874 │
│ null_count ┆ 0        │
│ min        ┆          │
│ max        ┆ 6        │
└────────────┴──────────┘
2025-10-27 20:52:19 | INFO     | 


----------------------------------------------------------------------------------------------------

2025-10-27 20:52:19 | INFO     | [15/25] Processing Second_Stage_Stratum_No
2025-10-27 20:52:19 | INFO     |  === Second_Stage_Stratum_No Summary === 
2025-10-27 20:52:22 | INFO     | Data type: String
2025-10-27 20:52:22 | INFO     | Duplicates: 25508874
2025-10-27 20:52:22 | INFO     | Missing Values: 0
2025-10-27 20:52:22 | INFO     | unique Values: 3
2025-10-27 20:52:22 | INFO     | Top Value: 3
2025-10-27 20:52:22 | INFO     | 
shape: (4, 2)
┌────────────┬──────────┐
│ statistic  ┆ value    │
│ ---        ┆ ---      │
│ str        ┆ str      │
╞════════════╪══════════╡
│ count      ┆ 25508874 │
│ null_count ┆ 0        │
│ min        ┆ 1        │
│ max        ┆ 3        │
└────────────┴──────────┘
2025-10-27 20:52:22 | INFO     | 


----------------------------------------------------------------------------------------------------

2025-10-27 20:52:22 | INFO     | [16/25] Processing Sample_Household_No
2025-10-27 20:52:22 | INFO     |  === Sample_Household_No Summary === 
2025-10-27 20:52:26 | INFO     | Data type: String
2025-10-27 20:52:26 | INFO     | Duplicates: 25508874
2025-10-27 20:52:26 | INFO     | Missing Values: 0
2025-10-27 20:52:26 | INFO     | unique Values: 18
2025-10-27 20:52:26 | INFO     | Top Value: 01
2025-10-27 20:52:26 | INFO     | 
shape: (4, 2)
┌────────────┬──────────┐
│ statistic  ┆ value    │
│ ---        ┆ ---      │
│ str        ┆ str      │
╞════════════╪══════════╡
│ count      ┆ 25508874 │
│ null_count ┆ 0        │
│ min        ┆ 01       │
│ max        ┆ 18       │
└────────────┴──────────┘
2025-10-27 20:52:26 | INFO     | 


----------------------------------------------------------------------------------------------------

2025-10-27 20:52:26 | INFO     | [17/25] Processing Questionnaire_No
2025-10-27 20:52:26 | INFO     |  === Questionnaire_No Summary === 
2025-10-27 20:52:29 | INFO     | Data type: String
2025-10-27 20:52:29 | INFO     | Duplicates: 25508874
2025-10-27 20:52:29 | INFO     | Missing Values: 0
2025-10-27 20:52:29 | INFO     | unique Values: 1
2025-10-27 20:52:29 | INFO     | Top Value: F
2025-10-27 20:52:29 | INFO     | 
shape: (4, 2)
┌────────────┬──────────┐
│ statistic  ┆ value    │
│ ---        ┆ ---      │
│ str        ┆ str      │
╞════════════╪══════════╡
│ count      ┆ 25508874 │
│ null_count ┆ 0        │
│ min        ┆ F        │
│ max        ┆ F        │
└────────────┴──────────┘
2025-10-27 20:52:29 | INFO     | 


----------------------------------------------------------------------------------------------------

2025-10-27 20:52:29 | INFO     | [18/25] Processing Level
2025-10-27 20:52:29 | INFO     |  === Level Summary === 
2025-10-27 20:52:33 | INFO     | Data type: String
2025-10-27 20:52:33 | INFO     | Duplicates: 25508874
2025-10-27 20:52:33 | INFO     | Missing Values: 0
2025-10-27 20:52:33 | INFO     | unique Values: 1
2025-10-27 20:52:33 | INFO     | Top Value: 05
2025-10-27 20:52:33 | INFO     | 
shape: (4, 2)
┌────────────┬──────────┐
│ statistic  ┆ value    │
│ ---        ┆ ---      │
│ str        ┆ str      │
╞════════════╪══════════╡
│ count      ┆ 25508874 │
│ null_count ┆ 0        │
│ min        ┆ 05       │
│ max        ┆ 05       │
└────────────┴──────────┘
2025-10-27 20:52:33 | INFO     | 


----------------------------------------------------------------------------------------------------

2025-10-27 20:52:33 | INFO     | [19/25] Processing Item_Code
2025-10-27 20:52:33 | INFO     |  === Item_Code Summary === 
2025-10-27 20:52:36 | INFO     | Data type: String
2025-10-27 20:52:36 | INFO     | Duplicates: 25508874
2025-10-27 20:52:36 | INFO     | Missing Values: 0
2025-10-27 20:52:36 | INFO     | unique Values: 162
2025-10-27 20:52:36 | INFO     | Top Value: 279
2025-10-27 20:52:36 | INFO     | 
shape: (4, 2)
┌────────────┬──────────┐
│ statistic  ┆ value    │
│ ---        ┆ ---      │
│ str        ┆ str      │
╞════════════╪══════════╡
│ count      ┆ 25508874 │
│ null_count ┆ 0        │
│ min        ┆ 001      │
│ max        ┆ 279      │
└────────────┴──────────┘
2025-10-27 20:52:36 | INFO     | 


----------------------------------------------------------------------------------------------------

2025-10-27 20:52:36 | INFO     | [20/25] Processing OutOfHome_Consumption_Quantity
2025-10-27 20:52:36 | INFO     |  === OutOfHome_Consumption_Quantity Summary === 
2025-10-27 20:52:38 | INFO     | Data type: Float64
2025-10-27 20:52:38 | INFO     | Duplicates: 25508874
2025-10-27 20:52:38 | INFO     | Missing Values: 24623976
2025-10-27 20:52:38 | INFO     | unique Values: 1544
2025-10-27 20:52:38 | INFO     | Top Value: None
2025-10-27 20:52:38 | INFO     | 
shape: (9, 2)
┌────────────┬─────────────┐
│ statistic  ┆ value       │
│ ---        ┆ ---         │
│ str        ┆ f64         │
╞════════════╪═════════════╡
│ count      ┆ 884898.0    │
│ null_count ┆ 2.4623976e7 │
│ mean       ┆ 16.036154   │
│ std        ┆ 43.514291   │
│ min        ┆ 0.0         │
│ 25%        ┆ 0.25        │
│ 50%        ┆ 2.0         │
│ 75%        ┆ 15.0        │
│ max        ┆ 1450.0      │
└────────────┴─────────────┘
2025-10-27 20:52:38 | INFO     | 


----------------------------------------------------------------------------------------------------

2025-10-27 20:52:38 | INFO     | [21/25] Processing OutOfHome_Consumption_Value
2025-10-27 20:52:38 | INFO     |  === OutOfHome_Consumption_Value Summary === 
2025-10-27 20:52:40 | INFO     | Data type: Float64
2025-10-27 20:52:40 | INFO     | Duplicates: 25508874
2025-10-27 20:52:40 | INFO     | Missing Values: 24425282
2025-10-27 20:52:40 | INFO     | unique Values: 2174
2025-10-27 20:52:40 | INFO     | Top Value: None
2025-10-27 20:52:40 | INFO     | 
shape: (9, 2)
┌────────────┬─────────────┐
│ statistic  ┆ value       │
│ ---        ┆ ---         │
│ str        ┆ f64         │
╞════════════╪═════════════╡
│ count      ┆ 1.083592e6  │
│ null_count ┆ 2.4425282e7 │
│ mean       ┆ 243.387611  │
│ std        ┆ 399.523818  │
│ min        ┆ 0.0         │
│ 25%        ┆ 15.0        │
│ 50%        ┆ 64.0        │
│ 75%        ┆ 320.0       │
│ max        ┆ 30000.0     │
└────────────┴─────────────┘
2025-10-27 20:52:40 | INFO     | 


----------------------------------------------------------------------------------------------------

2025-10-27 20:52:40 | INFO     | [22/25] Processing Total_Consumption_Quantity
2025-10-27 20:52:40 | INFO     |  === Total_Consumption_Quantity Summary === 
2025-10-27 20:52:42 | INFO     | Data type: Float64
2025-10-27 20:52:42 | INFO     | Duplicates: 25508874
2025-10-27 20:52:42 | INFO     | Missing Values: 2798508
2025-10-27 20:52:42 | INFO     | unique Values: 12128
2025-10-27 20:52:42 | INFO     | Top Value: 1.0
2025-10-27 20:52:42 | INFO     | 
shape: (9, 2)
┌────────────┬─────────────┐
│ statistic  ┆ value       │
│ ---        ┆ ---         │
│ str        ┆ f64         │
╞════════════╪═════════════╡
│ count      ┆ 2.2710366e7 │
│ null_count ┆ 2.798508e6  │
│ mean       ┆ 27.29635    │
│ std        ┆ 89.72722    │
│ min        ┆ 0.0         │
│ 25%        ┆ 0.5         │
│ 50%        ┆ 1.5         │
│ 75%        ┆ 15.0        │
│ max        ┆ 36000.0     │
└────────────┴─────────────┘
2025-10-27 20:52:42 | INFO     | 


----------------------------------------------------------------------------------------------------

2025-10-27 20:52:42 | INFO     | [23/25] Processing Total_Consumption_Value
2025-10-27 20:52:42 | INFO     |  === Total_Consumption_Value Summary === 
2025-10-27 20:52:45 | INFO     | Data type: Float64
2025-10-27 20:52:45 | INFO     | Duplicates: 25508874
2025-10-27 20:52:45 | INFO     | Missing Values: 460372
2025-10-27 20:52:45 | INFO     | unique Values: 4146
2025-10-27 20:52:45 | INFO     | Top Value: 20.0
2025-10-27 20:52:45 | INFO     | 
shape: (9, 2)
┌────────────┬─────────────┐
│ statistic  ┆ value       │
│ ---        ┆ ---         │
│ str        ┆ f64         │
╞════════════╪═════════════╡
│ count      ┆ 2.5048502e7 │
│ null_count ┆ 460372.0    │
│ mean       ┆ 126.399191  │
│ std        ┆ 242.847491  │
│ min        ┆ 0.0         │
│ 25%        ┆ 20.0        │
│ 50%        ┆ 45.0        │
│ 75%        ┆ 123.0       │
│ max        ┆ 61600.0     │
└────────────┴─────────────┘
2025-10-27 20:52:45 | INFO     | 


----------------------------------------------------------------------------------------------------

2025-10-27 20:52:45 | INFO     | [24/25] Processing Source
2025-10-27 20:52:45 | INFO     |  === Source Summary === 
2025-10-27 20:52:48 | INFO     | Data type: String
2025-10-27 20:52:48 | INFO     | Duplicates: 25508874
2025-10-27 20:52:48 | INFO     | Missing Values: 0
2025-10-27 20:52:48 | INFO     | unique Values: 9
2025-10-27 20:52:48 | INFO     | Top Value: 1
2025-10-27 20:52:48 | INFO     | 
shape: (4, 2)
┌────────────┬──────────┐
│ statistic  ┆ value    │
│ ---        ┆ ---      │
│ str        ┆ str      │
╞════════════╪══════════╡
│ count      ┆ 25508874 │
│ null_count ┆ 0        │
│ min        ┆          │
│ max        ┆ 9        │
└────────────┴──────────┘
2025-10-27 20:52:48 | INFO     | 


----------------------------------------------------------------------------------------------------

2025-10-27 20:52:48 | INFO     | [25/25] Processing Multiplier
2025-10-27 20:52:48 | INFO     |  === Multiplier Summary === 
2025-10-27 20:52:50 | INFO     | Data type: Int64
2025-10-27 20:52:50 | INFO     | Duplicates: 25508874
2025-10-27 20:52:50 | INFO     | Missing Values: 0
2025-10-27 20:52:50 | INFO     | unique Values: 23565
2025-10-27 20:52:50 | INFO     | Top Value: 11830
2025-10-27 20:52:50 | INFO     | 
shape: (9, 2)
┌────────────┬───────────────┐
│ statistic  ┆ value         │
│ ---        ┆ ---           │
│ str        ┆ f64           │
╞════════════╪═══════════════╡
│ count      ┆ 2.5508874e7   │
│ null_count ┆ 0.0           │
│ mean       ┆ 111457.320855 │
│ std        ┆ 76008.475284  │
│ min        ┆ 369.0         │
│ 25%        ┆ 58248.0       │
│ 50%        ┆ 114618.0      │
│ 75%        ┆ 150510.0      │
│ max        ┆ 2.366902e6    │
└────────────┴───────────────┘
2025-10-27 20:52:50 | SUCCESS  | All Summaries Completed.
