2025-10-27 20:50:54 | INFO     | Successfully loaded parquet-data\lev-07\data\lev-07_merged.parquet
2025-10-27 20:50:54 | INFO     | File size: 87.61352443695068 MB 



2025-10-27 20:50:54 | INFO     | 


----------------------------------------------------------------------------------------------------

2025-10-27 20:50:54 | INFO     | [1/47] Processing Survey_Name
2025-10-27 20:50:54 | INFO     |  === Survey_Name Summary === 
2025-10-27 20:50:54 | INFO     | Data type: String
2025-10-27 20:50:54 | INFO     | Duplicates: 523906
2025-10-27 20:50:54 | INFO     | Missing Values: 0
2025-10-27 20:50:54 | INFO     | unique Values: 1
2025-10-27 20:50:54 | INFO     | Top Value: HCES
2025-10-27 20:50:54 | INFO     | 
shape: (4, 2)
┌────────────┬────────┐
│ statistic  ┆ value  │
│ ---        ┆ ---    │
│ str        ┆ str    │
╞════════════╪════════╡
│ count      ┆ 523906 │
│ null_count ┆ 0      │
│ min        ┆ HCES   │
│ max        ┆ HCES   │
└────────────┴────────┘
2025-10-27 20:50:54 | INFO     | 


----------------------------------------------------------------------------------------------------

2025-10-27 20:50:54 | INFO     | [2/47] Processing Year
2025-10-27 20:50:54 | INFO     |  === Year Summary === 
2025-10-27 20:50:55 | INFO     | Data type: String
2025-10-27 20:50:55 | INFO     | Duplicates: 523906
2025-10-27 20:50:55 | INFO     | Missing Values: 0
2025-10-27 20:50:55 | INFO     | unique Values: 1
2025-10-27 20:50:55 | INFO     | Top Value: 2024
2025-10-27 20:50:55 | INFO     | 
shape: (4, 2)
┌────────────┬────────┐
│ statistic  ┆ value  │
│ ---        ┆ ---    │
│ str        ┆ str    │
╞════════════╪════════╡
│ count      ┆ 523906 │
│ null_count ┆ 0      │
│ min        ┆ 2024   │
│ max        ┆ 2024   │
└────────────┴────────┘
2025-10-27 20:50:55 | INFO     | 


----------------------------------------------------------------------------------------------------

2025-10-27 20:50:55 | INFO     | [3/47] Processing FSU_Serial_No
2025-10-27 20:50:55 | INFO     |  === FSU_Serial_No Summary === 
2025-10-27 20:50:55 | INFO     | Data type: String
2025-10-27 20:50:55 | INFO     | Duplicates: 523906
2025-10-27 20:50:55 | INFO     | Missing Values: 0
2025-10-27 20:50:55 | INFO     | unique Values: 14827
2025-10-27 20:50:55 | INFO     | Top Value: 24174
2025-10-27 20:50:55 | INFO     | 
shape: (4, 2)
┌────────────┬────────┐
│ statistic  ┆ value  │
│ ---        ┆ ---    │
│ str        ┆ str    │
╞════════════╪════════╡
│ count      ┆ 523906 │
│ null_count ┆ 0      │
│ min        ┆ 22300  │
│ max        ┆ 49999  │
└────────────┴────────┘
2025-10-27 20:50:55 | INFO     | 


----------------------------------------------------------------------------------------------------

2025-10-27 20:50:55 | INFO     | [4/47] Processing Sector
2025-10-27 20:50:55 | INFO     |  === Sector Summary === 
2025-10-27 20:50:55 | INFO     | Data type: String
2025-10-27 20:50:55 | INFO     | Duplicates: 523906
2025-10-27 20:50:55 | INFO     | Missing Values: 0
2025-10-27 20:50:55 | INFO     | unique Values: 2
2025-10-27 20:50:55 | INFO     | Top Value: 1
2025-10-27 20:50:55 | INFO     | 
shape: (4, 2)
┌────────────┬────────┐
│ statistic  ┆ value  │
│ ---        ┆ ---    │
│ str        ┆ str    │
╞════════════╪════════╡
│ count      ┆ 523906 │
│ null_count ┆ 0      │
│ min        ┆ 1      │
│ max        ┆ 2      │
└────────────┴────────┘
2025-10-27 20:50:55 | INFO     | 


----------------------------------------------------------------------------------------------------

2025-10-27 20:50:55 | INFO     | [5/47] Processing State
2025-10-27 20:50:55 | INFO     |  === State Summary === 
2025-10-27 20:50:55 | INFO     | Data type: String
2025-10-27 20:50:55 | INFO     | Duplicates: 523906
2025-10-27 20:50:55 | INFO     | Missing Values: 0
2025-10-27 20:50:55 | INFO     | unique Values: 36
2025-10-27 20:50:55 | INFO     | Top Value: 09
2025-10-27 20:50:55 | INFO     | 
shape: (4, 2)
┌────────────┬────────┐
│ statistic  ┆ value  │
│ ---        ┆ ---    │
│ str        ┆ str    │
╞════════════╪════════╡
│ count      ┆ 523906 │
│ null_count ┆ 0      │
│ min        ┆ 01     │
│ max        ┆ 37     │
└────────────┴────────┘
2025-10-27 20:50:55 | INFO     | 


----------------------------------------------------------------------------------------------------

2025-10-27 20:50:55 | INFO     | [6/47] Processing NSS_Region
2025-10-27 20:50:55 | INFO     |  === NSS_Region Summary === 
2025-10-27 20:50:55 | INFO     | Data type: String
2025-10-27 20:50:55 | INFO     | Duplicates: 523906
2025-10-27 20:50:55 | INFO     | Missing Values: 0
2025-10-27 20:50:55 | INFO     | unique Values: 87
2025-10-27 20:50:55 | INFO     | Top Value: 093
2025-10-27 20:50:55 | INFO     | 
shape: (4, 2)
┌────────────┬────────┐
│ statistic  ┆ value  │
│ ---        ┆ ---    │
│ str        ┆ str    │
╞════════════╪════════╡
│ count      ┆ 523906 │
│ null_count ┆ 0      │
│ min        ┆ 011    │
│ max        ┆ 371    │
└────────────┴────────┘
2025-10-27 20:50:55 | INFO     | 


----------------------------------------------------------------------------------------------------

2025-10-27 20:50:55 | INFO     | [7/47] Processing District
2025-10-27 20:50:55 | INFO     |  === District Summary === 
2025-10-27 20:50:55 | INFO     | Data type: String
2025-10-27 20:50:55 | INFO     | Duplicates: 523906
2025-10-27 20:50:55 | INFO     | Missing Values: 0
2025-10-27 20:50:55 | INFO     | unique Values: 71
2025-10-27 20:50:55 | INFO     | Top Value: 07
2025-10-27 20:50:55 | INFO     | 
shape: (4, 2)
┌────────────┬────────┐
│ statistic  ┆ value  │
│ ---        ┆ ---    │
│ str        ┆ str    │
╞════════════╪════════╡
│ count      ┆ 523906 │
│ null_count ┆ 0      │
│ min        ┆ 01     │
│ max        ┆ 71     │
└────────────┴────────┘
2025-10-27 20:50:55 | INFO     | 


----------------------------------------------------------------------------------------------------

2025-10-27 20:50:55 | INFO     | [8/47] Processing Stratum
2025-10-27 20:50:55 | INFO     |  === Stratum Summary === 
2025-10-27 20:50:55 | INFO     | Data type: String
2025-10-27 20:50:55 | INFO     | Duplicates: 523906
2025-10-27 20:50:55 | INFO     | Missing Values: 0
2025-10-27 20:50:55 | INFO     | unique Values: 28
2025-10-27 20:50:55 | INFO     | Top Value: 23
2025-10-27 20:50:55 | INFO     | 
shape: (4, 2)
┌────────────┬────────┐
│ statistic  ┆ value  │
│ ---        ┆ ---    │
│ str        ┆ str    │
╞════════════╪════════╡
│ count      ┆ 523906 │
│ null_count ┆ 0      │
│ min        ┆ 11     │
│ max        ┆ 99     │
└────────────┴────────┘
2025-10-27 20:50:55 | INFO     | 


----------------------------------------------------------------------------------------------------

2025-10-27 20:50:55 | INFO     | [9/47] Processing Sub_stratum
2025-10-27 20:50:55 | INFO     |  === Sub_stratum Summary === 
2025-10-27 20:50:55 | INFO     | Data type: String
2025-10-27 20:50:55 | INFO     | Duplicates: 523906
2025-10-27 20:50:55 | INFO     | Missing Values: 0
2025-10-27 20:50:55 | INFO     | unique Values: 48
2025-10-27 20:50:55 | INFO     | Top Value: 01
2025-10-27 20:50:55 | INFO     | 
shape: (4, 2)
┌────────────┬────────┐
│ statistic  ┆ value  │
│ ---        ┆ ---    │
│ str        ┆ str    │
╞════════════╪════════╡
│ count      ┆ 523906 │
│ null_count ┆ 0      │
│ min        ┆ 01     │
│ max        ┆ 48     │
└────────────┴────────┘
2025-10-27 20:50:55 | INFO     | 


----------------------------------------------------------------------------------------------------

2025-10-27 20:50:55 | INFO     | [10/47] Processing Panel
2025-10-27 20:50:55 | INFO     |  === Panel Summary === 
2025-10-27 20:50:55 | INFO     | Data type: String
2025-10-27 20:50:55 | INFO     | Duplicates: 523906
2025-10-27 20:50:55 | INFO     | Missing Values: 0
2025-10-27 20:50:55 | INFO     | unique Values: 10
2025-10-27 20:50:55 | INFO     | Top Value: 5
2025-10-27 20:50:55 | INFO     | 
shape: (4, 2)
┌────────────┬────────┐
│ statistic  ┆ value  │
│ ---        ┆ ---    │
│ str        ┆ str    │
╞════════════╪════════╡
│ count      ┆ 523906 │
│ null_count ┆ 0      │
│ min        ┆ 1      │
│ max        ┆ 9      │
└────────────┴────────┘
2025-10-27 20:50:55 | INFO     | 


----------------------------------------------------------------------------------------------------

2025-10-27 20:50:55 | INFO     | [11/47] Processing Sub_sample
2025-10-27 20:50:55 | INFO     |  === Sub_sample Summary === 
2025-10-27 20:50:55 | INFO     | Data type: String
2025-10-27 20:50:55 | INFO     | Duplicates: 523906
2025-10-27 20:50:55 | INFO     | Missing Values: 0
2025-10-27 20:50:55 | INFO     | unique Values: 2
2025-10-27 20:50:55 | INFO     | Top Value: 2
2025-10-27 20:50:55 | INFO     | 
shape: (4, 2)
┌────────────┬────────┐
│ statistic  ┆ value  │
│ ---        ┆ ---    │
│ str        ┆ str    │
╞════════════╪════════╡
│ count      ┆ 523906 │
│ null_count ┆ 0      │
│ min        ┆ 1      │
│ max        ┆ 2      │
└────────────┴────────┘
2025-10-27 20:50:55 | INFO     | 


----------------------------------------------------------------------------------------------------

2025-10-27 20:50:55 | INFO     | [12/47] Processing FOD_Sub_Region
2025-10-27 20:50:55 | INFO     |  === FOD_Sub_Region Summary === 
2025-10-27 20:50:55 | INFO     | Data type: String
2025-10-27 20:50:55 | INFO     | Duplicates: 523906
2025-10-27 20:50:55 | INFO     | Missing Values: 0
2025-10-27 20:50:55 | INFO     | unique Values: 169
2025-10-27 20:50:55 | INFO     | Top Value: 1610
2025-10-27 20:50:55 | INFO     | 
shape: (4, 2)
┌────────────┬────────┐
│ statistic  ┆ value  │
│ ---        ┆ ---    │
│ str        ┆ str    │
╞════════════╪════════╡
│ count      ┆ 523906 │
│ null_count ┆ 0      │
│ min        ┆ 0110   │
│ max        ┆ 3613   │
└────────────┴────────┘
2025-10-27 20:50:55 | INFO     | 


----------------------------------------------------------------------------------------------------

2025-10-27 20:50:55 | INFO     | [13/47] Processing Sample_SU_No
2025-10-27 20:50:55 | INFO     |  === Sample_SU_No Summary === 
2025-10-27 20:50:55 | INFO     | Data type: String
2025-10-27 20:50:55 | INFO     | Duplicates: 523906
2025-10-27 20:50:55 | INFO     | Missing Values: 0
2025-10-27 20:50:55 | INFO     | unique Values: 32
2025-10-27 20:50:55 | INFO     | Top Value: 1
2025-10-27 20:50:55 | INFO     | 
shape: (4, 2)
┌────────────┬────────┐
│ statistic  ┆ value  │
│ ---        ┆ ---    │
│ str        ┆ str    │
╞════════════╪════════╡
│ count      ┆ 523906 │
│ null_count ┆ 0      │
│ min        ┆ 1      │
│ max        ┆ 9      │
└────────────┴────────┘
2025-10-27 20:50:55 | INFO     | 


----------------------------------------------------------------------------------------------------

2025-10-27 20:50:55 | INFO     | [14/47] Processing Sample_Sub_Division_No
2025-10-27 20:50:55 | INFO     |  === Sample_Sub_Division_No Summary === 
2025-10-27 20:50:55 | INFO     | Data type: String
2025-10-27 20:50:55 | INFO     | Duplicates: 523906
2025-10-27 20:50:55 | INFO     | Missing Values: 0
2025-10-27 20:50:55 | INFO     | unique Values: 7
2025-10-27 20:50:55 | INFO     | Top Value: 
2025-10-27 20:50:55 | INFO     | 
shape: (4, 2)
┌────────────┬────────┐
│ statistic  ┆ value  │
│ ---        ┆ ---    │
│ str        ┆ str    │
╞════════════╪════════╡
│ count      ┆ 523906 │
│ null_count ┆ 0      │
│ min        ┆        │
│ max        ┆ 6      │
└────────────┴────────┘
2025-10-27 20:50:55 | INFO     | 


----------------------------------------------------------------------------------------------------

2025-10-27 20:50:55 | INFO     | [15/47] Processing Second_Stage_Stratum_No
2025-10-27 20:50:55 | INFO     |  === Second_Stage_Stratum_No Summary === 
2025-10-27 20:50:55 | INFO     | Data type: String
2025-10-27 20:50:55 | INFO     | Duplicates: 523906
2025-10-27 20:50:55 | INFO     | Missing Values: 0
2025-10-27 20:50:55 | INFO     | unique Values: 3
2025-10-27 20:50:55 | INFO     | Top Value: 3
2025-10-27 20:50:55 | INFO     | 
shape: (4, 2)
┌────────────┬────────┐
│ statistic  ┆ value  │
│ ---        ┆ ---    │
│ str        ┆ str    │
╞════════════╪════════╡
│ count      ┆ 523906 │
│ null_count ┆ 0      │
│ min        ┆ 1      │
│ max        ┆ 3      │
└────────────┴────────┘
2025-10-27 20:50:55 | INFO     | 


----------------------------------------------------------------------------------------------------

2025-10-27 20:50:55 | INFO     | [16/47] Processing Sample_Household_No
2025-10-27 20:50:55 | INFO     |  === Sample_Household_No Summary === 
2025-10-27 20:50:55 | INFO     | Data type: String
2025-10-27 20:50:55 | INFO     | Duplicates: 523906
2025-10-27 20:50:55 | INFO     | Missing Values: 0
2025-10-27 20:50:55 | INFO     | unique Values: 18
2025-10-27 20:50:55 | INFO     | Top Value: 01
2025-10-27 20:50:55 | INFO     | 
shape: (4, 2)
┌────────────┬────────┐
│ statistic  ┆ value  │
│ ---        ┆ ---    │
│ str        ┆ str    │
╞════════════╪════════╡
│ count      ┆ 523906 │
│ null_count ┆ 0      │
│ min        ┆ 01     │
│ max        ┆ 18     │
└────────────┴────────┘
2025-10-27 20:50:55 | INFO     | 


----------------------------------------------------------------------------------------------------

2025-10-27 20:50:55 | INFO     | [17/47] Processing Questionnaire_No
2025-10-27 20:50:55 | INFO     |  === Questionnaire_No Summary === 
2025-10-27 20:50:56 | INFO     | Data type: String
2025-10-27 20:50:56 | INFO     | Duplicates: 523906
2025-10-27 20:50:56 | INFO     | Missing Values: 0
2025-10-27 20:50:56 | INFO     | unique Values: 1
2025-10-27 20:50:56 | INFO     | Top Value: C
2025-10-27 20:50:56 | INFO     | 
shape: (4, 2)
┌────────────┬────────┐
│ statistic  ┆ value  │
│ ---        ┆ ---    │
│ str        ┆ str    │
╞════════════╪════════╡
│ count      ┆ 523906 │
│ null_count ┆ 0      │
│ min        ┆ C      │
│ max        ┆ C      │
└────────────┴────────┘
2025-10-27 20:50:56 | INFO     | 


----------------------------------------------------------------------------------------------------

2025-10-27 20:50:56 | INFO     | [18/47] Processing Level
2025-10-27 20:50:56 | INFO     |  === Level Summary === 
2025-10-27 20:50:56 | INFO     | Data type: String
2025-10-27 20:50:56 | INFO     | Duplicates: 523906
2025-10-27 20:50:56 | INFO     | Missing Values: 0
2025-10-27 20:50:56 | INFO     | unique Values: 1
2025-10-27 20:50:56 | INFO     | Top Value: 07
2025-10-27 20:50:56 | INFO     | 
shape: (4, 2)
┌────────────┬────────┐
│ statistic  ┆ value  │
│ ---        ┆ ---    │
│ str        ┆ str    │
╞════════════╪════════╡
│ count      ┆ 523906 │
│ null_count ┆ 0      │
│ min        ┆ 07     │
│ max        ┆ 07     │
└────────────┴────────┘
2025-10-27 20:50:56 | INFO     | 


----------------------------------------------------------------------------------------------------

2025-10-27 20:50:56 | INFO     | [19/47] Processing Kerosene_ration_card
2025-10-27 20:50:56 | INFO     |  === Kerosene_ration_card Summary === 
2025-10-27 20:50:56 | INFO     | Data type: String
2025-10-27 20:50:56 | INFO     | Duplicates: 523906
2025-10-27 20:50:56 | INFO     | Missing Values: 0
2025-10-27 20:50:56 | INFO     | unique Values: 2
2025-10-27 20:50:56 | INFO     | Top Value: 2
2025-10-27 20:50:56 | INFO     | 
shape: (4, 2)
┌────────────┬────────┐
│ statistic  ┆ value  │
│ ---        ┆ ---    │
│ str        ┆ str    │
╞════════════╪════════╡
│ count      ┆ 523906 │
│ null_count ┆ 0      │
│ min        ┆ 1      │
│ max        ┆ 2      │
└────────────┴────────┘
2025-10-27 20:50:56 | INFO     | 


----------------------------------------------------------------------------------------------------

2025-10-27 20:50:56 | INFO     | [20/47] Processing LPG_subsidy_received
2025-10-27 20:50:56 | INFO     |  === LPG_subsidy_received Summary === 
2025-10-27 20:50:56 | INFO     | Data type: String
2025-10-27 20:50:56 | INFO     | Duplicates: 523906
2025-10-27 20:50:56 | INFO     | Missing Values: 0
2025-10-27 20:50:56 | INFO     | unique Values: 2
2025-10-27 20:50:56 | INFO     | Top Value: 2
2025-10-27 20:50:56 | INFO     | 
shape: (4, 2)
┌────────────┬────────┐
│ statistic  ┆ value  │
│ ---        ┆ ---    │
│ str        ┆ str    │
╞════════════╪════════╡
│ count      ┆ 523906 │
│ null_count ┆ 0      │
│ min        ┆ 1      │
│ max        ┆ 2      │
└────────────┴────────┘
2025-10-27 20:50:56 | INFO     | 


----------------------------------------------------------------------------------------------------

2025-10-27 20:50:56 | INFO     | [21/47] Processing LPG_subsidized_cylinders
2025-10-27 20:50:56 | INFO     |  === LPG_subsidized_cylinders Summary === 
2025-10-27 20:50:56 | INFO     | Data type: String
2025-10-27 20:50:56 | INFO     | Duplicates: 523906
2025-10-27 20:50:56 | INFO     | Missing Values: 0
2025-10-27 20:50:56 | INFO     | unique Values: 7
2025-10-27 20:50:56 | INFO     | Top Value: 
2025-10-27 20:50:56 | INFO     | 
shape: (4, 2)
┌────────────┬────────┐
│ statistic  ┆ value  │
│ ---        ┆ ---    │
│ str        ┆ str    │
╞════════════╪════════╡
│ count      ┆ 523906 │
│ null_count ┆ 0      │
│ min        ┆        │
│ max        ┆ 3      │
└────────────┴────────┘
2025-10-27 20:50:56 | INFO     | 


----------------------------------------------------------------------------------------------------

2025-10-27 20:50:56 | INFO     | [22/47] Processing Free_electricity
2025-10-27 20:50:56 | INFO     |  === Free_electricity Summary === 
2025-10-27 20:50:56 | INFO     | Data type: String
2025-10-27 20:50:56 | INFO     | Duplicates: 523906
2025-10-27 20:50:56 | INFO     | Missing Values: 0
2025-10-27 20:50:56 | INFO     | unique Values: 2
2025-10-27 20:50:56 | INFO     | Top Value: 2
2025-10-27 20:50:56 | INFO     | 
shape: (4, 2)
┌────────────┬────────┐
│ statistic  ┆ value  │
│ ---        ┆ ---    │
│ str        ┆ str    │
╞════════════╪════════╡
│ count      ┆ 523906 │
│ null_count ┆ 0      │
│ min        ┆ 1      │
│ max        ┆ 2      │
└────────────┴────────┘
2025-10-27 20:50:56 | INFO     | 


----------------------------------------------------------------------------------------------------

2025-10-27 20:50:56 | INFO     | [23/47] Processing Any_member_attended_school
2025-10-27 20:50:56 | INFO     |  === Any_member_attended_school Summary === 
2025-10-27 20:50:56 | INFO     | Data type: String
2025-10-27 20:50:56 | INFO     | Duplicates: 523906
2025-10-27 20:50:56 | INFO     | Missing Values: 0
2025-10-27 20:50:56 | INFO     | unique Values: 2
2025-10-27 20:50:56 | INFO     | Top Value: 1
2025-10-27 20:50:56 | INFO     | 
shape: (4, 2)
┌────────────┬────────┐
│ statistic  ┆ value  │
│ ---        ┆ ---    │
│ str        ┆ str    │
╞════════════╪════════╡
│ count      ┆ 523906 │
│ null_count ┆ 0      │
│ min        ┆ 1      │
│ max        ┆ 2      │
└────────────┴────────┘
2025-10-27 20:50:56 | INFO     | 


----------------------------------------------------------------------------------------------------

2025-10-27 20:50:56 | INFO     | [24/47] Processing Num_govt_school_attended
2025-10-27 20:50:56 | INFO     |  === Num_govt_school_attended Summary === 
2025-10-27 20:50:56 | INFO     | Data type: Float64
2025-10-27 20:50:56 | INFO     | Duplicates: 523906
2025-10-27 20:50:56 | INFO     | Missing Values: 303760
2025-10-27 20:50:56 | INFO     | unique Values: 11
2025-10-27 20:50:56 | INFO     | Top Value: None
2025-10-27 20:50:56 | INFO     | 
shape: (9, 2)
┌────────────┬──────────┐
│ statistic  ┆ value    │
│ ---        ┆ ---      │
│ str        ┆ f64      │
╞════════════╪══════════╡
│ count      ┆ 220146.0 │
│ null_count ┆ 303760.0 │
│ mean       ┆ 1.301137 │
│ std        ┆ 1.069572 │
│ min        ┆ 0.0      │
│ 25%        ┆ 0.0      │
│ 50%        ┆ 1.0      │
│ 75%        ┆ 2.0      │
│ max        ┆ 9.0      │
└────────────┴──────────┘
2025-10-27 20:50:56 | INFO     | 


----------------------------------------------------------------------------------------------------

2025-10-27 20:50:56 | INFO     | [25/47] Processing Num_private_school_attended
2025-10-27 20:50:56 | INFO     |  === Num_private_school_attended Summary === 
2025-10-27 20:50:56 | INFO     | Data type: Float64
2025-10-27 20:50:56 | INFO     | Duplicates: 523906
2025-10-27 20:50:56 | INFO     | Missing Values: 317566
2025-10-27 20:50:56 | INFO     | unique Values: 13
2025-10-27 20:50:56 | INFO     | Top Value: None
2025-10-27 20:50:56 | INFO     | 
shape: (9, 2)
┌────────────┬──────────┐
│ statistic  ┆ value    │
│ ---        ┆ ---      │
│ str        ┆ f64      │
╞════════════╪══════════╡
│ count      ┆ 206340.0 │
│ null_count ┆ 317566.0 │
│ mean       ┆ 1.127673 │
│ std        ┆ 0.999558 │
│ min        ┆ 0.0      │
│ 25%        ┆ 0.0      │
│ 50%        ┆ 1.0      │
│ 75%        ┆ 2.0      │
│ max        ┆ 12.0     │
└────────────┴──────────┘
2025-10-27 20:50:56 | INFO     | 


----------------------------------------------------------------------------------------------------

2025-10-27 20:50:56 | INFO     | [26/47] Processing Free_textbooks_received
2025-10-27 20:50:56 | INFO     |  === Free_textbooks_received Summary === 
2025-10-27 20:50:56 | INFO     | Data type: String
2025-10-27 20:50:56 | INFO     | Duplicates: 523906
2025-10-27 20:50:56 | INFO     | Missing Values: 0
2025-10-27 20:50:56 | INFO     | unique Values: 2
2025-10-27 20:50:56 | INFO     | Top Value: 
2025-10-27 20:50:56 | INFO     | 
shape: (4, 2)
┌────────────┬────────┐
│ statistic  ┆ value  │
│ ---        ┆ ---    │
│ str        ┆ str    │
╞════════════╪════════╡
│ count      ┆ 523906 │
│ null_count ┆ 0      │
│ min        ┆        │
│ max        ┆ 1      │
└────────────┴────────┘
2025-10-27 20:50:56 | INFO     | 


----------------------------------------------------------------------------------------------------

2025-10-27 20:50:56 | INFO     | [27/47] Processing Total_textbooks
2025-10-27 20:50:56 | INFO     |  === Total_textbooks Summary === 
2025-10-27 20:50:56 | INFO     | Data type: Float64
2025-10-27 20:50:56 | INFO     | Duplicates: 523906
2025-10-27 20:50:56 | INFO     | Missing Values: 415250
2025-10-27 20:50:56 | INFO     | unique Values: 59
2025-10-27 20:50:56 | INFO     | Top Value: None
2025-10-27 20:50:56 | INFO     | 
shape: (9, 2)
┌────────────┬──────────┐
│ statistic  ┆ value    │
│ ---        ┆ ---      │
│ str        ┆ f64      │
╞════════════╪══════════╡
│ count      ┆ 108656.0 │
│ null_count ┆ 415250.0 │
│ mean       ┆ 9.390296 │
│ std        ┆ 5.388385 │
│ min        ┆ 1.0      │
│ 25%        ┆ 6.0      │
│ 50%        ┆ 8.0      │
│ 75%        ┆ 12.0     │
│ max        ┆ 84.0     │
└────────────┴──────────┘
2025-10-27 20:50:56 | INFO     | 


----------------------------------------------------------------------------------------------------

2025-10-27 20:50:56 | INFO     | [28/47] Processing Free_stationery_received
2025-10-27 20:50:56 | INFO     |  === Free_stationery_received Summary === 
2025-10-27 20:50:56 | INFO     | Data type: String
2025-10-27 20:50:56 | INFO     | Duplicates: 523906
2025-10-27 20:50:56 | INFO     | Missing Values: 0
2025-10-27 20:50:56 | INFO     | unique Values: 2
2025-10-27 20:50:56 | INFO     | Top Value: 
2025-10-27 20:50:56 | INFO     | 
shape: (4, 2)
┌────────────┬────────┐
│ statistic  ┆ value  │
│ ---        ┆ ---    │
│ str        ┆ str    │
╞════════════╪════════╡
│ count      ┆ 523906 │
│ null_count ┆ 0      │
│ min        ┆        │
│ max        ┆ 1      │
└────────────┴────────┘
2025-10-27 20:50:56 | INFO     | 


----------------------------------------------------------------------------------------------------

2025-10-27 20:50:56 | INFO     | [29/47] Processing Total_stationery
2025-10-27 20:50:56 | INFO     |  === Total_stationery Summary === 
2025-10-27 20:50:56 | INFO     | Data type: Float64
2025-10-27 20:50:56 | INFO     | Duplicates: 523906
2025-10-27 20:50:56 | INFO     | Missing Values: 500866
2025-10-27 20:50:56 | INFO     | unique Values: 43
2025-10-27 20:50:56 | INFO     | Top Value: None
2025-10-27 20:50:56 | INFO     | 
shape: (9, 2)
┌────────────┬──────────┐
│ statistic  ┆ value    │
│ ---        ┆ ---      │
│ str        ┆ f64      │
╞════════════╪══════════╡
│ count      ┆ 23040.0  │
│ null_count ┆ 500866.0 │
│ mean       ┆ 6.120399 │
│ std        ┆ 5.356625 │
│ min        ┆ 1.0      │
│ 25%        ┆ 3.0      │
│ 50%        ┆ 4.0      │
│ 75%        ┆ 8.0      │
│ max        ┆ 50.0     │
└────────────┴──────────┘
2025-10-27 20:50:56 | INFO     | 


----------------------------------------------------------------------------------------------------

2025-10-27 20:50:56 | INFO     | [30/47] Processing Free_school_bag_received
2025-10-27 20:50:56 | INFO     |  === Free_school_bag_received Summary === 
2025-10-27 20:50:56 | INFO     | Data type: String
2025-10-27 20:50:56 | INFO     | Duplicates: 523906
2025-10-27 20:50:56 | INFO     | Missing Values: 0
2025-10-27 20:50:56 | INFO     | unique Values: 2
2025-10-27 20:50:56 | INFO     | Top Value: 
2025-10-27 20:50:56 | INFO     | 
shape: (4, 2)
┌────────────┬────────┐
│ statistic  ┆ value  │
│ ---        ┆ ---    │
│ str        ┆ str    │
╞════════════╪════════╡
│ count      ┆ 523906 │
│ null_count ┆ 0      │
│ min        ┆        │
│ max        ┆ 1      │
└────────────┴────────┘
2025-10-27 20:50:56 | INFO     | 


----------------------------------------------------------------------------------------------------

2025-10-27 20:50:56 | INFO     | [31/47] Processing Total_school_bags
2025-10-27 20:50:56 | INFO     |  === Total_school_bags Summary === 
2025-10-27 20:50:56 | INFO     | Data type: Float64
2025-10-27 20:50:56 | INFO     | Duplicates: 523906
2025-10-27 20:50:56 | INFO     | Missing Values: 499202
2025-10-27 20:50:56 | INFO     | unique Values: 10
2025-10-27 20:50:56 | INFO     | Top Value: None
2025-10-27 20:50:56 | INFO     | 
shape: (9, 2)
┌────────────┬──────────┐
│ statistic  ┆ value    │
│ ---        ┆ ---      │
│ str        ┆ f64      │
╞════════════╪══════════╡
│ count      ┆ 24704.0  │
│ null_count ┆ 499202.0 │
│ mean       ┆ 1.595531 │
│ std        ┆ 0.777225 │
│ min        ┆ 1.0      │
│ 25%        ┆ 1.0      │
│ 50%        ┆ 1.0      │
│ 75%        ┆ 2.0      │
│ max        ┆ 10.0     │
└────────────┴──────────┘
2025-10-27 20:50:56 | INFO     | 


----------------------------------------------------------------------------------------------------

2025-10-27 20:50:56 | INFO     | [32/47] Processing Free_other_items_received
2025-10-27 20:50:56 | INFO     |  === Free_other_items_received Summary === 
2025-10-27 20:50:57 | INFO     | Data type: String
2025-10-27 20:50:57 | INFO     | Duplicates: 523906
2025-10-27 20:50:57 | INFO     | Missing Values: 0
2025-10-27 20:50:57 | INFO     | unique Values: 2
2025-10-27 20:50:57 | INFO     | Top Value: 
2025-10-27 20:50:57 | INFO     | 
shape: (4, 2)
┌────────────┬────────┐
│ statistic  ┆ value  │
│ ---        ┆ ---    │
│ str        ┆ str    │
╞════════════╪════════╡
│ count      ┆ 523906 │
│ null_count ┆ 0      │
│ min        ┆        │
│ max        ┆ 1      │
└────────────┴────────┘
2025-10-27 20:50:57 | INFO     | 


----------------------------------------------------------------------------------------------------

2025-10-27 20:50:57 | INFO     | [33/47] Processing Total_other_items
2025-10-27 20:50:57 | INFO     |  === Total_other_items Summary === 
2025-10-27 20:50:57 | INFO     | Data type: Float64
2025-10-27 20:50:57 | INFO     | Duplicates: 523906
2025-10-27 20:50:57 | INFO     | Missing Values: 497048
2025-10-27 20:50:57 | INFO     | unique Values: 33
2025-10-27 20:50:57 | INFO     | Top Value: None
2025-10-27 20:50:57 | INFO     | 
shape: (9, 2)
┌────────────┬──────────┐
│ statistic  ┆ value    │
│ ---        ┆ ---      │
│ str        ┆ f64      │
╞════════════╪══════════╡
│ count      ┆ 26858.0  │
│ null_count ┆ 497048.0 │
│ mean       ┆ 2.884504 │
│ std        ┆ 2.951695 │
│ min        ┆ 1.0      │
│ 25%        ┆ 1.0      │
│ 50%        ┆ 2.0      │
│ 75%        ┆ 4.0      │
│ max        ┆ 50.0     │
└────────────┴──────────┘
2025-10-27 20:50:57 | INFO     | 


----------------------------------------------------------------------------------------------------

2025-10-27 20:50:57 | INFO     | [34/47] Processing Fee_waiver_received
2025-10-27 20:50:57 | INFO     |  === Fee_waiver_received Summary === 
2025-10-27 20:50:57 | INFO     | Data type: String
2025-10-27 20:50:57 | INFO     | Duplicates: 523906
2025-10-27 20:50:57 | INFO     | Missing Values: 0
2025-10-27 20:50:57 | INFO     | unique Values: 3
2025-10-27 20:50:57 | INFO     | Top Value: 2
2025-10-27 20:50:57 | INFO     | 
shape: (4, 2)
┌────────────┬────────┐
│ statistic  ┆ value  │
│ ---        ┆ ---    │
│ str        ┆ str    │
╞════════════╪════════╡
│ count      ┆ 523906 │
│ null_count ┆ 0      │
│ min        ┆        │
│ max        ┆ 2      │
└────────────┴────────┘
2025-10-27 20:50:57 | INFO     | 


----------------------------------------------------------------------------------------------------

2025-10-27 20:50:57 | INFO     | [35/47] Processing Num_fee_waiver_received
2025-10-27 20:50:57 | INFO     |  === Num_fee_waiver_received Summary === 
2025-10-27 20:50:57 | INFO     | Data type: Float64
2025-10-27 20:50:57 | INFO     | Duplicates: 523906
2025-10-27 20:50:57 | INFO     | Missing Values: 490750
2025-10-27 20:50:57 | INFO     | unique Values: 10
2025-10-27 20:50:57 | INFO     | Top Value: None
2025-10-27 20:50:57 | INFO     | 
shape: (9, 2)
┌────────────┬──────────┐
│ statistic  ┆ value    │
│ ---        ┆ ---      │
│ str        ┆ f64      │
╞════════════╪══════════╡
│ count      ┆ 33156.0  │
│ null_count ┆ 490750.0 │
│ mean       ┆ 1.614429 │
│ std        ┆ 0.802027 │
│ min        ┆ 1.0      │
│ 25%        ┆ 1.0      │
│ 50%        ┆ 1.0      │
│ 75%        ┆ 2.0      │
│ max        ┆ 9.0      │
└────────────┴──────────┘
2025-10-27 20:50:57 | INFO     | 


----------------------------------------------------------------------------------------------------

2025-10-27 20:50:57 | INFO     | [36/47] Processing Ayushman_beneficiary
2025-10-27 20:50:57 | INFO     |  === Ayushman_beneficiary Summary === 
2025-10-27 20:50:57 | INFO     | Data type: String
2025-10-27 20:50:57 | INFO     | Duplicates: 523906
2025-10-27 20:50:57 | INFO     | Missing Values: 0
2025-10-27 20:50:57 | INFO     | unique Values: 2
2025-10-27 20:50:57 | INFO     | Top Value: 2
2025-10-27 20:50:57 | INFO     | 
shape: (4, 2)
┌────────────┬────────┐
│ statistic  ┆ value  │
│ ---        ┆ ---    │
│ str        ┆ str    │
╞════════════╪════════╡
│ count      ┆ 523906 │
│ null_count ┆ 0      │
│ min        ┆ 1      │
│ max        ┆ 2      │
└────────────┴────────┘
2025-10-27 20:50:57 | INFO     | 


----------------------------------------------------------------------------------------------------

2025-10-27 20:50:57 | INFO     | [37/47] Processing Num_ayushman_beneficiaries
2025-10-27 20:50:57 | INFO     |  === Num_ayushman_beneficiaries Summary === 
2025-10-27 20:50:57 | INFO     | Data type: Float64
2025-10-27 20:50:57 | INFO     | Duplicates: 523906
2025-10-27 20:50:57 | INFO     | Missing Values: 351568
2025-10-27 20:50:57 | INFO     | unique Values: 19
2025-10-27 20:50:57 | INFO     | Top Value: None
2025-10-27 20:50:57 | INFO     | 
shape: (9, 2)
┌────────────┬──────────┐
│ statistic  ┆ value    │
│ ---        ┆ ---      │
│ str        ┆ f64      │
╞════════════╪══════════╡
│ count      ┆ 172338.0 │
│ null_count ┆ 351568.0 │
│ mean       ┆ 3.314405 │
│ std        ┆ 1.652805 │
│ min        ┆ 1.0      │
│ 25%        ┆ 2.0      │
│ 50%        ┆ 3.0      │
│ 75%        ┆ 4.0      │
│ max        ┆ 20.0     │
└────────────┴──────────┘
2025-10-27 20:50:57 | INFO     | 


----------------------------------------------------------------------------------------------------

2025-10-27 20:50:57 | INFO     | [38/47] Processing Hospitalization_case
2025-10-27 20:50:57 | INFO     |  === Hospitalization_case Summary === 
2025-10-27 20:50:57 | INFO     | Data type: String
2025-10-27 20:50:57 | INFO     | Duplicates: 523906
2025-10-27 20:50:57 | INFO     | Missing Values: 0
2025-10-27 20:50:57 | INFO     | unique Values: 4
2025-10-27 20:50:57 | INFO     | Top Value: 4
2025-10-27 20:50:57 | INFO     | 
shape: (4, 2)
┌────────────┬────────┐
│ statistic  ┆ value  │
│ ---        ┆ ---    │
│ str        ┆ str    │
╞════════════╪════════╡
│ count      ┆ 523906 │
│ null_count ┆ 0      │
│ min        ┆ 1      │
│ max        ┆ 4      │
└────────────┴────────┘
2025-10-27 20:50:57 | INFO     | 


----------------------------------------------------------------------------------------------------

2025-10-27 20:50:57 | INFO     | [39/47] Processing Medical_benefit_received
2025-10-27 20:50:57 | INFO     |  === Medical_benefit_received Summary === 
2025-10-27 20:50:57 | INFO     | Data type: String
2025-10-27 20:50:57 | INFO     | Duplicates: 523906
2025-10-27 20:50:57 | INFO     | Missing Values: 0
2025-10-27 20:50:57 | INFO     | unique Values: 3
2025-10-27 20:50:57 | INFO     | Top Value: 
2025-10-27 20:50:57 | INFO     | 
shape: (4, 2)
┌────────────┬────────┐
│ statistic  ┆ value  │
│ ---        ┆ ---    │
│ str        ┆ str    │
╞════════════╪════════╡
│ count      ┆ 523906 │
│ null_count ┆ 0      │
│ min        ┆        │
│ max        ┆ 2      │
└────────────┴────────┘
2025-10-27 20:50:57 | INFO     | 


----------------------------------------------------------------------------------------------------

2025-10-27 20:50:57 | INFO     | [40/47] Processing Num_medical_beneficiaries
2025-10-27 20:50:57 | INFO     |  === Num_medical_beneficiaries Summary === 
2025-10-27 20:50:57 | INFO     | Data type: Float64
2025-10-27 20:50:57 | INFO     | Duplicates: 523906
2025-10-27 20:50:57 | INFO     | Missing Values: 514570
2025-10-27 20:50:57 | INFO     | unique Values: 10
2025-10-27 20:50:57 | INFO     | Top Value: None
2025-10-27 20:50:57 | INFO     | 
shape: (9, 2)
┌────────────┬──────────┐
│ statistic  ┆ value    │
│ ---        ┆ ---      │
│ str        ┆ f64      │
╞════════════╪══════════╡
│ count      ┆ 9336.0   │
│ null_count ┆ 514570.0 │
│ mean       ┆ 1.076692 │
│ std        ┆ 0.424868 │
│ min        ┆ 1.0      │
│ 25%        ┆ 1.0      │
│ 50%        ┆ 1.0      │
│ 75%        ┆ 1.0      │
│ max        ┆ 9.0      │
└────────────┴──────────┘
2025-10-27 20:50:57 | INFO     | 


----------------------------------------------------------------------------------------------------

2025-10-27 20:50:57 | INFO     | [41/47] Processing Medical_benefit_amount
2025-10-27 20:50:57 | INFO     |  === Medical_benefit_amount Summary === 
2025-10-27 20:50:57 | INFO     | Data type: Float64
2025-10-27 20:50:57 | INFO     | Duplicates: 523906
2025-10-27 20:50:57 | INFO     | Missing Values: 514570
2025-10-27 20:50:57 | INFO     | unique Values: 549
2025-10-27 20:50:57 | INFO     | Top Value: None
2025-10-27 20:50:57 | INFO     | 
shape: (9, 2)
┌────────────┬──────────────┐
│ statistic  ┆ value        │
│ ---        ┆ ---          │
│ str        ┆ f64          │
╞════════════╪══════════════╡
│ count      ┆ 9336.0       │
│ null_count ┆ 514570.0     │
│ mean       ┆ 28576.167952 │
│ std        ┆ 54936.122846 │
│ min        ┆ 0.0          │
│ 25%        ┆ 4500.0       │
│ 50%        ┆ 12500.0      │
│ 75%        ┆ 30000.0      │
│ max        ┆ 1e6          │
└────────────┴──────────────┘
2025-10-27 20:50:57 | INFO     | 


----------------------------------------------------------------------------------------------------

2025-10-27 20:50:57 | INFO     | [42/47] Processing Online_purchase_fuel_light
2025-10-27 20:50:57 | INFO     |  === Online_purchase_fuel_light Summary === 
2025-10-27 20:50:57 | INFO     | Data type: Float64
2025-10-27 20:50:57 | INFO     | Duplicates: 523906
2025-10-27 20:50:57 | INFO     | Missing Values: 436390
2025-10-27 20:50:57 | INFO     | unique Values: 2
2025-10-27 20:50:57 | INFO     | Top Value: None
2025-10-27 20:50:57 | INFO     | 
shape: (9, 2)
┌────────────┬──────────┐
│ statistic  ┆ value    │
│ ---        ┆ ---      │
│ str        ┆ f64      │
╞════════════╪══════════╡
│ count      ┆ 87516.0  │
│ null_count ┆ 436390.0 │
│ mean       ┆ 1.0      │
│ std        ┆ 0.0      │
│ min        ┆ 1.0      │
│ 25%        ┆ 1.0      │
│ 50%        ┆ 1.0      │
│ 75%        ┆ 1.0      │
│ max        ┆ 1.0      │
└────────────┴──────────┘
2025-10-27 20:50:57 | INFO     | 


----------------------------------------------------------------------------------------------------

2025-10-27 20:50:57 | INFO     | [43/47] Processing Online_purchase_toilet_articles
2025-10-27 20:50:57 | INFO     |  === Online_purchase_toilet_articles Summary === 
2025-10-27 20:50:57 | INFO     | Data type: Float64
2025-10-27 20:50:57 | INFO     | Duplicates: 523906
2025-10-27 20:50:57 | INFO     | Missing Values: 508418
2025-10-27 20:50:57 | INFO     | unique Values: 2
2025-10-27 20:50:57 | INFO     | Top Value: None
2025-10-27 20:50:57 | INFO     | 
shape: (9, 2)
┌────────────┬──────────┐
│ statistic  ┆ value    │
│ ---        ┆ ---      │
│ str        ┆ f64      │
╞════════════╪══════════╡
│ count      ┆ 15488.0  │
│ null_count ┆ 508418.0 │
│ mean       ┆ 1.0      │
│ std        ┆ 0.0      │
│ min        ┆ 1.0      │
│ 25%        ┆ 1.0      │
│ 50%        ┆ 1.0      │
│ 75%        ┆ 1.0      │
│ max        ┆ 1.0      │
└────────────┴──────────┘
2025-10-27 20:50:57 | INFO     | 


----------------------------------------------------------------------------------------------------

2025-10-27 20:50:57 | INFO     | [44/47] Processing Online_purchase_education
2025-10-27 20:50:57 | INFO     |  === Online_purchase_education Summary === 
2025-10-27 20:50:57 | INFO     | Data type: Float64
2025-10-27 20:50:57 | INFO     | Duplicates: 523906
2025-10-27 20:50:57 | INFO     | Missing Values: 514706
2025-10-27 20:50:57 | INFO     | unique Values: 2
2025-10-27 20:50:57 | INFO     | Top Value: None
2025-10-27 20:50:57 | INFO     | 
shape: (9, 2)
┌────────────┬──────────┐
│ statistic  ┆ value    │
│ ---        ┆ ---      │
│ str        ┆ f64      │
╞════════════╪══════════╡
│ count      ┆ 9200.0   │
│ null_count ┆ 514706.0 │
│ mean       ┆ 1.0      │
│ std        ┆ 0.0      │
│ min        ┆ 1.0      │
│ 25%        ┆ 1.0      │
│ 50%        ┆ 1.0      │
│ 75%        ┆ 1.0      │
│ max        ┆ 1.0      │
└────────────┴──────────┘
2025-10-27 20:50:57 | INFO     | 


----------------------------------------------------------------------------------------------------

2025-10-27 20:50:57 | INFO     | [45/47] Processing Online_purchase_medicine
2025-10-27 20:50:57 | INFO     |  === Online_purchase_medicine Summary === 
2025-10-27 20:50:57 | INFO     | Data type: Float64
2025-10-27 20:50:57 | INFO     | Duplicates: 523906
2025-10-27 20:50:57 | INFO     | Missing Values: 514604
2025-10-27 20:50:57 | INFO     | unique Values: 2
2025-10-27 20:50:57 | INFO     | Top Value: None
2025-10-27 20:50:57 | INFO     | 
shape: (9, 2)
┌────────────┬──────────┐
│ statistic  ┆ value    │
│ ---        ┆ ---      │
│ str        ┆ f64      │
╞════════════╪══════════╡
│ count      ┆ 9302.0   │
│ null_count ┆ 514604.0 │
│ mean       ┆ 1.0      │
│ std        ┆ 0.0      │
│ min        ┆ 1.0      │
│ 25%        ┆ 1.0      │
│ 50%        ┆ 1.0      │
│ 75%        ┆ 1.0      │
│ max        ┆ 1.0      │
└────────────┴──────────┘
2025-10-27 20:50:57 | INFO     | 


----------------------------------------------------------------------------------------------------

2025-10-27 20:50:57 | INFO     | [46/47] Processing Online_purchase_services
2025-10-27 20:50:57 | INFO     |  === Online_purchase_services Summary === 
2025-10-27 20:50:57 | INFO     | Data type: Float64
2025-10-27 20:50:57 | INFO     | Duplicates: 523906
2025-10-27 20:50:57 | INFO     | Missing Values: 311884
2025-10-27 20:50:57 | INFO     | unique Values: 2
2025-10-27 20:50:57 | INFO     | Top Value: None
2025-10-27 20:50:57 | INFO     | 
shape: (9, 2)
┌────────────┬──────────┐
│ statistic  ┆ value    │
│ ---        ┆ ---      │
│ str        ┆ f64      │
╞════════════╪══════════╡
│ count      ┆ 212022.0 │
│ null_count ┆ 311884.0 │
│ mean       ┆ 1.0      │
│ std        ┆ 0.0      │
│ min        ┆ 1.0      │
│ 25%        ┆ 1.0      │
│ 50%        ┆ 1.0      │
│ 75%        ┆ 1.0      │
│ max        ┆ 1.0      │
└────────────┴──────────┘
2025-10-27 20:50:57 | INFO     | 


----------------------------------------------------------------------------------------------------

2025-10-27 20:50:57 | INFO     | [47/47] Processing Multiplier
2025-10-27 20:50:57 | INFO     |  === Multiplier Summary === 
2025-10-27 20:50:57 | INFO     | Data type: Int64
2025-10-27 20:50:57 | INFO     | Duplicates: 523906
2025-10-27 20:50:57 | INFO     | Missing Values: 0
2025-10-27 20:50:57 | INFO     | unique Values: 23567
2025-10-27 20:50:57 | INFO     | Top Value: 11830
2025-10-27 20:50:57 | INFO     | 
shape: (9, 2)
┌────────────┬───────────────┐
│ statistic  ┆ value         │
│ ---        ┆ ---           │
│ str        ┆ f64           │
╞════════════╪═══════════════╡
│ count      ┆ 523906.0      │
│ null_count ┆ 0.0           │
│ mean       ┆ 111344.812944 │
│ std        ┆ 79656.036356  │
│ min        ┆ 369.0         │
│ 25%        ┆ 56738.0       │
│ 50%        ┆ 114044.0      │
│ 75%        ┆ 150441.0      │
│ max        ┆ 2.366902e6    │
└────────────┴───────────────┘
2025-10-27 20:50:57 | SUCCESS  | All Summaries Completed.
