2025-10-27 20:54:16 | INFO     | Successfully loaded parquet-data\lev-02\data\lev-02_merged.parquet
2025-10-27 20:54:16 | INFO     | File size: 68.11171340942383 MB 



2025-10-27 20:54:16 | INFO     | 


----------------------------------------------------------------------------------------------------

2025-10-27 20:54:16 | INFO     | [1/36] Processing Survey_Name
2025-10-27 20:54:16 | INFO     |  === Survey_Name Summary === 
2025-10-27 20:54:16 | INFO     | Data type: String
2025-10-27 20:54:16 | INFO     | Duplicates: 1107221
2025-10-27 20:54:16 | INFO     | Missing Values: 0
2025-10-27 20:54:16 | INFO     | unique Values: 1
2025-10-27 20:54:16 | INFO     | Top Value: HCES
2025-10-27 20:54:16 | INFO     | 
shape: (4, 2)
┌────────────┬─────────┐
│ statistic  ┆ value   │
│ ---        ┆ ---     │
│ str        ┆ str     │
╞════════════╪═════════╡
│ count      ┆ 1107221 │
│ null_count ┆ 0       │
│ min        ┆ HCES    │
│ max        ┆ HCES    │
└────────────┴─────────┘
2025-10-27 20:54:16 | INFO     | 


----------------------------------------------------------------------------------------------------

2025-10-27 20:54:16 | INFO     | [2/36] Processing Year
2025-10-27 20:54:16 | INFO     |  === Year Summary === 
2025-10-27 20:54:17 | INFO     | Data type: String
2025-10-27 20:54:17 | INFO     | Duplicates: 1107221
2025-10-27 20:54:17 | INFO     | Missing Values: 0
2025-10-27 20:54:17 | INFO     | unique Values: 1
2025-10-27 20:54:17 | INFO     | Top Value: 2024
2025-10-27 20:54:17 | INFO     | 
shape: (4, 2)
┌────────────┬─────────┐
│ statistic  ┆ value   │
│ ---        ┆ ---     │
│ str        ┆ str     │
╞════════════╪═════════╡
│ count      ┆ 1107221 │
│ null_count ┆ 0       │
│ min        ┆ 2024    │
│ max        ┆ 2024    │
└────────────┴─────────┘
2025-10-27 20:54:17 | INFO     | 


----------------------------------------------------------------------------------------------------

2025-10-27 20:54:17 | INFO     | [3/36] Processing FSU_Serial_No
2025-10-27 20:54:17 | INFO     |  === FSU_Serial_No Summary === 
2025-10-27 20:54:17 | INFO     | Data type: String
2025-10-27 20:54:17 | INFO     | Duplicates: 1107219
2025-10-27 20:54:17 | INFO     | Missing Values: 0
2025-10-27 20:54:17 | INFO     | unique Values: 14827
2025-10-27 20:54:17 | INFO     | Top Value: 45530
2025-10-27 20:54:17 | INFO     | 
shape: (4, 2)
┌────────────┬─────────┐
│ statistic  ┆ value   │
│ ---        ┆ ---     │
│ str        ┆ str     │
╞════════════╪═════════╡
│ count      ┆ 1107221 │
│ null_count ┆ 0       │
│ min        ┆ 22300   │
│ max        ┆ 49999   │
└────────────┴─────────┘
2025-10-27 20:54:17 | INFO     | 


----------------------------------------------------------------------------------------------------

2025-10-27 20:54:17 | INFO     | [4/36] Processing Sector
2025-10-27 20:54:17 | INFO     |  === Sector Summary === 
2025-10-27 20:54:17 | INFO     | Data type: String
2025-10-27 20:54:17 | INFO     | Duplicates: 1107221
2025-10-27 20:54:17 | INFO     | Missing Values: 0
2025-10-27 20:54:17 | INFO     | unique Values: 2
2025-10-27 20:54:17 | INFO     | Top Value: 1
2025-10-27 20:54:17 | INFO     | 
shape: (4, 2)
┌────────────┬─────────┐
│ statistic  ┆ value   │
│ ---        ┆ ---     │
│ str        ┆ str     │
╞════════════╪═════════╡
│ count      ┆ 1107221 │
│ null_count ┆ 0       │
│ min        ┆ 1       │
│ max        ┆ 2       │
└────────────┴─────────┘
2025-10-27 20:54:17 | INFO     | 


----------------------------------------------------------------------------------------------------

2025-10-27 20:54:17 | INFO     | [5/36] Processing State
2025-10-27 20:54:17 | INFO     |  === State Summary === 
2025-10-27 20:54:17 | INFO     | Data type: String
2025-10-27 20:54:17 | INFO     | Duplicates: 1107221
2025-10-27 20:54:17 | INFO     | Missing Values: 0
2025-10-27 20:54:17 | INFO     | unique Values: 36
2025-10-27 20:54:17 | INFO     | Top Value: 09
2025-10-27 20:54:17 | INFO     | 
shape: (4, 2)
┌────────────┬─────────┐
│ statistic  ┆ value   │
│ ---        ┆ ---     │
│ str        ┆ str     │
╞════════════╪═════════╡
│ count      ┆ 1107221 │
│ null_count ┆ 0       │
│ min        ┆ 01      │
│ max        ┆ 37      │
└────────────┴─────────┘
2025-10-27 20:54:17 | INFO     | 


----------------------------------------------------------------------------------------------------

2025-10-27 20:54:17 | INFO     | [6/36] Processing NSS_Region
2025-10-27 20:54:17 | INFO     |  === NSS_Region Summary === 
2025-10-27 20:54:17 | INFO     | Data type: String
2025-10-27 20:54:17 | INFO     | Duplicates: 1107221
2025-10-27 20:54:17 | INFO     | Missing Values: 0
2025-10-27 20:54:17 | INFO     | unique Values: 87
2025-10-27 20:54:17 | INFO     | Top Value: 093
2025-10-27 20:54:17 | INFO     | 
shape: (4, 2)
┌────────────┬─────────┐
│ statistic  ┆ value   │
│ ---        ┆ ---     │
│ str        ┆ str     │
╞════════════╪═════════╡
│ count      ┆ 1107221 │
│ null_count ┆ 0       │
│ min        ┆ 011     │
│ max        ┆ 371     │
└────────────┴─────────┘
2025-10-27 20:54:17 | INFO     | 


----------------------------------------------------------------------------------------------------

2025-10-27 20:54:17 | INFO     | [7/36] Processing District
2025-10-27 20:54:17 | INFO     |  === District Summary === 
2025-10-27 20:54:17 | INFO     | Data type: String
2025-10-27 20:54:17 | INFO     | Duplicates: 1107221
2025-10-27 20:54:17 | INFO     | Missing Values: 0
2025-10-27 20:54:17 | INFO     | unique Values: 71
2025-10-27 20:54:17 | INFO     | Top Value: 07
2025-10-27 20:54:17 | INFO     | 
shape: (4, 2)
┌────────────┬─────────┐
│ statistic  ┆ value   │
│ ---        ┆ ---     │
│ str        ┆ str     │
╞════════════╪═════════╡
│ count      ┆ 1107221 │
│ null_count ┆ 0       │
│ min        ┆ 01      │
│ max        ┆ 71      │
└────────────┴─────────┘
2025-10-27 20:54:17 | INFO     | 


----------------------------------------------------------------------------------------------------

2025-10-27 20:54:17 | INFO     | [8/36] Processing Stratum
2025-10-27 20:54:17 | INFO     |  === Stratum Summary === 
2025-10-27 20:54:17 | INFO     | Data type: String
2025-10-27 20:54:17 | INFO     | Duplicates: 1107221
2025-10-27 20:54:17 | INFO     | Missing Values: 0
2025-10-27 20:54:17 | INFO     | unique Values: 28
2025-10-27 20:54:17 | INFO     | Top Value: 23
2025-10-27 20:54:17 | INFO     | 
shape: (4, 2)
┌────────────┬─────────┐
│ statistic  ┆ value   │
│ ---        ┆ ---     │
│ str        ┆ str     │
╞════════════╪═════════╡
│ count      ┆ 1107221 │
│ null_count ┆ 0       │
│ min        ┆ 11      │
│ max        ┆ 99      │
└────────────┴─────────┘
2025-10-27 20:54:17 | INFO     | 


----------------------------------------------------------------------------------------------------

2025-10-27 20:54:17 | INFO     | [9/36] Processing Sub_stratum
2025-10-27 20:54:17 | INFO     |  === Sub_stratum Summary === 
2025-10-27 20:54:17 | INFO     | Data type: String
2025-10-27 20:54:17 | INFO     | Duplicates: 1107221
2025-10-27 20:54:17 | INFO     | Missing Values: 0
2025-10-27 20:54:17 | INFO     | unique Values: 48
2025-10-27 20:54:17 | INFO     | Top Value: 01
2025-10-27 20:54:17 | INFO     | 
shape: (4, 2)
┌────────────┬─────────┐
│ statistic  ┆ value   │
│ ---        ┆ ---     │
│ str        ┆ str     │
╞════════════╪═════════╡
│ count      ┆ 1107221 │
│ null_count ┆ 0       │
│ min        ┆ 01      │
│ max        ┆ 48      │
└────────────┴─────────┘
2025-10-27 20:54:17 | INFO     | 


----------------------------------------------------------------------------------------------------

2025-10-27 20:54:17 | INFO     | [10/36] Processing Panel
2025-10-27 20:54:17 | INFO     |  === Panel Summary === 
2025-10-27 20:54:18 | INFO     | Data type: String
2025-10-27 20:54:18 | INFO     | Duplicates: 1107221
2025-10-27 20:54:18 | INFO     | Missing Values: 0
2025-10-27 20:54:18 | INFO     | unique Values: 10
2025-10-27 20:54:18 | INFO     | Top Value: 1
2025-10-27 20:54:18 | INFO     | 
shape: (4, 2)
┌────────────┬─────────┐
│ statistic  ┆ value   │
│ ---        ┆ ---     │
│ str        ┆ str     │
╞════════════╪═════════╡
│ count      ┆ 1107221 │
│ null_count ┆ 0       │
│ min        ┆ 1       │
│ max        ┆ 9       │
└────────────┴─────────┘
2025-10-27 20:54:18 | INFO     | 


----------------------------------------------------------------------------------------------------

2025-10-27 20:54:18 | INFO     | [11/36] Processing Sub_sample
2025-10-27 20:54:18 | INFO     |  === Sub_sample Summary === 
2025-10-27 20:54:18 | INFO     | Data type: String
2025-10-27 20:54:18 | INFO     | Duplicates: 1107221
2025-10-27 20:54:18 | INFO     | Missing Values: 0
2025-10-27 20:54:18 | INFO     | unique Values: 2
2025-10-27 20:54:18 | INFO     | Top Value: 2
2025-10-27 20:54:18 | INFO     | 
shape: (4, 2)
┌────────────┬─────────┐
│ statistic  ┆ value   │
│ ---        ┆ ---     │
│ str        ┆ str     │
╞════════════╪═════════╡
│ count      ┆ 1107221 │
│ null_count ┆ 0       │
│ min        ┆ 1       │
│ max        ┆ 2       │
└────────────┴─────────┘
2025-10-27 20:54:18 | INFO     | 


----------------------------------------------------------------------------------------------------

2025-10-27 20:54:18 | INFO     | [12/36] Processing FOD_Sub_Region
2025-10-27 20:54:18 | INFO     |  === FOD_Sub_Region Summary === 
2025-10-27 20:54:18 | INFO     | Data type: String
2025-10-27 20:54:18 | INFO     | Duplicates: 1107221
2025-10-27 20:54:18 | INFO     | Missing Values: 0
2025-10-27 20:54:18 | INFO     | unique Values: 169
2025-10-27 20:54:18 | INFO     | Top Value: 1410
2025-10-27 20:54:18 | INFO     | 
shape: (4, 2)
┌────────────┬─────────┐
│ statistic  ┆ value   │
│ ---        ┆ ---     │
│ str        ┆ str     │
╞════════════╪═════════╡
│ count      ┆ 1107221 │
│ null_count ┆ 0       │
│ min        ┆ 0110    │
│ max        ┆ 3613    │
└────────────┴─────────┘
2025-10-27 20:54:18 | INFO     | 


----------------------------------------------------------------------------------------------------

2025-10-27 20:54:18 | INFO     | [13/36] Processing Sample_SU_No
2025-10-27 20:54:18 | INFO     |  === Sample_SU_No Summary === 
2025-10-27 20:54:18 | INFO     | Data type: String
2025-10-27 20:54:18 | INFO     | Duplicates: 1107221
2025-10-27 20:54:18 | INFO     | Missing Values: 0
2025-10-27 20:54:18 | INFO     | unique Values: 32
2025-10-27 20:54:18 | INFO     | Top Value: 1
2025-10-27 20:54:18 | INFO     | 
shape: (4, 2)
┌────────────┬─────────┐
│ statistic  ┆ value   │
│ ---        ┆ ---     │
│ str        ┆ str     │
╞════════════╪═════════╡
│ count      ┆ 1107221 │
│ null_count ┆ 0       │
│ min        ┆ 1       │
│ max        ┆ 9       │
└────────────┴─────────┘
2025-10-27 20:54:18 | INFO     | 


----------------------------------------------------------------------------------------------------

2025-10-27 20:54:18 | INFO     | [14/36] Processing Sample_Sub_Division_No
2025-10-27 20:54:18 | INFO     |  === Sample_Sub_Division_No Summary === 
2025-10-27 20:54:18 | INFO     | Data type: String
2025-10-27 20:54:18 | INFO     | Duplicates: 1107221
2025-10-27 20:54:18 | INFO     | Missing Values: 0
2025-10-27 20:54:18 | INFO     | unique Values: 7
2025-10-27 20:54:18 | INFO     | Top Value: 
2025-10-27 20:54:18 | INFO     | 
shape: (4, 2)
┌────────────┬─────────┐
│ statistic  ┆ value   │
│ ---        ┆ ---     │
│ str        ┆ str     │
╞════════════╪═════════╡
│ count      ┆ 1107221 │
│ null_count ┆ 0       │
│ min        ┆         │
│ max        ┆ 6       │
└────────────┴─────────┘
2025-10-27 20:54:18 | INFO     | 


----------------------------------------------------------------------------------------------------

2025-10-27 20:54:18 | INFO     | [15/36] Processing Second_Stage_Stratum_No
2025-10-27 20:54:18 | INFO     |  === Second_Stage_Stratum_No Summary === 
2025-10-27 20:54:18 | INFO     | Data type: String
2025-10-27 20:54:18 | INFO     | Duplicates: 1107221
2025-10-27 20:54:18 | INFO     | Missing Values: 0
2025-10-27 20:54:18 | INFO     | unique Values: 3
2025-10-27 20:54:18 | INFO     | Top Value: 3
2025-10-27 20:54:18 | INFO     | 
shape: (4, 2)
┌────────────┬─────────┐
│ statistic  ┆ value   │
│ ---        ┆ ---     │
│ str        ┆ str     │
╞════════════╪═════════╡
│ count      ┆ 1107221 │
│ null_count ┆ 0       │
│ min        ┆ 1       │
│ max        ┆ 3       │
└────────────┴─────────┘
2025-10-27 20:54:18 | INFO     | 


----------------------------------------------------------------------------------------------------

2025-10-27 20:54:18 | INFO     | [16/36] Processing Sample_Household_No
2025-10-27 20:54:18 | INFO     |  === Sample_Household_No Summary === 
2025-10-27 20:54:19 | INFO     | Data type: String
2025-10-27 20:54:19 | INFO     | Duplicates: 1107221
2025-10-27 20:54:19 | INFO     | Missing Values: 0
2025-10-27 20:54:19 | INFO     | unique Values: 18
2025-10-27 20:54:19 | INFO     | Top Value: 01
2025-10-27 20:54:19 | INFO     | 
shape: (4, 2)
┌────────────┬─────────┐
│ statistic  ┆ value   │
│ ---        ┆ ---     │
│ str        ┆ str     │
╞════════════╪═════════╡
│ count      ┆ 1107221 │
│ null_count ┆ 0       │
│ min        ┆ 01      │
│ max        ┆ 18      │
└────────────┴─────────┘
2025-10-27 20:54:19 | INFO     | 


----------------------------------------------------------------------------------------------------

2025-10-27 20:54:19 | INFO     | [17/36] Processing Questionnaire_No
2025-10-27 20:54:19 | INFO     |  === Questionnaire_No Summary === 
2025-10-27 20:54:19 | INFO     | Data type: String
2025-10-27 20:54:19 | INFO     | Duplicates: 1107221
2025-10-27 20:54:19 | INFO     | Missing Values: 0
2025-10-27 20:54:19 | INFO     | unique Values: 1
2025-10-27 20:54:19 | INFO     | Top Value: H
2025-10-27 20:54:19 | INFO     | 
shape: (4, 2)
┌────────────┬─────────┐
│ statistic  ┆ value   │
│ ---        ┆ ---     │
│ str        ┆ str     │
╞════════════╪═════════╡
│ count      ┆ 1107221 │
│ null_count ┆ 0       │
│ min        ┆ H       │
│ max        ┆ H       │
└────────────┴─────────┘
2025-10-27 20:54:19 | INFO     | 


----------------------------------------------------------------------------------------------------

2025-10-27 20:54:19 | INFO     | [18/36] Processing Level
2025-10-27 20:54:19 | INFO     |  === Level Summary === 
2025-10-27 20:54:19 | INFO     | Data type: String
2025-10-27 20:54:19 | INFO     | Duplicates: 1107221
2025-10-27 20:54:19 | INFO     | Missing Values: 0
2025-10-27 20:54:19 | INFO     | unique Values: 1
2025-10-27 20:54:19 | INFO     | Top Value: 02
2025-10-27 20:54:19 | INFO     | 
shape: (4, 2)
┌────────────┬─────────┐
│ statistic  ┆ value   │
│ ---        ┆ ---     │
│ str        ┆ str     │
╞════════════╪═════════╡
│ count      ┆ 1107221 │
│ null_count ┆ 0       │
│ min        ┆ 02      │
│ max        ┆ 02      │
└────────────┴─────────┘
2025-10-27 20:54:19 | INFO     | 


----------------------------------------------------------------------------------------------------

2025-10-27 20:54:19 | INFO     | [19/36] Processing Person_Serial_No
2025-10-27 20:54:19 | INFO     |  === Person_Serial_No Summary === 
2025-10-27 20:54:19 | INFO     | Data type: String
2025-10-27 20:54:19 | INFO     | Duplicates: 1107220
2025-10-27 20:54:19 | INFO     | Missing Values: 0
2025-10-27 20:54:19 | INFO     | unique Values: 31
2025-10-27 20:54:19 | INFO     | Top Value: 01
2025-10-27 20:54:19 | INFO     | 
shape: (4, 2)
┌────────────┬─────────┐
│ statistic  ┆ value   │
│ ---        ┆ ---     │
│ str        ┆ str     │
╞════════════╪═════════╡
│ count      ┆ 1107221 │
│ null_count ┆ 0       │
│ min        ┆ 01      │
│ max        ┆ 31      │
└────────────┴─────────┘
2025-10-27 20:54:19 | INFO     | 


----------------------------------------------------------------------------------------------------

2025-10-27 20:54:19 | INFO     | [20/36] Processing Relation_to_Head
2025-10-27 20:54:19 | INFO     |  === Relation_to_Head Summary === 
2025-10-27 20:54:19 | INFO     | Data type: String
2025-10-27 20:54:19 | INFO     | Duplicates: 1107221
2025-10-27 20:54:19 | INFO     | Missing Values: 0
2025-10-27 20:54:19 | INFO     | unique Values: 9
2025-10-27 20:54:19 | INFO     | Top Value: 5
2025-10-27 20:54:19 | INFO     | 
shape: (4, 2)
┌────────────┬─────────┐
│ statistic  ┆ value   │
│ ---        ┆ ---     │
│ str        ┆ str     │
╞════════════╪═════════╡
│ count      ┆ 1107221 │
│ null_count ┆ 0       │
│ min        ┆ 1       │
│ max        ┆ 9       │
└────────────┴─────────┘
2025-10-27 20:54:19 | INFO     | 


----------------------------------------------------------------------------------------------------

2025-10-27 20:54:19 | INFO     | [21/36] Processing Gender
2025-10-27 20:54:19 | INFO     |  === Gender Summary === 
2025-10-27 20:54:19 | INFO     | Data type: String
2025-10-27 20:54:19 | INFO     | Duplicates: 1107221
2025-10-27 20:54:19 | INFO     | Missing Values: 0
2025-10-27 20:54:19 | INFO     | unique Values: 3
2025-10-27 20:54:19 | INFO     | Top Value: 1
2025-10-27 20:54:19 | INFO     | 
shape: (4, 2)
┌────────────┬─────────┐
│ statistic  ┆ value   │
│ ---        ┆ ---     │
│ str        ┆ str     │
╞════════════╪═════════╡
│ count      ┆ 1107221 │
│ null_count ┆ 0       │
│ min        ┆ 1       │
│ max        ┆ 3       │
└────────────┴─────────┘
2025-10-27 20:54:19 | INFO     | 


----------------------------------------------------------------------------------------------------

2025-10-27 20:54:19 | INFO     | [22/36] Processing Age
2025-10-27 20:54:19 | INFO     |  === Age Summary === 
2025-10-27 20:54:19 | INFO     | Data type: String
2025-10-27 20:54:19 | INFO     | Duplicates: 1107219
2025-10-27 20:54:19 | INFO     | Missing Values: 0
2025-10-27 20:54:19 | INFO     | unique Values: 112
2025-10-27 20:54:19 | INFO     | Top Value: 30
2025-10-27 20:54:19 | INFO     | 
shape: (4, 2)
┌────────────┬─────────┐
│ statistic  ┆ value   │
│ ---        ┆ ---     │
│ str        ┆ str     │
╞════════════╪═════════╡
│ count      ┆ 1107221 │
│ null_count ┆ 0       │
│ min        ┆ 0       │
│ max        ┆ 99      │
└────────────┴─────────┘
2025-10-27 20:54:19 | INFO     | 


----------------------------------------------------------------------------------------------------

2025-10-27 20:54:19 | INFO     | [23/36] Processing Marital_Status
2025-10-27 20:54:19 | INFO     |  === Marital_Status Summary === 
2025-10-27 20:54:19 | INFO     | Data type: String
2025-10-27 20:54:19 | INFO     | Duplicates: 1107221
2025-10-27 20:54:19 | INFO     | Missing Values: 0
2025-10-27 20:54:19 | INFO     | unique Values: 4
2025-10-27 20:54:19 | INFO     | Top Value: 2
2025-10-27 20:54:19 | INFO     | 
shape: (4, 2)
┌────────────┬─────────┐
│ statistic  ┆ value   │
│ ---        ┆ ---     │
│ str        ┆ str     │
╞════════════╪═════════╡
│ count      ┆ 1107221 │
│ null_count ┆ 0       │
│ min        ┆ 1       │
│ max        ┆ 4       │
└────────────┴─────────┘
2025-10-27 20:54:19 | INFO     | 


----------------------------------------------------------------------------------------------------

2025-10-27 20:54:19 | INFO     | [24/36] Processing Education_Level
2025-10-27 20:54:19 | INFO     |  === Education_Level Summary === 
2025-10-27 20:54:20 | INFO     | Data type: String
2025-10-27 20:54:20 | INFO     | Duplicates: 1107221
2025-10-27 20:54:20 | INFO     | Missing Values: 0
2025-10-27 20:54:20 | INFO     | unique Values: 12
2025-10-27 20:54:20 | INFO     | Top Value: 01
2025-10-27 20:54:20 | INFO     | 
shape: (4, 2)
┌────────────┬─────────┐
│ statistic  ┆ value   │
│ ---        ┆ ---     │
│ str        ┆ str     │
╞════════════╪═════════╡
│ count      ┆ 1107221 │
│ null_count ┆ 0       │
│ min        ┆ 01      │
│ max        ┆ 13      │
└────────────┴─────────┘
2025-10-27 20:54:20 | INFO     | 


----------------------------------------------------------------------------------------------------

2025-10-27 20:54:20 | INFO     | [25/36] Processing Years_of_Education
2025-10-27 20:54:20 | INFO     |  === Years_of_Education Summary === 
2025-10-27 20:54:20 | INFO     | Data type: String
2025-10-27 20:54:20 | INFO     | Duplicates: 1107221
2025-10-27 20:54:20 | INFO     | Missing Values: 0
2025-10-27 20:54:20 | INFO     | unique Values: 33
2025-10-27 20:54:20 | INFO     | Top Value: 
2025-10-27 20:54:20 | INFO     | 
shape: (4, 2)
┌────────────┬─────────┐
│ statistic  ┆ value   │
│ ---        ┆ ---     │
│ str        ┆ str     │
╞════════════╪═════════╡
│ count      ┆ 1107221 │
│ null_count ┆ 0       │
│ min        ┆         │
│ max        ┆ 9       │
└────────────┴─────────┘
2025-10-27 20:54:20 | INFO     | 


----------------------------------------------------------------------------------------------------

2025-10-27 20:54:20 | INFO     | [26/36] Processing Used_Internet_Last_30_Days
2025-10-27 20:54:20 | INFO     |  === Used_Internet_Last_30_Days Summary === 
2025-10-27 20:54:20 | INFO     | Data type: String
2025-10-27 20:54:20 | INFO     | Duplicates: 1107221
2025-10-27 20:54:20 | INFO     | Missing Values: 0
2025-10-27 20:54:20 | INFO     | unique Values: 3
2025-10-27 20:54:20 | INFO     | Top Value: 1
2025-10-27 20:54:20 | INFO     | 
shape: (4, 2)
┌────────────┬─────────┐
│ statistic  ┆ value   │
│ ---        ┆ ---     │
│ str        ┆ str     │
╞════════════╪═════════╡
│ count      ┆ 1107221 │
│ null_count ┆ 0       │
│ min        ┆         │
│ max        ┆ 2       │
└────────────┴─────────┘
2025-10-27 20:54:20 | INFO     | 


----------------------------------------------------------------------------------------------------

2025-10-27 20:54:20 | INFO     | [27/36] Processing Days_Away_From_Home_Last_30_Days
2025-10-27 20:54:20 | INFO     |  === Days_Away_From_Home_Last_30_Days Summary === 
2025-10-27 20:54:20 | INFO     | Data type: String
2025-10-27 20:54:20 | INFO     | Duplicates: 1107221
2025-10-27 20:54:20 | INFO     | Missing Values: 0
2025-10-27 20:54:20 | INFO     | unique Values: 41
2025-10-27 20:54:20 | INFO     | Top Value: 0
2025-10-27 20:54:20 | INFO     | 
shape: (4, 2)
┌────────────┬─────────┐
│ statistic  ┆ value   │
│ ---        ┆ ---     │
│ str        ┆ str     │
╞════════════╪═════════╡
│ count      ┆ 1107221 │
│ null_count ┆ 0       │
│ min        ┆         │
│ max        ┆ 9       │
└────────────┴─────────┘
2025-10-27 20:54:20 | INFO     | 


----------------------------------------------------------------------------------------------------

2025-10-27 20:54:20 | INFO     | [28/36] Processing Meals_Usually_Taken_Per_Day
2025-10-27 20:54:20 | INFO     |  === Meals_Usually_Taken_Per_Day Summary === 
2025-10-27 20:54:20 | INFO     | Data type: String
2025-10-27 20:54:20 | INFO     | Duplicates: 1107221
2025-10-27 20:54:20 | INFO     | Missing Values: 0
2025-10-27 20:54:20 | INFO     | unique Values: 5
2025-10-27 20:54:20 | INFO     | Top Value: 3
2025-10-27 20:54:20 | INFO     | 
shape: (4, 2)
┌────────────┬─────────┐
│ statistic  ┆ value   │
│ ---        ┆ ---     │
│ str        ┆ str     │
╞════════════╪═════════╡
│ count      ┆ 1107221 │
│ null_count ┆ 0       │
│ min        ┆         │
│ max        ┆ 3       │
└────────────┴─────────┘
2025-10-27 20:54:20 | INFO     | 


----------------------------------------------------------------------------------------------------

2025-10-27 20:54:20 | INFO     | [29/36] Processing Meals_From_School
2025-10-27 20:54:20 | INFO     |  === Meals_From_School Summary === 
2025-10-27 20:54:20 | INFO     | Data type: String
2025-10-27 20:54:20 | INFO     | Duplicates: 1107219
2025-10-27 20:54:20 | INFO     | Missing Values: 0
2025-10-27 20:54:20 | INFO     | unique Values: 37
2025-10-27 20:54:20 | INFO     | Top Value: 
2025-10-27 20:54:20 | INFO     | 
shape: (4, 2)
┌────────────┬─────────┐
│ statistic  ┆ value   │
│ ---        ┆ ---     │
│ str        ┆ str     │
╞════════════╪═════════╡
│ count      ┆ 1107221 │
│ null_count ┆ 0       │
│ min        ┆         │
│ max        ┆ 9       │
└────────────┴─────────┘
2025-10-27 20:54:20 | INFO     | 


----------------------------------------------------------------------------------------------------

2025-10-27 20:54:20 | INFO     | [30/36] Processing Meals_From_Employer
2025-10-27 20:54:20 | INFO     |  === Meals_From_Employer Summary === 
2025-10-27 20:54:20 | INFO     | Data type: String
2025-10-27 20:54:20 | INFO     | Duplicates: 1107209
2025-10-27 20:54:20 | INFO     | Missing Values: 0
2025-10-27 20:54:20 | INFO     | unique Values: 84
2025-10-27 20:54:20 | INFO     | Top Value: 
2025-10-27 20:54:20 | INFO     | 
shape: (4, 2)
┌────────────┬─────────┐
│ statistic  ┆ value   │
│ ---        ┆ ---     │
│ str        ┆ str     │
╞════════════╪═════════╡
│ count      ┆ 1107221 │
│ null_count ┆ 0       │
│ min        ┆         │
│ max        ┆ 90      │
└────────────┴─────────┘
2025-10-27 20:54:20 | INFO     | 


----------------------------------------------------------------------------------------------------

2025-10-27 20:54:20 | INFO     | [31/36] Processing Meals_Other
2025-10-27 20:54:20 | INFO     |  === Meals_Other Summary === 
2025-10-27 20:54:21 | INFO     | Data type: String
2025-10-27 20:54:21 | INFO     | Duplicates: 1107216
2025-10-27 20:54:21 | INFO     | Missing Values: 0
2025-10-27 20:54:21 | INFO     | unique Values: 99
2025-10-27 20:54:21 | INFO     | Top Value: 
2025-10-27 20:54:21 | INFO     | 
shape: (4, 2)
┌────────────┬─────────┐
│ statistic  ┆ value   │
│ ---        ┆ ---     │
│ str        ┆ str     │
╞════════════╪═════════╡
│ count      ┆ 1107221 │
│ null_count ┆ 0       │
│ min        ┆         │
│ max        ┆ 90      │
└────────────┴─────────┘
2025-10-27 20:54:21 | INFO     | 


----------------------------------------------------------------------------------------------------

2025-10-27 20:54:21 | INFO     | [32/36] Processing Meals_On_Payment
2025-10-27 20:54:21 | INFO     |  === Meals_On_Payment Summary === 
2025-10-27 20:54:21 | INFO     | Data type: String
2025-10-27 20:54:21 | INFO     | Duplicates: 1107217
2025-10-27 20:54:21 | INFO     | Missing Values: 0
2025-10-27 20:54:21 | INFO     | unique Values: 100
2025-10-27 20:54:21 | INFO     | Top Value: 
2025-10-27 20:54:21 | INFO     | 
shape: (4, 2)
┌────────────┬─────────┐
│ statistic  ┆ value   │
│ ---        ┆ ---     │
│ str        ┆ str     │
╞════════════╪═════════╡
│ count      ┆ 1107221 │
│ null_count ┆ 0       │
│ min        ┆         │
│ max        ┆ 98      │
└────────────┴─────────┘
2025-10-27 20:54:21 | INFO     | 


----------------------------------------------------------------------------------------------------

2025-10-27 20:54:21 | INFO     | [33/36] Processing Meals_At_Home
2025-10-27 20:54:21 | INFO     |  === Meals_At_Home Summary === 
2025-10-27 20:54:21 | INFO     | Data type: String
2025-10-27 20:54:21 | INFO     | Duplicates: 1107218
2025-10-27 20:54:21 | INFO     | Missing Values: 0
2025-10-27 20:54:21 | INFO     | unique Values: 99
2025-10-27 20:54:21 | INFO     | Top Value: 90
2025-10-27 20:54:21 | INFO     | 
shape: (4, 2)
┌────────────┬─────────┐
│ statistic  ┆ value   │
│ ---        ┆ ---     │
│ str        ┆ str     │
╞════════════╪═════════╡
│ count      ┆ 1107221 │
│ null_count ┆ 0       │
│ min        ┆         │
│ max        ┆ 95      │
└────────────┴─────────┘
2025-10-27 20:54:21 | INFO     | 


----------------------------------------------------------------------------------------------------

2025-10-27 20:54:21 | INFO     | [34/36] Processing Revisit_Status
2025-10-27 20:54:21 | INFO     |  === Revisit_Status Summary === 
2025-10-27 20:54:21 | INFO     | Data type: String
2025-10-27 20:54:21 | INFO     | Duplicates: 1107221
2025-10-27 20:54:21 | INFO     | Missing Values: 0
2025-10-27 20:54:21 | INFO     | unique Values: 3
2025-10-27 20:54:21 | INFO     | Top Value: 1
2025-10-27 20:54:21 | INFO     | 
shape: (4, 2)
┌────────────┬─────────┐
│ statistic  ┆ value   │
│ ---        ┆ ---     │
│ str        ┆ str     │
╞════════════╪═════════╡
│ count      ┆ 1107221 │
│ null_count ┆ 0       │
│ min        ┆ 1       │
│ max        ┆ 3       │
└────────────┴─────────┘
2025-10-27 20:54:21 | INFO     | 


----------------------------------------------------------------------------------------------------

2025-10-27 20:54:21 | INFO     | [35/36] Processing FDQ_Original_Member
2025-10-27 20:54:21 | INFO     |  === FDQ_Original_Member Summary === 
2025-10-27 20:54:21 | INFO     | Data type: String
2025-10-27 20:54:21 | INFO     | Duplicates: 1107221
2025-10-27 20:54:21 | INFO     | Missing Values: 0
2025-10-27 20:54:21 | INFO     | unique Values: 2
2025-10-27 20:54:21 | INFO     | Top Value: 1
2025-10-27 20:54:21 | INFO     | 
shape: (4, 2)
┌────────────┬─────────┐
│ statistic  ┆ value   │
│ ---        ┆ ---     │
│ str        ┆ str     │
╞════════════╪═════════╡
│ count      ┆ 1107221 │
│ null_count ┆ 0       │
│ min        ┆         │
│ max        ┆ 1       │
└────────────┴─────────┘
2025-10-27 20:54:21 | INFO     | 


----------------------------------------------------------------------------------------------------

2025-10-27 20:54:21 | INFO     | [36/36] Processing Multiplier
2025-10-27 20:54:21 | INFO     |  === Multiplier Summary === 
2025-10-27 20:54:21 | INFO     | Data type: Int64
2025-10-27 20:54:21 | INFO     | Duplicates: 1107165
2025-10-27 20:54:21 | INFO     | Missing Values: 0
2025-10-27 20:54:21 | INFO     | unique Values: 23567
2025-10-27 20:54:21 | INFO     | Top Value: 11830
2025-10-27 20:54:21 | INFO     | 
shape: (9, 2)
┌────────────┬───────────────┐
│ statistic  ┆ value         │
│ ---        ┆ ---           │
│ str        ┆ f64           │
╞════════════╪═══════════════╡
│ count      ┆ 1.107221e6    │
│ null_count ┆ 0.0           │
│ mean       ┆ 110204.903746 │
│ std        ┆ 74405.615919  │
│ min        ┆ 369.0         │
│ 25%        ┆ 57399.0       │
│ 50%        ┆ 113880.0      │
│ 75%        ┆ 149314.0      │
│ max        ┆ 2.366902e6    │
└────────────┴───────────────┘
2025-10-27 20:54:21 | SUCCESS  | All Summaries Completed.
