2025-10-27 20:53:32 | INFO     | Successfully loaded parquet-data\lev-03\data\lev-03_merged.parquet
2025-10-27 20:53:32 | INFO     | File size: 79.87308120727539 MB 



2025-10-27 20:53:32 | INFO     | 


----------------------------------------------------------------------------------------------------

2025-10-27 20:53:32 | INFO     | [1/40] Processing Survey_Name
2025-10-27 20:53:32 | INFO     |  === Survey_Name Summary === 
2025-10-27 20:53:32 | INFO     | Data type: String
2025-10-27 20:53:32 | INFO     | Duplicates: 1047812
2025-10-27 20:53:32 | INFO     | Missing Values: 0
2025-10-27 20:53:32 | INFO     | unique Values: 1
2025-10-27 20:53:32 | INFO     | Top Value: HCES
2025-10-27 20:53:32 | INFO     | 
shape: (4, 2)
┌────────────┬─────────┐
│ statistic  ┆ value   │
│ ---        ┆ ---     │
│ str        ┆ str     │
╞════════════╪═════════╡
│ count      ┆ 1047812 │
│ null_count ┆ 0       │
│ min        ┆ HCES    │
│ max        ┆ HCES    │
└────────────┴─────────┘
2025-10-27 20:53:32 | INFO     | 


----------------------------------------------------------------------------------------------------

2025-10-27 20:53:32 | INFO     | [2/40] Processing Year
2025-10-27 20:53:32 | INFO     |  === Year Summary === 
2025-10-27 20:53:32 | INFO     | Data type: String
2025-10-27 20:53:32 | INFO     | Duplicates: 1047812
2025-10-27 20:53:32 | INFO     | Missing Values: 0
2025-10-27 20:53:32 | INFO     | unique Values: 1
2025-10-27 20:53:32 | INFO     | Top Value: 2024
2025-10-27 20:53:32 | INFO     | 
shape: (4, 2)
┌────────────┬─────────┐
│ statistic  ┆ value   │
│ ---        ┆ ---     │
│ str        ┆ str     │
╞════════════╪═════════╡
│ count      ┆ 1047812 │
│ null_count ┆ 0       │
│ min        ┆ 2024    │
│ max        ┆ 2024    │
└────────────┴─────────┘
2025-10-27 20:53:32 | INFO     | 


----------------------------------------------------------------------------------------------------

2025-10-27 20:53:32 | INFO     | [3/40] Processing FSU_Serial_No
2025-10-27 20:53:32 | INFO     |  === FSU_Serial_No Summary === 
2025-10-27 20:53:32 | INFO     | Data type: String
2025-10-27 20:53:32 | INFO     | Duplicates: 1047812
2025-10-27 20:53:32 | INFO     | Missing Values: 0
2025-10-27 20:53:32 | INFO     | unique Values: 14827
2025-10-27 20:53:32 | INFO     | Top Value: 26043
2025-10-27 20:53:32 | INFO     | 
shape: (4, 2)
┌────────────┬─────────┐
│ statistic  ┆ value   │
│ ---        ┆ ---     │
│ str        ┆ str     │
╞════════════╪═════════╡
│ count      ┆ 1047812 │
│ null_count ┆ 0       │
│ min        ┆ 22300   │
│ max        ┆ 49999   │
└────────────┴─────────┘
2025-10-27 20:53:32 | INFO     | 


----------------------------------------------------------------------------------------------------

2025-10-27 20:53:32 | INFO     | [4/40] Processing Sector
2025-10-27 20:53:32 | INFO     |  === Sector Summary === 
2025-10-27 20:53:32 | INFO     | Data type: String
2025-10-27 20:53:32 | INFO     | Duplicates: 1047812
2025-10-27 20:53:32 | INFO     | Missing Values: 0
2025-10-27 20:53:32 | INFO     | unique Values: 2
2025-10-27 20:53:32 | INFO     | Top Value: 1
2025-10-27 20:53:32 | INFO     | 
shape: (4, 2)
┌────────────┬─────────┐
│ statistic  ┆ value   │
│ ---        ┆ ---     │
│ str        ┆ str     │
╞════════════╪═════════╡
│ count      ┆ 1047812 │
│ null_count ┆ 0       │
│ min        ┆ 1       │
│ max        ┆ 2       │
└────────────┴─────────┘
2025-10-27 20:53:32 | INFO     | 


----------------------------------------------------------------------------------------------------

2025-10-27 20:53:32 | INFO     | [5/40] Processing State
2025-10-27 20:53:32 | INFO     |  === State Summary === 
2025-10-27 20:53:32 | INFO     | Data type: String
2025-10-27 20:53:32 | INFO     | Duplicates: 1047812
2025-10-27 20:53:32 | INFO     | Missing Values: 0
2025-10-27 20:53:32 | INFO     | unique Values: 36
2025-10-27 20:53:32 | INFO     | Top Value: 09
2025-10-27 20:53:32 | INFO     | 
shape: (4, 2)
┌────────────┬─────────┐
│ statistic  ┆ value   │
│ ---        ┆ ---     │
│ str        ┆ str     │
╞════════════╪═════════╡
│ count      ┆ 1047812 │
│ null_count ┆ 0       │
│ min        ┆ 01      │
│ max        ┆ 37      │
└────────────┴─────────┘
2025-10-27 20:53:32 | INFO     | 


----------------------------------------------------------------------------------------------------

2025-10-27 20:53:32 | INFO     | [6/40] Processing NSS_Region
2025-10-27 20:53:32 | INFO     |  === NSS_Region Summary === 
2025-10-27 20:53:33 | INFO     | Data type: String
2025-10-27 20:53:33 | INFO     | Duplicates: 1047812
2025-10-27 20:53:33 | INFO     | Missing Values: 0
2025-10-27 20:53:33 | INFO     | unique Values: 87
2025-10-27 20:53:33 | INFO     | Top Value: 093
2025-10-27 20:53:33 | INFO     | 
shape: (4, 2)
┌────────────┬─────────┐
│ statistic  ┆ value   │
│ ---        ┆ ---     │
│ str        ┆ str     │
╞════════════╪═════════╡
│ count      ┆ 1047812 │
│ null_count ┆ 0       │
│ min        ┆ 011     │
│ max        ┆ 371     │
└────────────┴─────────┘
2025-10-27 20:53:33 | INFO     | 


----------------------------------------------------------------------------------------------------

2025-10-27 20:53:33 | INFO     | [7/40] Processing District
2025-10-27 20:53:33 | INFO     |  === District Summary === 
2025-10-27 20:53:33 | INFO     | Data type: String
2025-10-27 20:53:33 | INFO     | Duplicates: 1047812
2025-10-27 20:53:33 | INFO     | Missing Values: 0
2025-10-27 20:53:33 | INFO     | unique Values: 71
2025-10-27 20:53:33 | INFO     | Top Value: 07
2025-10-27 20:53:33 | INFO     | 
shape: (4, 2)
┌────────────┬─────────┐
│ statistic  ┆ value   │
│ ---        ┆ ---     │
│ str        ┆ str     │
╞════════════╪═════════╡
│ count      ┆ 1047812 │
│ null_count ┆ 0       │
│ min        ┆ 01      │
│ max        ┆ 71      │
└────────────┴─────────┘
2025-10-27 20:53:33 | INFO     | 


----------------------------------------------------------------------------------------------------

2025-10-27 20:53:33 | INFO     | [8/40] Processing Stratum
2025-10-27 20:53:33 | INFO     |  === Stratum Summary === 
2025-10-27 20:53:33 | INFO     | Data type: String
2025-10-27 20:53:33 | INFO     | Duplicates: 1047812
2025-10-27 20:53:33 | INFO     | Missing Values: 0
2025-10-27 20:53:33 | INFO     | unique Values: 28
2025-10-27 20:53:33 | INFO     | Top Value: 23
2025-10-27 20:53:33 | INFO     | 
shape: (4, 2)
┌────────────┬─────────┐
│ statistic  ┆ value   │
│ ---        ┆ ---     │
│ str        ┆ str     │
╞════════════╪═════════╡
│ count      ┆ 1047812 │
│ null_count ┆ 0       │
│ min        ┆ 11      │
│ max        ┆ 99      │
└────────────┴─────────┘
2025-10-27 20:53:33 | INFO     | 


----------------------------------------------------------------------------------------------------

2025-10-27 20:53:33 | INFO     | [9/40] Processing Sub_stratum
2025-10-27 20:53:33 | INFO     |  === Sub_stratum Summary === 
2025-10-27 20:53:33 | INFO     | Data type: String
2025-10-27 20:53:33 | INFO     | Duplicates: 1047812
2025-10-27 20:53:33 | INFO     | Missing Values: 0
2025-10-27 20:53:33 | INFO     | unique Values: 48
2025-10-27 20:53:33 | INFO     | Top Value: 01
2025-10-27 20:53:33 | INFO     | 
shape: (4, 2)
┌────────────┬─────────┐
│ statistic  ┆ value   │
│ ---        ┆ ---     │
│ str        ┆ str     │
╞════════════╪═════════╡
│ count      ┆ 1047812 │
│ null_count ┆ 0       │
│ min        ┆ 01      │
│ max        ┆ 48      │
└────────────┴─────────┘
2025-10-27 20:53:33 | INFO     | 


----------------------------------------------------------------------------------------------------

2025-10-27 20:53:33 | INFO     | [10/40] Processing Panel
2025-10-27 20:53:33 | INFO     |  === Panel Summary === 
2025-10-27 20:53:33 | INFO     | Data type: String
2025-10-27 20:53:33 | INFO     | Duplicates: 1047812
2025-10-27 20:53:33 | INFO     | Missing Values: 0
2025-10-27 20:53:33 | INFO     | unique Values: 10
2025-10-27 20:53:33 | INFO     | Top Value: 5
2025-10-27 20:53:33 | INFO     | 
shape: (4, 2)
┌────────────┬─────────┐
│ statistic  ┆ value   │
│ ---        ┆ ---     │
│ str        ┆ str     │
╞════════════╪═════════╡
│ count      ┆ 1047812 │
│ null_count ┆ 0       │
│ min        ┆ 1       │
│ max        ┆ 9       │
└────────────┴─────────┘
2025-10-27 20:53:33 | INFO     | 


----------------------------------------------------------------------------------------------------

2025-10-27 20:53:33 | INFO     | [11/40] Processing Sub_sample
2025-10-27 20:53:33 | INFO     |  === Sub_sample Summary === 
2025-10-27 20:53:33 | INFO     | Data type: String
2025-10-27 20:53:33 | INFO     | Duplicates: 1047812
2025-10-27 20:53:33 | INFO     | Missing Values: 0
2025-10-27 20:53:33 | INFO     | unique Values: 2
2025-10-27 20:53:33 | INFO     | Top Value: 2
2025-10-27 20:53:33 | INFO     | 
shape: (4, 2)
┌────────────┬─────────┐
│ statistic  ┆ value   │
│ ---        ┆ ---     │
│ str        ┆ str     │
╞════════════╪═════════╡
│ count      ┆ 1047812 │
│ null_count ┆ 0       │
│ min        ┆ 1       │
│ max        ┆ 2       │
└────────────┴─────────┘
2025-10-27 20:53:33 | INFO     | 


----------------------------------------------------------------------------------------------------

2025-10-27 20:53:33 | INFO     | [12/40] Processing FOD_Sub_Region
2025-10-27 20:53:33 | INFO     |  === FOD_Sub_Region Summary === 
2025-10-27 20:53:33 | INFO     | Data type: String
2025-10-27 20:53:33 | INFO     | Duplicates: 1047812
2025-10-27 20:53:33 | INFO     | Missing Values: 0
2025-10-27 20:53:33 | INFO     | unique Values: 169
2025-10-27 20:53:33 | INFO     | Top Value: 1610
2025-10-27 20:53:33 | INFO     | 
shape: (4, 2)
┌────────────┬─────────┐
│ statistic  ┆ value   │
│ ---        ┆ ---     │
│ str        ┆ str     │
╞════════════╪═════════╡
│ count      ┆ 1047812 │
│ null_count ┆ 0       │
│ min        ┆ 0110    │
│ max        ┆ 3613    │
└────────────┴─────────┘
2025-10-27 20:53:33 | INFO     | 


----------------------------------------------------------------------------------------------------

2025-10-27 20:53:33 | INFO     | [13/40] Processing Sample_SU_No
2025-10-27 20:53:33 | INFO     |  === Sample_SU_No Summary === 
2025-10-27 20:53:33 | INFO     | Data type: String
2025-10-27 20:53:33 | INFO     | Duplicates: 1047812
2025-10-27 20:53:33 | INFO     | Missing Values: 0
2025-10-27 20:53:33 | INFO     | unique Values: 32
2025-10-27 20:53:33 | INFO     | Top Value: 1
2025-10-27 20:53:33 | INFO     | 
shape: (4, 2)
┌────────────┬─────────┐
│ statistic  ┆ value   │
│ ---        ┆ ---     │
│ str        ┆ str     │
╞════════════╪═════════╡
│ count      ┆ 1047812 │
│ null_count ┆ 0       │
│ min        ┆ 1       │
│ max        ┆ 9       │
└────────────┴─────────┘
2025-10-27 20:53:33 | INFO     | 


----------------------------------------------------------------------------------------------------

2025-10-27 20:53:33 | INFO     | [14/40] Processing Sample_Sub_Division_No
2025-10-27 20:53:33 | INFO     |  === Sample_Sub_Division_No Summary === 
2025-10-27 20:53:34 | INFO     | Data type: String
2025-10-27 20:53:34 | INFO     | Duplicates: 1047812
2025-10-27 20:53:34 | INFO     | Missing Values: 0
2025-10-27 20:53:34 | INFO     | unique Values: 7
2025-10-27 20:53:34 | INFO     | Top Value: 
2025-10-27 20:53:34 | INFO     | 
shape: (4, 2)
┌────────────┬─────────┐
│ statistic  ┆ value   │
│ ---        ┆ ---     │
│ str        ┆ str     │
╞════════════╪═════════╡
│ count      ┆ 1047812 │
│ null_count ┆ 0       │
│ min        ┆         │
│ max        ┆ 6       │
└────────────┴─────────┘
2025-10-27 20:53:34 | INFO     | 


----------------------------------------------------------------------------------------------------

2025-10-27 20:53:34 | INFO     | [15/40] Processing Second_Stage_Stratum_No
2025-10-27 20:53:34 | INFO     |  === Second_Stage_Stratum_No Summary === 
2025-10-27 20:53:34 | INFO     | Data type: String
2025-10-27 20:53:34 | INFO     | Duplicates: 1047812
2025-10-27 20:53:34 | INFO     | Missing Values: 0
2025-10-27 20:53:34 | INFO     | unique Values: 3
2025-10-27 20:53:34 | INFO     | Top Value: 3
2025-10-27 20:53:34 | INFO     | 
shape: (4, 2)
┌────────────┬─────────┐
│ statistic  ┆ value   │
│ ---        ┆ ---     │
│ str        ┆ str     │
╞════════════╪═════════╡
│ count      ┆ 1047812 │
│ null_count ┆ 0       │
│ min        ┆ 1       │
│ max        ┆ 3       │
└────────────┴─────────┘
2025-10-27 20:53:34 | INFO     | 


----------------------------------------------------------------------------------------------------

2025-10-27 20:53:34 | INFO     | [16/40] Processing Sample_Household_No
2025-10-27 20:53:34 | INFO     |  === Sample_Household_No Summary === 
2025-10-27 20:53:34 | INFO     | Data type: String
2025-10-27 20:53:34 | INFO     | Duplicates: 1047812
2025-10-27 20:53:34 | INFO     | Missing Values: 0
2025-10-27 20:53:34 | INFO     | unique Values: 18
2025-10-27 20:53:34 | INFO     | Top Value: 01
2025-10-27 20:53:34 | INFO     | 
shape: (4, 2)
┌────────────┬─────────┐
│ statistic  ┆ value   │
│ ---        ┆ ---     │
│ str        ┆ str     │
╞════════════╪═════════╡
│ count      ┆ 1047812 │
│ null_count ┆ 0       │
│ min        ┆ 01      │
│ max        ┆ 18      │
└────────────┴─────────┘
2025-10-27 20:53:34 | INFO     | 


----------------------------------------------------------------------------------------------------

2025-10-27 20:53:34 | INFO     | [17/40] Processing Questionnaire_No
2025-10-27 20:53:34 | INFO     |  === Questionnaire_No Summary === 
2025-10-27 20:53:34 | INFO     | Data type: String
2025-10-27 20:53:34 | INFO     | Duplicates: 1047812
2025-10-27 20:53:34 | INFO     | Missing Values: 0
2025-10-27 20:53:34 | INFO     | unique Values: 1
2025-10-27 20:53:34 | INFO     | Top Value: H
2025-10-27 20:53:34 | INFO     | 
shape: (4, 2)
┌────────────┬─────────┐
│ statistic  ┆ value   │
│ ---        ┆ ---     │
│ str        ┆ str     │
╞════════════╪═════════╡
│ count      ┆ 1047812 │
│ null_count ┆ 0       │
│ min        ┆ H       │
│ max        ┆ H       │
└────────────┴─────────┘
2025-10-27 20:53:34 | INFO     | 


----------------------------------------------------------------------------------------------------

2025-10-27 20:53:34 | INFO     | [18/40] Processing Level
2025-10-27 20:53:34 | INFO     |  === Level Summary === 
2025-10-27 20:53:34 | INFO     | Data type: String
2025-10-27 20:53:34 | INFO     | Duplicates: 1047812
2025-10-27 20:53:34 | INFO     | Missing Values: 0
2025-10-27 20:53:34 | INFO     | unique Values: 1
2025-10-27 20:53:34 | INFO     | Top Value: 03
2025-10-27 20:53:34 | INFO     | 
shape: (4, 2)
┌────────────┬─────────┐
│ statistic  ┆ value   │
│ ---        ┆ ---     │
│ str        ┆ str     │
╞════════════╪═════════╡
│ count      ┆ 1047812 │
│ null_count ┆ 0       │
│ min        ┆ 03      │
│ max        ┆ 03      │
└────────────┴─────────┘
2025-10-27 20:53:34 | INFO     | 


----------------------------------------------------------------------------------------------------

2025-10-27 20:53:34 | INFO     | [19/40] Processing HH_Size_FDQ
2025-10-27 20:53:34 | INFO     |  === HH_Size_FDQ Summary === 
2025-10-27 20:53:34 | INFO     | Data type: Float64
2025-10-27 20:53:34 | INFO     | Duplicates: 1047812
2025-10-27 20:53:34 | INFO     | Missing Values: 0
2025-10-27 20:53:34 | INFO     | unique Values: 28
2025-10-27 20:53:34 | INFO     | Top Value: 4.0
2025-10-27 20:53:34 | INFO     | 
shape: (9, 2)
┌────────────┬────────────┐
│ statistic  ┆ value      │
│ ---        ┆ ---        │
│ str        ┆ f64        │
╞════════════╪════════════╡
│ count      ┆ 1.047812e6 │
│ null_count ┆ 0.0        │
│ mean       ┆ 4.218539   │
│ std        ┆ 2.072699   │
│ min        ┆ 1.0        │
│ 25%        ┆ 3.0        │
│ 50%        ┆ 4.0        │
│ 75%        ┆ 5.0        │
│ max        ┆ 31.0       │
└────────────┴────────────┘
2025-10-27 20:53:34 | INFO     | 


----------------------------------------------------------------------------------------------------

2025-10-27 20:53:34 | INFO     | [20/40] Processing Engaged_in_Economic_Activity_Las
2025-10-27 20:53:34 | INFO     |  === Engaged_in_Economic_Activity_Las Summary === 
2025-10-27 20:53:34 | INFO     | Data type: String
2025-10-27 20:53:34 | INFO     | Duplicates: 1047812
2025-10-27 20:53:34 | INFO     | Missing Values: 0
2025-10-27 20:53:34 | INFO     | unique Values: 2
2025-10-27 20:53:34 | INFO     | Top Value: 1
2025-10-27 20:53:34 | INFO     | 
shape: (4, 2)
┌────────────┬─────────┐
│ statistic  ┆ value   │
│ ---        ┆ ---     │
│ str        ┆ str     │
╞════════════╪═════════╡
│ count      ┆ 1047812 │
│ null_count ┆ 0       │
│ min        ┆ 1       │
│ max        ┆ 2       │
└────────────┴─────────┘
2025-10-27 20:53:34 | INFO     | 


----------------------------------------------------------------------------------------------------

2025-10-27 20:53:34 | INFO     | [21/40] Processing NCO_2015_Code
2025-10-27 20:53:34 | INFO     |  === NCO_2015_Code Summary === 
2025-10-27 20:53:34 | INFO     | Data type: String
2025-10-27 20:53:34 | INFO     | Duplicates: 1047812
2025-10-27 20:53:34 | INFO     | Missing Values: 0
2025-10-27 20:53:34 | INFO     | unique Values: 128
2025-10-27 20:53:34 | INFO     | Top Value: 611
2025-10-27 20:53:34 | INFO     | 
shape: (4, 2)
┌────────────┬─────────┐
│ statistic  ┆ value   │
│ ---        ┆ ---     │
│ str        ┆ str     │
╞════════════╪═════════╡
│ count      ┆ 1047812 │
│ null_count ┆ 0       │
│ min        ┆         │
│ max        ┆ 962     │
└────────────┴─────────┘
2025-10-27 20:53:34 | INFO     | 


----------------------------------------------------------------------------------------------------

2025-10-27 20:53:34 | INFO     | [22/40] Processing NIC_2008_Code
2025-10-27 20:53:34 | INFO     |  === NIC_2008_Code Summary === 
2025-10-27 20:53:35 | INFO     | Data type: String
2025-10-27 20:53:35 | INFO     | Duplicates: 1047812
2025-10-27 20:53:35 | INFO     | Missing Values: 0
2025-10-27 20:53:35 | INFO     | unique Values: 1243
2025-10-27 20:53:35 | INFO     | Top Value: 41001
2025-10-27 20:53:35 | INFO     | 
shape: (4, 2)
┌────────────┬─────────┐
│ statistic  ┆ value   │
│ ---        ┆ ---     │
│ str        ┆ str     │
╞════════════╪═════════╡
│ count      ┆ 1047812 │
│ null_count ┆ 0       │
│ min        ┆         │
│ max        ┆ 99000   │
└────────────┴─────────┘
2025-10-27 20:53:35 | INFO     | 


----------------------------------------------------------------------------------------------------

2025-10-27 20:53:35 | INFO     | [23/40] Processing Max_Income_Activity
2025-10-27 20:53:35 | INFO     |  === Max_Income_Activity Summary === 
2025-10-27 20:53:35 | INFO     | Data type: String
2025-10-27 20:53:35 | INFO     | Duplicates: 1047812
2025-10-27 20:53:35 | INFO     | Missing Values: 0
2025-10-27 20:53:35 | INFO     | unique Values: 4
2025-10-27 20:53:35 | INFO     | Top Value: 1
2025-10-27 20:53:35 | INFO     | 
shape: (4, 2)
┌────────────┬─────────┐
│ statistic  ┆ value   │
│ ---        ┆ ---     │
│ str        ┆ str     │
╞════════════╪═════════╡
│ count      ┆ 1047812 │
│ null_count ┆ 0       │
│ min        ┆         │
│ max        ┆ 3       │
└────────────┴─────────┘
2025-10-27 20:53:35 | INFO     | 


----------------------------------------------------------------------------------------------------

2025-10-27 20:53:35 | INFO     | [24/40] Processing Self_Employment_Source_Sector
2025-10-27 20:53:35 | INFO     |  === Self_Employment_Source_Sector Summary === 
2025-10-27 20:53:35 | INFO     | Data type: String
2025-10-27 20:53:35 | INFO     | Duplicates: 1047812
2025-10-27 20:53:35 | INFO     | Missing Values: 0
2025-10-27 20:53:35 | INFO     | unique Values: 3
2025-10-27 20:53:35 | INFO     | Top Value: 
2025-10-27 20:53:35 | INFO     | 
shape: (4, 2)
┌────────────┬─────────┐
│ statistic  ┆ value   │
│ ---        ┆ ---     │
│ str        ┆ str     │
╞════════════╪═════════╡
│ count      ┆ 1047812 │
│ null_count ┆ 0       │
│ min        ┆         │
│ max        ┆ 2       │
└────────────┴─────────┘
2025-10-27 20:53:35 | INFO     | 


----------------------------------------------------------------------------------------------------

2025-10-27 20:53:35 | INFO     | [25/40] Processing Regular_Wage_Source_Sector
2025-10-27 20:53:35 | INFO     |  === Regular_Wage_Source_Sector Summary === 
2025-10-27 20:53:35 | INFO     | Data type: String
2025-10-27 20:53:35 | INFO     | Duplicates: 1047812
2025-10-27 20:53:35 | INFO     | Missing Values: 0
2025-10-27 20:53:35 | INFO     | unique Values: 3
2025-10-27 20:53:35 | INFO     | Top Value: 
2025-10-27 20:53:35 | INFO     | 
shape: (4, 2)
┌────────────┬─────────┐
│ statistic  ┆ value   │
│ ---        ┆ ---     │
│ str        ┆ str     │
╞════════════╪═════════╡
│ count      ┆ 1047812 │
│ null_count ┆ 0       │
│ min        ┆         │
│ max        ┆ 4       │
└────────────┴─────────┘
2025-10-27 20:53:35 | INFO     | 


----------------------------------------------------------------------------------------------------

2025-10-27 20:53:35 | INFO     | [26/40] Processing Casual_Labour_Source_Sector
2025-10-27 20:53:35 | INFO     |  === Casual_Labour_Source_Sector Summary === 
2025-10-27 20:53:35 | INFO     | Data type: String
2025-10-27 20:53:35 | INFO     | Duplicates: 1047812
2025-10-27 20:53:35 | INFO     | Missing Values: 0
2025-10-27 20:53:35 | INFO     | unique Values: 3
2025-10-27 20:53:35 | INFO     | Top Value: 
2025-10-27 20:53:35 | INFO     | 
shape: (4, 2)
┌────────────┬─────────┐
│ statistic  ┆ value   │
│ ---        ┆ ---     │
│ str        ┆ str     │
╞════════════╪═════════╡
│ count      ┆ 1047812 │
│ null_count ┆ 0       │
│ min        ┆         │
│ max        ┆ 6       │
└────────────┴─────────┘
2025-10-27 20:53:35 | INFO     | 


----------------------------------------------------------------------------------------------------

2025-10-27 20:53:35 | INFO     | [27/40] Processing Household_Type
2025-10-27 20:53:35 | INFO     |  === Household_Type Summary === 
2025-10-27 20:53:35 | INFO     | Data type: String
2025-10-27 20:53:35 | INFO     | Duplicates: 1047812
2025-10-27 20:53:35 | INFO     | Missing Values: 0
2025-10-27 20:53:35 | INFO     | unique Values: 7
2025-10-27 20:53:35 | INFO     | Top Value: 1
2025-10-27 20:53:35 | INFO     | 
shape: (4, 2)
┌────────────┬─────────┐
│ statistic  ┆ value   │
│ ---        ┆ ---     │
│ str        ┆ str     │
╞════════════╪═════════╡
│ count      ┆ 1047812 │
│ null_count ┆ 0       │
│ min        ┆ 1       │
│ max        ┆ 9       │
└────────────┴─────────┘
2025-10-27 20:53:35 | INFO     | 


----------------------------------------------------------------------------------------------------

2025-10-27 20:53:35 | INFO     | [28/40] Processing Religion_of_HH_Head
2025-10-27 20:53:35 | INFO     |  === Religion_of_HH_Head Summary === 
2025-10-27 20:53:35 | INFO     | Data type: String
2025-10-27 20:53:35 | INFO     | Duplicates: 1047812
2025-10-27 20:53:35 | INFO     | Missing Values: 0
2025-10-27 20:53:35 | INFO     | unique Values: 9
2025-10-27 20:53:35 | INFO     | Top Value: 1
2025-10-27 20:53:35 | INFO     | 
shape: (4, 2)
┌────────────┬─────────┐
│ statistic  ┆ value   │
│ ---        ┆ ---     │
│ str        ┆ str     │
╞════════════╪═════════╡
│ count      ┆ 1047812 │
│ null_count ┆ 0       │
│ min        ┆ 0       │
│ max        ┆ 9       │
└────────────┴─────────┘
2025-10-27 20:53:35 | INFO     | 


----------------------------------------------------------------------------------------------------

2025-10-27 20:53:35 | INFO     | [29/40] Processing Social_Group_of_HH_Head
2025-10-27 20:53:35 | INFO     |  === Social_Group_of_HH_Head Summary === 
2025-10-27 20:53:35 | INFO     | Data type: String
2025-10-27 20:53:35 | INFO     | Duplicates: 1047812
2025-10-27 20:53:35 | INFO     | Missing Values: 0
2025-10-27 20:53:35 | INFO     | unique Values: 5
2025-10-27 20:53:35 | INFO     | Top Value: 3
2025-10-27 20:53:35 | INFO     | 
shape: (4, 2)
┌────────────┬─────────┐
│ statistic  ┆ value   │
│ ---        ┆ ---     │
│ str        ┆ str     │
╞════════════╪═════════╡
│ count      ┆ 1047812 │
│ null_count ┆ 0       │
│ min        ┆ 0       │
│ max        ┆ 9       │
└────────────┴─────────┘
2025-10-27 20:53:35 | INFO     | 


----------------------------------------------------------------------------------------------------

2025-10-27 20:53:35 | INFO     | [30/40] Processing Land_Ownership
2025-10-27 20:53:35 | INFO     |  === Land_Ownership Summary === 
2025-10-27 20:53:36 | INFO     | Data type: String
2025-10-27 20:53:36 | INFO     | Duplicates: 1047812
2025-10-27 20:53:36 | INFO     | Missing Values: 0
2025-10-27 20:53:36 | INFO     | unique Values: 2
2025-10-27 20:53:36 | INFO     | Top Value: 1
2025-10-27 20:53:36 | INFO     | 
shape: (4, 2)
┌────────────┬─────────┐
│ statistic  ┆ value   │
│ ---        ┆ ---     │
│ str        ┆ str     │
╞════════════╪═════════╡
│ count      ┆ 1047812 │
│ null_count ┆ 0       │
│ min        ┆ 1       │
│ max        ┆ 2       │
└────────────┴─────────┘
2025-10-27 20:53:36 | INFO     | 


----------------------------------------------------------------------------------------------------

2025-10-27 20:53:36 | INFO     | [31/40] Processing Type_of_Land_Owned
2025-10-27 20:53:36 | INFO     |  === Type_of_Land_Owned Summary === 
2025-10-27 20:53:36 | INFO     | Data type: String
2025-10-27 20:53:36 | INFO     | Duplicates: 1047812
2025-10-27 20:53:36 | INFO     | Missing Values: 0
2025-10-27 20:53:36 | INFO     | unique Values: 4
2025-10-27 20:53:36 | INFO     | Top Value: 2
2025-10-27 20:53:36 | INFO     | 
shape: (4, 2)
┌────────────┬─────────┐
│ statistic  ┆ value   │
│ ---        ┆ ---     │
│ str        ┆ str     │
╞════════════╪═════════╡
│ count      ┆ 1047812 │
│ null_count ┆ 0       │
│ min        ┆         │
│ max        ┆ 3       │
└────────────┴─────────┘
2025-10-27 20:53:36 | INFO     | 


----------------------------------------------------------------------------------------------------

2025-10-27 20:53:36 | INFO     | [32/40] Processing Total_Area_Land_Owned_Acres
2025-10-27 20:53:36 | INFO     |  === Total_Area_Land_Owned_Acres Summary === 
2025-10-27 20:53:36 | INFO     | Data type: String
2025-10-27 20:53:36 | INFO     | Duplicates: 1047812
2025-10-27 20:53:36 | INFO     | Missing Values: 0
2025-10-27 20:53:36 | INFO     | unique Values: 1816
2025-10-27 20:53:36 | INFO     | Top Value: 0.02
2025-10-27 20:53:36 | INFO     | 
shape: (4, 2)
┌────────────┬─────────┐
│ statistic  ┆ value   │
│ ---        ┆ ---     │
│ str        ┆ str     │
╞════════════╪═════════╡
│ count      ┆ 1047812 │
│ null_count ┆ 0       │
│ min        ┆         │
│ max        ┆ 90.03   │
└────────────┴─────────┘
2025-10-27 20:53:36 | INFO     | 


----------------------------------------------------------------------------------------------------

2025-10-27 20:53:36 | INFO     | [33/40] Processing Dwelling_Unit_Exists
2025-10-27 20:53:36 | INFO     |  === Dwelling_Unit_Exists Summary === 
2025-10-27 20:53:36 | INFO     | Data type: String
2025-10-27 20:53:36 | INFO     | Duplicates: 1047812
2025-10-27 20:53:36 | INFO     | Missing Values: 0
2025-10-27 20:53:36 | INFO     | unique Values: 2
2025-10-27 20:53:36 | INFO     | Top Value: 1
2025-10-27 20:53:36 | INFO     | 
shape: (4, 2)
┌────────────┬─────────┐
│ statistic  ┆ value   │
│ ---        ┆ ---     │
│ str        ┆ str     │
╞════════════╪═════════╡
│ count      ┆ 1047812 │
│ null_count ┆ 0       │
│ min        ┆ 1       │
│ max        ┆ 2       │
└────────────┴─────────┘
2025-10-27 20:53:36 | INFO     | 


----------------------------------------------------------------------------------------------------

2025-10-27 20:53:36 | INFO     | [34/40] Processing Type_of_Dwelling_Unit
2025-10-27 20:53:36 | INFO     |  === Type_of_Dwelling_Unit Summary === 
2025-10-27 20:53:36 | INFO     | Data type: String
2025-10-27 20:53:36 | INFO     | Duplicates: 1047812
2025-10-27 20:53:36 | INFO     | Missing Values: 0
2025-10-27 20:53:36 | INFO     | unique Values: 4
2025-10-27 20:53:36 | INFO     | Top Value: 1
2025-10-27 20:53:36 | INFO     | 
shape: (4, 2)
┌────────────┬─────────┐
│ statistic  ┆ value   │
│ ---        ┆ ---     │
│ str        ┆ str     │
╞════════════╪═════════╡
│ count      ┆ 1047812 │
│ null_count ┆ 0       │
│ min        ┆         │
│ max        ┆ 3       │
└────────────┴─────────┘
2025-10-27 20:53:36 | INFO     | 


----------------------------------------------------------------------------------------------------

2025-10-27 20:53:36 | INFO     | [35/40] Processing Energy_Source_Cooking
2025-10-27 20:53:36 | INFO     |  === Energy_Source_Cooking Summary === 
2025-10-27 20:53:36 | INFO     | Data type: String
2025-10-27 20:53:36 | INFO     | Duplicates: 1047812
2025-10-27 20:53:36 | INFO     | Missing Values: 0
2025-10-27 20:53:36 | INFO     | unique Values: 12
2025-10-27 20:53:36 | INFO     | Top Value: 02
2025-10-27 20:53:36 | INFO     | 
shape: (4, 2)
┌────────────┬─────────┐
│ statistic  ┆ value   │
│ ---        ┆ ---     │
│ str        ┆ str     │
╞════════════╪═════════╡
│ count      ┆ 1047812 │
│ null_count ┆ 0       │
│ min        ┆ 01      │
│ max        ┆ 12      │
└────────────┴─────────┘
2025-10-27 20:53:36 | INFO     | 


----------------------------------------------------------------------------------------------------

2025-10-27 20:53:36 | INFO     | [36/40] Processing Energy_Source_Lighting
2025-10-27 20:53:36 | INFO     |  === Energy_Source_Lighting Summary === 
2025-10-27 20:53:36 | INFO     | Data type: String
2025-10-27 20:53:36 | INFO     | Duplicates: 1047812
2025-10-27 20:53:36 | INFO     | Missing Values: 0
2025-10-27 20:53:36 | INFO     | unique Values: 7
2025-10-27 20:53:36 | INFO     | Top Value: 1
2025-10-27 20:53:36 | INFO     | 
shape: (4, 2)
┌────────────┬─────────┐
│ statistic  ┆ value   │
│ ---        ┆ ---     │
│ str        ┆ str     │
╞════════════╪═════════╡
│ count      ┆ 1047812 │
│ null_count ┆ 0       │
│ min        ┆ 1       │
│ max        ┆ 9       │
└────────────┴─────────┘
2025-10-27 20:53:36 | INFO     | 


----------------------------------------------------------------------------------------------------

2025-10-27 20:53:36 | INFO     | [37/40] Processing Ration_Card_Type
2025-10-27 20:53:36 | INFO     |  === Ration_Card_Type Summary === 
2025-10-27 20:53:36 | INFO     | Data type: String
2025-10-27 20:53:36 | INFO     | Duplicates: 1047812
2025-10-27 20:53:36 | INFO     | Missing Values: 0
2025-10-27 20:53:36 | INFO     | unique Values: 7
2025-10-27 20:53:36 | INFO     | Top Value: 4
2025-10-27 20:53:36 | INFO     | 
shape: (4, 2)
┌────────────┬─────────┐
│ statistic  ┆ value   │
│ ---        ┆ ---     │
│ str        ┆ str     │
╞════════════╪═════════╡
│ count      ┆ 1047812 │
│ null_count ┆ 0       │
│ min        ┆ 0       │
│ max        ┆ 9       │
└────────────┴─────────┘
2025-10-27 20:53:36 | INFO     | 


----------------------------------------------------------------------------------------------------

2025-10-27 20:53:36 | INFO     | [38/40] Processing Rent_Rate_Available_Rural
2025-10-27 20:53:36 | INFO     |  === Rent_Rate_Available_Rural Summary === 
2025-10-27 20:53:37 | INFO     | Data type: String
2025-10-27 20:53:37 | INFO     | Duplicates: 1047812
2025-10-27 20:53:37 | INFO     | Missing Values: 0
2025-10-27 20:53:37 | INFO     | unique Values: 3
2025-10-27 20:53:37 | INFO     | Top Value: 2
2025-10-27 20:53:37 | INFO     | 
shape: (4, 2)
┌────────────┬─────────┐
│ statistic  ┆ value   │
│ ---        ┆ ---     │
│ str        ┆ str     │
╞════════════╪═════════╡
│ count      ┆ 1047812 │
│ null_count ┆ 0       │
│ min        ┆         │
│ max        ┆ 2       │
└────────────┴─────────┘
2025-10-27 20:53:37 | INFO     | 


----------------------------------------------------------------------------------------------------

2025-10-27 20:53:37 | INFO     | [39/40] Processing Benefitted_From_PMGKY
2025-10-27 20:53:37 | INFO     |  === Benefitted_From_PMGKY Summary === 
2025-10-27 20:53:37 | INFO     | Data type: String
2025-10-27 20:53:37 | INFO     | Duplicates: 1047812
2025-10-27 20:53:37 | INFO     | Missing Values: 0
2025-10-27 20:53:37 | INFO     | unique Values: 2
2025-10-27 20:53:37 | INFO     | Top Value: 1
2025-10-27 20:53:37 | INFO     | 
shape: (4, 2)
┌────────────┬─────────┐
│ statistic  ┆ value   │
│ ---        ┆ ---     │
│ str        ┆ str     │
╞════════════╪═════════╡
│ count      ┆ 1047812 │
│ null_count ┆ 0       │
│ min        ┆ 1       │
│ max        ┆ 2       │
└────────────┴─────────┘
2025-10-27 20:53:37 | INFO     | 


----------------------------------------------------------------------------------------------------

2025-10-27 20:53:37 | INFO     | [40/40] Processing Multiplier
2025-10-27 20:53:37 | INFO     |  === Multiplier Summary === 
2025-10-27 20:53:37 | INFO     | Data type: Float64
2025-10-27 20:53:37 | INFO     | Duplicates: 1047812
2025-10-27 20:53:37 | INFO     | Missing Values: 0
2025-10-27 20:53:37 | INFO     | unique Values: 23567
2025-10-27 20:53:37 | INFO     | Top Value: 11830.0
2025-10-27 20:53:37 | INFO     | 
shape: (9, 2)
┌────────────┬───────────────┐
│ statistic  ┆ value         │
│ ---        ┆ ---           │
│ str        ┆ f64           │
╞════════════╪═══════════════╡
│ count      ┆ 1.047812e6    │
│ null_count ┆ 0.0           │
│ mean       ┆ 111344.812944 │
│ std        ┆ 79655.998345  │
│ min        ┆ 369.0         │
│ 25%        ┆ 56738.0       │
│ 50%        ┆ 114044.0      │
│ 75%        ┆ 150441.0      │
│ max        ┆ 2.366902e6    │
└────────────┴───────────────┘
2025-10-27 20:53:37 | SUCCESS  | All Summaries Completed.
