2025-10-27 20:47:49 | INFO     | Successfully loaded parquet-data\lev-12\data\lev-12_merged.parquet
2025-10-27 20:47:50 | INFO     | File size: 585.8356037139893 MB 



2025-10-27 20:47:50 | INFO     | 


----------------------------------------------------------------------------------------------------

2025-10-27 20:47:50 | INFO     | [1/22] Processing Survey_Name
2025-10-27 20:47:50 | INFO     |  === Survey_Name Summary === 
2025-10-27 20:47:51 | INFO     | Data type: String
2025-10-27 20:47:51 | INFO     | Duplicates: 9414702
2025-10-27 20:47:51 | INFO     | Missing Values: 0
2025-10-27 20:47:51 | INFO     | unique Values: 1
2025-10-27 20:47:51 | INFO     | Top Value: HCES
2025-10-27 20:47:51 | INFO     | 
shape: (4, 2)
┌────────────┬─────────┐
│ statistic  ┆ value   │
│ ---        ┆ ---     │
│ str        ┆ str     │
╞════════════╪═════════╡
│ count      ┆ 9414702 │
│ null_count ┆ 0       │
│ min        ┆ HCES    │
│ max        ┆ HCES    │
└────────────┴─────────┘
2025-10-27 20:47:51 | INFO     | 


----------------------------------------------------------------------------------------------------

2025-10-27 20:47:51 | INFO     | [2/22] Processing Year
2025-10-27 20:47:51 | INFO     |  === Year Summary === 
2025-10-27 20:47:52 | INFO     | Data type: String
2025-10-27 20:47:52 | INFO     | Duplicates: 9414702
2025-10-27 20:47:52 | INFO     | Missing Values: 0
2025-10-27 20:47:52 | INFO     | unique Values: 1
2025-10-27 20:47:52 | INFO     | Top Value: 2024
2025-10-27 20:47:52 | INFO     | 
shape: (4, 2)
┌────────────┬─────────┐
│ statistic  ┆ value   │
│ ---        ┆ ---     │
│ str        ┆ str     │
╞════════════╪═════════╡
│ count      ┆ 9414702 │
│ null_count ┆ 0       │
│ min        ┆ 2024    │
│ max        ┆ 2024    │
└────────────┴─────────┘
2025-10-27 20:47:52 | INFO     | 


----------------------------------------------------------------------------------------------------

2025-10-27 20:47:52 | INFO     | [3/22] Processing FSU_Serial_No
2025-10-27 20:47:52 | INFO     |  === FSU_Serial_No Summary === 
2025-10-27 20:47:54 | INFO     | Data type: String
2025-10-27 20:47:54 | INFO     | Duplicates: 9414702
2025-10-27 20:47:54 | INFO     | Missing Values: 0
2025-10-27 20:47:54 | INFO     | unique Values: 14826
2025-10-27 20:47:54 | INFO     | Top Value: 45368
2025-10-27 20:47:54 | INFO     | 
shape: (4, 2)
┌────────────┬─────────┐
│ statistic  ┆ value   │
│ ---        ┆ ---     │
│ str        ┆ str     │
╞════════════╪═════════╡
│ count      ┆ 9414702 │
│ null_count ┆ 0       │
│ min        ┆ 22300   │
│ max        ┆ 49999   │
└────────────┴─────────┘
2025-10-27 20:47:54 | INFO     | 


----------------------------------------------------------------------------------------------------

2025-10-27 20:47:54 | INFO     | [4/22] Processing Sector
2025-10-27 20:47:54 | INFO     |  === Sector Summary === 
2025-10-27 20:47:55 | INFO     | Data type: String
2025-10-27 20:47:55 | INFO     | Duplicates: 9414702
2025-10-27 20:47:55 | INFO     | Missing Values: 0
2025-10-27 20:47:55 | INFO     | unique Values: 2
2025-10-27 20:47:55 | INFO     | Top Value: 1
2025-10-27 20:47:55 | INFO     | 
shape: (4, 2)
┌────────────┬─────────┐
│ statistic  ┆ value   │
│ ---        ┆ ---     │
│ str        ┆ str     │
╞════════════╪═════════╡
│ count      ┆ 9414702 │
│ null_count ┆ 0       │
│ min        ┆ 1       │
│ max        ┆ 2       │
└────────────┴─────────┘
2025-10-27 20:47:55 | INFO     | 


----------------------------------------------------------------------------------------------------

2025-10-27 20:47:55 | INFO     | [5/22] Processing State
2025-10-27 20:47:55 | INFO     |  === State Summary === 
2025-10-27 20:47:56 | INFO     | Data type: String
2025-10-27 20:47:56 | INFO     | Duplicates: 9414702
2025-10-27 20:47:56 | INFO     | Missing Values: 0
2025-10-27 20:47:56 | INFO     | unique Values: 36
2025-10-27 20:47:56 | INFO     | Top Value: 09
2025-10-27 20:47:56 | INFO     | 
shape: (4, 2)
┌────────────┬─────────┐
│ statistic  ┆ value   │
│ ---        ┆ ---     │
│ str        ┆ str     │
╞════════════╪═════════╡
│ count      ┆ 9414702 │
│ null_count ┆ 0       │
│ min        ┆ 01      │
│ max        ┆ 37      │
└────────────┴─────────┘
2025-10-27 20:47:56 | INFO     | 


----------------------------------------------------------------------------------------------------

2025-10-27 20:47:56 | INFO     | [6/22] Processing NSS_Region
2025-10-27 20:47:56 | INFO     |  === NSS_Region Summary === 
2025-10-27 20:47:58 | INFO     | Data type: String
2025-10-27 20:47:58 | INFO     | Duplicates: 9414702
2025-10-27 20:47:58 | INFO     | Missing Values: 0
2025-10-27 20:47:58 | INFO     | unique Values: 87
2025-10-27 20:47:58 | INFO     | Top Value: 093
2025-10-27 20:47:58 | INFO     | 
shape: (4, 2)
┌────────────┬─────────┐
│ statistic  ┆ value   │
│ ---        ┆ ---     │
│ str        ┆ str     │
╞════════════╪═════════╡
│ count      ┆ 9414702 │
│ null_count ┆ 0       │
│ min        ┆ 011     │
│ max        ┆ 371     │
└────────────┴─────────┘
2025-10-27 20:47:58 | INFO     | 


----------------------------------------------------------------------------------------------------

2025-10-27 20:47:58 | INFO     | [7/22] Processing District
2025-10-27 20:47:58 | INFO     |  === District Summary === 
2025-10-27 20:47:59 | INFO     | Data type: String
2025-10-27 20:47:59 | INFO     | Duplicates: 9414702
2025-10-27 20:47:59 | INFO     | Missing Values: 0
2025-10-27 20:47:59 | INFO     | unique Values: 71
2025-10-27 20:47:59 | INFO     | Top Value: 07
2025-10-27 20:47:59 | INFO     | 
shape: (4, 2)
┌────────────┬─────────┐
│ statistic  ┆ value   │
│ ---        ┆ ---     │
│ str        ┆ str     │
╞════════════╪═════════╡
│ count      ┆ 9414702 │
│ null_count ┆ 0       │
│ min        ┆ 01      │
│ max        ┆ 71      │
└────────────┴─────────┘
2025-10-27 20:47:59 | INFO     | 


----------------------------------------------------------------------------------------------------

2025-10-27 20:47:59 | INFO     | [8/22] Processing Stratum
2025-10-27 20:47:59 | INFO     |  === Stratum Summary === 
2025-10-27 20:48:00 | INFO     | Data type: String
2025-10-27 20:48:00 | INFO     | Duplicates: 9414702
2025-10-27 20:48:00 | INFO     | Missing Values: 0
2025-10-27 20:48:00 | INFO     | unique Values: 28
2025-10-27 20:48:00 | INFO     | Top Value: 23
2025-10-27 20:48:00 | INFO     | 
shape: (4, 2)
┌────────────┬─────────┐
│ statistic  ┆ value   │
│ ---        ┆ ---     │
│ str        ┆ str     │
╞════════════╪═════════╡
│ count      ┆ 9414702 │
│ null_count ┆ 0       │
│ min        ┆ 11      │
│ max        ┆ 99      │
└────────────┴─────────┘
2025-10-27 20:48:00 | INFO     | 


----------------------------------------------------------------------------------------------------

2025-10-27 20:48:00 | INFO     | [9/22] Processing Sub_stratum
2025-10-27 20:48:00 | INFO     |  === Sub_stratum Summary === 
2025-10-27 20:48:01 | INFO     | Data type: String
2025-10-27 20:48:01 | INFO     | Duplicates: 9414702
2025-10-27 20:48:01 | INFO     | Missing Values: 0
2025-10-27 20:48:01 | INFO     | unique Values: 48
2025-10-27 20:48:01 | INFO     | Top Value: 01
2025-10-27 20:48:01 | INFO     | 
shape: (4, 2)
┌────────────┬─────────┐
│ statistic  ┆ value   │
│ ---        ┆ ---     │
│ str        ┆ str     │
╞════════════╪═════════╡
│ count      ┆ 9414702 │
│ null_count ┆ 0       │
│ min        ┆ 01      │
│ max        ┆ 48      │
└────────────┴─────────┘
2025-10-27 20:48:01 | INFO     | 


----------------------------------------------------------------------------------------------------

2025-10-27 20:48:01 | INFO     | [10/22] Processing Panel
2025-10-27 20:48:01 | INFO     |  === Panel Summary === 
2025-10-27 20:48:03 | INFO     | Data type: String
2025-10-27 20:48:03 | INFO     | Duplicates: 9414702
2025-10-27 20:48:03 | INFO     | Missing Values: 0
2025-10-27 20:48:03 | INFO     | unique Values: 10
2025-10-27 20:48:03 | INFO     | Top Value: 9
2025-10-27 20:48:03 | INFO     | 
shape: (4, 2)
┌────────────┬─────────┐
│ statistic  ┆ value   │
│ ---        ┆ ---     │
│ str        ┆ str     │
╞════════════╪═════════╡
│ count      ┆ 9414702 │
│ null_count ┆ 0       │
│ min        ┆ 1       │
│ max        ┆ 9       │
└────────────┴─────────┘
2025-10-27 20:48:03 | INFO     | 


----------------------------------------------------------------------------------------------------

2025-10-27 20:48:03 | INFO     | [11/22] Processing Sub_sample
2025-10-27 20:48:03 | INFO     |  === Sub_sample Summary === 
2025-10-27 20:48:04 | INFO     | Data type: String
2025-10-27 20:48:04 | INFO     | Duplicates: 9414702
2025-10-27 20:48:04 | INFO     | Missing Values: 0
2025-10-27 20:48:04 | INFO     | unique Values: 2
2025-10-27 20:48:04 | INFO     | Top Value: 2
2025-10-27 20:48:04 | INFO     | 
shape: (4, 2)
┌────────────┬─────────┐
│ statistic  ┆ value   │
│ ---        ┆ ---     │
│ str        ┆ str     │
╞════════════╪═════════╡
│ count      ┆ 9414702 │
│ null_count ┆ 0       │
│ min        ┆ 1       │
│ max        ┆ 2       │
└────────────┴─────────┘
2025-10-27 20:48:04 | INFO     | 


----------------------------------------------------------------------------------------------------

2025-10-27 20:48:04 | INFO     | [12/22] Processing FOD_Sub_Region
2025-10-27 20:48:04 | INFO     |  === FOD_Sub_Region Summary === 
2025-10-27 20:48:05 | INFO     | Data type: String
2025-10-27 20:48:05 | INFO     | Duplicates: 9414702
2025-10-27 20:48:05 | INFO     | Missing Values: 0
2025-10-27 20:48:05 | INFO     | unique Values: 169
2025-10-27 20:48:05 | INFO     | Top Value: 1610
2025-10-27 20:48:05 | INFO     | 
shape: (4, 2)
┌────────────┬─────────┐
│ statistic  ┆ value   │
│ ---        ┆ ---     │
│ str        ┆ str     │
╞════════════╪═════════╡
│ count      ┆ 9414702 │
│ null_count ┆ 0       │
│ min        ┆ 0110    │
│ max        ┆ 3613    │
└────────────┴─────────┘
2025-10-27 20:48:05 | INFO     | 


----------------------------------------------------------------------------------------------------

2025-10-27 20:48:05 | INFO     | [13/22] Processing Sample_SU_No
2025-10-27 20:48:05 | INFO     |  === Sample_SU_No Summary === 
2025-10-27 20:48:07 | INFO     | Data type: String
2025-10-27 20:48:07 | INFO     | Duplicates: 9414702
2025-10-27 20:48:07 | INFO     | Missing Values: 0
2025-10-27 20:48:07 | INFO     | unique Values: 32
2025-10-27 20:48:07 | INFO     | Top Value: 1
2025-10-27 20:48:07 | INFO     | 
shape: (4, 2)
┌────────────┬─────────┐
│ statistic  ┆ value   │
│ ---        ┆ ---     │
│ str        ┆ str     │
╞════════════╪═════════╡
│ count      ┆ 9414702 │
│ null_count ┆ 0       │
│ min        ┆ 1       │
│ max        ┆ 9       │
└────────────┴─────────┘
2025-10-27 20:48:07 | INFO     | 


----------------------------------------------------------------------------------------------------

2025-10-27 20:48:07 | INFO     | [14/22] Processing Sample_Sub_Division_No
2025-10-27 20:48:07 | INFO     |  === Sample_Sub_Division_No Summary === 
2025-10-27 20:48:08 | INFO     | Data type: String
2025-10-27 20:48:08 | INFO     | Duplicates: 9414702
2025-10-27 20:48:08 | INFO     | Missing Values: 0
2025-10-27 20:48:08 | INFO     | unique Values: 7
2025-10-27 20:48:08 | INFO     | Top Value: 
2025-10-27 20:48:08 | INFO     | 
shape: (4, 2)
┌────────────┬─────────┐
│ statistic  ┆ value   │
│ ---        ┆ ---     │
│ str        ┆ str     │
╞════════════╪═════════╡
│ count      ┆ 9414702 │
│ null_count ┆ 0       │
│ min        ┆         │
│ max        ┆ 6       │
└────────────┴─────────┘
2025-10-27 20:48:08 | INFO     | 


----------------------------------------------------------------------------------------------------

2025-10-27 20:48:08 | INFO     | [15/22] Processing Second_Stage_Stratum_No
2025-10-27 20:48:08 | INFO     |  === Second_Stage_Stratum_No Summary === 
2025-10-27 20:48:09 | INFO     | Data type: String
2025-10-27 20:48:09 | INFO     | Duplicates: 9414702
2025-10-27 20:48:09 | INFO     | Missing Values: 0
2025-10-27 20:48:09 | INFO     | unique Values: 3
2025-10-27 20:48:09 | INFO     | Top Value: 3
2025-10-27 20:48:09 | INFO     | 
shape: (4, 2)
┌────────────┬─────────┐
│ statistic  ┆ value   │
│ ---        ┆ ---     │
│ str        ┆ str     │
╞════════════╪═════════╡
│ count      ┆ 9414702 │
│ null_count ┆ 0       │
│ min        ┆ 1       │
│ max        ┆ 3       │
└────────────┴─────────┘
2025-10-27 20:48:09 | INFO     | 


----------------------------------------------------------------------------------------------------

2025-10-27 20:48:09 | INFO     | [16/22] Processing Sample_Household_No
2025-10-27 20:48:09 | INFO     |  === Sample_Household_No Summary === 
2025-10-27 20:48:11 | INFO     | Data type: String
2025-10-27 20:48:11 | INFO     | Duplicates: 9414702
2025-10-27 20:48:11 | INFO     | Missing Values: 0
2025-10-27 20:48:11 | INFO     | unique Values: 18
2025-10-27 20:48:11 | INFO     | Top Value: 01
2025-10-27 20:48:11 | INFO     | 
shape: (4, 2)
┌────────────┬─────────┐
│ statistic  ┆ value   │
│ ---        ┆ ---     │
│ str        ┆ str     │
╞════════════╪═════════╡
│ count      ┆ 9414702 │
│ null_count ┆ 0       │
│ min        ┆ 01      │
│ max        ┆ 18      │
└────────────┴─────────┘
2025-10-27 20:48:11 | INFO     | 


----------------------------------------------------------------------------------------------------

2025-10-27 20:48:11 | INFO     | [17/22] Processing Questionnaire_No
2025-10-27 20:48:11 | INFO     |  === Questionnaire_No Summary === 
2025-10-27 20:48:12 | INFO     | Data type: String
2025-10-27 20:48:12 | INFO     | Duplicates: 9414702
2025-10-27 20:48:12 | INFO     | Missing Values: 0
2025-10-27 20:48:12 | INFO     | unique Values: 1
2025-10-27 20:48:12 | INFO     | Top Value: D
2025-10-27 20:48:12 | INFO     | 
shape: (4, 2)
┌────────────┬─────────┐
│ statistic  ┆ value   │
│ ---        ┆ ---     │
│ str        ┆ str     │
╞════════════╪═════════╡
│ count      ┆ 9414702 │
│ null_count ┆ 0       │
│ min        ┆ D       │
│ max        ┆ D       │
└────────────┴─────────┘
2025-10-27 20:48:12 | INFO     | 


----------------------------------------------------------------------------------------------------

2025-10-27 20:48:12 | INFO     | [18/22] Processing Level
2025-10-27 20:48:12 | INFO     |  === Level Summary === 
2025-10-27 20:48:13 | INFO     | Data type: String
2025-10-27 20:48:13 | INFO     | Duplicates: 9414702
2025-10-27 20:48:13 | INFO     | Missing Values: 0
2025-10-27 20:48:13 | INFO     | unique Values: 1
2025-10-27 20:48:13 | INFO     | Top Value: 12
2025-10-27 20:48:13 | INFO     | 
shape: (4, 2)
┌────────────┬─────────┐
│ statistic  ┆ value   │
│ ---        ┆ ---     │
│ str        ┆ str     │
╞════════════╪═════════╡
│ count      ┆ 9414702 │
│ null_count ┆ 0       │
│ min        ┆ 12      │
│ max        ┆ 12      │
└────────────┴─────────┘
2025-10-27 20:48:13 | INFO     | 


----------------------------------------------------------------------------------------------------

2025-10-27 20:48:13 | INFO     | [19/22] Processing ITEM_CODE
2025-10-27 20:48:13 | INFO     |  === ITEM_CODE Summary === 
2025-10-27 20:48:15 | INFO     | Data type: String
2025-10-27 20:48:15 | INFO     | Duplicates: 9414702
2025-10-27 20:48:15 | INFO     | Missing Values: 0
2025-10-27 20:48:15 | INFO     | unique Values: 45
2025-10-27 20:48:15 | INFO     | Top Value: 379
2025-10-27 20:48:15 | INFO     | 
shape: (4, 2)
┌────────────┬─────────┐
│ statistic  ┆ value   │
│ ---        ┆ ---     │
│ str        ┆ str     │
╞════════════╪═════════╡
│ count      ┆ 9414702 │
│ null_count ┆ 0       │
│ min        ┆ 030     │
│ max        ┆ 399     │
└────────────┴─────────┘
2025-10-27 20:48:15 | INFO     | 


----------------------------------------------------------------------------------------------------

2025-10-27 20:48:15 | INFO     | [20/22] Processing QUANTITY
2025-10-27 20:48:15 | INFO     |  === QUANTITY Summary === 
2025-10-27 20:48:16 | INFO     | Data type: Float64
2025-10-27 20:48:16 | INFO     | Duplicates: 9414702
2025-10-27 20:48:16 | INFO     | Missing Values: 1701352
2025-10-27 20:48:16 | INFO     | unique Values: 1224
2025-10-27 20:48:16 | INFO     | Top Value: 2.0
2025-10-27 20:48:16 | INFO     | 
shape: (9, 2)
┌────────────┬────────────┐
│ statistic  ┆ value      │
│ ---        ┆ ---        │
│ str        ┆ f64        │
╞════════════╪════════════╡
│ count      ┆ 7.71335e6  │
│ null_count ┆ 1.701352e6 │
│ mean       ┆ 3.986793   │
│ std        ┆ 4.145403   │
│ min        ┆ 0.000003   │
│ 25%        ┆ 2.0        │
│ 50%        ┆ 3.0        │
│ 75%        ┆ 5.0        │
│ max        ┆ 200.0      │
└────────────┴────────────┘
2025-10-27 20:48:16 | INFO     | 


----------------------------------------------------------------------------------------------------

2025-10-27 20:48:16 | INFO     | [21/22] Processing VALUE
2025-10-27 20:48:16 | INFO     |  === VALUE Summary === 
2025-10-27 20:48:16 | INFO     | Data type: Int64
2025-10-27 20:48:16 | INFO     | Duplicates: 9414702
2025-10-27 20:48:16 | INFO     | Missing Values: 0
2025-10-27 20:48:16 | INFO     | unique Values: 22789
2025-10-27 20:48:16 | INFO     | Top Value: 600
2025-10-27 20:48:16 | INFO     | 
shape: (9, 2)
┌────────────┬─────────────┐
│ statistic  ┆ value       │
│ ---        ┆ ---         │
│ str        ┆ f64         │
╞════════════╪═════════════╡
│ count      ┆ 9.414702e6  │
│ null_count ┆ 0.0         │
│ mean       ┆ 1971.865046 │
│ std        ┆ 3842.482383 │
│ min        ┆ 1.0         │
│ 25%        ┆ 500.0       │
│ 50%        ┆ 900.0       │
│ 75%        ┆ 1800.0      │
│ max        ┆ 204550.0    │
└────────────┴─────────────┘
2025-10-27 20:48:16 | INFO     | 


----------------------------------------------------------------------------------------------------

2025-10-27 20:48:16 | INFO     | [22/22] Processing MULTIPLIER
2025-10-27 20:48:16 | INFO     |  === MULTIPLIER Summary === 
2025-10-27 20:48:17 | INFO     | Data type: Int64
2025-10-27 20:48:17 | INFO     | Duplicates: 9414702
2025-10-27 20:48:17 | INFO     | Missing Values: 0
2025-10-27 20:48:17 | INFO     | unique Values: 23565
2025-10-27 20:48:17 | INFO     | Top Value: 11830
2025-10-27 20:48:17 | INFO     | 
shape: (9, 2)
┌────────────┬───────────────┐
│ statistic  ┆ value         │
│ ---        ┆ ---           │
│ str        ┆ f64           │
╞════════════╪═══════════════╡
│ count      ┆ 9.414702e6    │
│ null_count ┆ 0.0           │
│ mean       ┆ 110362.092951 │
│ std        ┆ 78192.153619  │
│ min        ┆ 369.0         │
│ 25%        ┆ 55037.0       │
│ 50%        ┆ 113283.0      │
│ 75%        ┆ 149939.0      │
│ max        ┆ 2.366902e6    │
└────────────┴───────────────┘
2025-10-27 20:48:17 | SUCCESS  | All Summaries Completed.
