2025-10-24 20:28:28 | INFO | Processing Level 2: C:\Users\Rudra\Desktop\rural-financial-inclusion-govt-scheme-recommendation\raw-data\LEVEL - 02 (Section 3).dta 

2025-10-24 20:28:58 | INFO | Save chunk 1 of lev_02.parquet with rows 0 to 199999
2025-10-24 20:29:00 | INFO | Save chunk 2 of lev_02.parquet with rows 200000 to 399999
2025-10-24 20:29:02 | INFO | Save chunk 3 of lev_02.parquet with rows 400000 to 599999
2025-10-24 20:29:04 | INFO | Save chunk 4 of lev_02.parquet with rows 600000 to 799999
2025-10-24 20:29:06 | INFO | Save chunk 5 of lev_02.parquet with rows 800000 to 999999
2025-10-24 20:29:07 | INFO | Save chunk 6 of lev_02.parquet with rows 1000000 to 1107220
2025-10-24 20:29:07 | INFO | Saved metadata for Level 2
2025-10-24 20:29:07 | INFO | Processing Level 12: C:\Users\Rudra\Desktop\rural-financial-inclusion-govt-scheme-recommendation\raw-data\LEVEL - 12 (Section 13).dta 

2025-10-24 20:30:40 | INFO | Save chunk 1 of lev_12.parquet with rows 0 to 199999
2025-10-24 20:30:41 | INFO | Save chunk 2 of lev_12.parquet with rows 200000 to 399999
2025-10-24 20:30:42 | INFO | Save chunk 3 of lev_12.parquet with rows 400000 to 599999
2025-10-24 20:30:43 | INFO | Save chunk 4 of lev_12.parquet with rows 600000 to 799999
2025-10-24 20:30:44 | INFO | Save chunk 5 of lev_12.parquet with rows 800000 to 999999
2025-10-24 20:30:46 | INFO | Save chunk 6 of lev_12.parquet with rows 1000000 to 1199999
2025-10-24 20:30:47 | INFO | Save chunk 7 of lev_12.parquet with rows 1200000 to 1399999
2025-10-24 20:30:48 | INFO | Save chunk 8 of lev_12.parquet with rows 1400000 to 1599999
2025-10-24 20:30:49 | INFO | Save chunk 9 of lev_12.parquet with rows 1600000 to 1799999
2025-10-24 20:30:50 | INFO | Save chunk 10 of lev_12.parquet with rows 1800000 to 1999999
2025-10-24 20:30:51 | INFO | Save chunk 11 of lev_12.parquet with rows 2000000 to 2199999
2025-10-24 20:30:52 | INFO | Save chunk 12 of lev_12.parquet with rows 2200000 to 2399999
2025-10-24 20:30:53 | INFO | Save chunk 13 of lev_12.parquet with rows 2400000 to 2599999
2025-10-24 20:30:55 | INFO | Save chunk 14 of lev_12.parquet with rows 2600000 to 2799999
2025-10-24 20:30:56 | INFO | Save chunk 15 of lev_12.parquet with rows 2800000 to 2999999
2025-10-24 20:30:57 | INFO | Save chunk 16 of lev_12.parquet with rows 3000000 to 3199999
2025-10-24 20:30:58 | INFO | Save chunk 17 of lev_12.parquet with rows 3200000 to 3399999
2025-10-24 20:30:59 | INFO | Save chunk 18 of lev_12.parquet with rows 3400000 to 3599999
2025-10-24 20:31:00 | INFO | Save chunk 19 of lev_12.parquet with rows 3600000 to 3799999
2025-10-24 20:31:01 | INFO | Save chunk 20 of lev_12.parquet with rows 3800000 to 3999999
2025-10-24 20:31:02 | INFO | Save chunk 21 of lev_12.parquet with rows 4000000 to 4199999
2025-10-24 20:31:03 | INFO | Save chunk 22 of lev_12.parquet with rows 4200000 to 4399999
2025-10-24 20:31:04 | INFO | Save chunk 23 of lev_12.parquet with rows 4400000 to 4599999
2025-10-24 20:31:05 | INFO | Save chunk 24 of lev_12.parquet with rows 4600000 to 4707350
2025-10-24 20:31:05 | INFO | Saved metadata for Level 12
2025-10-24 20:31:05 | INFO | Processing Level 13: C:\Users\Rudra\Desktop\rural-financial-inclusion-govt-scheme-recommendation\raw-data\Level - 13 (Section 14).dta 

2025-10-24 20:32:54 | INFO | Save chunk 1 of lev_13.parquet with rows 0 to 199999
2025-10-24 20:32:55 | INFO | Save chunk 2 of lev_13.parquet with rows 200000 to 399999
2025-10-24 20:32:57 | INFO | Save chunk 3 of lev_13.parquet with rows 400000 to 599999
2025-10-24 20:32:58 | INFO | Save chunk 4 of lev_13.parquet with rows 600000 to 799999
2025-10-24 20:32:59 | INFO | Save chunk 5 of lev_13.parquet with rows 800000 to 999999
2025-10-24 20:33:00 | INFO | Save chunk 6 of lev_13.parquet with rows 1000000 to 1199999
2025-10-24 20:33:02 | INFO | Save chunk 7 of lev_13.parquet with rows 1200000 to 1399999
2025-10-24 20:33:03 | INFO | Save chunk 8 of lev_13.parquet with rows 1400000 to 1599999
2025-10-24 20:33:04 | INFO | Save chunk 9 of lev_13.parquet with rows 1600000 to 1799999
2025-10-24 20:33:06 | INFO | Save chunk 10 of lev_13.parquet with rows 1800000 to 1999999
2025-10-24 20:33:07 | INFO | Save chunk 11 of lev_13.parquet with rows 2000000 to 2199999
2025-10-24 20:33:08 | INFO | Save chunk 12 of lev_13.parquet with rows 2200000 to 2399999
2025-10-24 20:33:10 | INFO | Save chunk 13 of lev_13.parquet with rows 2400000 to 2599999
2025-10-24 20:33:11 | INFO | Save chunk 14 of lev_13.parquet with rows 2600000 to 2799999
2025-10-24 20:33:12 | INFO | Save chunk 15 of lev_13.parquet with rows 2800000 to 2999999
2025-10-24 20:33:14 | INFO | Save chunk 16 of lev_13.parquet with rows 3000000 to 3199999
2025-10-24 20:33:15 | INFO | Save chunk 17 of lev_13.parquet with rows 3200000 to 3399999
2025-10-24 20:33:16 | INFO | Save chunk 18 of lev_13.parquet with rows 3400000 to 3599999
2025-10-24 20:33:18 | INFO | Save chunk 19 of lev_13.parquet with rows 3600000 to 3799999
2025-10-24 20:33:19 | INFO | Save chunk 20 of lev_13.parquet with rows 3800000 to 3999999
2025-10-24 20:33:20 | INFO | Save chunk 21 of lev_13.parquet with rows 4000000 to 4199999
2025-10-24 20:33:21 | INFO | Save chunk 22 of lev_13.parquet with rows 4200000 to 4399999
2025-10-24 20:33:23 | INFO | Save chunk 23 of lev_13.parquet with rows 4400000 to 4599999
2025-10-24 20:33:24 | INFO | Save chunk 24 of lev_13.parquet with rows 4600000 to 4799999
2025-10-24 20:33:25 | INFO | Save chunk 25 of lev_13.parquet with rows 4800000 to 4951748
2025-10-24 20:33:25 | INFO | Saved metadata for Level 13
2025-10-24 20:33:25 | INFO | Processing Level 14: C:\Users\Rudra\Desktop\rural-financial-inclusion-govt-scheme-recommendation\raw-data\LEVEL - 14 (Section  A1,B1 & C1).dta 

2025-10-24 20:36:48 | INFO | Save chunk 1 of lev_14.parquet with rows 0 to 199999
2025-10-24 20:36:50 | INFO | Save chunk 2 of lev_14.parquet with rows 200000 to 399999
2025-10-24 20:36:51 | INFO | Save chunk 3 of lev_14.parquet with rows 400000 to 599999
2025-10-24 20:36:52 | INFO | Save chunk 4 of lev_14.parquet with rows 600000 to 799999
2025-10-24 20:36:53 | INFO | Save chunk 5 of lev_14.parquet with rows 800000 to 999999
2025-10-24 20:36:55 | INFO | Save chunk 6 of lev_14.parquet with rows 1000000 to 1199999
2025-10-24 20:36:56 | INFO | Save chunk 7 of lev_14.parquet with rows 1200000 to 1399999
2025-10-24 20:36:57 | INFO | Save chunk 8 of lev_14.parquet with rows 1400000 to 1599999
2025-10-24 20:36:59 | INFO | Save chunk 9 of lev_14.parquet with rows 1600000 to 1799999
2025-10-24 20:37:00 | INFO | Save chunk 10 of lev_14.parquet with rows 1800000 to 1999999
2025-10-24 20:37:01 | INFO | Save chunk 11 of lev_14.parquet with rows 2000000 to 2199999
2025-10-24 20:37:02 | INFO | Save chunk 12 of lev_14.parquet with rows 2200000 to 2399999
2025-10-24 20:37:04 | INFO | Save chunk 13 of lev_14.parquet with rows 2400000 to 2599999
2025-10-24 20:37:05 | INFO | Save chunk 14 of lev_14.parquet with rows 2600000 to 2799999
2025-10-24 20:37:06 | INFO | Save chunk 15 of lev_14.parquet with rows 2800000 to 2999999
2025-10-24 20:37:07 | INFO | Save chunk 16 of lev_14.parquet with rows 3000000 to 3199999
2025-10-24 20:37:09 | INFO | Save chunk 17 of lev_14.parquet with rows 3200000 to 3399999
2025-10-24 20:37:10 | INFO | Save chunk 18 of lev_14.parquet with rows 3400000 to 3599999
2025-10-24 20:37:11 | INFO | Save chunk 19 of lev_14.parquet with rows 3600000 to 3799999
2025-10-24 20:37:12 | INFO | Save chunk 20 of lev_14.parquet with rows 3800000 to 3999999
2025-10-24 20:37:14 | INFO | Save chunk 21 of lev_14.parquet with rows 4000000 to 4199999
2025-10-24 20:37:15 | INFO | Save chunk 22 of lev_14.parquet with rows 4200000 to 4399999
2025-10-24 20:37:16 | INFO | Save chunk 23 of lev_14.parquet with rows 4400000 to 4599999
2025-10-24 20:37:17 | INFO | Save chunk 24 of lev_14.parquet with rows 4600000 to 4799999
2025-10-24 20:37:18 | INFO | Save chunk 25 of lev_14.parquet with rows 4800000 to 4999999
2025-10-24 20:37:19 | INFO | Save chunk 26 of lev_14.parquet with rows 5000000 to 5199999
2025-10-24 20:37:21 | INFO | Save chunk 27 of lev_14.parquet with rows 5200000 to 5399999
2025-10-24 20:37:22 | INFO | Save chunk 28 of lev_14.parquet with rows 5400000 to 5599999
2025-10-24 20:37:23 | INFO | Save chunk 29 of lev_14.parquet with rows 5600000 to 5799999
2025-10-24 20:37:24 | INFO | Save chunk 30 of lev_14.parquet with rows 5800000 to 5999999
2025-10-24 20:37:25 | INFO | Save chunk 31 of lev_14.parquet with rows 6000000 to 6199999
2025-10-24 20:37:26 | INFO | Save chunk 32 of lev_14.parquet with rows 6200000 to 6399999
2025-10-24 20:37:28 | INFO | Save chunk 33 of lev_14.parquet with rows 6400000 to 6599999
2025-10-24 20:37:29 | INFO | Save chunk 34 of lev_14.parquet with rows 6600000 to 6799999
2025-10-24 20:37:30 | INFO | Save chunk 35 of lev_14.parquet with rows 6800000 to 6999999
2025-10-24 20:37:31 | INFO | Save chunk 36 of lev_14.parquet with rows 7000000 to 7199999
2025-10-24 20:37:32 | INFO | Save chunk 37 of lev_14.parquet with rows 7200000 to 7399999
2025-10-24 20:37:34 | INFO | Save chunk 38 of lev_14.parquet with rows 7400000 to 7599999
2025-10-24 20:37:35 | INFO | Save chunk 39 of lev_14.parquet with rows 7600000 to 7799999
2025-10-24 20:37:36 | INFO | Save chunk 40 of lev_14.parquet with rows 7800000 to 7999999
2025-10-24 20:37:37 | INFO | Save chunk 41 of lev_14.parquet with rows 8000000 to 8199999
2025-10-24 20:37:38 | INFO | Save chunk 42 of lev_14.parquet with rows 8200000 to 8296568
2025-10-24 20:37:38 | INFO | Saved metadata for Level 14
