2025-10-27 20:27:30 | INFO     | Loaded file: parquet-data\lev-01\data\lev-01_merged.parquet
2025-10-27 20:27:30 | INFO     | File size: 58.94057273864746 MB 



2025-10-27 20:27:30 | INFO     | 


----------------------------------------------------------------------------------------------------

2025-10-27 20:27:30 | INFO     | [1/21] Processing Survey_Name
2025-10-27 20:27:30 | INFO     |  === Survey_Name Summary === 
2025-10-27 20:27:30 | INFO     | Data type: String
2025-10-27 20:27:30 | INFO     | Duplicates: 1309765
2025-10-27 20:27:30 | INFO     | Missing Values: 0
2025-10-27 20:27:30 | INFO     | unique Values: 1
2025-10-27 20:27:30 | INFO     | Top Value: HCES
2025-10-27 20:27:30 | INFO     | 
shape: (4, 2)
┌────────────┬─────────┐
│ statistic  ┆ value   │
│ ---        ┆ ---     │
│ str        ┆ str     │
╞════════════╪═════════╡
│ count      ┆ 1309765 │
│ null_count ┆ 0       │
│ min        ┆ HCES    │
│ max        ┆ HCES    │
└────────────┴─────────┘
2025-10-27 20:27:30 | INFO     | 


----------------------------------------------------------------------------------------------------

2025-10-27 20:27:30 | INFO     | [2/21] Processing Year
2025-10-27 20:27:30 | INFO     |  === Year Summary === 
2025-10-27 20:27:30 | INFO     | Data type: String
2025-10-27 20:27:30 | INFO     | Duplicates: 1309765
2025-10-27 20:27:30 | INFO     | Missing Values: 0
2025-10-27 20:27:30 | INFO     | unique Values: 1
2025-10-27 20:27:30 | INFO     | Top Value: 2024
2025-10-27 20:27:30 | INFO     | 
shape: (4, 2)
┌────────────┬─────────┐
│ statistic  ┆ value   │
│ ---        ┆ ---     │
│ str        ┆ str     │
╞════════════╪═════════╡
│ count      ┆ 1309765 │
│ null_count ┆ 0       │
│ min        ┆ 2024    │
│ max        ┆ 2024    │
└────────────┴─────────┘
2025-10-27 20:27:30 | INFO     | 


----------------------------------------------------------------------------------------------------

2025-10-27 20:27:30 | INFO     | [3/21] Processing FSU_Serial_No
2025-10-27 20:27:30 | INFO     |  === FSU_Serial_No Summary === 
2025-10-27 20:27:30 | INFO     | Data type: String
2025-10-27 20:27:30 | INFO     | Duplicates: 1309765
2025-10-27 20:27:30 | INFO     | Missing Values: 0
2025-10-27 20:27:30 | INFO     | unique Values: 14827
2025-10-27 20:27:30 | INFO     | Top Value: 43071
2025-10-27 20:27:30 | INFO     | 
shape: (4, 2)
┌────────────┬─────────┐
│ statistic  ┆ value   │
│ ---        ┆ ---     │
│ str        ┆ str     │
╞════════════╪═════════╡
│ count      ┆ 1309765 │
│ null_count ┆ 0       │
│ min        ┆ 22300   │
│ max        ┆ 49999   │
└────────────┴─────────┘
2025-10-27 20:27:30 | INFO     | 


----------------------------------------------------------------------------------------------------

2025-10-27 20:27:30 | INFO     | [4/21] Processing Sector
2025-10-27 20:27:30 | INFO     |  === Sector Summary === 
2025-10-27 20:27:30 | INFO     | Data type: String
2025-10-27 20:27:30 | INFO     | Duplicates: 1309765
2025-10-27 20:27:30 | INFO     | Missing Values: 0
2025-10-27 20:27:30 | INFO     | unique Values: 2
2025-10-27 20:27:30 | INFO     | Top Value: 1
2025-10-27 20:27:30 | INFO     | 
shape: (4, 2)
┌────────────┬─────────┐
│ statistic  ┆ value   │
│ ---        ┆ ---     │
│ str        ┆ str     │
╞════════════╪═════════╡
│ count      ┆ 1309765 │
│ null_count ┆ 0       │
│ min        ┆ 1       │
│ max        ┆ 2       │
└────────────┴─────────┘
2025-10-27 20:27:30 | INFO     | 


----------------------------------------------------------------------------------------------------

2025-10-27 20:27:30 | INFO     | [5/21] Processing State
2025-10-27 20:27:30 | INFO     |  === State Summary === 
2025-10-27 20:27:30 | INFO     | Data type: String
2025-10-27 20:27:30 | INFO     | Duplicates: 1309765
2025-10-27 20:27:30 | INFO     | Missing Values: 0
2025-10-27 20:27:30 | INFO     | unique Values: 36
2025-10-27 20:27:30 | INFO     | Top Value: 09
2025-10-27 20:27:30 | INFO     | 
shape: (4, 2)
┌────────────┬─────────┐
│ statistic  ┆ value   │
│ ---        ┆ ---     │
│ str        ┆ str     │
╞════════════╪═════════╡
│ count      ┆ 1309765 │
│ null_count ┆ 0       │
│ min        ┆ 01      │
│ max        ┆ 37      │
└────────────┴─────────┘
2025-10-27 20:27:30 | INFO     | 


----------------------------------------------------------------------------------------------------

2025-10-27 20:27:30 | INFO     | [6/21] Processing NSS_Region
2025-10-27 20:27:30 | INFO     |  === NSS_Region Summary === 
2025-10-27 20:27:31 | INFO     | Data type: String
2025-10-27 20:27:31 | INFO     | Duplicates: 1309765
2025-10-27 20:27:31 | INFO     | Missing Values: 0
2025-10-27 20:27:31 | INFO     | unique Values: 87
2025-10-27 20:27:31 | INFO     | Top Value: 093
2025-10-27 20:27:31 | INFO     | 
shape: (4, 2)
┌────────────┬─────────┐
│ statistic  ┆ value   │
│ ---        ┆ ---     │
│ str        ┆ str     │
╞════════════╪═════════╡
│ count      ┆ 1309765 │
│ null_count ┆ 0       │
│ min        ┆ 011     │
│ max        ┆ 371     │
└────────────┴─────────┘
2025-10-27 20:27:31 | INFO     | 


----------------------------------------------------------------------------------------------------

2025-10-27 20:27:31 | INFO     | [7/21] Processing District
2025-10-27 20:27:31 | INFO     |  === District Summary === 
2025-10-27 20:27:31 | INFO     | Data type: String
2025-10-27 20:27:31 | INFO     | Duplicates: 1309765
2025-10-27 20:27:31 | INFO     | Missing Values: 0
2025-10-27 20:27:31 | INFO     | unique Values: 71
2025-10-27 20:27:31 | INFO     | Top Value: 07
2025-10-27 20:27:31 | INFO     | 
shape: (4, 2)
┌────────────┬─────────┐
│ statistic  ┆ value   │
│ ---        ┆ ---     │
│ str        ┆ str     │
╞════════════╪═════════╡
│ count      ┆ 1309765 │
│ null_count ┆ 0       │
│ min        ┆ 01      │
│ max        ┆ 71      │
└────────────┴─────────┘
2025-10-27 20:27:31 | INFO     | 


----------------------------------------------------------------------------------------------------

2025-10-27 20:27:31 | INFO     | [8/21] Processing Stratum
2025-10-27 20:27:31 | INFO     |  === Stratum Summary === 
2025-10-27 20:27:31 | INFO     | Data type: String
2025-10-27 20:27:31 | INFO     | Duplicates: 1309765
2025-10-27 20:27:31 | INFO     | Missing Values: 0
2025-10-27 20:27:31 | INFO     | unique Values: 28
2025-10-27 20:27:31 | INFO     | Top Value: 23
2025-10-27 20:27:31 | INFO     | 
shape: (4, 2)
┌────────────┬─────────┐
│ statistic  ┆ value   │
│ ---        ┆ ---     │
│ str        ┆ str     │
╞════════════╪═════════╡
│ count      ┆ 1309765 │
│ null_count ┆ 0       │
│ min        ┆ 11      │
│ max        ┆ 99      │
└────────────┴─────────┘
2025-10-27 20:27:31 | INFO     | 


----------------------------------------------------------------------------------------------------

2025-10-27 20:27:31 | INFO     | [9/21] Processing Sub_stratum
2025-10-27 20:27:31 | INFO     |  === Sub_stratum Summary === 
2025-10-27 20:27:31 | INFO     | Data type: String
2025-10-27 20:27:31 | INFO     | Duplicates: 1309765
2025-10-27 20:27:31 | INFO     | Missing Values: 0
2025-10-27 20:27:31 | INFO     | unique Values: 48
2025-10-27 20:27:31 | INFO     | Top Value: 01
2025-10-27 20:27:31 | INFO     | 
shape: (4, 2)
┌────────────┬─────────┐
│ statistic  ┆ value   │
│ ---        ┆ ---     │
│ str        ┆ str     │
╞════════════╪═════════╡
│ count      ┆ 1309765 │
│ null_count ┆ 0       │
│ min        ┆ 01      │
│ max        ┆ 48      │
└────────────┴─────────┘
2025-10-27 20:27:31 | INFO     | 


----------------------------------------------------------------------------------------------------

2025-10-27 20:27:31 | INFO     | [10/21] Processing Panel
2025-10-27 20:27:31 | INFO     |  === Panel Summary === 
2025-10-27 20:27:31 | INFO     | Data type: String
2025-10-27 20:27:31 | INFO     | Duplicates: 1309765
2025-10-27 20:27:31 | INFO     | Missing Values: 0
2025-10-27 20:27:31 | INFO     | unique Values: 10
2025-10-27 20:27:31 | INFO     | Top Value: 5
2025-10-27 20:27:31 | INFO     | 
shape: (4, 2)
┌────────────┬─────────┐
│ statistic  ┆ value   │
│ ---        ┆ ---     │
│ str        ┆ str     │
╞════════════╪═════════╡
│ count      ┆ 1309765 │
│ null_count ┆ 0       │
│ min        ┆ 1       │
│ max        ┆ 9       │
└────────────┴─────────┘
2025-10-27 20:27:31 | INFO     | 


----------------------------------------------------------------------------------------------------

2025-10-27 20:27:31 | INFO     | [11/21] Processing Sub_sample
2025-10-27 20:27:31 | INFO     |  === Sub_sample Summary === 
2025-10-27 20:27:31 | INFO     | Data type: String
2025-10-27 20:27:31 | INFO     | Duplicates: 1309765
2025-10-27 20:27:31 | INFO     | Missing Values: 0
2025-10-27 20:27:31 | INFO     | unique Values: 2
2025-10-27 20:27:31 | INFO     | Top Value: 2
2025-10-27 20:27:31 | INFO     | 
shape: (4, 2)
┌────────────┬─────────┐
│ statistic  ┆ value   │
│ ---        ┆ ---     │
│ str        ┆ str     │
╞════════════╪═════════╡
│ count      ┆ 1309765 │
│ null_count ┆ 0       │
│ min        ┆ 1       │
│ max        ┆ 2       │
└────────────┴─────────┘
2025-10-27 20:27:31 | INFO     | 


----------------------------------------------------------------------------------------------------

2025-10-27 20:27:31 | INFO     | [12/21] Processing FOD_Sub_Region
2025-10-27 20:27:31 | INFO     |  === FOD_Sub_Region Summary === 
2025-10-27 20:27:31 | INFO     | Data type: String
2025-10-27 20:27:31 | INFO     | Duplicates: 1309765
2025-10-27 20:27:31 | INFO     | Missing Values: 0
2025-10-27 20:27:31 | INFO     | unique Values: 169
2025-10-27 20:27:31 | INFO     | Top Value: 1610
2025-10-27 20:27:31 | INFO     | 
shape: (4, 2)
┌────────────┬─────────┐
│ statistic  ┆ value   │
│ ---        ┆ ---     │
│ str        ┆ str     │
╞════════════╪═════════╡
│ count      ┆ 1309765 │
│ null_count ┆ 0       │
│ min        ┆ 0110    │
│ max        ┆ 3613    │
└────────────┴─────────┘
2025-10-27 20:27:31 | INFO     | 


----------------------------------------------------------------------------------------------------

2025-10-27 20:27:31 | INFO     | [13/21] Processing Sample_SU_No
2025-10-27 20:27:31 | INFO     |  === Sample_SU_No Summary === 
2025-10-27 20:27:32 | INFO     | Data type: String
2025-10-27 20:27:32 | INFO     | Duplicates: 1309765
2025-10-27 20:27:32 | INFO     | Missing Values: 0
2025-10-27 20:27:32 | INFO     | unique Values: 32
2025-10-27 20:27:32 | INFO     | Top Value: 1
2025-10-27 20:27:32 | INFO     | 
shape: (4, 2)
┌────────────┬─────────┐
│ statistic  ┆ value   │
│ ---        ┆ ---     │
│ str        ┆ str     │
╞════════════╪═════════╡
│ count      ┆ 1309765 │
│ null_count ┆ 0       │
│ min        ┆ 1       │
│ max        ┆ 9       │
└────────────┴─────────┘
2025-10-27 20:27:32 | INFO     | 


----------------------------------------------------------------------------------------------------

2025-10-27 20:27:32 | INFO     | [14/21] Processing Sample_Sub_Division_No
2025-10-27 20:27:32 | INFO     |  === Sample_Sub_Division_No Summary === 
2025-10-27 20:27:32 | INFO     | Data type: String
2025-10-27 20:27:32 | INFO     | Duplicates: 1309765
2025-10-27 20:27:32 | INFO     | Missing Values: 0
2025-10-27 20:27:32 | INFO     | unique Values: 7
2025-10-27 20:27:32 | INFO     | Top Value: 
2025-10-27 20:27:32 | INFO     | 
shape: (4, 2)
┌────────────┬─────────┐
│ statistic  ┆ value   │
│ ---        ┆ ---     │
│ str        ┆ str     │
╞════════════╪═════════╡
│ count      ┆ 1309765 │
│ null_count ┆ 0       │
│ min        ┆         │
│ max        ┆ 6       │
└────────────┴─────────┘
2025-10-27 20:27:32 | INFO     | 


----------------------------------------------------------------------------------------------------

2025-10-27 20:27:32 | INFO     | [15/21] Processing Second_Stage_Stratum_No
2025-10-27 20:27:32 | INFO     |  === Second_Stage_Stratum_No Summary === 
2025-10-27 20:27:32 | INFO     | Data type: String
2025-10-27 20:27:32 | INFO     | Duplicates: 1309765
2025-10-27 20:27:32 | INFO     | Missing Values: 0
2025-10-27 20:27:32 | INFO     | unique Values: 3
2025-10-27 20:27:32 | INFO     | Top Value: 3
2025-10-27 20:27:32 | INFO     | 
shape: (4, 2)
┌────────────┬─────────┐
│ statistic  ┆ value   │
│ ---        ┆ ---     │
│ str        ┆ str     │
╞════════════╪═════════╡
│ count      ┆ 1309765 │
│ null_count ┆ 0       │
│ min        ┆ 1       │
│ max        ┆ 3       │
└────────────┴─────────┘
2025-10-27 20:27:32 | INFO     | 


----------------------------------------------------------------------------------------------------

2025-10-27 20:27:32 | INFO     | [16/21] Processing Sample_Household_No
2025-10-27 20:27:32 | INFO     |  === Sample_Household_No Summary === 
2025-10-27 20:27:32 | INFO     | Data type: String
2025-10-27 20:27:32 | INFO     | Duplicates: 1309765
2025-10-27 20:27:32 | INFO     | Missing Values: 0
2025-10-27 20:27:32 | INFO     | unique Values: 18
2025-10-27 20:27:32 | INFO     | Top Value: 01
2025-10-27 20:27:32 | INFO     | 
shape: (4, 2)
┌────────────┬─────────┐
│ statistic  ┆ value   │
│ ---        ┆ ---     │
│ str        ┆ str     │
╞════════════╪═════════╡
│ count      ┆ 1309765 │
│ null_count ┆ 0       │
│ min        ┆ 01      │
│ max        ┆ 18      │
└────────────┴─────────┘
2025-10-27 20:27:32 | INFO     | 


----------------------------------------------------------------------------------------------------

2025-10-27 20:27:32 | INFO     | [17/21] Processing Questionnaire_No
2025-10-27 20:27:32 | INFO     |  === Questionnaire_No Summary === 
2025-10-27 20:27:32 | INFO     | Data type: String
2025-10-27 20:27:32 | INFO     | Duplicates: 1309765
2025-10-27 20:27:32 | INFO     | Missing Values: 0
2025-10-27 20:27:32 | INFO     | unique Values: 1
2025-10-27 20:27:32 | INFO     | Top Value: H
2025-10-27 20:27:32 | INFO     | 
shape: (4, 2)
┌────────────┬─────────┐
│ statistic  ┆ value   │
│ ---        ┆ ---     │
│ str        ┆ str     │
╞════════════╪═════════╡
│ count      ┆ 1309765 │
│ null_count ┆ 0       │
│ min        ┆ H       │
│ max        ┆ H       │
└────────────┴─────────┘
2025-10-27 20:27:32 | INFO     | 


----------------------------------------------------------------------------------------------------

2025-10-27 20:27:32 | INFO     | [18/21] Processing Level
2025-10-27 20:27:32 | INFO     |  === Level Summary === 
2025-10-27 20:27:33 | INFO     | Data type: String
2025-10-27 20:27:33 | INFO     | Duplicates: 1309765
2025-10-27 20:27:33 | INFO     | Missing Values: 0
2025-10-27 20:27:33 | INFO     | unique Values: 1
2025-10-27 20:27:33 | INFO     | Top Value: 01
2025-10-27 20:27:33 | INFO     | 
shape: (4, 2)
┌────────────┬─────────┐
│ statistic  ┆ value   │
│ ---        ┆ ---     │
│ str        ┆ str     │
╞════════════╪═════════╡
│ count      ┆ 1309765 │
│ null_count ┆ 0       │
│ min        ┆ 01      │
│ max        ┆ 01      │
└────────────┴─────────┘
2025-10-27 20:27:33 | INFO     | 


----------------------------------------------------------------------------------------------------

2025-10-27 20:27:33 | INFO     | [19/21] Processing Survey_Code
2025-10-27 20:27:33 | INFO     |  === Survey_Code Summary === 
2025-10-27 20:27:33 | INFO     | Data type: String
2025-10-27 20:27:33 | INFO     | Duplicates: 1309765
2025-10-27 20:27:33 | INFO     | Missing Values: 0
2025-10-27 20:27:33 | INFO     | unique Values: 2
2025-10-27 20:27:33 | INFO     | Top Value: 1
2025-10-27 20:27:33 | INFO     | 
shape: (4, 2)
┌────────────┬─────────┐
│ statistic  ┆ value   │
│ ---        ┆ ---     │
│ str        ┆ str     │
╞════════════╪═════════╡
│ count      ┆ 1309765 │
│ null_count ┆ 0       │
│ min        ┆ 1       │
│ max        ┆ 2       │
└────────────┴─────────┘
2025-10-27 20:27:33 | INFO     | 


----------------------------------------------------------------------------------------------------

2025-10-27 20:27:33 | INFO     | [20/21] Processing Reason_for_Substitution_Code
2025-10-27 20:27:33 | INFO     |  === Reason_for_Substitution_Code Summary === 
2025-10-27 20:27:33 | INFO     | Data type: String
2025-10-27 20:27:33 | INFO     | Duplicates: 1309765
2025-10-27 20:27:33 | INFO     | Missing Values: 0
2025-10-27 20:27:33 | INFO     | unique Values: 2
2025-10-27 20:27:33 | INFO     | Top Value: 
2025-10-27 20:27:33 | INFO     | 
shape: (4, 2)
┌────────────┬─────────┐
│ statistic  ┆ value   │
│ ---        ┆ ---     │
│ str        ┆ str     │
╞════════════╪═════════╡
│ count      ┆ 1309765 │
│ null_count ┆ 0       │
│ min        ┆         │
│ max        ┆ 9       │
└────────────┴─────────┘
2025-10-27 20:27:33 | INFO     | 


----------------------------------------------------------------------------------------------------

2025-10-27 20:27:33 | INFO     | [21/21] Processing Multiplier
2025-10-27 20:27:33 | INFO     |  === Multiplier Summary === 
2025-10-27 20:27:33 | INFO     | Data type: Float64
2025-10-27 20:27:33 | INFO     | Duplicates: 1309765
2025-10-27 20:27:33 | INFO     | Missing Values: 0
2025-10-27 20:27:33 | INFO     | unique Values: 23567
2025-10-27 20:27:33 | INFO     | Top Value: 11830.0
2025-10-27 20:27:33 | INFO     | 
shape: (9, 2)
┌────────────┬───────────────┐
│ statistic  ┆ value         │
│ ---        ┆ ---           │
│ str        ┆ f64           │
╞════════════╪═══════════════╡
│ count      ┆ 1.309765e6    │
│ null_count ┆ 0.0           │
│ mean       ┆ 111344.812944 │
│ std        ┆ 79655.990743  │
│ min        ┆ 369.0         │
│ 25%        ┆ 56738.0       │
│ 50%        ┆ 114044.0      │
│ 75%        ┆ 150441.0      │
│ max        ┆ 2.366902e6    │
└────────────┴───────────────┘
2025-10-27 20:27:33 | SUCCESS  | All Summaries Completed.
