2025-10-27 20:49:01 | INFO     | Successfully loaded parquet-data\lev-10\data\lev-10_merged.parquet
2025-10-27 20:49:01 | INFO     | File size: 129.81592464447021 MB 



2025-10-27 20:49:01 | INFO     | 


----------------------------------------------------------------------------------------------------

2025-10-27 20:49:01 | INFO     | [1/25] Processing Survey_Name
2025-10-27 20:49:01 | INFO     |  === Survey_Name Summary === 
2025-10-27 20:49:01 | INFO     | Data type: String
2025-10-27 20:49:01 | INFO     | Duplicates: 1658620
2025-10-27 20:49:01 | INFO     | Missing Values: 0
2025-10-27 20:49:01 | INFO     | unique Values: 1
2025-10-27 20:49:01 | INFO     | Top Value: HCES
2025-10-27 20:49:01 | INFO     | 
shape: (4, 2)
┌────────────┬─────────┐
│ statistic  ┆ value   │
│ ---        ┆ ---     │
│ str        ┆ str     │
╞════════════╪═════════╡
│ count      ┆ 1658620 │
│ null_count ┆ 0       │
│ min        ┆ HCES    │
│ max        ┆ HCES    │
└────────────┴─────────┘
2025-10-27 20:49:01 | INFO     | 


----------------------------------------------------------------------------------------------------

2025-10-27 20:49:01 | INFO     | [2/25] Processing Year
2025-10-27 20:49:01 | INFO     |  === Year Summary === 
2025-10-27 20:49:01 | INFO     | Data type: String
2025-10-27 20:49:01 | INFO     | Duplicates: 1658620
2025-10-27 20:49:01 | INFO     | Missing Values: 0
2025-10-27 20:49:01 | INFO     | unique Values: 1
2025-10-27 20:49:01 | INFO     | Top Value: 2024
2025-10-27 20:49:01 | INFO     | 
shape: (4, 2)
┌────────────┬─────────┐
│ statistic  ┆ value   │
│ ---        ┆ ---     │
│ str        ┆ str     │
╞════════════╪═════════╡
│ count      ┆ 1658620 │
│ null_count ┆ 0       │
│ min        ┆ 2024    │
│ max        ┆ 2024    │
└────────────┴─────────┘
2025-10-27 20:49:01 | INFO     | 


----------------------------------------------------------------------------------------------------

2025-10-27 20:49:01 | INFO     | [3/25] Processing FSU_Serial_No
2025-10-27 20:49:01 | INFO     |  === FSU_Serial_No Summary === 
2025-10-27 20:49:02 | INFO     | Data type: String
2025-10-27 20:49:02 | INFO     | Duplicates: 1658620
2025-10-27 20:49:02 | INFO     | Missing Values: 0
2025-10-27 20:49:02 | INFO     | unique Values: 14540
2025-10-27 20:49:02 | INFO     | Top Value: 45541
2025-10-27 20:49:02 | INFO     | 
shape: (4, 2)
┌────────────┬─────────┐
│ statistic  ┆ value   │
│ ---        ┆ ---     │
│ str        ┆ str     │
╞════════════╪═════════╡
│ count      ┆ 1658620 │
│ null_count ┆ 0       │
│ min        ┆ 22300   │
│ max        ┆ 49999   │
└────────────┴─────────┘
2025-10-27 20:49:02 | INFO     | 


----------------------------------------------------------------------------------------------------

2025-10-27 20:49:02 | INFO     | [4/25] Processing Sector
2025-10-27 20:49:02 | INFO     |  === Sector Summary === 
2025-10-27 20:49:02 | INFO     | Data type: String
2025-10-27 20:49:02 | INFO     | Duplicates: 1658620
2025-10-27 20:49:02 | INFO     | Missing Values: 0
2025-10-27 20:49:02 | INFO     | unique Values: 2
2025-10-27 20:49:02 | INFO     | Top Value: 1
2025-10-27 20:49:02 | INFO     | 
shape: (4, 2)
┌────────────┬─────────┐
│ statistic  ┆ value   │
│ ---        ┆ ---     │
│ str        ┆ str     │
╞════════════╪═════════╡
│ count      ┆ 1658620 │
│ null_count ┆ 0       │
│ min        ┆ 1       │
│ max        ┆ 2       │
└────────────┴─────────┘
2025-10-27 20:49:02 | INFO     | 


----------------------------------------------------------------------------------------------------

2025-10-27 20:49:02 | INFO     | [5/25] Processing State
2025-10-27 20:49:02 | INFO     |  === State Summary === 
2025-10-27 20:49:02 | INFO     | Data type: String
2025-10-27 20:49:02 | INFO     | Duplicates: 1658620
2025-10-27 20:49:02 | INFO     | Missing Values: 0
2025-10-27 20:49:02 | INFO     | unique Values: 36
2025-10-27 20:49:02 | INFO     | Top Value: 09
2025-10-27 20:49:02 | INFO     | 
shape: (4, 2)
┌────────────┬─────────┐
│ statistic  ┆ value   │
│ ---        ┆ ---     │
│ str        ┆ str     │
╞════════════╪═════════╡
│ count      ┆ 1658620 │
│ null_count ┆ 0       │
│ min        ┆ 01      │
│ max        ┆ 37      │
└────────────┴─────────┘
2025-10-27 20:49:02 | INFO     | 


----------------------------------------------------------------------------------------------------

2025-10-27 20:49:02 | INFO     | [6/25] Processing NSS_Region
2025-10-27 20:49:02 | INFO     |  === NSS_Region Summary === 
2025-10-27 20:49:02 | INFO     | Data type: String
2025-10-27 20:49:02 | INFO     | Duplicates: 1658620
2025-10-27 20:49:02 | INFO     | Missing Values: 0
2025-10-27 20:49:02 | INFO     | unique Values: 87
2025-10-27 20:49:02 | INFO     | Top Value: 101
2025-10-27 20:49:02 | INFO     | 
shape: (4, 2)
┌────────────┬─────────┐
│ statistic  ┆ value   │
│ ---        ┆ ---     │
│ str        ┆ str     │
╞════════════╪═════════╡
│ count      ┆ 1658620 │
│ null_count ┆ 0       │
│ min        ┆ 011     │
│ max        ┆ 371     │
└────────────┴─────────┘
2025-10-27 20:49:02 | INFO     | 


----------------------------------------------------------------------------------------------------

2025-10-27 20:49:02 | INFO     | [7/25] Processing District
2025-10-27 20:49:02 | INFO     |  === District Summary === 
2025-10-27 20:49:02 | INFO     | Data type: String
2025-10-27 20:49:02 | INFO     | Duplicates: 1658620
2025-10-27 20:49:02 | INFO     | Missing Values: 0
2025-10-27 20:49:02 | INFO     | unique Values: 71
2025-10-27 20:49:02 | INFO     | Top Value: 01
2025-10-27 20:49:02 | INFO     | 
shape: (4, 2)
┌────────────┬─────────┐
│ statistic  ┆ value   │
│ ---        ┆ ---     │
│ str        ┆ str     │
╞════════════╪═════════╡
│ count      ┆ 1658620 │
│ null_count ┆ 0       │
│ min        ┆ 01      │
│ max        ┆ 71      │
└────────────┴─────────┘
2025-10-27 20:49:02 | INFO     | 


----------------------------------------------------------------------------------------------------

2025-10-27 20:49:02 | INFO     | [8/25] Processing Stratum
2025-10-27 20:49:02 | INFO     |  === Stratum Summary === 
2025-10-27 20:49:03 | INFO     | Data type: String
2025-10-27 20:49:03 | INFO     | Duplicates: 1658620
2025-10-27 20:49:03 | INFO     | Missing Values: 0
2025-10-27 20:49:03 | INFO     | unique Values: 28
2025-10-27 20:49:03 | INFO     | Top Value: 23
2025-10-27 20:49:03 | INFO     | 
shape: (4, 2)
┌────────────┬─────────┐
│ statistic  ┆ value   │
│ ---        ┆ ---     │
│ str        ┆ str     │
╞════════════╪═════════╡
│ count      ┆ 1658620 │
│ null_count ┆ 0       │
│ min        ┆ 11      │
│ max        ┆ 99      │
└────────────┴─────────┘
2025-10-27 20:49:03 | INFO     | 


----------------------------------------------------------------------------------------------------

2025-10-27 20:49:03 | INFO     | [9/25] Processing Sub_stratum
2025-10-27 20:49:03 | INFO     |  === Sub_stratum Summary === 
2025-10-27 20:49:03 | INFO     | Data type: String
2025-10-27 20:49:03 | INFO     | Duplicates: 1658620
2025-10-27 20:49:03 | INFO     | Missing Values: 0
2025-10-27 20:49:03 | INFO     | unique Values: 48
2025-10-27 20:49:03 | INFO     | Top Value: 01
2025-10-27 20:49:03 | INFO     | 
shape: (4, 2)
┌────────────┬─────────┐
│ statistic  ┆ value   │
│ ---        ┆ ---     │
│ str        ┆ str     │
╞════════════╪═════════╡
│ count      ┆ 1658620 │
│ null_count ┆ 0       │
│ min        ┆ 01      │
│ max        ┆ 48      │
└────────────┴─────────┘
2025-10-27 20:49:03 | INFO     | 


----------------------------------------------------------------------------------------------------

2025-10-27 20:49:03 | INFO     | [10/25] Processing Panel
2025-10-27 20:49:03 | INFO     |  === Panel Summary === 
2025-10-27 20:49:03 | INFO     | Data type: String
2025-10-27 20:49:03 | INFO     | Duplicates: 1658620
2025-10-27 20:49:03 | INFO     | Missing Values: 0
2025-10-27 20:49:03 | INFO     | unique Values: 10
2025-10-27 20:49:03 | INFO     | Top Value: 5
2025-10-27 20:49:03 | INFO     | 
shape: (4, 2)
┌────────────┬─────────┐
│ statistic  ┆ value   │
│ ---        ┆ ---     │
│ str        ┆ str     │
╞════════════╪═════════╡
│ count      ┆ 1658620 │
│ null_count ┆ 0       │
│ min        ┆ 1       │
│ max        ┆ 9       │
└────────────┴─────────┘
2025-10-27 20:49:03 | INFO     | 


----------------------------------------------------------------------------------------------------

2025-10-27 20:49:03 | INFO     | [11/25] Processing Sub_sample
2025-10-27 20:49:03 | INFO     |  === Sub_sample Summary === 
2025-10-27 20:49:03 | INFO     | Data type: String
2025-10-27 20:49:03 | INFO     | Duplicates: 1658620
2025-10-27 20:49:03 | INFO     | Missing Values: 0
2025-10-27 20:49:03 | INFO     | unique Values: 2
2025-10-27 20:49:03 | INFO     | Top Value: 1
2025-10-27 20:49:03 | INFO     | 
shape: (4, 2)
┌────────────┬─────────┐
│ statistic  ┆ value   │
│ ---        ┆ ---     │
│ str        ┆ str     │
╞════════════╪═════════╡
│ count      ┆ 1658620 │
│ null_count ┆ 0       │
│ min        ┆ 1       │
│ max        ┆ 2       │
└────────────┴─────────┘
2025-10-27 20:49:03 | INFO     | 


----------------------------------------------------------------------------------------------------

2025-10-27 20:49:03 | INFO     | [12/25] Processing FOD_Sub_Region
2025-10-27 20:49:03 | INFO     |  === FOD_Sub_Region Summary === 
2025-10-27 20:49:03 | INFO     | Data type: String
2025-10-27 20:49:03 | INFO     | Duplicates: 1658620
2025-10-27 20:49:03 | INFO     | Missing Values: 0
2025-10-27 20:49:03 | INFO     | unique Values: 169
2025-10-27 20:49:03 | INFO     | Top Value: 1610
2025-10-27 20:49:03 | INFO     | 
shape: (4, 2)
┌────────────┬─────────┐
│ statistic  ┆ value   │
│ ---        ┆ ---     │
│ str        ┆ str     │
╞════════════╪═════════╡
│ count      ┆ 1658620 │
│ null_count ┆ 0       │
│ min        ┆ 0110    │
│ max        ┆ 3613    │
└────────────┴─────────┘
2025-10-27 20:49:03 | INFO     | 


----------------------------------------------------------------------------------------------------

2025-10-27 20:49:03 | INFO     | [13/25] Processing Sample_SU_No
2025-10-27 20:49:03 | INFO     |  === Sample_SU_No Summary === 
2025-10-27 20:49:03 | INFO     | Data type: String
2025-10-27 20:49:03 | INFO     | Duplicates: 1658620
2025-10-27 20:49:03 | INFO     | Missing Values: 0
2025-10-27 20:49:03 | INFO     | unique Values: 32
2025-10-27 20:49:03 | INFO     | Top Value: 1
2025-10-27 20:49:03 | INFO     | 
shape: (4, 2)
┌────────────┬─────────┐
│ statistic  ┆ value   │
│ ---        ┆ ---     │
│ str        ┆ str     │
╞════════════╪═════════╡
│ count      ┆ 1658620 │
│ null_count ┆ 0       │
│ min        ┆ 1       │
│ max        ┆ 9       │
└────────────┴─────────┘
2025-10-27 20:49:03 | INFO     | 


----------------------------------------------------------------------------------------------------

2025-10-27 20:49:03 | INFO     | [14/25] Processing Sample_Sub_Division_No
2025-10-27 20:49:03 | INFO     |  === Sample_Sub_Division_No Summary === 
2025-10-27 20:49:04 | INFO     | Data type: String
2025-10-27 20:49:04 | INFO     | Duplicates: 1658620
2025-10-27 20:49:04 | INFO     | Missing Values: 0
2025-10-27 20:49:04 | INFO     | unique Values: 6
2025-10-27 20:49:04 | INFO     | Top Value: 
2025-10-27 20:49:04 | INFO     | 
shape: (4, 2)
┌────────────┬─────────┐
│ statistic  ┆ value   │
│ ---        ┆ ---     │
│ str        ┆ str     │
╞════════════╪═════════╡
│ count      ┆ 1658620 │
│ null_count ┆ 0       │
│ min        ┆         │
│ max        ┆ 5       │
└────────────┴─────────┘
2025-10-27 20:49:04 | INFO     | 


----------------------------------------------------------------------------------------------------

2025-10-27 20:49:04 | INFO     | [15/25] Processing Second_Stage_Stratum_No
2025-10-27 20:49:04 | INFO     |  === Second_Stage_Stratum_No Summary === 
2025-10-27 20:49:04 | INFO     | Data type: String
2025-10-27 20:49:04 | INFO     | Duplicates: 1658620
2025-10-27 20:49:04 | INFO     | Missing Values: 0
2025-10-27 20:49:04 | INFO     | unique Values: 3
2025-10-27 20:49:04 | INFO     | Top Value: 3
2025-10-27 20:49:04 | INFO     | 
shape: (4, 2)
┌────────────┬─────────┐
│ statistic  ┆ value   │
│ ---        ┆ ---     │
│ str        ┆ str     │
╞════════════╪═════════╡
│ count      ┆ 1658620 │
│ null_count ┆ 0       │
│ min        ┆ 1       │
│ max        ┆ 3       │
└────────────┴─────────┘
2025-10-27 20:49:04 | INFO     | 


----------------------------------------------------------------------------------------------------

2025-10-27 20:49:04 | INFO     | [16/25] Processing Sample_Household_No
2025-10-27 20:49:04 | INFO     |  === Sample_Household_No Summary === 
2025-10-27 20:49:04 | INFO     | Data type: String
2025-10-27 20:49:04 | INFO     | Duplicates: 1658620
2025-10-27 20:49:04 | INFO     | Missing Values: 0
2025-10-27 20:49:04 | INFO     | unique Values: 18
2025-10-27 20:49:04 | INFO     | Top Value: 01
2025-10-27 20:49:04 | INFO     | 
shape: (4, 2)
┌────────────┬─────────┐
│ statistic  ┆ value   │
│ ---        ┆ ---     │
│ str        ┆ str     │
╞════════════╪═════════╡
│ count      ┆ 1658620 │
│ null_count ┆ 0       │
│ min        ┆ 01      │
│ max        ┆ 18      │
└────────────┴─────────┘
2025-10-27 20:49:04 | INFO     | 


----------------------------------------------------------------------------------------------------

2025-10-27 20:49:04 | INFO     | [17/25] Processing Questionnaire_No
2025-10-27 20:49:04 | INFO     |  === Questionnaire_No Summary === 
2025-10-27 20:49:04 | INFO     | Data type: String
2025-10-27 20:49:04 | INFO     | Duplicates: 1658620
2025-10-27 20:49:04 | INFO     | Missing Values: 0
2025-10-27 20:49:04 | INFO     | unique Values: 1
2025-10-27 20:49:04 | INFO     | Top Value: C
2025-10-27 20:49:04 | INFO     | 
shape: (4, 2)
┌────────────┬─────────┐
│ statistic  ┆ value   │
│ ---        ┆ ---     │
│ str        ┆ str     │
╞════════════╪═════════╡
│ count      ┆ 1658620 │
│ null_count ┆ 0       │
│ min        ┆ C       │
│ max        ┆ C       │
└────────────┴─────────┘
2025-10-27 20:49:04 | INFO     | 


----------------------------------------------------------------------------------------------------

2025-10-27 20:49:04 | INFO     | [18/25] Processing Level
2025-10-27 20:49:04 | INFO     |  === Level Summary === 
2025-10-27 20:49:05 | INFO     | Data type: String
2025-10-27 20:49:05 | INFO     | Duplicates: 1658620
2025-10-27 20:49:05 | INFO     | Missing Values: 0
2025-10-27 20:49:05 | INFO     | unique Values: 1
2025-10-27 20:49:05 | INFO     | Top Value: 10
2025-10-27 20:49:05 | INFO     | 
shape: (4, 2)
┌────────────┬─────────┐
│ statistic  ┆ value   │
│ ---        ┆ ---     │
│ str        ┆ str     │
╞════════════╪═════════╡
│ count      ┆ 1658620 │
│ null_count ┆ 0       │
│ min        ┆ 10      │
│ max        ┆ 10      │
└────────────┴─────────┘
2025-10-27 20:49:05 | INFO     | 


----------------------------------------------------------------------------------------------------

2025-10-27 20:49:05 | INFO     | [19/25] Processing Item_Code_12_series
2025-10-27 20:49:05 | INFO     |  === Item_Code_12_series Summary === 
2025-10-27 20:49:05 | INFO     | Data type: String
2025-10-27 20:49:05 | INFO     | Duplicates: 1658620
2025-10-27 20:49:05 | INFO     | Missing Values: 0
2025-10-27 20:49:05 | INFO     | unique Values: 20
2025-10-27 20:49:05 | INFO     | Top Value: 319
2025-10-27 20:49:05 | INFO     | 
shape: (4, 2)
┌────────────┬─────────┐
│ statistic  ┆ value   │
│ ---        ┆ ---     │
│ str        ┆ str     │
╞════════════╪═════════╡
│ count      ┆ 1658620 │
│ null_count ┆ 0       │
│ min        ┆ 300     │
│ max        ┆ 329     │
└────────────┴─────────┘
2025-10-27 20:49:05 | INFO     | 


----------------------------------------------------------------------------------------------------

2025-10-27 20:49:05 | INFO     | [20/25] Processing OOHP_Quantity_12_series
2025-10-27 20:49:05 | INFO     |  === OOHP_Quantity_12_series Summary === 
2025-10-27 20:49:05 | INFO     | Data type: Float64
2025-10-27 20:49:05 | INFO     | Duplicates: 1658620
2025-10-27 20:49:05 | INFO     | Missing Values: 1653190
2025-10-27 20:49:05 | INFO     | unique Values: 71
2025-10-27 20:49:05 | INFO     | Top Value: None
2025-10-27 20:49:05 | INFO     | 
shape: (9, 2)
┌────────────┬───────────┐
│ statistic  ┆ value     │
│ ---        ┆ ---       │
│ str        ┆ f64       │
╞════════════╪═══════════╡
│ count      ┆ 5430.0    │
│ null_count ┆ 1.65319e6 │
│ mean       ┆ 27.005525 │
│ std        ┆ 26.814432 │
│ min        ┆ 0.0       │
│ 25%        ┆ 15.0      │
│ 50%        ┆ 22.0      │
│ 75%        ┆ 32.0      │
│ max        ┆ 1000.0    │
└────────────┴───────────┘
2025-10-27 20:49:05 | INFO     | 


----------------------------------------------------------------------------------------------------

2025-10-27 20:49:05 | INFO     | [21/25] Processing OOHP_Value_12_series
2025-10-27 20:49:05 | INFO     |  === OOHP_Value_12_series Summary === 
2025-10-27 20:49:05 | INFO     | Data type: Float64
2025-10-27 20:49:05 | INFO     | Duplicates: 1658620
2025-10-27 20:49:05 | INFO     | Missing Values: 1641442
2025-10-27 20:49:05 | INFO     | unique Values: 198
2025-10-27 20:49:05 | INFO     | Top Value: None
2025-10-27 20:49:05 | INFO     | 
shape: (9, 2)
┌────────────┬────────────┐
│ statistic  ┆ value      │
│ ---        ┆ ---        │
│ str        ┆ f64        │
╞════════════╪════════════╡
│ count      ┆ 17178.0    │
│ null_count ┆ 1.641442e6 │
│ mean       ┆ 49.578531  │
│ std        ┆ 50.98318   │
│ min        ┆ 0.0        │
│ 25%        ┆ 15.0       │
│ 50%        ┆ 30.0       │
│ 75%        ┆ 60.0       │
│ max        ┆ 650.0      │
└────────────┴────────────┘
2025-10-27 20:49:05 | INFO     | 


----------------------------------------------------------------------------------------------------

2025-10-27 20:49:05 | INFO     | [22/25] Processing Total_Consumption_Quantity_12_se
2025-10-27 20:49:05 | INFO     |  === Total_Consumption_Quantity_12_se Summary === 
2025-10-27 20:49:05 | INFO     | Data type: Float64
2025-10-27 20:49:05 | INFO     | Duplicates: 1658620
2025-10-27 20:49:05 | INFO     | Missing Values: 760128
2025-10-27 20:49:05 | INFO     | unique Values: 313
2025-10-27 20:49:05 | INFO     | Top Value: None
2025-10-27 20:49:05 | INFO     | 
shape: (9, 2)
┌────────────┬───────────┐
│ statistic  ┆ value     │
│ ---        ┆ ---       │
│ str        ┆ f64       │
╞════════════╪═══════════╡
│ count      ┆ 898492.0  │
│ null_count ┆ 760128.0  │
│ mean       ┆ 33.881519 │
│ std        ┆ 47.395669 │
│ min        ┆ 0.0       │
│ 25%        ┆ 3.0       │
│ 50%        ┆ 16.0      │
│ 75%        ┆ 50.0      │
│ max        ┆ 2000.0    │
└────────────┴───────────┘
2025-10-27 20:49:05 | INFO     | 


----------------------------------------------------------------------------------------------------

2025-10-27 20:49:05 | INFO     | [23/25] Processing Total_Consumption_Value_12_serie
2025-10-27 20:49:05 | INFO     |  === Total_Consumption_Value_12_serie Summary === 
2025-10-27 20:49:05 | INFO     | Data type: Int64
2025-10-27 20:49:05 | INFO     | Duplicates: 1658620
2025-10-27 20:49:05 | INFO     | Missing Values: 0
2025-10-27 20:49:05 | INFO     | unique Values: 882
2025-10-27 20:49:05 | INFO     | Top Value: 20
2025-10-27 20:49:05 | INFO     | 
shape: (9, 2)
┌────────────┬────────────┐
│ statistic  ┆ value      │
│ ---        ┆ ---        │
│ str        ┆ f64        │
╞════════════╪════════════╡
│ count      ┆ 1.65862e6  │
│ null_count ┆ 0.0        │
│ mean       ┆ 116.459951 │
│ std        ┆ 141.12515  │
│ min        ┆ 1.0        │
│ 25%        ┆ 30.0       │
│ 50%        ┆ 70.0       │
│ 75%        ┆ 150.0      │
│ max        ┆ 10000.0    │
└────────────┴────────────┘
2025-10-27 20:49:05 | INFO     | 


----------------------------------------------------------------------------------------------------

2025-10-27 20:49:05 | INFO     | [24/25] Processing Source_12_series
2025-10-27 20:49:05 | INFO     |  === Source_12_series Summary === 
2025-10-27 20:49:05 | INFO     | Data type: String
2025-10-27 20:49:05 | INFO     | Duplicates: 1658620
2025-10-27 20:49:05 | INFO     | Missing Values: 0
2025-10-27 20:49:05 | INFO     | unique Values: 8
2025-10-27 20:49:05 | INFO     | Top Value: 1
2025-10-27 20:49:05 | INFO     | 
shape: (4, 2)
┌────────────┬─────────┐
│ statistic  ┆ value   │
│ ---        ┆ ---     │
│ str        ┆ str     │
╞════════════╪═════════╡
│ count      ┆ 1658620 │
│ null_count ┆ 0       │
│ min        ┆         │
│ max        ┆ 9       │
└────────────┴─────────┘
2025-10-27 20:49:05 | INFO     | 


----------------------------------------------------------------------------------------------------

2025-10-27 20:49:05 | INFO     | [25/25] Processing Multiplier
2025-10-27 20:49:05 | INFO     |  === Multiplier Summary === 
2025-10-27 20:49:05 | INFO     | Data type: Int64
2025-10-27 20:49:05 | INFO     | Duplicates: 1658620
2025-10-27 20:49:05 | INFO     | Missing Values: 0
2025-10-27 20:49:05 | INFO     | unique Values: 21705
2025-10-27 20:49:05 | INFO     | Top Value: 11830
2025-10-27 20:49:05 | INFO     | 
shape: (9, 2)
┌────────────┬───────────────┐
│ statistic  ┆ value         │
│ ---        ┆ ---           │
│ str        ┆ f64           │
╞════════════╪═══════════════╡
│ count      ┆ 1.65862e6     │
│ null_count ┆ 0.0           │
│ mean       ┆ 104076.780601 │
│ std        ┆ 73547.015519  │
│ min        ┆ 369.0         │
│ 25%        ┆ 39800.0       │
│ 50%        ┆ 110675.0      │
│ 75%        ┆ 148311.0      │
│ max        ┆ 2.366902e6    │
└────────────┴───────────────┘
2025-10-27 20:49:05 | SUCCESS  | All Summaries Completed.
