2025-10-27 20:53:01 | INFO     | Successfully loaded parquet-data\lev-04\data\lev-04_merged.parquet
2025-10-27 20:53:01 | INFO     | File size: 38.058091163635254 MB 



2025-10-27 20:53:01 | INFO     | 


----------------------------------------------------------------------------------------------------

2025-10-27 20:53:01 | INFO     | [1/38] Processing Survey_Name
2025-10-27 20:53:01 | INFO     |  === Survey_Name Summary === 
2025-10-27 20:53:01 | INFO     | Data type: String
2025-10-27 20:53:01 | INFO     | Duplicates: 785859
2025-10-27 20:53:01 | INFO     | Missing Values: 0
2025-10-27 20:53:01 | INFO     | unique Values: 1
2025-10-27 20:53:01 | INFO     | Top Value: HCES
2025-10-27 20:53:01 | INFO     | 
shape: (4, 2)
┌────────────┬────────┐
│ statistic  ┆ value  │
│ ---        ┆ ---    │
│ str        ┆ str    │
╞════════════╪════════╡
│ count      ┆ 785859 │
│ null_count ┆ 0      │
│ min        ┆ HCES   │
│ max        ┆ HCES   │
└────────────┴────────┘
2025-10-27 20:53:01 | INFO     | 


----------------------------------------------------------------------------------------------------

2025-10-27 20:53:01 | INFO     | [2/38] Processing Year
2025-10-27 20:53:01 | INFO     |  === Year Summary === 
2025-10-27 20:53:01 | INFO     | Data type: String
2025-10-27 20:53:01 | INFO     | Duplicates: 785859
2025-10-27 20:53:01 | INFO     | Missing Values: 0
2025-10-27 20:53:01 | INFO     | unique Values: 1
2025-10-27 20:53:01 | INFO     | Top Value: 2024
2025-10-27 20:53:01 | INFO     | 
shape: (4, 2)
┌────────────┬────────┐
│ statistic  ┆ value  │
│ ---        ┆ ---    │
│ str        ┆ str    │
╞════════════╪════════╡
│ count      ┆ 785859 │
│ null_count ┆ 0      │
│ min        ┆ 2024   │
│ max        ┆ 2024   │
└────────────┴────────┘
2025-10-27 20:53:01 | INFO     | 


----------------------------------------------------------------------------------------------------

2025-10-27 20:53:01 | INFO     | [3/38] Processing FSU_Serial_No
2025-10-27 20:53:01 | INFO     |  === FSU_Serial_No Summary === 
2025-10-27 20:53:01 | INFO     | Data type: String
2025-10-27 20:53:01 | INFO     | Duplicates: 785859
2025-10-27 20:53:01 | INFO     | Missing Values: 0
2025-10-27 20:53:01 | INFO     | unique Values: 14827
2025-10-27 20:53:01 | INFO     | Top Value: 49942
2025-10-27 20:53:01 | INFO     | 
shape: (4, 2)
┌────────────┬────────┐
│ statistic  ┆ value  │
│ ---        ┆ ---    │
│ str        ┆ str    │
╞════════════╪════════╡
│ count      ┆ 785859 │
│ null_count ┆ 0      │
│ min        ┆ 22300  │
│ max        ┆ 49999  │
└────────────┴────────┘
2025-10-27 20:53:01 | INFO     | 


----------------------------------------------------------------------------------------------------

2025-10-27 20:53:01 | INFO     | [4/38] Processing Sector
2025-10-27 20:53:01 | INFO     |  === Sector Summary === 
2025-10-27 20:53:01 | INFO     | Data type: String
2025-10-27 20:53:01 | INFO     | Duplicates: 785859
2025-10-27 20:53:01 | INFO     | Missing Values: 0
2025-10-27 20:53:01 | INFO     | unique Values: 2
2025-10-27 20:53:01 | INFO     | Top Value: 1
2025-10-27 20:53:01 | INFO     | 
shape: (4, 2)
┌────────────┬────────┐
│ statistic  ┆ value  │
│ ---        ┆ ---    │
│ str        ┆ str    │
╞════════════╪════════╡
│ count      ┆ 785859 │
│ null_count ┆ 0      │
│ min        ┆ 1      │
│ max        ┆ 2      │
└────────────┴────────┘
2025-10-27 20:53:01 | INFO     | 


----------------------------------------------------------------------------------------------------

2025-10-27 20:53:01 | INFO     | [5/38] Processing State
2025-10-27 20:53:01 | INFO     |  === State Summary === 
2025-10-27 20:53:01 | INFO     | Data type: String
2025-10-27 20:53:01 | INFO     | Duplicates: 785859
2025-10-27 20:53:01 | INFO     | Missing Values: 0
2025-10-27 20:53:01 | INFO     | unique Values: 36
2025-10-27 20:53:01 | INFO     | Top Value: 09
2025-10-27 20:53:01 | INFO     | 
shape: (4, 2)
┌────────────┬────────┐
│ statistic  ┆ value  │
│ ---        ┆ ---    │
│ str        ┆ str    │
╞════════════╪════════╡
│ count      ┆ 785859 │
│ null_count ┆ 0      │
│ min        ┆ 01     │
│ max        ┆ 37     │
└────────────┴────────┘
2025-10-27 20:53:01 | INFO     | 


----------------------------------------------------------------------------------------------------

2025-10-27 20:53:01 | INFO     | [6/38] Processing NSS_Region
2025-10-27 20:53:01 | INFO     |  === NSS_Region Summary === 
2025-10-27 20:53:02 | INFO     | Data type: String
2025-10-27 20:53:02 | INFO     | Duplicates: 785859
2025-10-27 20:53:02 | INFO     | Missing Values: 0
2025-10-27 20:53:02 | INFO     | unique Values: 87
2025-10-27 20:53:02 | INFO     | Top Value: 093
2025-10-27 20:53:02 | INFO     | 
shape: (4, 2)
┌────────────┬────────┐
│ statistic  ┆ value  │
│ ---        ┆ ---    │
│ str        ┆ str    │
╞════════════╪════════╡
│ count      ┆ 785859 │
│ null_count ┆ 0      │
│ min        ┆ 011    │
│ max        ┆ 371    │
└────────────┴────────┘
2025-10-27 20:53:02 | INFO     | 


----------------------------------------------------------------------------------------------------

2025-10-27 20:53:02 | INFO     | [7/38] Processing District
2025-10-27 20:53:02 | INFO     |  === District Summary === 
2025-10-27 20:53:02 | INFO     | Data type: String
2025-10-27 20:53:02 | INFO     | Duplicates: 785859
2025-10-27 20:53:02 | INFO     | Missing Values: 0
2025-10-27 20:53:02 | INFO     | unique Values: 71
2025-10-27 20:53:02 | INFO     | Top Value: 07
2025-10-27 20:53:02 | INFO     | 
shape: (4, 2)
┌────────────┬────────┐
│ statistic  ┆ value  │
│ ---        ┆ ---    │
│ str        ┆ str    │
╞════════════╪════════╡
│ count      ┆ 785859 │
│ null_count ┆ 0      │
│ min        ┆ 01     │
│ max        ┆ 71     │
└────────────┴────────┘
2025-10-27 20:53:02 | INFO     | 


----------------------------------------------------------------------------------------------------

2025-10-27 20:53:02 | INFO     | [8/38] Processing Stratum
2025-10-27 20:53:02 | INFO     |  === Stratum Summary === 
2025-10-27 20:53:02 | INFO     | Data type: String
2025-10-27 20:53:02 | INFO     | Duplicates: 785859
2025-10-27 20:53:02 | INFO     | Missing Values: 0
2025-10-27 20:53:02 | INFO     | unique Values: 28
2025-10-27 20:53:02 | INFO     | Top Value: 23
2025-10-27 20:53:02 | INFO     | 
shape: (4, 2)
┌────────────┬────────┐
│ statistic  ┆ value  │
│ ---        ┆ ---    │
│ str        ┆ str    │
╞════════════╪════════╡
│ count      ┆ 785859 │
│ null_count ┆ 0      │
│ min        ┆ 11     │
│ max        ┆ 99     │
└────────────┴────────┘
2025-10-27 20:53:02 | INFO     | 


----------------------------------------------------------------------------------------------------

2025-10-27 20:53:02 | INFO     | [9/38] Processing Sub_stratum
2025-10-27 20:53:02 | INFO     |  === Sub_stratum Summary === 
2025-10-27 20:53:02 | INFO     | Data type: String
2025-10-27 20:53:02 | INFO     | Duplicates: 785859
2025-10-27 20:53:02 | INFO     | Missing Values: 0
2025-10-27 20:53:02 | INFO     | unique Values: 48
2025-10-27 20:53:02 | INFO     | Top Value: 01
2025-10-27 20:53:02 | INFO     | 
shape: (4, 2)
┌────────────┬────────┐
│ statistic  ┆ value  │
│ ---        ┆ ---    │
│ str        ┆ str    │
╞════════════╪════════╡
│ count      ┆ 785859 │
│ null_count ┆ 0      │
│ min        ┆ 01     │
│ max        ┆ 48     │
└────────────┴────────┘
2025-10-27 20:53:02 | INFO     | 


----------------------------------------------------------------------------------------------------

2025-10-27 20:53:02 | INFO     | [10/38] Processing Panel
2025-10-27 20:53:02 | INFO     |  === Panel Summary === 
2025-10-27 20:53:02 | INFO     | Data type: String
2025-10-27 20:53:02 | INFO     | Duplicates: 785859
2025-10-27 20:53:02 | INFO     | Missing Values: 0
2025-10-27 20:53:02 | INFO     | unique Values: 10
2025-10-27 20:53:02 | INFO     | Top Value: 5
2025-10-27 20:53:02 | INFO     | 
shape: (4, 2)
┌────────────┬────────┐
│ statistic  ┆ value  │
│ ---        ┆ ---    │
│ str        ┆ str    │
╞════════════╪════════╡
│ count      ┆ 785859 │
│ null_count ┆ 0      │
│ min        ┆ 1      │
│ max        ┆ 9      │
└────────────┴────────┘
2025-10-27 20:53:02 | INFO     | 


----------------------------------------------------------------------------------------------------

2025-10-27 20:53:02 | INFO     | [11/38] Processing Sub_sample
2025-10-27 20:53:02 | INFO     |  === Sub_sample Summary === 
2025-10-27 20:53:02 | INFO     | Data type: String
2025-10-27 20:53:02 | INFO     | Duplicates: 785859
2025-10-27 20:53:02 | INFO     | Missing Values: 0
2025-10-27 20:53:02 | INFO     | unique Values: 2
2025-10-27 20:53:02 | INFO     | Top Value: 2
2025-10-27 20:53:02 | INFO     | 
shape: (4, 2)
┌────────────┬────────┐
│ statistic  ┆ value  │
│ ---        ┆ ---    │
│ str        ┆ str    │
╞════════════╪════════╡
│ count      ┆ 785859 │
│ null_count ┆ 0      │
│ min        ┆ 1      │
│ max        ┆ 2      │
└────────────┴────────┘
2025-10-27 20:53:02 | INFO     | 


----------------------------------------------------------------------------------------------------

2025-10-27 20:53:02 | INFO     | [12/38] Processing FOD_Sub_Region
2025-10-27 20:53:02 | INFO     |  === FOD_Sub_Region Summary === 
2025-10-27 20:53:02 | INFO     | Data type: String
2025-10-27 20:53:02 | INFO     | Duplicates: 785859
2025-10-27 20:53:02 | INFO     | Missing Values: 0
2025-10-27 20:53:02 | INFO     | unique Values: 169
2025-10-27 20:53:02 | INFO     | Top Value: 1610
2025-10-27 20:53:02 | INFO     | 
shape: (4, 2)
┌────────────┬────────┐
│ statistic  ┆ value  │
│ ---        ┆ ---    │
│ str        ┆ str    │
╞════════════╪════════╡
│ count      ┆ 785859 │
│ null_count ┆ 0      │
│ min        ┆ 0110   │
│ max        ┆ 3613   │
└────────────┴────────┘
2025-10-27 20:53:02 | INFO     | 


----------------------------------------------------------------------------------------------------

2025-10-27 20:53:02 | INFO     | [13/38] Processing Sample_SU_No
2025-10-27 20:53:02 | INFO     |  === Sample_SU_No Summary === 
2025-10-27 20:53:02 | INFO     | Data type: String
2025-10-27 20:53:02 | INFO     | Duplicates: 785859
2025-10-27 20:53:02 | INFO     | Missing Values: 0
2025-10-27 20:53:02 | INFO     | unique Values: 32
2025-10-27 20:53:02 | INFO     | Top Value: 1
2025-10-27 20:53:02 | INFO     | 
shape: (4, 2)
┌────────────┬────────┐
│ statistic  ┆ value  │
│ ---        ┆ ---    │
│ str        ┆ str    │
╞════════════╪════════╡
│ count      ┆ 785859 │
│ null_count ┆ 0      │
│ min        ┆ 1      │
│ max        ┆ 9      │
└────────────┴────────┘
2025-10-27 20:53:02 | INFO     | 


----------------------------------------------------------------------------------------------------

2025-10-27 20:53:02 | INFO     | [14/38] Processing Sample_Sub_Division_No
2025-10-27 20:53:02 | INFO     |  === Sample_Sub_Division_No Summary === 
2025-10-27 20:53:02 | INFO     | Data type: String
2025-10-27 20:53:02 | INFO     | Duplicates: 785859
2025-10-27 20:53:02 | INFO     | Missing Values: 0
2025-10-27 20:53:02 | INFO     | unique Values: 7
2025-10-27 20:53:02 | INFO     | Top Value: 
2025-10-27 20:53:02 | INFO     | 
shape: (4, 2)
┌────────────┬────────┐
│ statistic  ┆ value  │
│ ---        ┆ ---    │
│ str        ┆ str    │
╞════════════╪════════╡
│ count      ┆ 785859 │
│ null_count ┆ 0      │
│ min        ┆        │
│ max        ┆ 6      │
└────────────┴────────┘
2025-10-27 20:53:02 | INFO     | 


----------------------------------------------------------------------------------------------------

2025-10-27 20:53:02 | INFO     | [15/38] Processing Second_Stage_Stratum_No
2025-10-27 20:53:02 | INFO     |  === Second_Stage_Stratum_No Summary === 
2025-10-27 20:53:02 | INFO     | Data type: String
2025-10-27 20:53:02 | INFO     | Duplicates: 785859
2025-10-27 20:53:02 | INFO     | Missing Values: 0
2025-10-27 20:53:02 | INFO     | unique Values: 3
2025-10-27 20:53:02 | INFO     | Top Value: 3
2025-10-27 20:53:02 | INFO     | 
shape: (4, 2)
┌────────────┬────────┐
│ statistic  ┆ value  │
│ ---        ┆ ---    │
│ str        ┆ str    │
╞════════════╪════════╡
│ count      ┆ 785859 │
│ null_count ┆ 0      │
│ min        ┆ 1      │
│ max        ┆ 3      │
└────────────┴────────┘
2025-10-27 20:53:02 | INFO     | 


----------------------------------------------------------------------------------------------------

2025-10-27 20:53:02 | INFO     | [16/38] Processing Sample_Household_No
2025-10-27 20:53:02 | INFO     |  === Sample_Household_No Summary === 
2025-10-27 20:53:03 | INFO     | Data type: String
2025-10-27 20:53:03 | INFO     | Duplicates: 785859
2025-10-27 20:53:03 | INFO     | Missing Values: 0
2025-10-27 20:53:03 | INFO     | unique Values: 18
2025-10-27 20:53:03 | INFO     | Top Value: 01
2025-10-27 20:53:03 | INFO     | 
shape: (4, 2)
┌────────────┬────────┐
│ statistic  ┆ value  │
│ ---        ┆ ---    │
│ str        ┆ str    │
╞════════════╪════════╡
│ count      ┆ 785859 │
│ null_count ┆ 0      │
│ min        ┆ 01     │
│ max        ┆ 18     │
└────────────┴────────┘
2025-10-27 20:53:03 | INFO     | 


----------------------------------------------------------------------------------------------------

2025-10-27 20:53:03 | INFO     | [17/38] Processing Questionnaire_No
2025-10-27 20:53:03 | INFO     |  === Questionnaire_No Summary === 
2025-10-27 20:53:03 | INFO     | Data type: String
2025-10-27 20:53:03 | INFO     | Duplicates: 785859
2025-10-27 20:53:03 | INFO     | Missing Values: 0
2025-10-27 20:53:03 | INFO     | unique Values: 1
2025-10-27 20:53:03 | INFO     | Top Value: F
2025-10-27 20:53:03 | INFO     | 
shape: (4, 2)
┌────────────┬────────┐
│ statistic  ┆ value  │
│ ---        ┆ ---    │
│ str        ┆ str    │
╞════════════╪════════╡
│ count      ┆ 785859 │
│ null_count ┆ 0      │
│ min        ┆ F      │
│ max        ┆ F      │
└────────────┴────────┘
2025-10-27 20:53:03 | INFO     | 


----------------------------------------------------------------------------------------------------

2025-10-27 20:53:03 | INFO     | [18/38] Processing Level
2025-10-27 20:53:03 | INFO     |  === Level Summary === 
2025-10-27 20:53:03 | INFO     | Data type: String
2025-10-27 20:53:03 | INFO     | Duplicates: 785859
2025-10-27 20:53:03 | INFO     | Missing Values: 0
2025-10-27 20:53:03 | INFO     | unique Values: 1
2025-10-27 20:53:03 | INFO     | Top Value: 04
2025-10-27 20:53:03 | INFO     | 
shape: (4, 2)
┌────────────┬────────┐
│ statistic  ┆ value  │
│ ---        ┆ ---    │
│ str        ┆ str    │
╞════════════╪════════╡
│ count      ┆ 785859 │
│ null_count ┆ 0      │
│ min        ┆ 04     │
│ max        ┆ 04     │
└────────────┴────────┘
2025-10-27 20:53:03 | INFO     | 


----------------------------------------------------------------------------------------------------

2025-10-27 20:53:03 | INFO     | [19/38] Processing Ration_Any_Item_Last_30_Days
2025-10-27 20:53:03 | INFO     |  === Ration_Any_Item_Last_30_Days Summary === 
2025-10-27 20:53:03 | INFO     | Data type: String
2025-10-27 20:53:03 | INFO     | Duplicates: 785859
2025-10-27 20:53:03 | INFO     | Missing Values: 0
2025-10-27 20:53:03 | INFO     | unique Values: 2
2025-10-27 20:53:03 | INFO     | Top Value: 1
2025-10-27 20:53:03 | INFO     | 
shape: (4, 2)
┌────────────┬────────┐
│ statistic  ┆ value  │
│ ---        ┆ ---    │
│ str        ┆ str    │
╞════════════╪════════╡
│ count      ┆ 785859 │
│ null_count ┆ 0      │
│ min        ┆ 1      │
│ max        ┆ 2      │
└────────────┴────────┘
2025-10-27 20:53:03 | INFO     | 


----------------------------------------------------------------------------------------------------

2025-10-27 20:53:03 | INFO     | [20/38] Processing Ration_Rice
2025-10-27 20:53:03 | INFO     |  === Ration_Rice Summary === 
2025-10-27 20:53:03 | INFO     | Data type: String
2025-10-27 20:53:03 | INFO     | Duplicates: 785859
2025-10-27 20:53:03 | INFO     | Missing Values: 0
2025-10-27 20:53:03 | INFO     | unique Values: 2
2025-10-27 20:53:03 | INFO     | Top Value: 1
2025-10-27 20:53:03 | INFO     | 
shape: (4, 2)
┌────────────┬────────┐
│ statistic  ┆ value  │
│ ---        ┆ ---    │
│ str        ┆ str    │
╞════════════╪════════╡
│ count      ┆ 785859 │
│ null_count ┆ 0      │
│ min        ┆        │
│ max        ┆ 1      │
└────────────┴────────┘
2025-10-27 20:53:03 | INFO     | 


----------------------------------------------------------------------------------------------------

2025-10-27 20:53:03 | INFO     | [21/38] Processing Ration_Wheat
2025-10-27 20:53:03 | INFO     |  === Ration_Wheat Summary === 
2025-10-27 20:53:03 | INFO     | Data type: String
2025-10-27 20:53:03 | INFO     | Duplicates: 785859
2025-10-27 20:53:03 | INFO     | Missing Values: 0
2025-10-27 20:53:03 | INFO     | unique Values: 2
2025-10-27 20:53:03 | INFO     | Top Value: 
2025-10-27 20:53:03 | INFO     | 
shape: (4, 2)
┌────────────┬────────┐
│ statistic  ┆ value  │
│ ---        ┆ ---    │
│ str        ┆ str    │
╞════════════╪════════╡
│ count      ┆ 785859 │
│ null_count ┆ 0      │
│ min        ┆        │
│ max        ┆ 1      │
└────────────┴────────┘
2025-10-27 20:53:03 | INFO     | 


----------------------------------------------------------------------------------------------------

2025-10-27 20:53:03 | INFO     | [22/38] Processing Ration_Coarse_Grain
2025-10-27 20:53:03 | INFO     |  === Ration_Coarse_Grain Summary === 
2025-10-27 20:53:03 | INFO     | Data type: String
2025-10-27 20:53:03 | INFO     | Duplicates: 785859
2025-10-27 20:53:03 | INFO     | Missing Values: 0
2025-10-27 20:53:03 | INFO     | unique Values: 2
2025-10-27 20:53:03 | INFO     | Top Value: 
2025-10-27 20:53:03 | INFO     | 
shape: (4, 2)
┌────────────┬────────┐
│ statistic  ┆ value  │
│ ---        ┆ ---    │
│ str        ┆ str    │
╞════════════╪════════╡
│ count      ┆ 785859 │
│ null_count ┆ 0      │
│ min        ┆        │
│ max        ┆ 1      │
└────────────┴────────┘
2025-10-27 20:53:03 | INFO     | 


----------------------------------------------------------------------------------------------------

2025-10-27 20:53:03 | INFO     | [23/38] Processing Ration_Sugar
2025-10-27 20:53:03 | INFO     |  === Ration_Sugar Summary === 
2025-10-27 20:53:03 | INFO     | Data type: String
2025-10-27 20:53:03 | INFO     | Duplicates: 785859
2025-10-27 20:53:03 | INFO     | Missing Values: 0
2025-10-27 20:53:03 | INFO     | unique Values: 2
2025-10-27 20:53:03 | INFO     | Top Value: 
2025-10-27 20:53:03 | INFO     | 
shape: (4, 2)
┌────────────┬────────┐
│ statistic  ┆ value  │
│ ---        ┆ ---    │
│ str        ┆ str    │
╞════════════╪════════╡
│ count      ┆ 785859 │
│ null_count ┆ 0      │
│ min        ┆        │
│ max        ┆ 1      │
└────────────┴────────┘
2025-10-27 20:53:03 | INFO     | 


----------------------------------------------------------------------------------------------------

2025-10-27 20:53:03 | INFO     | [24/38] Processing Ration_Pulses
2025-10-27 20:53:03 | INFO     |  === Ration_Pulses Summary === 
2025-10-27 20:53:03 | INFO     | Data type: String
2025-10-27 20:53:03 | INFO     | Duplicates: 785859
2025-10-27 20:53:03 | INFO     | Missing Values: 0
2025-10-27 20:53:03 | INFO     | unique Values: 2
2025-10-27 20:53:03 | INFO     | Top Value: 
2025-10-27 20:53:03 | INFO     | 
shape: (4, 2)
┌────────────┬────────┐
│ statistic  ┆ value  │
│ ---        ┆ ---    │
│ str        ┆ str    │
╞════════════╪════════╡
│ count      ┆ 785859 │
│ null_count ┆ 0      │
│ min        ┆        │
│ max        ┆ 1      │
└────────────┴────────┘
2025-10-27 20:53:03 | INFO     | 


----------------------------------------------------------------------------------------------------

2025-10-27 20:53:03 | INFO     | [25/38] Processing Ration_Edible_Oil
2025-10-27 20:53:03 | INFO     |  === Ration_Edible_Oil Summary === 
2025-10-27 20:53:03 | INFO     | Data type: String
2025-10-27 20:53:03 | INFO     | Duplicates: 785859
2025-10-27 20:53:03 | INFO     | Missing Values: 0
2025-10-27 20:53:03 | INFO     | unique Values: 2
2025-10-27 20:53:03 | INFO     | Top Value: 
2025-10-27 20:53:03 | INFO     | 
shape: (4, 2)
┌────────────┬────────┐
│ statistic  ┆ value  │
│ ---        ┆ ---    │
│ str        ┆ str    │
╞════════════╪════════╡
│ count      ┆ 785859 │
│ null_count ┆ 0      │
│ min        ┆        │
│ max        ┆ 1      │
└────────────┴────────┘
2025-10-27 20:53:03 | INFO     | 


----------------------------------------------------------------------------------------------------

2025-10-27 20:53:03 | INFO     | [26/38] Processing Ration_Other_Food_Items
2025-10-27 20:53:03 | INFO     |  === Ration_Other_Food_Items Summary === 
2025-10-27 20:53:04 | INFO     | Data type: String
2025-10-27 20:53:04 | INFO     | Duplicates: 785859
2025-10-27 20:53:04 | INFO     | Missing Values: 0
2025-10-27 20:53:04 | INFO     | unique Values: 2
2025-10-27 20:53:04 | INFO     | Top Value: 
2025-10-27 20:53:04 | INFO     | 
shape: (4, 2)
┌────────────┬────────┐
│ statistic  ┆ value  │
│ ---        ┆ ---    │
│ str        ┆ str    │
╞════════════╪════════╡
│ count      ┆ 785859 │
│ null_count ┆ 0      │
│ min        ┆        │
│ max        ┆ 1      │
└────────────┴────────┘
2025-10-27 20:53:04 | INFO     | 


----------------------------------------------------------------------------------------------------

2025-10-27 20:53:04 | INFO     | [27/38] Processing Online_Groceries
2025-10-27 20:53:04 | INFO     |  === Online_Groceries Summary === 
2025-10-27 20:53:04 | INFO     | Data type: String
2025-10-27 20:53:04 | INFO     | Duplicates: 785859
2025-10-27 20:53:04 | INFO     | Missing Values: 0
2025-10-27 20:53:04 | INFO     | unique Values: 2
2025-10-27 20:53:04 | INFO     | Top Value: 
2025-10-27 20:53:04 | INFO     | 
shape: (4, 2)
┌────────────┬────────┐
│ statistic  ┆ value  │
│ ---        ┆ ---    │
│ str        ┆ str    │
╞════════════╪════════╡
│ count      ┆ 785859 │
│ null_count ┆ 0      │
│ min        ┆        │
│ max        ┆ 1      │
└────────────┴────────┘
2025-10-27 20:53:04 | INFO     | 


----------------------------------------------------------------------------------------------------

2025-10-27 20:53:04 | INFO     | [28/38] Processing Online_Milk
2025-10-27 20:53:04 | INFO     |  === Online_Milk Summary === 
2025-10-27 20:53:04 | INFO     | Data type: String
2025-10-27 20:53:04 | INFO     | Duplicates: 785859
2025-10-27 20:53:04 | INFO     | Missing Values: 0
2025-10-27 20:53:04 | INFO     | unique Values: 2
2025-10-27 20:53:04 | INFO     | Top Value: 
2025-10-27 20:53:04 | INFO     | 
shape: (4, 2)
┌────────────┬────────┐
│ statistic  ┆ value  │
│ ---        ┆ ---    │
│ str        ┆ str    │
╞════════════╪════════╡
│ count      ┆ 785859 │
│ null_count ┆ 0      │
│ min        ┆        │
│ max        ┆ 1      │
└────────────┴────────┘
2025-10-27 20:53:04 | INFO     | 


----------------------------------------------------------------------------------------------------

2025-10-27 20:53:04 | INFO     | [29/38] Processing Online_Vegetables
2025-10-27 20:53:04 | INFO     |  === Online_Vegetables Summary === 
2025-10-27 20:53:04 | INFO     | Data type: String
2025-10-27 20:53:04 | INFO     | Duplicates: 785859
2025-10-27 20:53:04 | INFO     | Missing Values: 0
2025-10-27 20:53:04 | INFO     | unique Values: 2
2025-10-27 20:53:04 | INFO     | Top Value: 
2025-10-27 20:53:04 | INFO     | 
shape: (4, 2)
┌────────────┬────────┐
│ statistic  ┆ value  │
│ ---        ┆ ---    │
│ str        ┆ str    │
╞════════════╪════════╡
│ count      ┆ 785859 │
│ null_count ┆ 0      │
│ min        ┆        │
│ max        ┆ 1      │
└────────────┴────────┘
2025-10-27 20:53:04 | INFO     | 


----------------------------------------------------------------------------------------------------

2025-10-27 20:53:04 | INFO     | [30/38] Processing Online_Fresh_Fruits
2025-10-27 20:53:04 | INFO     |  === Online_Fresh_Fruits Summary === 
2025-10-27 20:53:04 | INFO     | Data type: String
2025-10-27 20:53:04 | INFO     | Duplicates: 785859
2025-10-27 20:53:04 | INFO     | Missing Values: 0
2025-10-27 20:53:04 | INFO     | unique Values: 2
2025-10-27 20:53:04 | INFO     | Top Value: 
2025-10-27 20:53:04 | INFO     | 
shape: (4, 2)
┌────────────┬────────┐
│ statistic  ┆ value  │
│ ---        ┆ ---    │
│ str        ┆ str    │
╞════════════╪════════╡
│ count      ┆ 785859 │
│ null_count ┆ 0      │
│ min        ┆        │
│ max        ┆ 1      │
└────────────┴────────┘
2025-10-27 20:53:04 | INFO     | 


----------------------------------------------------------------------------------------------------

2025-10-27 20:53:04 | INFO     | [31/38] Processing Online_Dry_Fruits
2025-10-27 20:53:04 | INFO     |  === Online_Dry_Fruits Summary === 
2025-10-27 20:53:04 | INFO     | Data type: String
2025-10-27 20:53:04 | INFO     | Duplicates: 785859
2025-10-27 20:53:04 | INFO     | Missing Values: 0
2025-10-27 20:53:04 | INFO     | unique Values: 2
2025-10-27 20:53:04 | INFO     | Top Value: 
2025-10-27 20:53:04 | INFO     | 
shape: (4, 2)
┌────────────┬────────┐
│ statistic  ┆ value  │
│ ---        ┆ ---    │
│ str        ┆ str    │
╞════════════╪════════╡
│ count      ┆ 785859 │
│ null_count ┆ 0      │
│ min        ┆        │
│ max        ┆ 1      │
└────────────┴────────┘
2025-10-27 20:53:04 | INFO     | 


----------------------------------------------------------------------------------------------------

2025-10-27 20:53:04 | INFO     | [32/38] Processing Online_Egg_Fish_Meat
2025-10-27 20:53:04 | INFO     |  === Online_Egg_Fish_Meat Summary === 
2025-10-27 20:53:04 | INFO     | Data type: String
2025-10-27 20:53:04 | INFO     | Duplicates: 785859
2025-10-27 20:53:04 | INFO     | Missing Values: 0
2025-10-27 20:53:04 | INFO     | unique Values: 2
2025-10-27 20:53:04 | INFO     | Top Value: 
2025-10-27 20:53:04 | INFO     | 
shape: (4, 2)
┌────────────┬────────┐
│ statistic  ┆ value  │
│ ---        ┆ ---    │
│ str        ┆ str    │
╞════════════╪════════╡
│ count      ┆ 785859 │
│ null_count ┆ 0      │
│ min        ┆        │
│ max        ┆ 1      │
└────────────┴────────┘
2025-10-27 20:53:04 | INFO     | 


----------------------------------------------------------------------------------------------------

2025-10-27 20:53:04 | INFO     | [33/38] Processing Online_Served_Processed_Food
2025-10-27 20:53:04 | INFO     |  === Online_Served_Processed_Food Summary === 
2025-10-27 20:53:04 | INFO     | Data type: String
2025-10-27 20:53:04 | INFO     | Duplicates: 785859
2025-10-27 20:53:04 | INFO     | Missing Values: 0
2025-10-27 20:53:04 | INFO     | unique Values: 2
2025-10-27 20:53:04 | INFO     | Top Value: 
2025-10-27 20:53:04 | INFO     | 
shape: (4, 2)
┌────────────┬────────┐
│ statistic  ┆ value  │
│ ---        ┆ ---    │
│ str        ┆ str    │
╞════════════╪════════╡
│ count      ┆ 785859 │
│ null_count ┆ 0      │
│ min        ┆        │
│ max        ┆ 1      │
└────────────┴────────┘
2025-10-27 20:53:04 | INFO     | 


----------------------------------------------------------------------------------------------------

2025-10-27 20:53:04 | INFO     | [34/38] Processing Online_Packed_Processed_Food
2025-10-27 20:53:04 | INFO     |  === Online_Packed_Processed_Food Summary === 
2025-10-27 20:53:04 | INFO     | Data type: String
2025-10-27 20:53:04 | INFO     | Duplicates: 785859
2025-10-27 20:53:04 | INFO     | Missing Values: 0
2025-10-27 20:53:04 | INFO     | unique Values: 2
2025-10-27 20:53:04 | INFO     | Top Value: 
2025-10-27 20:53:04 | INFO     | 
shape: (4, 2)
┌────────────┬────────┐
│ statistic  ┆ value  │
│ ---        ┆ ---    │
│ str        ┆ str    │
╞════════════╪════════╡
│ count      ┆ 785859 │
│ null_count ┆ 0      │
│ min        ┆        │
│ max        ┆ 1      │
└────────────┴────────┘
2025-10-27 20:53:04 | INFO     | 


----------------------------------------------------------------------------------------------------

2025-10-27 20:53:04 | INFO     | [35/38] Processing Online_Other_Food_Items
2025-10-27 20:53:04 | INFO     |  === Online_Other_Food_Items Summary === 
2025-10-27 20:53:04 | INFO     | Data type: String
2025-10-27 20:53:04 | INFO     | Duplicates: 785859
2025-10-27 20:53:04 | INFO     | Missing Values: 0
2025-10-27 20:53:04 | INFO     | unique Values: 2
2025-10-27 20:53:04 | INFO     | Top Value: 
2025-10-27 20:53:04 | INFO     | 
shape: (4, 2)
┌────────────┬────────┐
│ statistic  ┆ value  │
│ ---        ┆ ---    │
│ str        ┆ str    │
╞════════════╪════════╡
│ count      ┆ 785859 │
│ null_count ┆ 0      │
│ min        ┆        │
│ max        ┆ 1      │
└────────────┴────────┘
2025-10-27 20:53:04 | INFO     | 


----------------------------------------------------------------------------------------------------

2025-10-27 20:53:04 | INFO     | [36/38] Processing Ceremony_Performed_Last_30_Days
2025-10-27 20:53:04 | INFO     |  === Ceremony_Performed_Last_30_Days Summary === 
2025-10-27 20:53:05 | INFO     | Data type: String
2025-10-27 20:53:05 | INFO     | Duplicates: 785859
2025-10-27 20:53:05 | INFO     | Missing Values: 0
2025-10-27 20:53:05 | INFO     | unique Values: 2
2025-10-27 20:53:05 | INFO     | Top Value: 2
2025-10-27 20:53:05 | INFO     | 
shape: (4, 2)
┌────────────┬────────┐
│ statistic  ┆ value  │
│ ---        ┆ ---    │
│ str        ┆ str    │
╞════════════╪════════╡
│ count      ┆ 785859 │
│ null_count ┆ 0      │
│ min        ┆ 1      │
│ max        ┆ 2      │
└────────────┴────────┘
2025-10-27 20:53:05 | INFO     | 


----------------------------------------------------------------------------------------------------

2025-10-27 20:53:05 | INFO     | [37/38] Processing Meals_Served_to_Non_HH_Members
2025-10-27 20:53:05 | INFO     |  === Meals_Served_to_Non_HH_Members Summary === 
2025-10-27 20:53:05 | INFO     | Data type: String
2025-10-27 20:53:05 | INFO     | Duplicates: 785859
2025-10-27 20:53:05 | INFO     | Missing Values: 0
2025-10-27 20:53:05 | INFO     | unique Values: 181
2025-10-27 20:53:05 | INFO     | Top Value: 0
2025-10-27 20:53:05 | INFO     | 
shape: (4, 2)
┌────────────┬────────┐
│ statistic  ┆ value  │
│ ---        ┆ ---    │
│ str        ┆ str    │
╞════════════╪════════╡
│ count      ┆ 785859 │
│ null_count ┆ 0      │
│ min        ┆ 0      │
│ max        ┆ 98     │
└────────────┴────────┘
2025-10-27 20:53:05 | INFO     | 


----------------------------------------------------------------------------------------------------

2025-10-27 20:53:05 | INFO     | [38/38] Processing Multiplier
2025-10-27 20:53:05 | INFO     |  === Multiplier Summary === 
2025-10-27 20:53:05 | INFO     | Data type: Float64
2025-10-27 20:53:05 | INFO     | Duplicates: 785859
2025-10-27 20:53:05 | INFO     | Missing Values: 0
2025-10-27 20:53:05 | INFO     | unique Values: 23567
2025-10-27 20:53:05 | INFO     | Top Value: 11830.0
2025-10-27 20:53:05 | INFO     | 
shape: (9, 2)
┌────────────┬───────────────┐
│ statistic  ┆ value         │
│ ---        ┆ ---           │
│ str        ┆ f64           │
╞════════════╪═══════════════╡
│ count      ┆ 785859.0      │
│ null_count ┆ 0.0           │
│ mean       ┆ 111344.812944 │
│ std        ┆ 79656.011015  │
│ min        ┆ 369.0         │
│ 25%        ┆ 56738.0       │
│ 50%        ┆ 114044.0      │
│ 75%        ┆ 150441.0      │
│ max        ┆ 2.366902e6    │
└────────────┴───────────────┘
2025-10-27 20:53:05 | SUCCESS  | All Summaries Completed.
