2025-10-27 20:50:25 | INFO     | Successfully loaded parquet-data\lev-08\data\lev-08_merged.parquet
2025-10-27 20:50:25 | INFO     | File size: 234.22186183929443 MB 



2025-10-27 20:50:25 | INFO     | 


----------------------------------------------------------------------------------------------------

2025-10-27 20:50:25 | INFO     | [1/25] Processing Survey_Name
2025-10-27 20:50:25 | INFO     |  === Survey_Name Summary === 
2025-10-27 20:50:26 | INFO     | Data type: String
2025-10-27 20:50:26 | INFO     | Duplicates: 2999942
2025-10-27 20:50:26 | INFO     | Missing Values: 0
2025-10-27 20:50:26 | INFO     | unique Values: 1
2025-10-27 20:50:26 | INFO     | Top Value: HCES
2025-10-27 20:50:26 | INFO     | 
shape: (4, 2)
┌────────────┬─────────┐
│ statistic  ┆ value   │
│ ---        ┆ ---     │
│ str        ┆ str     │
╞════════════╪═════════╡
│ count      ┆ 2999942 │
│ null_count ┆ 0       │
│ min        ┆ HCES    │
│ max        ┆ HCES    │
└────────────┴─────────┘
2025-10-27 20:50:26 | INFO     | 


----------------------------------------------------------------------------------------------------

2025-10-27 20:50:26 | INFO     | [2/25] Processing Year
2025-10-27 20:50:26 | INFO     |  === Year Summary === 
2025-10-27 20:50:26 | INFO     | Data type: String
2025-10-27 20:50:26 | INFO     | Duplicates: 2999942
2025-10-27 20:50:26 | INFO     | Missing Values: 0
2025-10-27 20:50:26 | INFO     | unique Values: 1
2025-10-27 20:50:26 | INFO     | Top Value: 2024
2025-10-27 20:50:26 | INFO     | 
shape: (4, 2)
┌────────────┬─────────┐
│ statistic  ┆ value   │
│ ---        ┆ ---     │
│ str        ┆ str     │
╞════════════╪═════════╡
│ count      ┆ 2999942 │
│ null_count ┆ 0       │
│ min        ┆ 2024    │
│ max        ┆ 2024    │
└────────────┴─────────┘
2025-10-27 20:50:26 | INFO     | 


----------------------------------------------------------------------------------------------------

2025-10-27 20:50:26 | INFO     | [3/25] Processing FSU_Serial_No
2025-10-27 20:50:26 | INFO     |  === FSU_Serial_No Summary === 
2025-10-27 20:50:26 | INFO     | Data type: String
2025-10-27 20:50:26 | INFO     | Duplicates: 2999942
2025-10-27 20:50:26 | INFO     | Missing Values: 0
2025-10-27 20:50:26 | INFO     | unique Values: 14826
2025-10-27 20:50:26 | INFO     | Top Value: 45807
2025-10-27 20:50:26 | INFO     | 
shape: (4, 2)
┌────────────┬─────────┐
│ statistic  ┆ value   │
│ ---        ┆ ---     │
│ str        ┆ str     │
╞════════════╪═════════╡
│ count      ┆ 2999942 │
│ null_count ┆ 0       │
│ min        ┆ 22300   │
│ max        ┆ 49999   │
└────────────┴─────────┘
2025-10-27 20:50:26 | INFO     | 


----------------------------------------------------------------------------------------------------

2025-10-27 20:50:26 | INFO     | [4/25] Processing Sector
2025-10-27 20:50:26 | INFO     |  === Sector Summary === 
2025-10-27 20:50:27 | INFO     | Data type: String
2025-10-27 20:50:27 | INFO     | Duplicates: 2999942
2025-10-27 20:50:27 | INFO     | Missing Values: 0
2025-10-27 20:50:27 | INFO     | unique Values: 2
2025-10-27 20:50:27 | INFO     | Top Value: 1
2025-10-27 20:50:27 | INFO     | 
shape: (4, 2)
┌────────────┬─────────┐
│ statistic  ┆ value   │
│ ---        ┆ ---     │
│ str        ┆ str     │
╞════════════╪═════════╡
│ count      ┆ 2999942 │
│ null_count ┆ 0       │
│ min        ┆ 1       │
│ max        ┆ 2       │
└────────────┴─────────┘
2025-10-27 20:50:27 | INFO     | 


----------------------------------------------------------------------------------------------------

2025-10-27 20:50:27 | INFO     | [5/25] Processing State
2025-10-27 20:50:27 | INFO     |  === State Summary === 
2025-10-27 20:50:27 | INFO     | Data type: String
2025-10-27 20:50:27 | INFO     | Duplicates: 2999942
2025-10-27 20:50:27 | INFO     | Missing Values: 0
2025-10-27 20:50:27 | INFO     | unique Values: 36
2025-10-27 20:50:27 | INFO     | Top Value: 09
2025-10-27 20:50:27 | INFO     | 
shape: (4, 2)
┌────────────┬─────────┐
│ statistic  ┆ value   │
│ ---        ┆ ---     │
│ str        ┆ str     │
╞════════════╪═════════╡
│ count      ┆ 2999942 │
│ null_count ┆ 0       │
│ min        ┆ 01      │
│ max        ┆ 37      │
└────────────┴─────────┘
2025-10-27 20:50:27 | INFO     | 


----------------------------------------------------------------------------------------------------

2025-10-27 20:50:27 | INFO     | [6/25] Processing NSS_Region
2025-10-27 20:50:27 | INFO     |  === NSS_Region Summary === 
2025-10-27 20:50:27 | INFO     | Data type: String
2025-10-27 20:50:27 | INFO     | Duplicates: 2999942
2025-10-27 20:50:27 | INFO     | Missing Values: 0
2025-10-27 20:50:27 | INFO     | unique Values: 87
2025-10-27 20:50:27 | INFO     | Top Value: 093
2025-10-27 20:50:27 | INFO     | 
shape: (4, 2)
┌────────────┬─────────┐
│ statistic  ┆ value   │
│ ---        ┆ ---     │
│ str        ┆ str     │
╞════════════╪═════════╡
│ count      ┆ 2999942 │
│ null_count ┆ 0       │
│ min        ┆ 011     │
│ max        ┆ 371     │
└────────────┴─────────┘
2025-10-27 20:50:27 | INFO     | 


----------------------------------------------------------------------------------------------------

2025-10-27 20:50:27 | INFO     | [7/25] Processing District
2025-10-27 20:50:27 | INFO     |  === District Summary === 
2025-10-27 20:50:28 | INFO     | Data type: String
2025-10-27 20:50:28 | INFO     | Duplicates: 2999942
2025-10-27 20:50:28 | INFO     | Missing Values: 0
2025-10-27 20:50:28 | INFO     | unique Values: 71
2025-10-27 20:50:28 | INFO     | Top Value: 07
2025-10-27 20:50:28 | INFO     | 
shape: (4, 2)
┌────────────┬─────────┐
│ statistic  ┆ value   │
│ ---        ┆ ---     │
│ str        ┆ str     │
╞════════════╪═════════╡
│ count      ┆ 2999942 │
│ null_count ┆ 0       │
│ min        ┆ 01      │
│ max        ┆ 71      │
└────────────┴─────────┘
2025-10-27 20:50:28 | INFO     | 


----------------------------------------------------------------------------------------------------

2025-10-27 20:50:28 | INFO     | [8/25] Processing Stratum
2025-10-27 20:50:28 | INFO     |  === Stratum Summary === 
2025-10-27 20:50:28 | INFO     | Data type: String
2025-10-27 20:50:28 | INFO     | Duplicates: 2999942
2025-10-27 20:50:28 | INFO     | Missing Values: 0
2025-10-27 20:50:28 | INFO     | unique Values: 28
2025-10-27 20:50:28 | INFO     | Top Value: 23
2025-10-27 20:50:28 | INFO     | 
shape: (4, 2)
┌────────────┬─────────┐
│ statistic  ┆ value   │
│ ---        ┆ ---     │
│ str        ┆ str     │
╞════════════╪═════════╡
│ count      ┆ 2999942 │
│ null_count ┆ 0       │
│ min        ┆ 11      │
│ max        ┆ 99      │
└────────────┴─────────┘
2025-10-27 20:50:28 | INFO     | 


----------------------------------------------------------------------------------------------------

2025-10-27 20:50:28 | INFO     | [9/25] Processing Sub_stratum
2025-10-27 20:50:28 | INFO     |  === Sub_stratum Summary === 
2025-10-27 20:50:28 | INFO     | Data type: String
2025-10-27 20:50:28 | INFO     | Duplicates: 2999942
2025-10-27 20:50:28 | INFO     | Missing Values: 0
2025-10-27 20:50:28 | INFO     | unique Values: 48
2025-10-27 20:50:28 | INFO     | Top Value: 01
2025-10-27 20:50:28 | INFO     | 
shape: (4, 2)
┌────────────┬─────────┐
│ statistic  ┆ value   │
│ ---        ┆ ---     │
│ str        ┆ str     │
╞════════════╪═════════╡
│ count      ┆ 2999942 │
│ null_count ┆ 0       │
│ min        ┆ 01      │
│ max        ┆ 48      │
└────────────┴─────────┘
2025-10-27 20:50:28 | INFO     | 


----------------------------------------------------------------------------------------------------

2025-10-27 20:50:28 | INFO     | [10/25] Processing Panel
2025-10-27 20:50:28 | INFO     |  === Panel Summary === 
2025-10-27 20:50:29 | INFO     | Data type: String
2025-10-27 20:50:29 | INFO     | Duplicates: 2999942
2025-10-27 20:50:29 | INFO     | Missing Values: 0
2025-10-27 20:50:29 | INFO     | unique Values: 10
2025-10-27 20:50:29 | INFO     | Top Value: 5
2025-10-27 20:50:29 | INFO     | 
shape: (4, 2)
┌────────────┬─────────┐
│ statistic  ┆ value   │
│ ---        ┆ ---     │
│ str        ┆ str     │
╞════════════╪═════════╡
│ count      ┆ 2999942 │
│ null_count ┆ 0       │
│ min        ┆ 1       │
│ max        ┆ 9       │
└────────────┴─────────┘
2025-10-27 20:50:29 | INFO     | 


----------------------------------------------------------------------------------------------------

2025-10-27 20:50:29 | INFO     | [11/25] Processing Sub_sample
2025-10-27 20:50:29 | INFO     |  === Sub_sample Summary === 
2025-10-27 20:50:29 | INFO     | Data type: String
2025-10-27 20:50:29 | INFO     | Duplicates: 2999942
2025-10-27 20:50:29 | INFO     | Missing Values: 0
2025-10-27 20:50:29 | INFO     | unique Values: 2
2025-10-27 20:50:29 | INFO     | Top Value: 2
2025-10-27 20:50:29 | INFO     | 
shape: (4, 2)
┌────────────┬─────────┐
│ statistic  ┆ value   │
│ ---        ┆ ---     │
│ str        ┆ str     │
╞════════════╪═════════╡
│ count      ┆ 2999942 │
│ null_count ┆ 0       │
│ min        ┆ 1       │
│ max        ┆ 2       │
└────────────┴─────────┘
2025-10-27 20:50:29 | INFO     | 


----------------------------------------------------------------------------------------------------

2025-10-27 20:50:29 | INFO     | [12/25] Processing FOD_Sub_Region
2025-10-27 20:50:29 | INFO     |  === FOD_Sub_Region Summary === 
2025-10-27 20:50:29 | INFO     | Data type: String
2025-10-27 20:50:29 | INFO     | Duplicates: 2999942
2025-10-27 20:50:29 | INFO     | Missing Values: 0
2025-10-27 20:50:29 | INFO     | unique Values: 169
2025-10-27 20:50:29 | INFO     | Top Value: 1610
2025-10-27 20:50:29 | INFO     | 
shape: (4, 2)
┌────────────┬─────────┐
│ statistic  ┆ value   │
│ ---        ┆ ---     │
│ str        ┆ str     │
╞════════════╪═════════╡
│ count      ┆ 2999942 │
│ null_count ┆ 0       │
│ min        ┆ 0110    │
│ max        ┆ 3613    │
└────────────┴─────────┘
2025-10-27 20:50:29 | INFO     | 


----------------------------------------------------------------------------------------------------

2025-10-27 20:50:29 | INFO     | [13/25] Processing Sample_SU_No
2025-10-27 20:50:29 | INFO     |  === Sample_SU_No Summary === 
2025-10-27 20:50:30 | INFO     | Data type: String
2025-10-27 20:50:30 | INFO     | Duplicates: 2999942
2025-10-27 20:50:30 | INFO     | Missing Values: 0
2025-10-27 20:50:30 | INFO     | unique Values: 32
2025-10-27 20:50:30 | INFO     | Top Value: 1
2025-10-27 20:50:30 | INFO     | 
shape: (4, 2)
┌────────────┬─────────┐
│ statistic  ┆ value   │
│ ---        ┆ ---     │
│ str        ┆ str     │
╞════════════╪═════════╡
│ count      ┆ 2999942 │
│ null_count ┆ 0       │
│ min        ┆ 1       │
│ max        ┆ 9       │
└────────────┴─────────┘
2025-10-27 20:50:30 | INFO     | 


----------------------------------------------------------------------------------------------------

2025-10-27 20:50:30 | INFO     | [14/25] Processing Sample_Sub_Division_No
2025-10-27 20:50:30 | INFO     |  === Sample_Sub_Division_No Summary === 
2025-10-27 20:50:30 | INFO     | Data type: String
2025-10-27 20:50:30 | INFO     | Duplicates: 2999942
2025-10-27 20:50:30 | INFO     | Missing Values: 0
2025-10-27 20:50:30 | INFO     | unique Values: 7
2025-10-27 20:50:30 | INFO     | Top Value: 
2025-10-27 20:50:30 | INFO     | 
shape: (4, 2)
┌────────────┬─────────┐
│ statistic  ┆ value   │
│ ---        ┆ ---     │
│ str        ┆ str     │
╞════════════╪═════════╡
│ count      ┆ 2999942 │
│ null_count ┆ 0       │
│ min        ┆         │
│ max        ┆ 6       │
└────────────┴─────────┘
2025-10-27 20:50:30 | INFO     | 


----------------------------------------------------------------------------------------------------

2025-10-27 20:50:30 | INFO     | [15/25] Processing Second_Stage_Stratum_No
2025-10-27 20:50:30 | INFO     |  === Second_Stage_Stratum_No Summary === 
2025-10-27 20:50:30 | INFO     | Data type: String
2025-10-27 20:50:30 | INFO     | Duplicates: 2999942
2025-10-27 20:50:30 | INFO     | Missing Values: 0
2025-10-27 20:50:30 | INFO     | unique Values: 3
2025-10-27 20:50:30 | INFO     | Top Value: 3
2025-10-27 20:50:30 | INFO     | 
shape: (4, 2)
┌────────────┬─────────┐
│ statistic  ┆ value   │
│ ---        ┆ ---     │
│ str        ┆ str     │
╞════════════╪═════════╡
│ count      ┆ 2999942 │
│ null_count ┆ 0       │
│ min        ┆ 1       │
│ max        ┆ 3       │
└────────────┴─────────┘
2025-10-27 20:50:30 | INFO     | 


----------------------------------------------------------------------------------------------------

2025-10-27 20:50:30 | INFO     | [16/25] Processing Sample_Household_No
2025-10-27 20:50:30 | INFO     |  === Sample_Household_No Summary === 
2025-10-27 20:50:31 | INFO     | Data type: String
2025-10-27 20:50:31 | INFO     | Duplicates: 2999942
2025-10-27 20:50:31 | INFO     | Missing Values: 0
2025-10-27 20:50:31 | INFO     | unique Values: 18
2025-10-27 20:50:31 | INFO     | Top Value: 01
2025-10-27 20:50:31 | INFO     | 
shape: (4, 2)
┌────────────┬─────────┐
│ statistic  ┆ value   │
│ ---        ┆ ---     │
│ str        ┆ str     │
╞════════════╪═════════╡
│ count      ┆ 2999942 │
│ null_count ┆ 0       │
│ min        ┆ 01      │
│ max        ┆ 18      │
└────────────┴─────────┘
2025-10-27 20:50:31 | INFO     | 


----------------------------------------------------------------------------------------------------

2025-10-27 20:50:31 | INFO     | [17/25] Processing Questionnaire_No
2025-10-27 20:50:31 | INFO     |  === Questionnaire_No Summary === 
2025-10-27 20:50:31 | INFO     | Data type: String
2025-10-27 20:50:31 | INFO     | Duplicates: 2999942
2025-10-27 20:50:31 | INFO     | Missing Values: 0
2025-10-27 20:50:31 | INFO     | unique Values: 1
2025-10-27 20:50:31 | INFO     | Top Value: C
2025-10-27 20:50:31 | INFO     | 
shape: (4, 2)
┌────────────┬─────────┐
│ statistic  ┆ value   │
│ ---        ┆ ---     │
│ str        ┆ str     │
╞════════════╪═════════╡
│ count      ┆ 2999942 │
│ null_count ┆ 0       │
│ min        ┆ C       │
│ max        ┆ C       │
└────────────┴─────────┘
2025-10-27 20:50:31 | INFO     | 


----------------------------------------------------------------------------------------------------

2025-10-27 20:50:31 | INFO     | [18/25] Processing Level
2025-10-27 20:50:31 | INFO     |  === Level Summary === 
2025-10-27 20:50:32 | INFO     | Data type: String
2025-10-27 20:50:32 | INFO     | Duplicates: 2999942
2025-10-27 20:50:32 | INFO     | Missing Values: 0
2025-10-27 20:50:32 | INFO     | unique Values: 1
2025-10-27 20:50:32 | INFO     | Top Value: 08
2025-10-27 20:50:32 | INFO     | 
shape: (4, 2)
┌────────────┬─────────┐
│ statistic  ┆ value   │
│ ---        ┆ ---     │
│ str        ┆ str     │
╞════════════╪═════════╡
│ count      ┆ 2999942 │
│ null_count ┆ 0       │
│ min        ┆ 08      │
│ max        ┆ 08      │
└────────────┴─────────┘
2025-10-27 20:50:32 | INFO     | 


----------------------------------------------------------------------------------------------------

2025-10-27 20:50:32 | INFO     | [19/25] Processing Item_Code_8_1
2025-10-27 20:50:32 | INFO     |  === Item_Code_8_1 Summary === 
2025-10-27 20:50:32 | INFO     | Data type: String
2025-10-27 20:50:32 | INFO     | Duplicates: 2999942
2025-10-27 20:50:32 | INFO     | Missing Values: 0
2025-10-27 20:50:32 | INFO     | unique Values: 17
2025-10-27 20:50:32 | INFO     | Top Value: 349
2025-10-27 20:50:32 | INFO     | 
shape: (4, 2)
┌────────────┬─────────┐
│ statistic  ┆ value   │
│ ---        ┆ ---     │
│ str        ┆ str     │
╞════════════╪═════════╡
│ count      ┆ 2999942 │
│ null_count ┆ 0       │
│ min        ┆ 096     │
│ max        ┆ 349     │
└────────────┴─────────┘
2025-10-27 20:50:32 | INFO     | 


----------------------------------------------------------------------------------------------------

2025-10-27 20:50:32 | INFO     | [20/25] Processing Out_of_home_qty_000
2025-10-27 20:50:32 | INFO     |  === Out_of_home_qty_000 Summary === 
2025-10-27 20:50:32 | INFO     | Data type: Float64
2025-10-27 20:50:32 | INFO     | Duplicates: 2999942
2025-10-27 20:50:32 | INFO     | Missing Values: 2432978
2025-10-27 20:50:32 | INFO     | unique Values: 502
2025-10-27 20:50:32 | INFO     | Top Value: None
2025-10-27 20:50:32 | INFO     | 
shape: (9, 2)
┌────────────┬────────────┐
│ statistic  ┆ value      │
│ ---        ┆ ---        │
│ str        ┆ f64        │
╞════════════╪════════════╡
│ count      ┆ 566964.0   │
│ null_count ┆ 2.432978e6 │
│ mean       ┆ 12.328622  │
│ std        ┆ 42.951647  │
│ min        ┆ 0.0        │
│ 25%        ┆ 0.0        │
│ 50%        ┆ 0.0        │
│ 75%        ┆ 0.0        │
│ max        ┆ 900.0      │
└────────────┴────────────┘
2025-10-27 20:50:32 | INFO     | 


----------------------------------------------------------------------------------------------------

2025-10-27 20:50:32 | INFO     | [21/25] Processing Out_of_home_value_rs
2025-10-27 20:50:32 | INFO     |  === Out_of_home_value_rs Summary === 
2025-10-27 20:50:32 | INFO     | Data type: Float64
2025-10-27 20:50:32 | INFO     | Duplicates: 2999942
2025-10-27 20:50:32 | INFO     | Missing Values: 2296396
2025-10-27 20:50:32 | INFO     | unique Values: 1065
2025-10-27 20:50:32 | INFO     | Top Value: None
2025-10-27 20:50:32 | INFO     | 
shape: (9, 2)
┌────────────┬────────────┐
│ statistic  ┆ value      │
│ ---        ┆ ---        │
│ str        ┆ f64        │
╞════════════╪════════════╡
│ count      ┆ 703546.0   │
│ null_count ┆ 2.296396e6 │
│ mean       ┆ 110.296364 │
│ std        ┆ 234.198249 │
│ min        ┆ 0.0        │
│ 25%        ┆ 0.0        │
│ 50%        ┆ 0.0        │
│ 75%        ┆ 120.0      │
│ max        ┆ 6000.0     │
└────────────┴────────────┘
2025-10-27 20:50:32 | INFO     | 


----------------------------------------------------------------------------------------------------

2025-10-27 20:50:32 | INFO     | [22/25] Processing Total_consumption_qty_000
2025-10-27 20:50:32 | INFO     |  === Total_consumption_qty_000 Summary === 
2025-10-27 20:50:33 | INFO     | Data type: Float64
2025-10-27 20:50:33 | INFO     | Duplicates: 2999942
2025-10-27 20:50:33 | INFO     | Missing Values: 523560
2025-10-27 20:50:33 | INFO     | unique Values: 3760
2025-10-27 20:50:33 | INFO     | Top Value: None
2025-10-27 20:50:33 | INFO     | 
shape: (9, 2)
┌────────────┬────────────┐
│ statistic  ┆ value      │
│ ---        ┆ ---        │
│ str        ┆ f64        │
╞════════════╪════════════╡
│ count      ┆ 2.476382e6 │
│ null_count ┆ 523560.0   │
│ mean       ┆ 37.831348  │
│ std        ┆ 65.328587  │
│ min        ┆ 0.0        │
│ 25%        ┆ 4.0        │
│ 50%        ┆ 10.0       │
│ 75%        ┆ 50.0       │
│ max        ┆ 9615.0     │
└────────────┴────────────┘
2025-10-27 20:50:33 | INFO     | 


----------------------------------------------------------------------------------------------------

2025-10-27 20:50:33 | INFO     | [23/25] Processing Total_consumption_value_rs
2025-10-27 20:50:33 | INFO     |  === Total_consumption_value_rs Summary === 
2025-10-27 20:50:33 | INFO     | Data type: Int64
2025-10-27 20:50:33 | INFO     | Duplicates: 2999942
2025-10-27 20:50:33 | INFO     | Missing Values: 0
2025-10-27 20:50:33 | INFO     | unique Values: 5344
2025-10-27 20:50:33 | INFO     | Top Value: 10
2025-10-27 20:50:33 | INFO     | 
shape: (9, 2)
┌────────────┬────────────┐
│ statistic  ┆ value      │
│ ---        ┆ ---        │
│ str        ┆ f64        │
╞════════════╪════════════╡
│ count      ┆ 2.999942e6 │
│ null_count ┆ 0.0        │
│ mean       ┆ 458.930211 │
│ std        ┆ 603.828908 │
│ min        ┆ 1.0        │
│ 25%        ┆ 16.0       │
│ 50%        ┆ 235.0      │
│ 75%        ┆ 708.0      │
│ max        ┆ 16393.0    │
└────────────┴────────────┘
2025-10-27 20:50:33 | INFO     | 


----------------------------------------------------------------------------------------------------

2025-10-27 20:50:33 | INFO     | [24/25] Processing Source_8_1
2025-10-27 20:50:33 | INFO     |  === Source_8_1 Summary === 
2025-10-27 20:50:33 | INFO     | Data type: String
2025-10-27 20:50:33 | INFO     | Duplicates: 2999942
2025-10-27 20:50:33 | INFO     | Missing Values: 0
2025-10-27 20:50:33 | INFO     | unique Values: 8
2025-10-27 20:50:33 | INFO     | Top Value: 
2025-10-27 20:50:33 | INFO     | 
shape: (4, 2)
┌────────────┬─────────┐
│ statistic  ┆ value   │
│ ---        ┆ ---     │
│ str        ┆ str     │
╞════════════╪═════════╡
│ count      ┆ 2999942 │
│ null_count ┆ 0       │
│ min        ┆         │
│ max        ┆ 9       │
└────────────┴─────────┘
2025-10-27 20:50:33 | INFO     | 


----------------------------------------------------------------------------------------------------

2025-10-27 20:50:33 | INFO     | [25/25] Processing Multiplier
2025-10-27 20:50:33 | INFO     |  === Multiplier Summary === 
2025-10-27 20:50:33 | INFO     | Data type: Int64
2025-10-27 20:50:33 | INFO     | Duplicates: 2999942
2025-10-27 20:50:33 | INFO     | Missing Values: 0
2025-10-27 20:50:33 | INFO     | unique Values: 23565
2025-10-27 20:50:33 | INFO     | Top Value: 11830
2025-10-27 20:50:33 | INFO     | 
shape: (9, 2)
┌────────────┬───────────────┐
│ statistic  ┆ value         │
│ ---        ┆ ---           │
│ str        ┆ f64           │
╞════════════╪═══════════════╡
│ count      ┆ 2.999942e6    │
│ null_count ┆ 0.0           │
│ mean       ┆ 111815.582719 │
│ std        ┆ 75076.534198  │
│ min        ┆ 369.0         │
│ 25%        ┆ 59424.0       │
│ 50%        ┆ 115804.0      │
│ 75%        ┆ 150927.0      │
│ max        ┆ 2.366902e6    │
└────────────┴───────────────┘
2025-10-27 20:50:33 | SUCCESS  | All Summaries Completed.
