2025-10-27 20:47:16 | INFO     | Successfully loaded parquet-data\lev-13\data\lev-13_merged.parquet
2025-10-27 20:47:16 | INFO     | File size: 926.1403722763062 MB 



2025-10-27 20:47:16 | INFO     | 


----------------------------------------------------------------------------------------------------

2025-10-27 20:47:16 | INFO     | [1/27] Processing Survey_Name
2025-10-27 20:47:16 | INFO     |  === Survey_Name Summary === 
2025-10-27 20:47:17 | INFO     | Data type: String
2025-10-27 20:47:17 | INFO     | Duplicates: 9903498
2025-10-27 20:47:17 | INFO     | Missing Values: 0
2025-10-27 20:47:17 | INFO     | unique Values: 1
2025-10-27 20:47:17 | INFO     | Top Value: HCES
2025-10-27 20:47:17 | INFO     | 
shape: (4, 2)
┌────────────┬─────────┐
│ statistic  ┆ value   │
│ ---        ┆ ---     │
│ str        ┆ str     │
╞════════════╪═════════╡
│ count      ┆ 9903498 │
│ null_count ┆ 0       │
│ min        ┆ HCES    │
│ max        ┆ HCES    │
└────────────┴─────────┘
2025-10-27 20:47:17 | INFO     | 


----------------------------------------------------------------------------------------------------

2025-10-27 20:47:17 | INFO     | [2/27] Processing Year
2025-10-27 20:47:17 | INFO     |  === Year Summary === 
2025-10-27 20:47:19 | INFO     | Data type: String
2025-10-27 20:47:19 | INFO     | Duplicates: 9903498
2025-10-27 20:47:19 | INFO     | Missing Values: 0
2025-10-27 20:47:19 | INFO     | unique Values: 1
2025-10-27 20:47:19 | INFO     | Top Value: 2024
2025-10-27 20:47:19 | INFO     | 
shape: (4, 2)
┌────────────┬─────────┐
│ statistic  ┆ value   │
│ ---        ┆ ---     │
│ str        ┆ str     │
╞════════════╪═════════╡
│ count      ┆ 9903498 │
│ null_count ┆ 0       │
│ min        ┆ 2024    │
│ max        ┆ 2024    │
└────────────┴─────────┘
2025-10-27 20:47:19 | INFO     | 


----------------------------------------------------------------------------------------------------

2025-10-27 20:47:19 | INFO     | [3/27] Processing FSU_Serial_No
2025-10-27 20:47:19 | INFO     |  === FSU_Serial_No Summary === 
2025-10-27 20:47:20 | INFO     | Data type: String
2025-10-27 20:47:20 | INFO     | Duplicates: 9903498
2025-10-27 20:47:20 | INFO     | Missing Values: 0
2025-10-27 20:47:20 | INFO     | unique Values: 14826
2025-10-27 20:47:20 | INFO     | Top Value: 27379
2025-10-27 20:47:20 | INFO     | 
shape: (4, 2)
┌────────────┬─────────┐
│ statistic  ┆ value   │
│ ---        ┆ ---     │
│ str        ┆ str     │
╞════════════╪═════════╡
│ count      ┆ 9903498 │
│ null_count ┆ 0       │
│ min        ┆ 22300   │
│ max        ┆ 49999   │
└────────────┴─────────┘
2025-10-27 20:47:20 | INFO     | 


----------------------------------------------------------------------------------------------------

2025-10-27 20:47:20 | INFO     | [4/27] Processing Sector
2025-10-27 20:47:20 | INFO     |  === Sector Summary === 
2025-10-27 20:47:21 | INFO     | Data type: String
2025-10-27 20:47:21 | INFO     | Duplicates: 9903498
2025-10-27 20:47:21 | INFO     | Missing Values: 0
2025-10-27 20:47:21 | INFO     | unique Values: 2
2025-10-27 20:47:21 | INFO     | Top Value: 1
2025-10-27 20:47:21 | INFO     | 
shape: (4, 2)
┌────────────┬─────────┐
│ statistic  ┆ value   │
│ ---        ┆ ---     │
│ str        ┆ str     │
╞════════════╪═════════╡
│ count      ┆ 9903498 │
│ null_count ┆ 0       │
│ min        ┆ 1       │
│ max        ┆ 2       │
└────────────┴─────────┘
2025-10-27 20:47:21 | INFO     | 


----------------------------------------------------------------------------------------------------

2025-10-27 20:47:21 | INFO     | [5/27] Processing State
2025-10-27 20:47:21 | INFO     |  === State Summary === 
2025-10-27 20:47:22 | INFO     | Data type: String
2025-10-27 20:47:22 | INFO     | Duplicates: 9903498
2025-10-27 20:47:22 | INFO     | Missing Values: 0
2025-10-27 20:47:22 | INFO     | unique Values: 36
2025-10-27 20:47:22 | INFO     | Top Value: 09
2025-10-27 20:47:22 | INFO     | 
shape: (4, 2)
┌────────────┬─────────┐
│ statistic  ┆ value   │
│ ---        ┆ ---     │
│ str        ┆ str     │
╞════════════╪═════════╡
│ count      ┆ 9903498 │
│ null_count ┆ 0       │
│ min        ┆ 01      │
│ max        ┆ 37      │
└────────────┴─────────┘
2025-10-27 20:47:22 | INFO     | 


----------------------------------------------------------------------------------------------------

2025-10-27 20:47:22 | INFO     | [6/27] Processing NSS_Region
2025-10-27 20:47:22 | INFO     |  === NSS_Region Summary === 
2025-10-27 20:47:23 | INFO     | Data type: String
2025-10-27 20:47:23 | INFO     | Duplicates: 9903498
2025-10-27 20:47:23 | INFO     | Missing Values: 0
2025-10-27 20:47:23 | INFO     | unique Values: 87
2025-10-27 20:47:23 | INFO     | Top Value: 093
2025-10-27 20:47:23 | INFO     | 
shape: (4, 2)
┌────────────┬─────────┐
│ statistic  ┆ value   │
│ ---        ┆ ---     │
│ str        ┆ str     │
╞════════════╪═════════╡
│ count      ┆ 9903498 │
│ null_count ┆ 0       │
│ min        ┆ 011     │
│ max        ┆ 371     │
└────────────┴─────────┘
2025-10-27 20:47:23 | INFO     | 


----------------------------------------------------------------------------------------------------

2025-10-27 20:47:23 | INFO     | [7/27] Processing District
2025-10-27 20:47:23 | INFO     |  === District Summary === 
2025-10-27 20:47:24 | INFO     | Data type: String
2025-10-27 20:47:24 | INFO     | Duplicates: 9903498
2025-10-27 20:47:24 | INFO     | Missing Values: 0
2025-10-27 20:47:24 | INFO     | unique Values: 71
2025-10-27 20:47:24 | INFO     | Top Value: 07
2025-10-27 20:47:24 | INFO     | 
shape: (4, 2)
┌────────────┬─────────┐
│ statistic  ┆ value   │
│ ---        ┆ ---     │
│ str        ┆ str     │
╞════════════╪═════════╡
│ count      ┆ 9903498 │
│ null_count ┆ 0       │
│ min        ┆ 01      │
│ max        ┆ 71      │
└────────────┴─────────┘
2025-10-27 20:47:24 | INFO     | 


----------------------------------------------------------------------------------------------------

2025-10-27 20:47:24 | INFO     | [8/27] Processing Stratum
2025-10-27 20:47:24 | INFO     |  === Stratum Summary === 
2025-10-27 20:47:26 | INFO     | Data type: String
2025-10-27 20:47:26 | INFO     | Duplicates: 9903498
2025-10-27 20:47:26 | INFO     | Missing Values: 0
2025-10-27 20:47:26 | INFO     | unique Values: 28
2025-10-27 20:47:26 | INFO     | Top Value: 23
2025-10-27 20:47:26 | INFO     | 
shape: (4, 2)
┌────────────┬─────────┐
│ statistic  ┆ value   │
│ ---        ┆ ---     │
│ str        ┆ str     │
╞════════════╪═════════╡
│ count      ┆ 9903498 │
│ null_count ┆ 0       │
│ min        ┆ 11      │
│ max        ┆ 99      │
└────────────┴─────────┘
2025-10-27 20:47:26 | INFO     | 


----------------------------------------------------------------------------------------------------

2025-10-27 20:47:26 | INFO     | [9/27] Processing Sub_stratum
2025-10-27 20:47:26 | INFO     |  === Sub_stratum Summary === 
2025-10-27 20:47:27 | INFO     | Data type: String
2025-10-27 20:47:27 | INFO     | Duplicates: 9903498
2025-10-27 20:47:27 | INFO     | Missing Values: 0
2025-10-27 20:47:27 | INFO     | unique Values: 48
2025-10-27 20:47:27 | INFO     | Top Value: 01
2025-10-27 20:47:27 | INFO     | 
shape: (4, 2)
┌────────────┬─────────┐
│ statistic  ┆ value   │
│ ---        ┆ ---     │
│ str        ┆ str     │
╞════════════╪═════════╡
│ count      ┆ 9903498 │
│ null_count ┆ 0       │
│ min        ┆ 01      │
│ max        ┆ 48      │
└────────────┴─────────┘
2025-10-27 20:47:27 | INFO     | 


----------------------------------------------------------------------------------------------------

2025-10-27 20:47:27 | INFO     | [10/27] Processing Panel
2025-10-27 20:47:27 | INFO     |  === Panel Summary === 
2025-10-27 20:47:28 | INFO     | Data type: String
2025-10-27 20:47:28 | INFO     | Duplicates: 9903498
2025-10-27 20:47:28 | INFO     | Missing Values: 0
2025-10-27 20:47:28 | INFO     | unique Values: 10
2025-10-27 20:47:28 | INFO     | Top Value: 9
2025-10-27 20:47:28 | INFO     | 
shape: (4, 2)
┌────────────┬─────────┐
│ statistic  ┆ value   │
│ ---        ┆ ---     │
│ str        ┆ str     │
╞════════════╪═════════╡
│ count      ┆ 9903498 │
│ null_count ┆ 0       │
│ min        ┆ 1       │
│ max        ┆ 9       │
└────────────┴─────────┘
2025-10-27 20:47:28 | INFO     | 


----------------------------------------------------------------------------------------------------

2025-10-27 20:47:28 | INFO     | [11/27] Processing Sub_sample
2025-10-27 20:47:28 | INFO     |  === Sub_sample Summary === 
2025-10-27 20:47:29 | INFO     | Data type: String
2025-10-27 20:47:29 | INFO     | Duplicates: 9903498
2025-10-27 20:47:29 | INFO     | Missing Values: 0
2025-10-27 20:47:29 | INFO     | unique Values: 2
2025-10-27 20:47:29 | INFO     | Top Value: 1
2025-10-27 20:47:29 | INFO     | 
shape: (4, 2)
┌────────────┬─────────┐
│ statistic  ┆ value   │
│ ---        ┆ ---     │
│ str        ┆ str     │
╞════════════╪═════════╡
│ count      ┆ 9903498 │
│ null_count ┆ 0       │
│ min        ┆ 1       │
│ max        ┆ 2       │
└────────────┴─────────┘
2025-10-27 20:47:29 | INFO     | 


----------------------------------------------------------------------------------------------------

2025-10-27 20:47:29 | INFO     | [12/27] Processing FOD_Sub_Region
2025-10-27 20:47:29 | INFO     |  === FOD_Sub_Region Summary === 
2025-10-27 20:47:30 | INFO     | Data type: String
2025-10-27 20:47:30 | INFO     | Duplicates: 9903498
2025-10-27 20:47:30 | INFO     | Missing Values: 0
2025-10-27 20:47:30 | INFO     | unique Values: 169
2025-10-27 20:47:30 | INFO     | Top Value: 1210
2025-10-27 20:47:30 | INFO     | 
shape: (4, 2)
┌────────────┬─────────┐
│ statistic  ┆ value   │
│ ---        ┆ ---     │
│ str        ┆ str     │
╞════════════╪═════════╡
│ count      ┆ 9903498 │
│ null_count ┆ 0       │
│ min        ┆ 0110    │
│ max        ┆ 3613    │
└────────────┴─────────┘
2025-10-27 20:47:30 | INFO     | 


----------------------------------------------------------------------------------------------------

2025-10-27 20:47:30 | INFO     | [13/27] Processing Sample_SU_No
2025-10-27 20:47:30 | INFO     |  === Sample_SU_No Summary === 
2025-10-27 20:47:31 | INFO     | Data type: String
2025-10-27 20:47:31 | INFO     | Duplicates: 9903498
2025-10-27 20:47:31 | INFO     | Missing Values: 0
2025-10-27 20:47:31 | INFO     | unique Values: 32
2025-10-27 20:47:31 | INFO     | Top Value: 1
2025-10-27 20:47:31 | INFO     | 
shape: (4, 2)
┌────────────┬─────────┐
│ statistic  ┆ value   │
│ ---        ┆ ---     │
│ str        ┆ str     │
╞════════════╪═════════╡
│ count      ┆ 9903498 │
│ null_count ┆ 0       │
│ min        ┆ 1       │
│ max        ┆ 9       │
└────────────┴─────────┘
2025-10-27 20:47:31 | INFO     | 


----------------------------------------------------------------------------------------------------

2025-10-27 20:47:31 | INFO     | [14/27] Processing Sample_Sub_Division_No
2025-10-27 20:47:31 | INFO     |  === Sample_Sub_Division_No Summary === 
2025-10-27 20:47:32 | INFO     | Data type: String
2025-10-27 20:47:32 | INFO     | Duplicates: 9903498
2025-10-27 20:47:32 | INFO     | Missing Values: 0
2025-10-27 20:47:32 | INFO     | unique Values: 7
2025-10-27 20:47:32 | INFO     | Top Value: 
2025-10-27 20:47:32 | INFO     | 
shape: (4, 2)
┌────────────┬─────────┐
│ statistic  ┆ value   │
│ ---        ┆ ---     │
│ str        ┆ str     │
╞════════════╪═════════╡
│ count      ┆ 9903498 │
│ null_count ┆ 0       │
│ min        ┆         │
│ max        ┆ 6       │
└────────────┴─────────┘
2025-10-27 20:47:32 | INFO     | 


----------------------------------------------------------------------------------------------------

2025-10-27 20:47:32 | INFO     | [15/27] Processing Second_Stage_Stratum_No
2025-10-27 20:47:32 | INFO     |  === Second_Stage_Stratum_No Summary === 
2025-10-27 20:47:34 | INFO     | Data type: String
2025-10-27 20:47:34 | INFO     | Duplicates: 9903498
2025-10-27 20:47:34 | INFO     | Missing Values: 0
2025-10-27 20:47:34 | INFO     | unique Values: 3
2025-10-27 20:47:34 | INFO     | Top Value: 3
2025-10-27 20:47:34 | INFO     | 
shape: (4, 2)
┌────────────┬─────────┐
│ statistic  ┆ value   │
│ ---        ┆ ---     │
│ str        ┆ str     │
╞════════════╪═════════╡
│ count      ┆ 9903498 │
│ null_count ┆ 0       │
│ min        ┆ 1       │
│ max        ┆ 3       │
└────────────┴─────────┘
2025-10-27 20:47:34 | INFO     | 


----------------------------------------------------------------------------------------------------

2025-10-27 20:47:34 | INFO     | [16/27] Processing Sample_Household_No
2025-10-27 20:47:34 | INFO     |  === Sample_Household_No Summary === 
2025-10-27 20:47:35 | INFO     | Data type: String
2025-10-27 20:47:35 | INFO     | Duplicates: 9903498
2025-10-27 20:47:35 | INFO     | Missing Values: 0
2025-10-27 20:47:35 | INFO     | unique Values: 18
2025-10-27 20:47:35 | INFO     | Top Value: 01
2025-10-27 20:47:35 | INFO     | 
shape: (4, 2)
┌────────────┬─────────┐
│ statistic  ┆ value   │
│ ---        ┆ ---     │
│ str        ┆ str     │
╞════════════╪═════════╡
│ count      ┆ 9903498 │
│ null_count ┆ 0       │
│ min        ┆ 01      │
│ max        ┆ 18      │
└────────────┴─────────┘
2025-10-27 20:47:35 | INFO     | 


----------------------------------------------------------------------------------------------------

2025-10-27 20:47:35 | INFO     | [17/27] Processing Questionnaire_No
2025-10-27 20:47:35 | INFO     |  === Questionnaire_No Summary === 
2025-10-27 20:47:36 | INFO     | Data type: String
2025-10-27 20:47:36 | INFO     | Duplicates: 9903498
2025-10-27 20:47:36 | INFO     | Missing Values: 0
2025-10-27 20:47:36 | INFO     | unique Values: 1
2025-10-27 20:47:36 | INFO     | Top Value: D
2025-10-27 20:47:36 | INFO     | 
shape: (4, 2)
┌────────────┬─────────┐
│ statistic  ┆ value   │
│ ---        ┆ ---     │
│ str        ┆ str     │
╞════════════╪═════════╡
│ count      ┆ 9903498 │
│ null_count ┆ 0       │
│ min        ┆ D       │
│ max        ┆ D       │
└────────────┴─────────┘
2025-10-27 20:47:36 | INFO     | 


----------------------------------------------------------------------------------------------------

2025-10-27 20:47:36 | INFO     | [18/27] Processing Level
2025-10-27 20:47:36 | INFO     |  === Level Summary === 
2025-10-27 20:47:37 | INFO     | Data type: String
2025-10-27 20:47:37 | INFO     | Duplicates: 9903498
2025-10-27 20:47:37 | INFO     | Missing Values: 0
2025-10-27 20:47:37 | INFO     | unique Values: 1
2025-10-27 20:47:37 | INFO     | Top Value: 13
2025-10-27 20:47:37 | INFO     | 
shape: (4, 2)
┌────────────┬─────────┐
│ statistic  ┆ value   │
│ ---        ┆ ---     │
│ str        ┆ str     │
╞════════════╪═════════╡
│ count      ┆ 9903498 │
│ null_count ┆ 0       │
│ min        ┆ 13      │
│ max        ┆ 13      │
└────────────┴─────────┘
2025-10-27 20:47:37 | INFO     | 


----------------------------------------------------------------------------------------------------

2025-10-27 20:47:37 | INFO     | [19/27] Processing ITEM_CODE
2025-10-27 20:47:37 | INFO     |  === ITEM_CODE Summary === 
2025-10-27 20:47:38 | INFO     | Data type: String
2025-10-27 20:47:38 | INFO     | Duplicates: 9903498
2025-10-27 20:47:38 | INFO     | Missing Values: 0
2025-10-27 20:47:38 | INFO     | unique Values: 78
2025-10-27 20:47:38 | INFO     | Top Value: 629
2025-10-27 20:47:38 | INFO     | 
shape: (4, 2)
┌────────────┬─────────┐
│ statistic  ┆ value   │
│ ---        ┆ ---     │
│ str        ┆ str     │
╞════════════╪═════════╡
│ count      ┆ 9903498 │
│ null_count ┆ 0       │
│ min        ┆ 035     │
│ max        ┆ 649     │
└────────────┴─────────┘
2025-10-27 20:47:39 | INFO     | 


----------------------------------------------------------------------------------------------------

2025-10-27 20:47:39 | INFO     | [20/27] Processing FIRST_PURCHASE_NUMBER
2025-10-27 20:47:39 | INFO     |  === FIRST_PURCHASE_NUMBER Summary === 
2025-10-27 20:47:39 | INFO     | Data type: Float64
2025-10-27 20:47:39 | INFO     | Duplicates: 9903498
2025-10-27 20:47:39 | INFO     | Missing Values: 8213436
2025-10-27 20:47:39 | INFO     | unique Values: 34
2025-10-27 20:47:39 | INFO     | Top Value: None
2025-10-27 20:47:39 | INFO     | 
shape: (9, 2)
┌────────────┬────────────┐
│ statistic  ┆ value      │
│ ---        ┆ ---        │
│ str        ┆ f64        │
╞════════════╪════════════╡
│ count      ┆ 1.690062e6 │
│ null_count ┆ 8.213436e6 │
│ mean       ┆ 1.801187   │
│ std        ┆ 1.489083   │
│ min        ┆ 0.0        │
│ 25%        ┆ 1.0        │
│ 50%        ┆ 1.0        │
│ 75%        ┆ 2.0        │
│ max        ┆ 40.0       │
└────────────┴────────────┘
2025-10-27 20:47:39 | INFO     | 


----------------------------------------------------------------------------------------------------

2025-10-27 20:47:39 | INFO     | [21/27] Processing PURCHASED_ON_HIRE
2025-10-27 20:47:39 | INFO     |  === PURCHASED_ON_HIRE Summary === 
2025-10-27 20:47:41 | INFO     | Data type: String
2025-10-27 20:47:41 | INFO     | Duplicates: 9903498
2025-10-27 20:47:41 | INFO     | Missing Values: 0
2025-10-27 20:47:41 | INFO     | unique Values: 3
2025-10-27 20:47:41 | INFO     | Top Value: 
2025-10-27 20:47:41 | INFO     | 
shape: (4, 2)
┌────────────┬─────────┐
│ statistic  ┆ value   │
│ ---        ┆ ---     │
│ str        ┆ str     │
╞════════════╪═════════╡
│ count      ┆ 9903498 │
│ null_count ┆ 0       │
│ min        ┆         │
│ max        ┆ 2       │
└────────────┴─────────┘
2025-10-27 20:47:41 | INFO     | 


----------------------------------------------------------------------------------------------------

2025-10-27 20:47:41 | INFO     | [22/27] Processing FIRST_PURCHASE_VALUE
2025-10-27 20:47:41 | INFO     |  === FIRST_PURCHASE_VALUE Summary === 
2025-10-27 20:47:42 | INFO     | Data type: Float64
2025-10-27 20:47:42 | INFO     | Duplicates: 9903498
2025-10-27 20:47:42 | INFO     | Missing Values: 3001576
2025-10-27 20:47:42 | INFO     | unique Values: 13900
2025-10-27 20:47:42 | INFO     | Top Value: None
2025-10-27 20:47:42 | INFO     | 
shape: (9, 2)
┌────────────┬──────────────┐
│ statistic  ┆ value        │
│ ---        ┆ ---          │
│ str        ┆ f64          │
╞════════════╪══════════════╡
│ count      ┆ 6.901922e6   │
│ null_count ┆ 3.001576e6   │
│ mean       ┆ 1793.900681  │
│ std        ┆ 12652.506766 │
│ min        ┆ 0.0          │
│ 25%        ┆ 300.0        │
│ 50%        ┆ 600.0        │
│ 75%        ┆ 1350.0       │
│ max        ┆ 4.5012e6     │
└────────────┴──────────────┘
2025-10-27 20:47:42 | INFO     | 


----------------------------------------------------------------------------------------------------

2025-10-27 20:47:42 | INFO     | [23/27] Processing REPAIR_COST
2025-10-27 20:47:42 | INFO     |  === REPAIR_COST Summary === 
2025-10-27 20:47:42 | INFO     | Data type: Float64
2025-10-27 20:47:42 | INFO     | Duplicates: 9903498
2025-10-27 20:47:42 | INFO     | Missing Values: 5905616
2025-10-27 20:47:42 | INFO     | unique Values: 6320
2025-10-27 20:47:42 | INFO     | Top Value: None
2025-10-27 20:47:42 | INFO     | 
shape: (9, 2)
┌────────────┬─────────────┐
│ statistic  ┆ value       │
│ ---        ┆ ---         │
│ str        ┆ f64         │
╞════════════╪═════════════╡
│ count      ┆ 3.997882e6  │
│ null_count ┆ 5.905616e6  │
│ mean       ┆ 1507.810618 │
│ std        ┆ 7717.943048 │
│ min        ┆ 0.0         │
│ 25%        ┆ 210.0       │
│ 50%        ┆ 500.0       │
│ 75%        ┆ 1500.0      │
│ max        ┆ 1.68e6      │
└────────────┴─────────────┘
2025-10-27 20:47:42 | INFO     | 


----------------------------------------------------------------------------------------------------

2025-10-27 20:47:42 | INFO     | [24/27] Processing SECOND_HAND_NUMBER
2025-10-27 20:47:42 | INFO     |  === SECOND_HAND_NUMBER Summary === 
2025-10-27 20:47:43 | INFO     | Data type: Float64
2025-10-27 20:47:43 | INFO     | Duplicates: 9903498
2025-10-27 20:47:43 | INFO     | Missing Values: 9895914
2025-10-27 20:47:43 | INFO     | unique Values: 6
2025-10-27 20:47:43 | INFO     | Top Value: None
2025-10-27 20:47:43 | INFO     | 
shape: (9, 2)
┌────────────┬────────────┐
│ statistic  ┆ value      │
│ ---        ┆ ---        │
│ str        ┆ f64        │
╞════════════╪════════════╡
│ count      ┆ 7584.0     │
│ null_count ┆ 9.895914e6 │
│ mean       ┆ 1.060127   │
│ std        ┆ 0.276701   │
│ min        ┆ 0.0        │
│ 25%        ┆ 1.0        │
│ 50%        ┆ 1.0        │
│ 75%        ┆ 1.0        │
│ max        ┆ 4.0        │
└────────────┴────────────┘
2025-10-27 20:47:43 | INFO     | 


----------------------------------------------------------------------------------------------------

2025-10-27 20:47:43 | INFO     | [25/27] Processing SECOND_HAND_VALUE
2025-10-27 20:47:43 | INFO     |  === SECOND_HAND_VALUE Summary === 
2025-10-27 20:47:44 | INFO     | Data type: Float64
2025-10-27 20:47:44 | INFO     | Duplicates: 9903498
2025-10-27 20:47:44 | INFO     | Missing Values: 9884704
2025-10-27 20:47:44 | INFO     | unique Values: 367
2025-10-27 20:47:44 | INFO     | Top Value: None
2025-10-27 20:47:44 | INFO     | 
shape: (9, 2)
┌────────────┬──────────────┐
│ statistic  ┆ value        │
│ ---        ┆ ---          │
│ str        ┆ f64          │
╞════════════╪══════════════╡
│ count      ┆ 18794.0      │
│ null_count ┆ 9.884704e6   │
│ mean       ┆ 10943.445993 │
│ std        ┆ 34752.11268  │
│ min        ┆ 0.0          │
│ 25%        ┆ 950.0        │
│ 50%        ┆ 3000.0       │
│ 75%        ┆ 6500.0       │
│ max        ┆ 620000.0     │
└────────────┴──────────────┘
2025-10-27 20:47:44 | INFO     | 


----------------------------------------------------------------------------------------------------

2025-10-27 20:47:44 | INFO     | [26/27] Processing TOTAL_EXPENDITURE
2025-10-27 20:47:44 | INFO     |  === TOTAL_EXPENDITURE Summary === 
2025-10-27 20:47:44 | INFO     | Data type: Int64
2025-10-27 20:47:44 | INFO     | Duplicates: 9903498
2025-10-27 20:47:44 | INFO     | Missing Values: 0
2025-10-27 20:47:44 | INFO     | unique Values: 16957
2025-10-27 20:47:44 | INFO     | Top Value: 300
2025-10-27 20:47:44 | INFO     | 
shape: (9, 2)
┌────────────┬──────────────┐
│ statistic  ┆ value        │
│ ---        ┆ ---          │
│ str        ┆ f64          │
╞════════════╪══════════════╡
│ count      ┆ 9.903498e6   │
│ null_count ┆ 0.0          │
│ mean       ┆ 1879.647235  │
│ std        ┆ 11836.528719 │
│ min        ┆ 1.0          │
│ 25%        ┆ 300.0        │
│ 50%        ┆ 620.0        │
│ 75%        ┆ 1500.0       │
│ max        ┆ 4.51175e6    │
└────────────┴──────────────┘
2025-10-27 20:47:44 | INFO     | 


----------------------------------------------------------------------------------------------------

2025-10-27 20:47:44 | INFO     | [27/27] Processing MULTIPLIER
2025-10-27 20:47:44 | INFO     |  === MULTIPLIER Summary === 
2025-10-27 20:47:45 | INFO     | Data type: Int64
2025-10-27 20:47:45 | INFO     | Duplicates: 9903498
2025-10-27 20:47:45 | INFO     | Missing Values: 0
2025-10-27 20:47:45 | INFO     | unique Values: 23564
2025-10-27 20:47:45 | INFO     | Top Value: 11830
2025-10-27 20:47:45 | INFO     | 
shape: (9, 2)
┌────────────┬───────────────┐
│ statistic  ┆ value         │
│ ---        ┆ ---           │
│ str        ┆ f64           │
╞════════════╪═══════════════╡
│ count      ┆ 9.903498e6    │
│ null_count ┆ 0.0           │
│ mean       ┆ 109502.117255 │
│ std        ┆ 77166.293605  │
│ min        ┆ 369.0         │
│ 25%        ┆ 53601.0       │
│ 50%        ┆ 112965.0      │
│ 75%        ┆ 149854.0      │
│ max        ┆ 2.366902e6    │
└────────────┴───────────────┘
2025-10-27 20:47:45 | SUCCESS  | All Summaries Completed.
